<?xml version="1.0" encoding="utf-8" standalone="no"?>
<testsuites xmlns:xsi="http://www.w3.org/2001/XMLSchema-instance" xsi:noNamespaceSchemaLocation="junit_schema_4.xsd" name="Pester" tests="927" errors="2" failures="36" disabled="0" time="14.808">
  <testsuite name="R:\Development\NinjaOne\Tests\NinjaOne.Core.Tests.ps1" tests="11" errors="0" failures="11" hostname="DEEPTHOUGHT" id="0" skipped="0" disabled="0" package="R:\Development\NinjaOne\Tests\NinjaOne.Core.Tests.ps1" time="1.246">
    <properties>
      <property name="framework-version" value="5.5.0" />
      <property name="cwd" value="R:\Development\NinjaOne" />
      <property name="platform" value="Microsoft Windows 11 Pro|C:\Windows|\Device\Harddisk6\Partition3" />
      <property name="os-version" value="10.0.22635" />
      <property name="user" value="MichaelO'Toole" />
      <property name="machine-name" value="DEEPTHOUGHT" />
      <property name="clr-version" value="8.0.1" />
      <property name="user-domain" value="AzureAD" />
      <property name="junit-version" value="4" />
    </properties>
    <testcase name="build - Core Tests.Manifest is valid" status="Failed" classname="R:\Development\NinjaOne\Tests\NinjaOne.Core.Tests.ps1" assertions="0" time="0.000">
      <failure message="This test should run but it did not. Most likely a setup in some parent block failed."></failure>
    </testcase>
    <testcase name="build - Core Tests.Root module is correct" status="Failed" classname="R:\Development\NinjaOne\Tests\NinjaOne.Core.Tests.ps1" assertions="0" time="0.000">
      <failure message="This test should run but it did not. Most likely a setup in some parent block failed."></failure>
    </testcase>
    <testcase name="build - Core Tests.Has a description" status="Failed" classname="R:\Development\NinjaOne\Tests\NinjaOne.Core.Tests.ps1" assertions="0" time="0.000">
      <failure message="This test should run but it did not. Most likely a setup in some parent block failed."></failure>
    </testcase>
    <testcase name="build - Core Tests.GUID is correct" status="Failed" classname="R:\Development\NinjaOne\Tests\NinjaOne.Core.Tests.ps1" assertions="0" time="0.000">
      <failure message="This test should run but it did not. Most likely a setup in some parent block failed."></failure>
    </testcase>
    <testcase name="build - Core Tests.Version is valid" status="Failed" classname="R:\Development\NinjaOne\Tests\NinjaOne.Core.Tests.ps1" assertions="0" time="0.000">
      <failure message="This test should run but it did not. Most likely a setup in some parent block failed."></failure>
    </testcase>
    <testcase name="build - Core Tests.Copyright is present" status="Failed" classname="R:\Development\NinjaOne\Tests\NinjaOne.Core.Tests.ps1" assertions="0" time="0.000">
      <failure message="This test should run but it did not. Most likely a setup in some parent block failed."></failure>
    </testcase>
    <testcase name="build - Core Tests.License URI is correct" status="Failed" classname="R:\Development\NinjaOne\Tests\NinjaOne.Core.Tests.ps1" assertions="0" time="0.000">
      <failure message="This test should run but it did not. Most likely a setup in some parent block failed."></failure>
    </testcase>
    <testcase name="build - Core Tests.Project URI is correct" status="Failed" classname="R:\Development\NinjaOne\Tests\NinjaOne.Core.Tests.ps1" assertions="0" time="0.000">
      <failure message="This test should run but it did not. Most likely a setup in some parent block failed."></failure>
    </testcase>
    <testcase name="build - Core Tests.PowerShell Gallery tags is not empty" status="Failed" classname="R:\Development\NinjaOne\Tests\NinjaOne.Core.Tests.ps1" assertions="0" time="0.000">
      <failure message="This test should run but it did not. Most likely a setup in some parent block failed."></failure>
    </testcase>
    <testcase name="build - Core Tests.PowerShell Gallery tags do not contain spaces" status="Failed" classname="R:\Development\NinjaOne\Tests\NinjaOne.Core.Tests.ps1" assertions="0" time="0.000">
      <failure message="This test should run but it did not. Most likely a setup in some parent block failed."></failure>
    </testcase>
    <testcase name="build - Module Load Test.Passed Module load" status="Failed" classname="R:\Development\NinjaOne\Tests\NinjaOne.Core.Tests.ps1" assertions="0" time="0.000">
      <failure message="This test should run but it did not. Most likely a setup in some parent block failed."></failure>
    </testcase>
  </testsuite>
  <testsuite name="R:\Development\NinjaOne\Tests\NinjaOne.Help.Tests.ps1" tests="916" errors="0" failures="25" hostname="DEEPTHOUGHT" id="1" skipped="0" disabled="0" package="R:\Development\NinjaOne\Tests\NinjaOne.Help.Tests.ps1" time="13.369">
    <properties>
      <property name="framework-version" value="5.5.0" />
      <property name="cwd" value="R:\Development\NinjaOne" />
      <property name="platform" value="Microsoft Windows 11 Pro|C:\Windows|\Device\Harddisk6\Partition3" />
      <property name="os-version" value="10.0.22635" />
      <property name="user" value="MichaelO'Toole" />
      <property name="machine-name" value="DEEPTHOUGHT" />
      <property name="clr-version" value="8.0.1" />
      <property name="user-domain" value="AzureAD" />
      <property name="junit-version" value="4" />
    </properties>
    <testcase name="NinjaOne - Help Content.Function Connect-NinjaOne.has help content" status="Passed" classname="R:\Development\NinjaOne\Tests\NinjaOne.Help.Tests.ps1" assertions="0" time="0.159" />
    <testcase name="NinjaOne - Help Content.Function Connect-NinjaOne.contains a synopsis" status="Passed" classname="R:\Development\NinjaOne\Tests\NinjaOne.Help.Tests.ps1" assertions="0" time="0.015" />
    <testcase name="NinjaOne - Help Content.Function Connect-NinjaOne.contains a description" status="Passed" classname="R:\Development\NinjaOne\Tests\NinjaOne.Help.Tests.ps1" assertions="0" time="0.015" />
    <testcase name="NinjaOne - Help Content.Function Connect-NinjaOne.contains a functionality" status="Passed" classname="R:\Development\NinjaOne\Tests\NinjaOne.Help.Tests.ps1" assertions="0" time="0.015" />
    <testcase name="NinjaOne - Help Content.Function Connect-NinjaOne.has at least one usage example" status="Passed" classname="R:\Development\NinjaOne\Tests\NinjaOne.Help.Tests.ps1" assertions="0" time="0.022" />
    <testcase name="NinjaOne - Help Content.Function Connect-NinjaOne.has a title for each example" status="Passed" classname="R:\Development\NinjaOne\Tests\NinjaOne.Help.Tests.ps1" assertions="0" time="0.020" />
    <testcase name="NinjaOne - Help Content.Function Connect-NinjaOne.has a title for each example" status="Passed" classname="R:\Development\NinjaOne\Tests\NinjaOne.Help.Tests.ps1" assertions="0" time="0.003" />
    <testcase name="NinjaOne - Help Content.Function Connect-NinjaOne.has a title for each example" status="Passed" classname="R:\Development\NinjaOne\Tests\NinjaOne.Help.Tests.ps1" assertions="0" time="0.015" />
    <testcase name="NinjaOne - Help Content.Function Connect-NinjaOne.has a title for each example" status="Passed" classname="R:\Development\NinjaOne\Tests\NinjaOne.Help.Tests.ps1" assertions="0" time="0.004" />
    <testcase name="NinjaOne - Help Content.Function Connect-NinjaOne.has a title for each example" status="Passed" classname="R:\Development\NinjaOne\Tests\NinjaOne.Help.Tests.ps1" assertions="0" time="0.004" />
    <testcase name="NinjaOne - Help Content.Function Connect-NinjaOne.has a description for each example" status="Passed" classname="R:\Development\NinjaOne\Tests\NinjaOne.Help.Tests.ps1" assertions="0" time="0.017" />
    <testcase name="NinjaOne - Help Content.Function Connect-NinjaOne.has a description for each example" status="Passed" classname="R:\Development\NinjaOne\Tests\NinjaOne.Help.Tests.ps1" assertions="0" time="0.003" />
    <testcase name="NinjaOne - Help Content.Function Connect-NinjaOne.has a description for each example" status="Passed" classname="R:\Development\NinjaOne\Tests\NinjaOne.Help.Tests.ps1" assertions="0" time="0.003" />
    <testcase name="NinjaOne - Help Content.Function Connect-NinjaOne.has a description for each example" status="Passed" classname="R:\Development\NinjaOne\Tests\NinjaOne.Help.Tests.ps1" assertions="0" time="0.003" />
    <testcase name="NinjaOne - Help Content.Function Connect-NinjaOne.has a description for each example" status="Passed" classname="R:\Development\NinjaOne\Tests\NinjaOne.Help.Tests.ps1" assertions="0" time="0.004" />
    <testcase name="NinjaOne - Help Content.Function Find-NinjaOneDevices.has help content" status="Passed" classname="R:\Development\NinjaOne\Tests\NinjaOne.Help.Tests.ps1" assertions="0" time="0.004" />
    <testcase name="NinjaOne - Help Content.Function Find-NinjaOneDevices.contains a synopsis" status="Passed" classname="R:\Development\NinjaOne\Tests\NinjaOne.Help.Tests.ps1" assertions="0" time="0.003" />
    <testcase name="NinjaOne - Help Content.Function Find-NinjaOneDevices.contains a description" status="Passed" classname="R:\Development\NinjaOne\Tests\NinjaOne.Help.Tests.ps1" assertions="0" time="0.003" />
    <testcase name="NinjaOne - Help Content.Function Find-NinjaOneDevices.contains a functionality" status="Passed" classname="R:\Development\NinjaOne\Tests\NinjaOne.Help.Tests.ps1" assertions="0" time="0.003" />
    <testcase name="NinjaOne - Help Content.Function Find-NinjaOneDevices.has at least one usage example" status="Passed" classname="R:\Development\NinjaOne\Tests\NinjaOne.Help.Tests.ps1" assertions="0" time="0.004" />
    <testcase name="NinjaOne - Help Content.Function Find-NinjaOneDevices.has a title for each example" status="Passed" classname="R:\Development\NinjaOne\Tests\NinjaOne.Help.Tests.ps1" assertions="0" time="0.004" />
    <testcase name="NinjaOne - Help Content.Function Find-NinjaOneDevices.has a title for each example" status="Passed" classname="R:\Development\NinjaOne\Tests\NinjaOne.Help.Tests.ps1" assertions="0" time="0.004" />
    <testcase name="NinjaOne - Help Content.Function Find-NinjaOneDevices.has a description for each example" status="Passed" classname="R:\Development\NinjaOne\Tests\NinjaOne.Help.Tests.ps1" assertions="0" time="0.013" />
    <testcase name="NinjaOne - Help Content.Function Find-NinjaOneDevices.has a description for each example" status="Passed" classname="R:\Development\NinjaOne\Tests\NinjaOne.Help.Tests.ps1" assertions="0" time="0.003" />
    <testcase name="NinjaOne - Help Content.Function Get-NinjaOneActivities.has help content" status="Passed" classname="R:\Development\NinjaOne\Tests\NinjaOne.Help.Tests.ps1" assertions="0" time="0.005" />
    <testcase name="NinjaOne - Help Content.Function Get-NinjaOneActivities.contains a synopsis" status="Passed" classname="R:\Development\NinjaOne\Tests\NinjaOne.Help.Tests.ps1" assertions="0" time="0.003" />
    <testcase name="NinjaOne - Help Content.Function Get-NinjaOneActivities.contains a description" status="Passed" classname="R:\Development\NinjaOne\Tests\NinjaOne.Help.Tests.ps1" assertions="0" time="0.003" />
    <testcase name="NinjaOne - Help Content.Function Get-NinjaOneActivities.contains a functionality" status="Passed" classname="R:\Development\NinjaOne\Tests\NinjaOne.Help.Tests.ps1" assertions="0" time="0.003" />
    <testcase name="NinjaOne - Help Content.Function Get-NinjaOneActivities.has at least one usage example" status="Passed" classname="R:\Development\NinjaOne\Tests\NinjaOne.Help.Tests.ps1" assertions="0" time="0.004" />
    <testcase name="NinjaOne - Help Content.Function Get-NinjaOneActivities.has a title for each example" status="Passed" classname="R:\Development\NinjaOne\Tests\NinjaOne.Help.Tests.ps1" assertions="0" time="0.004" />
    <testcase name="NinjaOne - Help Content.Function Get-NinjaOneActivities.has a title for each example" status="Passed" classname="R:\Development\NinjaOne\Tests\NinjaOne.Help.Tests.ps1" assertions="0" time="0.004" />
    <testcase name="NinjaOne - Help Content.Function Get-NinjaOneActivities.has a title for each example" status="Passed" classname="R:\Development\NinjaOne\Tests\NinjaOne.Help.Tests.ps1" assertions="0" time="0.004" />
    <testcase name="NinjaOne - Help Content.Function Get-NinjaOneActivities.has a title for each example" status="Passed" classname="R:\Development\NinjaOne\Tests\NinjaOne.Help.Tests.ps1" assertions="0" time="0.005" />
    <testcase name="NinjaOne - Help Content.Function Get-NinjaOneActivities.has a title for each example" status="Passed" classname="R:\Development\NinjaOne\Tests\NinjaOne.Help.Tests.ps1" assertions="0" time="0.005" />
    <testcase name="NinjaOne - Help Content.Function Get-NinjaOneActivities.has a title for each example" status="Passed" classname="R:\Development\NinjaOne\Tests\NinjaOne.Help.Tests.ps1" assertions="0" time="0.005" />
    <testcase name="NinjaOne - Help Content.Function Get-NinjaOneActivities.has a title for each example" status="Passed" classname="R:\Development\NinjaOne\Tests\NinjaOne.Help.Tests.ps1" assertions="0" time="0.004" />
    <testcase name="NinjaOne - Help Content.Function Get-NinjaOneActivities.has a title for each example" status="Passed" classname="R:\Development\NinjaOne\Tests\NinjaOne.Help.Tests.ps1" assertions="0" time="0.004" />
    <testcase name="NinjaOne - Help Content.Function Get-NinjaOneActivities.has a title for each example" status="Passed" classname="R:\Development\NinjaOne\Tests\NinjaOne.Help.Tests.ps1" assertions="0" time="0.022" />
    <testcase name="NinjaOne - Help Content.Function Get-NinjaOneActivities.has a title for each example" status="Passed" classname="R:\Development\NinjaOne\Tests\NinjaOne.Help.Tests.ps1" assertions="0" time="0.003" />
    <testcase name="NinjaOne - Help Content.Function Get-NinjaOneActivities.has a title for each example" status="Passed" classname="R:\Development\NinjaOne\Tests\NinjaOne.Help.Tests.ps1" assertions="0" time="0.003" />
    <testcase name="NinjaOne - Help Content.Function Get-NinjaOneActivities.has a description for each example" status="Passed" classname="R:\Development\NinjaOne\Tests\NinjaOne.Help.Tests.ps1" assertions="0" time="0.004" />
    <testcase name="NinjaOne - Help Content.Function Get-NinjaOneActivities.has a description for each example" status="Passed" classname="R:\Development\NinjaOne\Tests\NinjaOne.Help.Tests.ps1" assertions="0" time="0.004" />
    <testcase name="NinjaOne - Help Content.Function Get-NinjaOneActivities.has a description for each example" status="Passed" classname="R:\Development\NinjaOne\Tests\NinjaOne.Help.Tests.ps1" assertions="0" time="0.003" />
    <testcase name="NinjaOne - Help Content.Function Get-NinjaOneActivities.has a description for each example" status="Passed" classname="R:\Development\NinjaOne\Tests\NinjaOne.Help.Tests.ps1" assertions="0" time="0.003" />
    <testcase name="NinjaOne - Help Content.Function Get-NinjaOneActivities.has a description for each example" status="Passed" classname="R:\Development\NinjaOne\Tests\NinjaOne.Help.Tests.ps1" assertions="0" time="0.003" />
    <testcase name="NinjaOne - Help Content.Function Get-NinjaOneActivities.has a description for each example" status="Passed" classname="R:\Development\NinjaOne\Tests\NinjaOne.Help.Tests.ps1" assertions="0" time="0.004" />
    <testcase name="NinjaOne - Help Content.Function Get-NinjaOneActivities.has a description for each example" status="Passed" classname="R:\Development\NinjaOne\Tests\NinjaOne.Help.Tests.ps1" assertions="0" time="0.003" />
    <testcase name="NinjaOne - Help Content.Function Get-NinjaOneActivities.has a description for each example" status="Passed" classname="R:\Development\NinjaOne\Tests\NinjaOne.Help.Tests.ps1" assertions="0" time="0.003" />
    <testcase name="NinjaOne - Help Content.Function Get-NinjaOneActivities.has a description for each example" status="Passed" classname="R:\Development\NinjaOne\Tests\NinjaOne.Help.Tests.ps1" assertions="0" time="0.003" />
    <testcase name="NinjaOne - Help Content.Function Get-NinjaOneActivities.has a description for each example" status="Passed" classname="R:\Development\NinjaOne\Tests\NinjaOne.Help.Tests.ps1" assertions="0" time="0.005" />
    <testcase name="NinjaOne - Help Content.Function Get-NinjaOneActivities.has a description for each example" status="Passed" classname="R:\Development\NinjaOne\Tests\NinjaOne.Help.Tests.ps1" assertions="0" time="0.004" />
    <testcase name="NinjaOne - Help Content.Function Get-NinjaOneAlerts.has help content" status="Passed" classname="R:\Development\NinjaOne\Tests\NinjaOne.Help.Tests.ps1" assertions="0" time="0.004" />
    <testcase name="NinjaOne - Help Content.Function Get-NinjaOneAlerts.contains a synopsis" status="Passed" classname="R:\Development\NinjaOne\Tests\NinjaOne.Help.Tests.ps1" assertions="0" time="0.003" />
    <testcase name="NinjaOne - Help Content.Function Get-NinjaOneAlerts.contains a description" status="Passed" classname="R:\Development\NinjaOne\Tests\NinjaOne.Help.Tests.ps1" assertions="0" time="0.003" />
    <testcase name="NinjaOne - Help Content.Function Get-NinjaOneAlerts.contains a functionality" status="Passed" classname="R:\Development\NinjaOne\Tests\NinjaOne.Help.Tests.ps1" assertions="0" time="0.003" />
    <testcase name="NinjaOne - Help Content.Function Get-NinjaOneAlerts.has at least one usage example" status="Passed" classname="R:\Development\NinjaOne\Tests\NinjaOne.Help.Tests.ps1" assertions="0" time="0.004" />
    <testcase name="NinjaOne - Help Content.Function Get-NinjaOneAlerts.has a title for each example" status="Passed" classname="R:\Development\NinjaOne\Tests\NinjaOne.Help.Tests.ps1" assertions="0" time="0.003" />
    <testcase name="NinjaOne - Help Content.Function Get-NinjaOneAlerts.has a title for each example" status="Passed" classname="R:\Development\NinjaOne\Tests\NinjaOne.Help.Tests.ps1" assertions="0" time="0.004" />
    <testcase name="NinjaOne - Help Content.Function Get-NinjaOneAlerts.has a title for each example" status="Passed" classname="R:\Development\NinjaOne\Tests\NinjaOne.Help.Tests.ps1" assertions="0" time="0.004" />
    <testcase name="NinjaOne - Help Content.Function Get-NinjaOneAlerts.has a description for each example" status="Passed" classname="R:\Development\NinjaOne\Tests\NinjaOne.Help.Tests.ps1" assertions="0" time="0.008" />
    <testcase name="NinjaOne - Help Content.Function Get-NinjaOneAlerts.has a description for each example" status="Passed" classname="R:\Development\NinjaOne\Tests\NinjaOne.Help.Tests.ps1" assertions="0" time="0.004" />
    <testcase name="NinjaOne - Help Content.Function Get-NinjaOneAlerts.has a description for each example" status="Passed" classname="R:\Development\NinjaOne\Tests\NinjaOne.Help.Tests.ps1" assertions="0" time="0.004" />
    <testcase name="NinjaOne - Help Content.Function Get-NinjaOneAntiVirusStatus.has help content" status="Passed" classname="R:\Development\NinjaOne\Tests\NinjaOne.Help.Tests.ps1" assertions="0" time="0.004" />
    <testcase name="NinjaOne - Help Content.Function Get-NinjaOneAntiVirusStatus.contains a synopsis" status="Passed" classname="R:\Development\NinjaOne\Tests\NinjaOne.Help.Tests.ps1" assertions="0" time="0.003" />
    <testcase name="NinjaOne - Help Content.Function Get-NinjaOneAntiVirusStatus.contains a description" status="Passed" classname="R:\Development\NinjaOne\Tests\NinjaOne.Help.Tests.ps1" assertions="0" time="0.003" />
    <testcase name="NinjaOne - Help Content.Function Get-NinjaOneAntiVirusStatus.contains a functionality" status="Passed" classname="R:\Development\NinjaOne\Tests\NinjaOne.Help.Tests.ps1" assertions="0" time="0.003" />
    <testcase name="NinjaOne - Help Content.Function Get-NinjaOneAntiVirusStatus.has at least one usage example" status="Passed" classname="R:\Development\NinjaOne\Tests\NinjaOne.Help.Tests.ps1" assertions="0" time="0.005" />
    <testcase name="NinjaOne - Help Content.Function Get-NinjaOneAntiVirusStatus.has a title for each example" status="Passed" classname="R:\Development\NinjaOne\Tests\NinjaOne.Help.Tests.ps1" assertions="0" time="0.004" />
    <testcase name="NinjaOne - Help Content.Function Get-NinjaOneAntiVirusStatus.has a title for each example" status="Passed" classname="R:\Development\NinjaOne\Tests\NinjaOne.Help.Tests.ps1" assertions="0" time="0.003" />
    <testcase name="NinjaOne - Help Content.Function Get-NinjaOneAntiVirusStatus.has a title for each example" status="Passed" classname="R:\Development\NinjaOne\Tests\NinjaOne.Help.Tests.ps1" assertions="0" time="0.002" />
    <testcase name="NinjaOne - Help Content.Function Get-NinjaOneAntiVirusStatus.has a title for each example" status="Passed" classname="R:\Development\NinjaOne\Tests\NinjaOne.Help.Tests.ps1" assertions="0" time="0.004" />
    <testcase name="NinjaOne - Help Content.Function Get-NinjaOneAntiVirusStatus.has a description for each example" status="Passed" classname="R:\Development\NinjaOne\Tests\NinjaOne.Help.Tests.ps1" assertions="0" time="0.003" />
    <testcase name="NinjaOne - Help Content.Function Get-NinjaOneAntiVirusStatus.has a description for each example" status="Passed" classname="R:\Development\NinjaOne\Tests\NinjaOne.Help.Tests.ps1" assertions="0" time="0.003" />
    <testcase name="NinjaOne - Help Content.Function Get-NinjaOneAntiVirusStatus.has a description for each example" status="Passed" classname="R:\Development\NinjaOne\Tests\NinjaOne.Help.Tests.ps1" assertions="0" time="0.003" />
    <testcase name="NinjaOne - Help Content.Function Get-NinjaOneAntiVirusStatus.has a description for each example" status="Passed" classname="R:\Development\NinjaOne\Tests\NinjaOne.Help.Tests.ps1" assertions="0" time="0.003" />
    <testcase name="NinjaOne - Help Content.Function Get-NinjaOneAntiVirusThreats.has help content" status="Passed" classname="R:\Development\NinjaOne\Tests\NinjaOne.Help.Tests.ps1" assertions="0" time="0.005" />
    <testcase name="NinjaOne - Help Content.Function Get-NinjaOneAntiVirusThreats.contains a synopsis" status="Passed" classname="R:\Development\NinjaOne\Tests\NinjaOne.Help.Tests.ps1" assertions="0" time="0.003" />
    <testcase name="NinjaOne - Help Content.Function Get-NinjaOneAntiVirusThreats.contains a description" status="Passed" classname="R:\Development\NinjaOne\Tests\NinjaOne.Help.Tests.ps1" assertions="0" time="0.003" />
    <testcase name="NinjaOne - Help Content.Function Get-NinjaOneAntiVirusThreats.contains a functionality" status="Passed" classname="R:\Development\NinjaOne\Tests\NinjaOne.Help.Tests.ps1" assertions="0" time="0.003" />
    <testcase name="NinjaOne - Help Content.Function Get-NinjaOneAntiVirusThreats.has at least one usage example" status="Passed" classname="R:\Development\NinjaOne\Tests\NinjaOne.Help.Tests.ps1" assertions="0" time="0.008" />
    <testcase name="NinjaOne - Help Content.Function Get-NinjaOneAntiVirusThreats.has a title for each example" status="Passed" classname="R:\Development\NinjaOne\Tests\NinjaOne.Help.Tests.ps1" assertions="0" time="0.002" />
    <testcase name="NinjaOne - Help Content.Function Get-NinjaOneAntiVirusThreats.has a title for each example" status="Passed" classname="R:\Development\NinjaOne\Tests\NinjaOne.Help.Tests.ps1" assertions="0" time="0.003" />
    <testcase name="NinjaOne - Help Content.Function Get-NinjaOneAntiVirusThreats.has a description for each example" status="Passed" classname="R:\Development\NinjaOne\Tests\NinjaOne.Help.Tests.ps1" assertions="0" time="0.002" />
    <testcase name="NinjaOne - Help Content.Function Get-NinjaOneAntiVirusThreats.has a description for each example" status="Passed" classname="R:\Development\NinjaOne\Tests\NinjaOne.Help.Tests.ps1" assertions="0" time="0.003" />
    <testcase name="NinjaOne - Help Content.Function Get-NinjaOneAttachment.has help content" status="Passed" classname="R:\Development\NinjaOne\Tests\NinjaOne.Help.Tests.ps1" assertions="0" time="0.004" />
    <testcase name="NinjaOne - Help Content.Function Get-NinjaOneAttachment.contains a synopsis" status="Passed" classname="R:\Development\NinjaOne\Tests\NinjaOne.Help.Tests.ps1" assertions="0" time="0.003" />
    <testcase name="NinjaOne - Help Content.Function Get-NinjaOneAttachment.contains a description" status="Passed" classname="R:\Development\NinjaOne\Tests\NinjaOne.Help.Tests.ps1" assertions="0" time="0.003" />
    <testcase name="NinjaOne - Help Content.Function Get-NinjaOneAttachment.contains a functionality" status="Passed" classname="R:\Development\NinjaOne\Tests\NinjaOne.Help.Tests.ps1" assertions="0" time="0.003" />
    <testcase name="NinjaOne - Help Content.Function Get-NinjaOneAttachment.has at least one usage example" status="Passed" classname="R:\Development\NinjaOne\Tests\NinjaOne.Help.Tests.ps1" assertions="0" time="0.005" />
    <testcase name="NinjaOne - Help Content.Function Get-NinjaOneAttachment.has a title for each example" status="Passed" classname="R:\Development\NinjaOne\Tests\NinjaOne.Help.Tests.ps1" assertions="0" time="0.002" />
    <testcase name="NinjaOne - Help Content.Function Get-NinjaOneAttachment.has a description for each example" status="Passed" classname="R:\Development\NinjaOne\Tests\NinjaOne.Help.Tests.ps1" assertions="0" time="0.003" />
    <testcase name="NinjaOne - Help Content.Function Get-NinjaOneBackupJobs.has help content" status="Passed" classname="R:\Development\NinjaOne\Tests\NinjaOne.Help.Tests.ps1" assertions="0" time="0.003" />
    <testcase name="NinjaOne - Help Content.Function Get-NinjaOneBackupJobs.contains a synopsis" status="Passed" classname="R:\Development\NinjaOne\Tests\NinjaOne.Help.Tests.ps1" assertions="0" time="0.003" />
    <testcase name="NinjaOne - Help Content.Function Get-NinjaOneBackupJobs.contains a description" status="Passed" classname="R:\Development\NinjaOne\Tests\NinjaOne.Help.Tests.ps1" assertions="0" time="0.003" />
    <testcase name="NinjaOne - Help Content.Function Get-NinjaOneBackupJobs.contains a functionality" status="Passed" classname="R:\Development\NinjaOne\Tests\NinjaOne.Help.Tests.ps1" assertions="0" time="0.002" />
    <testcase name="NinjaOne - Help Content.Function Get-NinjaOneBackupJobs.has at least one usage example" status="Passed" classname="R:\Development\NinjaOne\Tests\NinjaOne.Help.Tests.ps1" assertions="0" time="0.003" />
    <testcase name="NinjaOne - Help Content.Function Get-NinjaOneBackupJobs.has a title for each example" status="Passed" classname="R:\Development\NinjaOne\Tests\NinjaOne.Help.Tests.ps1" assertions="0" time="0.003" />
    <testcase name="NinjaOne - Help Content.Function Get-NinjaOneBackupJobs.has a title for each example" status="Passed" classname="R:\Development\NinjaOne\Tests\NinjaOne.Help.Tests.ps1" assertions="0" time="0.002" />
    <testcase name="NinjaOne - Help Content.Function Get-NinjaOneBackupJobs.has a title for each example" status="Passed" classname="R:\Development\NinjaOne\Tests\NinjaOne.Help.Tests.ps1" assertions="0" time="0.005" />
    <testcase name="NinjaOne - Help Content.Function Get-NinjaOneBackupJobs.has a title for each example" status="Passed" classname="R:\Development\NinjaOne\Tests\NinjaOne.Help.Tests.ps1" assertions="0" time="0.002" />
    <testcase name="NinjaOne - Help Content.Function Get-NinjaOneBackupJobs.has a title for each example" status="Passed" classname="R:\Development\NinjaOne\Tests\NinjaOne.Help.Tests.ps1" assertions="0" time="0.002" />
    <testcase name="NinjaOne - Help Content.Function Get-NinjaOneBackupJobs.has a title for each example" status="Passed" classname="R:\Development\NinjaOne\Tests\NinjaOne.Help.Tests.ps1" assertions="0" time="0.003" />
    <testcase name="NinjaOne - Help Content.Function Get-NinjaOneBackupJobs.has a title for each example" status="Passed" classname="R:\Development\NinjaOne\Tests\NinjaOne.Help.Tests.ps1" assertions="0" time="0.003" />
    <testcase name="NinjaOne - Help Content.Function Get-NinjaOneBackupJobs.has a title for each example" status="Passed" classname="R:\Development\NinjaOne\Tests\NinjaOne.Help.Tests.ps1" assertions="0" time="0.003" />
    <testcase name="NinjaOne - Help Content.Function Get-NinjaOneBackupJobs.has a title for each example" status="Passed" classname="R:\Development\NinjaOne\Tests\NinjaOne.Help.Tests.ps1" assertions="0" time="0.002" />
    <testcase name="NinjaOne - Help Content.Function Get-NinjaOneBackupJobs.has a title for each example" status="Passed" classname="R:\Development\NinjaOne\Tests\NinjaOne.Help.Tests.ps1" assertions="0" time="0.002" />
    <testcase name="NinjaOne - Help Content.Function Get-NinjaOneBackupJobs.has a title for each example" status="Passed" classname="R:\Development\NinjaOne\Tests\NinjaOne.Help.Tests.ps1" assertions="0" time="0.003" />
    <testcase name="NinjaOne - Help Content.Function Get-NinjaOneBackupJobs.has a title for each example" status="Passed" classname="R:\Development\NinjaOne\Tests\NinjaOne.Help.Tests.ps1" assertions="0" time="0.002" />
    <testcase name="NinjaOne - Help Content.Function Get-NinjaOneBackupJobs.has a title for each example" status="Passed" classname="R:\Development\NinjaOne\Tests\NinjaOne.Help.Tests.ps1" assertions="0" time="0.002" />
    <testcase name="NinjaOne - Help Content.Function Get-NinjaOneBackupJobs.has a title for each example" status="Passed" classname="R:\Development\NinjaOne\Tests\NinjaOne.Help.Tests.ps1" assertions="0" time="0.002" />
    <testcase name="NinjaOne - Help Content.Function Get-NinjaOneBackupJobs.has a description for each example" status="Passed" classname="R:\Development\NinjaOne\Tests\NinjaOne.Help.Tests.ps1" assertions="0" time="0.002" />
    <testcase name="NinjaOne - Help Content.Function Get-NinjaOneBackupJobs.has a description for each example" status="Passed" classname="R:\Development\NinjaOne\Tests\NinjaOne.Help.Tests.ps1" assertions="0" time="0.002" />
    <testcase name="NinjaOne - Help Content.Function Get-NinjaOneBackupJobs.has a description for each example" status="Passed" classname="R:\Development\NinjaOne\Tests\NinjaOne.Help.Tests.ps1" assertions="0" time="0.002" />
    <testcase name="NinjaOne - Help Content.Function Get-NinjaOneBackupJobs.has a description for each example" status="Passed" classname="R:\Development\NinjaOne\Tests\NinjaOne.Help.Tests.ps1" assertions="0" time="0.003" />
    <testcase name="NinjaOne - Help Content.Function Get-NinjaOneBackupJobs.has a description for each example" status="Passed" classname="R:\Development\NinjaOne\Tests\NinjaOne.Help.Tests.ps1" assertions="0" time="0.003" />
    <testcase name="NinjaOne - Help Content.Function Get-NinjaOneBackupJobs.has a description for each example" status="Passed" classname="R:\Development\NinjaOne\Tests\NinjaOne.Help.Tests.ps1" assertions="0" time="0.002" />
    <testcase name="NinjaOne - Help Content.Function Get-NinjaOneBackupJobs.has a description for each example" status="Passed" classname="R:\Development\NinjaOne\Tests\NinjaOne.Help.Tests.ps1" assertions="0" time="0.003" />
    <testcase name="NinjaOne - Help Content.Function Get-NinjaOneBackupJobs.has a description for each example" status="Passed" classname="R:\Development\NinjaOne\Tests\NinjaOne.Help.Tests.ps1" assertions="0" time="0.002" />
    <testcase name="NinjaOne - Help Content.Function Get-NinjaOneBackupJobs.has a description for each example" status="Passed" classname="R:\Development\NinjaOne\Tests\NinjaOne.Help.Tests.ps1" assertions="0" time="0.003" />
    <testcase name="NinjaOne - Help Content.Function Get-NinjaOneBackupJobs.has a description for each example" status="Passed" classname="R:\Development\NinjaOne\Tests\NinjaOne.Help.Tests.ps1" assertions="0" time="0.003" />
    <testcase name="NinjaOne - Help Content.Function Get-NinjaOneBackupJobs.has a description for each example" status="Passed" classname="R:\Development\NinjaOne\Tests\NinjaOne.Help.Tests.ps1" assertions="0" time="0.002" />
    <testcase name="NinjaOne - Help Content.Function Get-NinjaOneBackupJobs.has a description for each example" status="Passed" classname="R:\Development\NinjaOne\Tests\NinjaOne.Help.Tests.ps1" assertions="0" time="0.006" />
    <testcase name="NinjaOne - Help Content.Function Get-NinjaOneBackupJobs.has a description for each example" status="Passed" classname="R:\Development\NinjaOne\Tests\NinjaOne.Help.Tests.ps1" assertions="0" time="0.002" />
    <testcase name="NinjaOne - Help Content.Function Get-NinjaOneBackupJobs.has a description for each example" status="Passed" classname="R:\Development\NinjaOne\Tests\NinjaOne.Help.Tests.ps1" assertions="0" time="0.002" />
    <testcase name="NinjaOne - Help Content.Function Get-NinjaOneBackupUsage.has help content" status="Passed" classname="R:\Development\NinjaOne\Tests\NinjaOne.Help.Tests.ps1" assertions="0" time="0.004" />
    <testcase name="NinjaOne - Help Content.Function Get-NinjaOneBackupUsage.contains a synopsis" status="Passed" classname="R:\Development\NinjaOne\Tests\NinjaOne.Help.Tests.ps1" assertions="0" time="0.002" />
    <testcase name="NinjaOne - Help Content.Function Get-NinjaOneBackupUsage.contains a description" status="Passed" classname="R:\Development\NinjaOne\Tests\NinjaOne.Help.Tests.ps1" assertions="0" time="0.002" />
    <testcase name="NinjaOne - Help Content.Function Get-NinjaOneBackupUsage.contains a functionality" status="Passed" classname="R:\Development\NinjaOne\Tests\NinjaOne.Help.Tests.ps1" assertions="0" time="0.002" />
    <testcase name="NinjaOne - Help Content.Function Get-NinjaOneBackupUsage.has at least one usage example" status="Passed" classname="R:\Development\NinjaOne\Tests\NinjaOne.Help.Tests.ps1" assertions="0" time="0.003" />
    <testcase name="NinjaOne - Help Content.Function Get-NinjaOneBackupUsage.has a title for each example" status="Passed" classname="R:\Development\NinjaOne\Tests\NinjaOne.Help.Tests.ps1" assertions="0" time="0.002" />
    <testcase name="NinjaOne - Help Content.Function Get-NinjaOneBackupUsage.has a title for each example" status="Passed" classname="R:\Development\NinjaOne\Tests\NinjaOne.Help.Tests.ps1" assertions="0" time="0.002" />
    <testcase name="NinjaOne - Help Content.Function Get-NinjaOneBackupUsage.has a title for each example" status="Passed" classname="R:\Development\NinjaOne\Tests\NinjaOne.Help.Tests.ps1" assertions="0" time="0.002" />
    <testcase name="NinjaOne - Help Content.Function Get-NinjaOneBackupUsage.has a title for each example" status="Passed" classname="R:\Development\NinjaOne\Tests\NinjaOne.Help.Tests.ps1" assertions="0" time="0.003" />
    <testcase name="NinjaOne - Help Content.Function Get-NinjaOneBackupUsage.has a description for each example" status="Passed" classname="R:\Development\NinjaOne\Tests\NinjaOne.Help.Tests.ps1" assertions="0" time="0.003" />
    <testcase name="NinjaOne - Help Content.Function Get-NinjaOneBackupUsage.has a description for each example" status="Passed" classname="R:\Development\NinjaOne\Tests\NinjaOne.Help.Tests.ps1" assertions="0" time="0.002" />
    <testcase name="NinjaOne - Help Content.Function Get-NinjaOneBackupUsage.has a description for each example" status="Passed" classname="R:\Development\NinjaOne\Tests\NinjaOne.Help.Tests.ps1" assertions="0" time="0.002" />
    <testcase name="NinjaOne - Help Content.Function Get-NinjaOneBackupUsage.has a description for each example" status="Passed" classname="R:\Development\NinjaOne\Tests\NinjaOne.Help.Tests.ps1" assertions="0" time="0.003" />
    <testcase name="NinjaOne - Help Content.Function Get-NinjaOneComputerSystems.has help content" status="Passed" classname="R:\Development\NinjaOne\Tests\NinjaOne.Help.Tests.ps1" assertions="0" time="0.003" />
    <testcase name="NinjaOne - Help Content.Function Get-NinjaOneComputerSystems.contains a synopsis" status="Passed" classname="R:\Development\NinjaOne\Tests\NinjaOne.Help.Tests.ps1" assertions="0" time="0.002" />
    <testcase name="NinjaOne - Help Content.Function Get-NinjaOneComputerSystems.contains a description" status="Passed" classname="R:\Development\NinjaOne\Tests\NinjaOne.Help.Tests.ps1" assertions="0" time="0.003" />
    <testcase name="NinjaOne - Help Content.Function Get-NinjaOneComputerSystems.contains a functionality" status="Passed" classname="R:\Development\NinjaOne\Tests\NinjaOne.Help.Tests.ps1" assertions="0" time="0.002" />
    <testcase name="NinjaOne - Help Content.Function Get-NinjaOneComputerSystems.has at least one usage example" status="Passed" classname="R:\Development\NinjaOne\Tests\NinjaOne.Help.Tests.ps1" assertions="0" time="0.007" />
    <testcase name="NinjaOne - Help Content.Function Get-NinjaOneComputerSystems.has a title for each example" status="Passed" classname="R:\Development\NinjaOne\Tests\NinjaOne.Help.Tests.ps1" assertions="0" time="0.002" />
    <testcase name="NinjaOne - Help Content.Function Get-NinjaOneComputerSystems.has a title for each example" status="Passed" classname="R:\Development\NinjaOne\Tests\NinjaOne.Help.Tests.ps1" assertions="0" time="0.002" />
    <testcase name="NinjaOne - Help Content.Function Get-NinjaOneComputerSystems.has a title for each example" status="Passed" classname="R:\Development\NinjaOne\Tests\NinjaOne.Help.Tests.ps1" assertions="0" time="0.002" />
    <testcase name="NinjaOne - Help Content.Function Get-NinjaOneComputerSystems.has a description for each example" status="Passed" classname="R:\Development\NinjaOne\Tests\NinjaOne.Help.Tests.ps1" assertions="0" time="0.002" />
    <testcase name="NinjaOne - Help Content.Function Get-NinjaOneComputerSystems.has a description for each example" status="Passed" classname="R:\Development\NinjaOne\Tests\NinjaOne.Help.Tests.ps1" assertions="0" time="0.002" />
    <testcase name="NinjaOne - Help Content.Function Get-NinjaOneComputerSystems.has a description for each example" status="Passed" classname="R:\Development\NinjaOne\Tests\NinjaOne.Help.Tests.ps1" assertions="0" time="0.002" />
    <testcase name="NinjaOne - Help Content.Function Get-NinjaOneContacts.has help content" status="Passed" classname="R:\Development\NinjaOne\Tests\NinjaOne.Help.Tests.ps1" assertions="0" time="0.003" />
    <testcase name="NinjaOne - Help Content.Function Get-NinjaOneContacts.contains a synopsis" status="Passed" classname="R:\Development\NinjaOne\Tests\NinjaOne.Help.Tests.ps1" assertions="0" time="0.002" />
    <testcase name="NinjaOne - Help Content.Function Get-NinjaOneContacts.contains a description" status="Passed" classname="R:\Development\NinjaOne\Tests\NinjaOne.Help.Tests.ps1" assertions="0" time="0.002" />
    <testcase name="NinjaOne - Help Content.Function Get-NinjaOneContacts.contains a functionality" status="Passed" classname="R:\Development\NinjaOne\Tests\NinjaOne.Help.Tests.ps1" assertions="0" time="0.002" />
    <testcase name="NinjaOne - Help Content.Function Get-NinjaOneContacts.has at least one usage example" status="Passed" classname="R:\Development\NinjaOne\Tests\NinjaOne.Help.Tests.ps1" assertions="0" time="0.004" />
    <testcase name="NinjaOne - Help Content.Function Get-NinjaOneContacts.has a title for each example" status="Passed" classname="R:\Development\NinjaOne\Tests\NinjaOne.Help.Tests.ps1" assertions="0" time="0.002" />
    <testcase name="NinjaOne - Help Content.Function Get-NinjaOneContacts.has a description for each example" status="Passed" classname="R:\Development\NinjaOne\Tests\NinjaOne.Help.Tests.ps1" assertions="0" time="0.002" />
    <testcase name="NinjaOne - Help Content.Function Get-NinjaOneCustomFields.has help content" status="Passed" classname="R:\Development\NinjaOne\Tests\NinjaOne.Help.Tests.ps1" assertions="0" time="0.003" />
    <testcase name="NinjaOne - Help Content.Function Get-NinjaOneCustomFields.contains a synopsis" status="Passed" classname="R:\Development\NinjaOne\Tests\NinjaOne.Help.Tests.ps1" assertions="0" time="0.002" />
    <testcase name="NinjaOne - Help Content.Function Get-NinjaOneCustomFields.contains a description" status="Passed" classname="R:\Development\NinjaOne\Tests\NinjaOne.Help.Tests.ps1" assertions="0" time="0.002" />
    <testcase name="NinjaOne - Help Content.Function Get-NinjaOneCustomFields.contains a functionality" status="Passed" classname="R:\Development\NinjaOne\Tests\NinjaOne.Help.Tests.ps1" assertions="0" time="0.002" />
    <testcase name="NinjaOne - Help Content.Function Get-NinjaOneCustomFields.has at least one usage example" status="Passed" classname="R:\Development\NinjaOne\Tests\NinjaOne.Help.Tests.ps1" assertions="0" time="0.003" />
    <testcase name="NinjaOne - Help Content.Function Get-NinjaOneCustomFields.has a title for each example" status="Passed" classname="R:\Development\NinjaOne\Tests\NinjaOne.Help.Tests.ps1" assertions="0" time="0.002" />
    <testcase name="NinjaOne - Help Content.Function Get-NinjaOneCustomFields.has a title for each example" status="Passed" classname="R:\Development\NinjaOne\Tests\NinjaOne.Help.Tests.ps1" assertions="0" time="0.005" />
    <testcase name="NinjaOne - Help Content.Function Get-NinjaOneCustomFields.has a title for each example" status="Passed" classname="R:\Development\NinjaOne\Tests\NinjaOne.Help.Tests.ps1" assertions="0" time="0.002" />
    <testcase name="NinjaOne - Help Content.Function Get-NinjaOneCustomFields.has a title for each example" status="Passed" classname="R:\Development\NinjaOne\Tests\NinjaOne.Help.Tests.ps1" assertions="0" time="0.002" />
    <testcase name="NinjaOne - Help Content.Function Get-NinjaOneCustomFields.has a title for each example" status="Passed" classname="R:\Development\NinjaOne\Tests\NinjaOne.Help.Tests.ps1" assertions="0" time="0.002" />
    <testcase name="NinjaOne - Help Content.Function Get-NinjaOneCustomFields.has a title for each example" status="Passed" classname="R:\Development\NinjaOne\Tests\NinjaOne.Help.Tests.ps1" assertions="0" time="0.002" />
    <testcase name="NinjaOne - Help Content.Function Get-NinjaOneCustomFields.has a description for each example" status="Passed" classname="R:\Development\NinjaOne\Tests\NinjaOne.Help.Tests.ps1" assertions="0" time="0.002" />
    <testcase name="NinjaOne - Help Content.Function Get-NinjaOneCustomFields.has a description for each example" status="Passed" classname="R:\Development\NinjaOne\Tests\NinjaOne.Help.Tests.ps1" assertions="0" time="0.002" />
    <testcase name="NinjaOne - Help Content.Function Get-NinjaOneCustomFields.has a description for each example" status="Passed" classname="R:\Development\NinjaOne\Tests\NinjaOne.Help.Tests.ps1" assertions="0" time="0.002" />
    <testcase name="NinjaOne - Help Content.Function Get-NinjaOneCustomFields.has a description for each example" status="Passed" classname="R:\Development\NinjaOne\Tests\NinjaOne.Help.Tests.ps1" assertions="0" time="0.002" />
    <testcase name="NinjaOne - Help Content.Function Get-NinjaOneCustomFields.has a description for each example" status="Passed" classname="R:\Development\NinjaOne\Tests\NinjaOne.Help.Tests.ps1" assertions="0" time="0.002" />
    <testcase name="NinjaOne - Help Content.Function Get-NinjaOneCustomFields.has a description for each example" status="Passed" classname="R:\Development\NinjaOne\Tests\NinjaOne.Help.Tests.ps1" assertions="0" time="0.003" />
    <testcase name="NinjaOne - Help Content.Function Get-NinjaOneDeviceCustomFields.has help content" status="Passed" classname="R:\Development\NinjaOne\Tests\NinjaOne.Help.Tests.ps1" assertions="0" time="0.003" />
    <testcase name="NinjaOne - Help Content.Function Get-NinjaOneDeviceCustomFields.contains a synopsis" status="Passed" classname="R:\Development\NinjaOne\Tests\NinjaOne.Help.Tests.ps1" assertions="0" time="0.002" />
    <testcase name="NinjaOne - Help Content.Function Get-NinjaOneDeviceCustomFields.contains a description" status="Passed" classname="R:\Development\NinjaOne\Tests\NinjaOne.Help.Tests.ps1" assertions="0" time="0.003" />
    <testcase name="NinjaOne - Help Content.Function Get-NinjaOneDeviceCustomFields.contains a functionality" status="Passed" classname="R:\Development\NinjaOne\Tests\NinjaOne.Help.Tests.ps1" assertions="0" time="0.002" />
    <testcase name="NinjaOne - Help Content.Function Get-NinjaOneDeviceCustomFields.has at least one usage example" status="Passed" classname="R:\Development\NinjaOne\Tests\NinjaOne.Help.Tests.ps1" assertions="0" time="0.003" />
    <testcase name="NinjaOne - Help Content.Function Get-NinjaOneDeviceCustomFields.has a title for each example" status="Passed" classname="R:\Development\NinjaOne\Tests\NinjaOne.Help.Tests.ps1" assertions="0" time="0.002" />
    <testcase name="NinjaOne - Help Content.Function Get-NinjaOneDeviceCustomFields.has a title for each example" status="Passed" classname="R:\Development\NinjaOne\Tests\NinjaOne.Help.Tests.ps1" assertions="0" time="0.002" />
    <testcase name="NinjaOne - Help Content.Function Get-NinjaOneDeviceCustomFields.has a title for each example" status="Passed" classname="R:\Development\NinjaOne\Tests\NinjaOne.Help.Tests.ps1" assertions="0" time="0.002" />
    <testcase name="NinjaOne - Help Content.Function Get-NinjaOneDeviceCustomFields.has a title for each example" status="Passed" classname="R:\Development\NinjaOne\Tests\NinjaOne.Help.Tests.ps1" assertions="0" time="0.002" />
    <testcase name="NinjaOne - Help Content.Function Get-NinjaOneDeviceCustomFields.has a description for each example" status="Passed" classname="R:\Development\NinjaOne\Tests\NinjaOne.Help.Tests.ps1" assertions="0" time="0.002" />
    <testcase name="NinjaOne - Help Content.Function Get-NinjaOneDeviceCustomFields.has a description for each example" status="Passed" classname="R:\Development\NinjaOne\Tests\NinjaOne.Help.Tests.ps1" assertions="0" time="0.002" />
    <testcase name="NinjaOne - Help Content.Function Get-NinjaOneDeviceCustomFields.has a description for each example" status="Passed" classname="R:\Development\NinjaOne\Tests\NinjaOne.Help.Tests.ps1" assertions="0" time="0.005" />
    <testcase name="NinjaOne - Help Content.Function Get-NinjaOneDeviceCustomFields.has a description for each example" status="Passed" classname="R:\Development\NinjaOne\Tests\NinjaOne.Help.Tests.ps1" assertions="0" time="0.002" />
    <testcase name="NinjaOne - Help Content.Function Get-NinjaOneDeviceDashboardURL.has help content" status="Passed" classname="R:\Development\NinjaOne\Tests\NinjaOne.Help.Tests.ps1" assertions="0" time="0.003" />
    <testcase name="NinjaOne - Help Content.Function Get-NinjaOneDeviceDashboardURL.contains a synopsis" status="Passed" classname="R:\Development\NinjaOne\Tests\NinjaOne.Help.Tests.ps1" assertions="0" time="0.002" />
    <testcase name="NinjaOne - Help Content.Function Get-NinjaOneDeviceDashboardURL.contains a description" status="Passed" classname="R:\Development\NinjaOne\Tests\NinjaOne.Help.Tests.ps1" assertions="0" time="0.002" />
    <testcase name="NinjaOne - Help Content.Function Get-NinjaOneDeviceDashboardURL.contains a functionality" status="Passed" classname="R:\Development\NinjaOne\Tests\NinjaOne.Help.Tests.ps1" assertions="0" time="0.002" />
    <testcase name="NinjaOne - Help Content.Function Get-NinjaOneDeviceDashboardURL.has at least one usage example" status="Passed" classname="R:\Development\NinjaOne\Tests\NinjaOne.Help.Tests.ps1" assertions="0" time="0.003" />
    <testcase name="NinjaOne - Help Content.Function Get-NinjaOneDeviceDashboardURL.has a title for each example" status="Passed" classname="R:\Development\NinjaOne\Tests\NinjaOne.Help.Tests.ps1" assertions="0" time="0.002" />
    <testcase name="NinjaOne - Help Content.Function Get-NinjaOneDeviceDashboardURL.has a description for each example" status="Passed" classname="R:\Development\NinjaOne\Tests\NinjaOne.Help.Tests.ps1" assertions="0" time="0.002" />
    <testcase name="NinjaOne - Help Content.Function Get-NinjaOneDeviceDisks.has help content" status="Passed" classname="R:\Development\NinjaOne\Tests\NinjaOne.Help.Tests.ps1" assertions="0" time="0.003" />
    <testcase name="NinjaOne - Help Content.Function Get-NinjaOneDeviceDisks.contains a synopsis" status="Passed" classname="R:\Development\NinjaOne\Tests\NinjaOne.Help.Tests.ps1" assertions="0" time="0.002" />
    <testcase name="NinjaOne - Help Content.Function Get-NinjaOneDeviceDisks.contains a description" status="Passed" classname="R:\Development\NinjaOne\Tests\NinjaOne.Help.Tests.ps1" assertions="0" time="0.002" />
    <testcase name="NinjaOne - Help Content.Function Get-NinjaOneDeviceDisks.contains a functionality" status="Passed" classname="R:\Development\NinjaOne\Tests\NinjaOne.Help.Tests.ps1" assertions="0" time="0.003" />
    <testcase name="NinjaOne - Help Content.Function Get-NinjaOneDeviceDisks.has at least one usage example" status="Passed" classname="R:\Development\NinjaOne\Tests\NinjaOne.Help.Tests.ps1" assertions="0" time="0.003" />
    <testcase name="NinjaOne - Help Content.Function Get-NinjaOneDeviceDisks.has a title for each example" status="Passed" classname="R:\Development\NinjaOne\Tests\NinjaOne.Help.Tests.ps1" assertions="0" time="0.002" />
    <testcase name="NinjaOne - Help Content.Function Get-NinjaOneDeviceDisks.has a description for each example" status="Passed" classname="R:\Development\NinjaOne\Tests\NinjaOne.Help.Tests.ps1" assertions="0" time="0.003" />
    <testcase name="NinjaOne - Help Content.Function Get-NinjaOneDeviceHealth.has help content" status="Passed" classname="R:\Development\NinjaOne\Tests\NinjaOne.Help.Tests.ps1" assertions="0" time="0.003" />
    <testcase name="NinjaOne - Help Content.Function Get-NinjaOneDeviceHealth.contains a synopsis" status="Passed" classname="R:\Development\NinjaOne\Tests\NinjaOne.Help.Tests.ps1" assertions="0" time="0.002" />
    <testcase name="NinjaOne - Help Content.Function Get-NinjaOneDeviceHealth.contains a description" status="Passed" classname="R:\Development\NinjaOne\Tests\NinjaOne.Help.Tests.ps1" assertions="0" time="0.007" />
    <testcase name="NinjaOne - Help Content.Function Get-NinjaOneDeviceHealth.contains a functionality" status="Passed" classname="R:\Development\NinjaOne\Tests\NinjaOne.Help.Tests.ps1" assertions="0" time="0.002" />
    <testcase name="NinjaOne - Help Content.Function Get-NinjaOneDeviceHealth.has at least one usage example" status="Passed" classname="R:\Development\NinjaOne\Tests\NinjaOne.Help.Tests.ps1" assertions="0" time="0.003" />
    <testcase name="NinjaOne - Help Content.Function Get-NinjaOneDeviceHealth.has a title for each example" status="Passed" classname="R:\Development\NinjaOne\Tests\NinjaOne.Help.Tests.ps1" assertions="0" time="0.002" />
    <testcase name="NinjaOne - Help Content.Function Get-NinjaOneDeviceHealth.has a title for each example" status="Passed" classname="R:\Development\NinjaOne\Tests\NinjaOne.Help.Tests.ps1" assertions="0" time="0.002" />
    <testcase name="NinjaOne - Help Content.Function Get-NinjaOneDeviceHealth.has a title for each example" status="Passed" classname="R:\Development\NinjaOne\Tests\NinjaOne.Help.Tests.ps1" assertions="0" time="0.003" />
    <testcase name="NinjaOne - Help Content.Function Get-NinjaOneDeviceHealth.has a description for each example" status="Passed" classname="R:\Development\NinjaOne\Tests\NinjaOne.Help.Tests.ps1" assertions="0" time="0.002" />
    <testcase name="NinjaOne - Help Content.Function Get-NinjaOneDeviceHealth.has a description for each example" status="Passed" classname="R:\Development\NinjaOne\Tests\NinjaOne.Help.Tests.ps1" assertions="0" time="0.002" />
    <testcase name="NinjaOne - Help Content.Function Get-NinjaOneDeviceHealth.has a description for each example" status="Passed" classname="R:\Development\NinjaOne\Tests\NinjaOne.Help.Tests.ps1" assertions="0" time="0.002" />
    <testcase name="NinjaOne - Help Content.Function Get-NinjaOneDeviceLastLoggedOnUser.has help content" status="Passed" classname="R:\Development\NinjaOne\Tests\NinjaOne.Help.Tests.ps1" assertions="0" time="0.003" />
    <testcase name="NinjaOne - Help Content.Function Get-NinjaOneDeviceLastLoggedOnUser.contains a synopsis" status="Passed" classname="R:\Development\NinjaOne\Tests\NinjaOne.Help.Tests.ps1" assertions="0" time="0.002" />
    <testcase name="NinjaOne - Help Content.Function Get-NinjaOneDeviceLastLoggedOnUser.contains a description" status="Passed" classname="R:\Development\NinjaOne\Tests\NinjaOne.Help.Tests.ps1" assertions="0" time="0.002" />
    <testcase name="NinjaOne - Help Content.Function Get-NinjaOneDeviceLastLoggedOnUser.contains a functionality" status="Passed" classname="R:\Development\NinjaOne\Tests\NinjaOne.Help.Tests.ps1" assertions="0" time="0.002" />
    <testcase name="NinjaOne - Help Content.Function Get-NinjaOneDeviceLastLoggedOnUser.has at least one usage example" status="Passed" classname="R:\Development\NinjaOne\Tests\NinjaOne.Help.Tests.ps1" assertions="0" time="0.004" />
    <testcase name="NinjaOne - Help Content.Function Get-NinjaOneDeviceLastLoggedOnUser.has a title for each example" status="Passed" classname="R:\Development\NinjaOne\Tests\NinjaOne.Help.Tests.ps1" assertions="0" time="0.002" />
    <testcase name="NinjaOne - Help Content.Function Get-NinjaOneDeviceLastLoggedOnUser.has a description for each example" status="Passed" classname="R:\Development\NinjaOne\Tests\NinjaOne.Help.Tests.ps1" assertions="0" time="0.002" />
    <testcase name="NinjaOne - Help Content.Function Get-NinjaOneDeviceNetworkInterfaces.has help content" status="Passed" classname="R:\Development\NinjaOne\Tests\NinjaOne.Help.Tests.ps1" assertions="0" time="0.003" />
    <testcase name="NinjaOne - Help Content.Function Get-NinjaOneDeviceNetworkInterfaces.contains a synopsis" status="Passed" classname="R:\Development\NinjaOne\Tests\NinjaOne.Help.Tests.ps1" assertions="0" time="0.002" />
    <testcase name="NinjaOne - Help Content.Function Get-NinjaOneDeviceNetworkInterfaces.contains a description" status="Passed" classname="R:\Development\NinjaOne\Tests\NinjaOne.Help.Tests.ps1" assertions="0" time="0.003" />
    <testcase name="NinjaOne - Help Content.Function Get-NinjaOneDeviceNetworkInterfaces.contains a functionality" status="Passed" classname="R:\Development\NinjaOne\Tests\NinjaOne.Help.Tests.ps1" assertions="0" time="0.005" />
    <testcase name="NinjaOne - Help Content.Function Get-NinjaOneDeviceNetworkInterfaces.has at least one usage example" status="Passed" classname="R:\Development\NinjaOne\Tests\NinjaOne.Help.Tests.ps1" assertions="0" time="0.004" />
    <testcase name="NinjaOne - Help Content.Function Get-NinjaOneDeviceNetworkInterfaces.has a title for each example" status="Passed" classname="R:\Development\NinjaOne\Tests\NinjaOne.Help.Tests.ps1" assertions="0" time="0.002" />
    <testcase name="NinjaOne - Help Content.Function Get-NinjaOneDeviceNetworkInterfaces.has a description for each example" status="Passed" classname="R:\Development\NinjaOne\Tests\NinjaOne.Help.Tests.ps1" assertions="0" time="0.002" />
    <testcase name="NinjaOne - Help Content.Function Get-NinjaOneDeviceOSPatches.has help content" status="Passed" classname="R:\Development\NinjaOne\Tests\NinjaOne.Help.Tests.ps1" assertions="0" time="0.003" />
    <testcase name="NinjaOne - Help Content.Function Get-NinjaOneDeviceOSPatches.contains a synopsis" status="Passed" classname="R:\Development\NinjaOne\Tests\NinjaOne.Help.Tests.ps1" assertions="0" time="0.002" />
    <testcase name="NinjaOne - Help Content.Function Get-NinjaOneDeviceOSPatches.contains a description" status="Passed" classname="R:\Development\NinjaOne\Tests\NinjaOne.Help.Tests.ps1" assertions="0" time="0.002" />
    <testcase name="NinjaOne - Help Content.Function Get-NinjaOneDeviceOSPatches.contains a functionality" status="Passed" classname="R:\Development\NinjaOne\Tests\NinjaOne.Help.Tests.ps1" assertions="0" time="0.002" />
    <testcase name="NinjaOne - Help Content.Function Get-NinjaOneDeviceOSPatches.has at least one usage example" status="Passed" classname="R:\Development\NinjaOne\Tests\NinjaOne.Help.Tests.ps1" assertions="0" time="0.004" />
    <testcase name="NinjaOne - Help Content.Function Get-NinjaOneDeviceOSPatches.has a title for each example" status="Passed" classname="R:\Development\NinjaOne\Tests\NinjaOne.Help.Tests.ps1" assertions="0" time="0.002" />
    <testcase name="NinjaOne - Help Content.Function Get-NinjaOneDeviceOSPatches.has a title for each example" status="Passed" classname="R:\Development\NinjaOne\Tests\NinjaOne.Help.Tests.ps1" assertions="0" time="0.002" />
    <testcase name="NinjaOne - Help Content.Function Get-NinjaOneDeviceOSPatches.has a description for each example" status="Passed" classname="R:\Development\NinjaOne\Tests\NinjaOne.Help.Tests.ps1" assertions="0" time="0.002" />
    <testcase name="NinjaOne - Help Content.Function Get-NinjaOneDeviceOSPatches.has a description for each example" status="Passed" classname="R:\Development\NinjaOne\Tests\NinjaOne.Help.Tests.ps1" assertions="0" time="0.002" />
    <testcase name="NinjaOne - Help Content.Function Get-NinjaOneDeviceOSPatchInstalls.has help content" status="Passed" classname="R:\Development\NinjaOne\Tests\NinjaOne.Help.Tests.ps1" assertions="0" time="0.003" />
    <testcase name="NinjaOne - Help Content.Function Get-NinjaOneDeviceOSPatchInstalls.contains a synopsis" status="Passed" classname="R:\Development\NinjaOne\Tests\NinjaOne.Help.Tests.ps1" assertions="0" time="0.002" />
    <testcase name="NinjaOne - Help Content.Function Get-NinjaOneDeviceOSPatchInstalls.contains a description" status="Passed" classname="R:\Development\NinjaOne\Tests\NinjaOne.Help.Tests.ps1" assertions="0" time="0.002" />
    <testcase name="NinjaOne - Help Content.Function Get-NinjaOneDeviceOSPatchInstalls.contains a functionality" status="Passed" classname="R:\Development\NinjaOne\Tests\NinjaOne.Help.Tests.ps1" assertions="0" time="0.002" />
    <testcase name="NinjaOne - Help Content.Function Get-NinjaOneDeviceOSPatchInstalls.has at least one usage example" status="Passed" classname="R:\Development\NinjaOne\Tests\NinjaOne.Help.Tests.ps1" assertions="0" time="0.003" />
    <testcase name="NinjaOne - Help Content.Function Get-NinjaOneDeviceOSPatchInstalls.has a title for each example" status="Passed" classname="R:\Development\NinjaOne\Tests\NinjaOne.Help.Tests.ps1" assertions="0" time="0.002" />
    <testcase name="NinjaOne - Help Content.Function Get-NinjaOneDeviceOSPatchInstalls.has a title for each example" status="Passed" classname="R:\Development\NinjaOne\Tests\NinjaOne.Help.Tests.ps1" assertions="0" time="0.002" />
    <testcase name="NinjaOne - Help Content.Function Get-NinjaOneDeviceOSPatchInstalls.has a description for each example" status="Passed" classname="R:\Development\NinjaOne\Tests\NinjaOne.Help.Tests.ps1" assertions="0" time="0.006" />
    <testcase name="NinjaOne - Help Content.Function Get-NinjaOneDeviceOSPatchInstalls.has a description for each example" status="Passed" classname="R:\Development\NinjaOne\Tests\NinjaOne.Help.Tests.ps1" assertions="0" time="0.002" />
    <testcase name="NinjaOne - Help Content.Function Get-NinjaOneDevicePolicyOverrides.has help content" status="Passed" classname="R:\Development\NinjaOne\Tests\NinjaOne.Help.Tests.ps1" assertions="0" time="0.003" />
    <testcase name="NinjaOne - Help Content.Function Get-NinjaOneDevicePolicyOverrides.contains a synopsis" status="Passed" classname="R:\Development\NinjaOne\Tests\NinjaOne.Help.Tests.ps1" assertions="0" time="0.003" />
    <testcase name="NinjaOne - Help Content.Function Get-NinjaOneDevicePolicyOverrides.contains a description" status="Passed" classname="R:\Development\NinjaOne\Tests\NinjaOne.Help.Tests.ps1" assertions="0" time="0.002" />
    <testcase name="NinjaOne - Help Content.Function Get-NinjaOneDevicePolicyOverrides.contains a functionality" status="Passed" classname="R:\Development\NinjaOne\Tests\NinjaOne.Help.Tests.ps1" assertions="0" time="0.002" />
    <testcase name="NinjaOne - Help Content.Function Get-NinjaOneDevicePolicyOverrides.has at least one usage example" status="Passed" classname="R:\Development\NinjaOne\Tests\NinjaOne.Help.Tests.ps1" assertions="0" time="0.003" />
    <testcase name="NinjaOne - Help Content.Function Get-NinjaOneDevicePolicyOverrides.has a title for each example" status="Passed" classname="R:\Development\NinjaOne\Tests\NinjaOne.Help.Tests.ps1" assertions="0" time="0.002" />
    <testcase name="NinjaOne - Help Content.Function Get-NinjaOneDevicePolicyOverrides.has a description for each example" status="Passed" classname="R:\Development\NinjaOne\Tests\NinjaOne.Help.Tests.ps1" assertions="0" time="0.002" />
    <testcase name="NinjaOne - Help Content.Function Get-NinjaOneDeviceProcessors.has help content" status="Passed" classname="R:\Development\NinjaOne\Tests\NinjaOne.Help.Tests.ps1" assertions="0" time="0.003" />
    <testcase name="NinjaOne - Help Content.Function Get-NinjaOneDeviceProcessors.contains a synopsis" status="Passed" classname="R:\Development\NinjaOne\Tests\NinjaOne.Help.Tests.ps1" assertions="0" time="0.002" />
    <testcase name="NinjaOne - Help Content.Function Get-NinjaOneDeviceProcessors.contains a description" status="Passed" classname="R:\Development\NinjaOne\Tests\NinjaOne.Help.Tests.ps1" assertions="0" time="0.002" />
    <testcase name="NinjaOne - Help Content.Function Get-NinjaOneDeviceProcessors.contains a functionality" status="Passed" classname="R:\Development\NinjaOne\Tests\NinjaOne.Help.Tests.ps1" assertions="0" time="0.002" />
    <testcase name="NinjaOne - Help Content.Function Get-NinjaOneDeviceProcessors.has at least one usage example" status="Passed" classname="R:\Development\NinjaOne\Tests\NinjaOne.Help.Tests.ps1" assertions="0" time="0.003" />
    <testcase name="NinjaOne - Help Content.Function Get-NinjaOneDeviceProcessors.has a title for each example" status="Passed" classname="R:\Development\NinjaOne\Tests\NinjaOne.Help.Tests.ps1" assertions="0" time="0.002" />
    <testcase name="NinjaOne - Help Content.Function Get-NinjaOneDeviceProcessors.has a description for each example" status="Passed" classname="R:\Development\NinjaOne\Tests\NinjaOne.Help.Tests.ps1" assertions="0" time="0.002" />
    <testcase name="NinjaOne - Help Content.Function Get-NinjaOneDevices.has help content" status="Passed" classname="R:\Development\NinjaOne\Tests\NinjaOne.Help.Tests.ps1" assertions="0" time="0.003" />
    <testcase name="NinjaOne - Help Content.Function Get-NinjaOneDevices.contains a synopsis" status="Passed" classname="R:\Development\NinjaOne\Tests\NinjaOne.Help.Tests.ps1" assertions="0" time="0.002" />
    <testcase name="NinjaOne - Help Content.Function Get-NinjaOneDevices.contains a description" status="Passed" classname="R:\Development\NinjaOne\Tests\NinjaOne.Help.Tests.ps1" assertions="0" time="0.003" />
    <testcase name="NinjaOne - Help Content.Function Get-NinjaOneDevices.contains a functionality" status="Passed" classname="R:\Development\NinjaOne\Tests\NinjaOne.Help.Tests.ps1" assertions="0" time="0.003" />
    <testcase name="NinjaOne - Help Content.Function Get-NinjaOneDevices.has at least one usage example" status="Passed" classname="R:\Development\NinjaOne\Tests\NinjaOne.Help.Tests.ps1" assertions="0" time="0.003" />
    <testcase name="NinjaOne - Help Content.Function Get-NinjaOneDevices.has a title for each example" status="Passed" classname="R:\Development\NinjaOne\Tests\NinjaOne.Help.Tests.ps1" assertions="0" time="0.003" />
    <testcase name="NinjaOne - Help Content.Function Get-NinjaOneDevices.has a title for each example" status="Passed" classname="R:\Development\NinjaOne\Tests\NinjaOne.Help.Tests.ps1" assertions="0" time="0.002" />
    <testcase name="NinjaOne - Help Content.Function Get-NinjaOneDevices.has a title for each example" status="Passed" classname="R:\Development\NinjaOne\Tests\NinjaOne.Help.Tests.ps1" assertions="0" time="0.002" />
    <testcase name="NinjaOne - Help Content.Function Get-NinjaOneDevices.has a title for each example" status="Passed" classname="R:\Development\NinjaOne\Tests\NinjaOne.Help.Tests.ps1" assertions="0" time="0.003" />
    <testcase name="NinjaOne - Help Content.Function Get-NinjaOneDevices.has a title for each example" status="Passed" classname="R:\Development\NinjaOne\Tests\NinjaOne.Help.Tests.ps1" assertions="0" time="0.002" />
    <testcase name="NinjaOne - Help Content.Function Get-NinjaOneDevices.has a title for each example" status="Passed" classname="R:\Development\NinjaOne\Tests\NinjaOne.Help.Tests.ps1" assertions="0" time="0.002" />
    <testcase name="NinjaOne - Help Content.Function Get-NinjaOneDevices.has a description for each example" status="Passed" classname="R:\Development\NinjaOne\Tests\NinjaOne.Help.Tests.ps1" assertions="0" time="0.002" />
    <testcase name="NinjaOne - Help Content.Function Get-NinjaOneDevices.has a description for each example" status="Passed" classname="R:\Development\NinjaOne\Tests\NinjaOne.Help.Tests.ps1" assertions="0" time="0.002" />
    <testcase name="NinjaOne - Help Content.Function Get-NinjaOneDevices.has a description for each example" status="Passed" classname="R:\Development\NinjaOne\Tests\NinjaOne.Help.Tests.ps1" assertions="0" time="0.002" />
    <testcase name="NinjaOne - Help Content.Function Get-NinjaOneDevices.has a description for each example" status="Passed" classname="R:\Development\NinjaOne\Tests\NinjaOne.Help.Tests.ps1" assertions="0" time="0.002" />
    <testcase name="NinjaOne - Help Content.Function Get-NinjaOneDevices.has a description for each example" status="Passed" classname="R:\Development\NinjaOne\Tests\NinjaOne.Help.Tests.ps1" assertions="0" time="0.003" />
    <testcase name="NinjaOne - Help Content.Function Get-NinjaOneDevices.has a description for each example" status="Passed" classname="R:\Development\NinjaOne\Tests\NinjaOne.Help.Tests.ps1" assertions="0" time="0.002" />
    <testcase name="NinjaOne - Help Content.Function Get-NinjaOneDeviceScriptingOptions.has help content" status="Passed" classname="R:\Development\NinjaOne\Tests\NinjaOne.Help.Tests.ps1" assertions="0" time="0.003" />
    <testcase name="NinjaOne - Help Content.Function Get-NinjaOneDeviceScriptingOptions.contains a synopsis" status="Passed" classname="R:\Development\NinjaOne\Tests\NinjaOne.Help.Tests.ps1" assertions="0" time="0.003" />
    <testcase name="NinjaOne - Help Content.Function Get-NinjaOneDeviceScriptingOptions.contains a description" status="Passed" classname="R:\Development\NinjaOne\Tests\NinjaOne.Help.Tests.ps1" assertions="0" time="0.003" />
    <testcase name="NinjaOne - Help Content.Function Get-NinjaOneDeviceScriptingOptions.contains a functionality" status="Passed" classname="R:\Development\NinjaOne\Tests\NinjaOne.Help.Tests.ps1" assertions="0" time="0.002" />
    <testcase name="NinjaOne - Help Content.Function Get-NinjaOneDeviceScriptingOptions.has at least one usage example" status="Passed" classname="R:\Development\NinjaOne\Tests\NinjaOne.Help.Tests.ps1" assertions="0" time="0.003" />
    <testcase name="NinjaOne - Help Content.Function Get-NinjaOneDeviceScriptingOptions.has a title for each example" status="Passed" classname="R:\Development\NinjaOne\Tests\NinjaOne.Help.Tests.ps1" assertions="0" time="0.002" />
    <testcase name="NinjaOne - Help Content.Function Get-NinjaOneDeviceScriptingOptions.has a title for each example" status="Passed" classname="R:\Development\NinjaOne\Tests\NinjaOne.Help.Tests.ps1" assertions="0" time="0.002" />
    <testcase name="NinjaOne - Help Content.Function Get-NinjaOneDeviceScriptingOptions.has a title for each example" status="Passed" classname="R:\Development\NinjaOne\Tests\NinjaOne.Help.Tests.ps1" assertions="0" time="0.007" />
    <testcase name="NinjaOne - Help Content.Function Get-NinjaOneDeviceScriptingOptions.has a description for each example" status="Passed" classname="R:\Development\NinjaOne\Tests\NinjaOne.Help.Tests.ps1" assertions="0" time="0.020" />
    <testcase name="NinjaOne - Help Content.Function Get-NinjaOneDeviceScriptingOptions.has a description for each example" status="Passed" classname="R:\Development\NinjaOne\Tests\NinjaOne.Help.Tests.ps1" assertions="0" time="0.004" />
    <testcase name="NinjaOne - Help Content.Function Get-NinjaOneDeviceScriptingOptions.has a description for each example" status="Passed" classname="R:\Development\NinjaOne\Tests\NinjaOne.Help.Tests.ps1" assertions="0" time="0.013" />
    <testcase name="NinjaOne - Help Content.Function Get-NinjaOneDeviceSoftwarePatches.has help content" status="Passed" classname="R:\Development\NinjaOne\Tests\NinjaOne.Help.Tests.ps1" assertions="0" time="0.004" />
    <testcase name="NinjaOne - Help Content.Function Get-NinjaOneDeviceSoftwarePatches.contains a synopsis" status="Passed" classname="R:\Development\NinjaOne\Tests\NinjaOne.Help.Tests.ps1" assertions="0" time="0.003" />
    <testcase name="NinjaOne - Help Content.Function Get-NinjaOneDeviceSoftwarePatches.contains a description" status="Passed" classname="R:\Development\NinjaOne\Tests\NinjaOne.Help.Tests.ps1" assertions="0" time="0.003" />
    <testcase name="NinjaOne - Help Content.Function Get-NinjaOneDeviceSoftwarePatches.contains a functionality" status="Passed" classname="R:\Development\NinjaOne\Tests\NinjaOne.Help.Tests.ps1" assertions="0" time="0.002" />
    <testcase name="NinjaOne - Help Content.Function Get-NinjaOneDeviceSoftwarePatches.has at least one usage example" status="Passed" classname="R:\Development\NinjaOne\Tests\NinjaOne.Help.Tests.ps1" assertions="0" time="0.003" />
    <testcase name="NinjaOne - Help Content.Function Get-NinjaOneDeviceSoftwarePatches.has a title for each example" status="Passed" classname="R:\Development\NinjaOne\Tests\NinjaOne.Help.Tests.ps1" assertions="0" time="0.003" />
    <testcase name="NinjaOne - Help Content.Function Get-NinjaOneDeviceSoftwarePatches.has a title for each example" status="Passed" classname="R:\Development\NinjaOne\Tests\NinjaOne.Help.Tests.ps1" assertions="0" time="0.003" />
    <testcase name="NinjaOne - Help Content.Function Get-NinjaOneDeviceSoftwarePatches.has a description for each example" status="Passed" classname="R:\Development\NinjaOne\Tests\NinjaOne.Help.Tests.ps1" assertions="0" time="0.003" />
    <testcase name="NinjaOne - Help Content.Function Get-NinjaOneDeviceSoftwarePatches.has a description for each example" status="Passed" classname="R:\Development\NinjaOne\Tests\NinjaOne.Help.Tests.ps1" assertions="0" time="0.002" />
    <testcase name="NinjaOne - Help Content.Function Get-NinjaOneDeviceSoftwarePatchInstalls.has help content" status="Passed" classname="R:\Development\NinjaOne\Tests\NinjaOne.Help.Tests.ps1" assertions="0" time="0.003" />
    <testcase name="NinjaOne - Help Content.Function Get-NinjaOneDeviceSoftwarePatchInstalls.contains a synopsis" status="Passed" classname="R:\Development\NinjaOne\Tests\NinjaOne.Help.Tests.ps1" assertions="0" time="0.002" />
    <testcase name="NinjaOne - Help Content.Function Get-NinjaOneDeviceSoftwarePatchInstalls.contains a description" status="Passed" classname="R:\Development\NinjaOne\Tests\NinjaOne.Help.Tests.ps1" assertions="0" time="0.002" />
    <testcase name="NinjaOne - Help Content.Function Get-NinjaOneDeviceSoftwarePatchInstalls.contains a functionality" status="Passed" classname="R:\Development\NinjaOne\Tests\NinjaOne.Help.Tests.ps1" assertions="0" time="0.002" />
    <testcase name="NinjaOne - Help Content.Function Get-NinjaOneDeviceSoftwarePatchInstalls.has at least one usage example" status="Passed" classname="R:\Development\NinjaOne\Tests\NinjaOne.Help.Tests.ps1" assertions="0" time="0.003" />
    <testcase name="NinjaOne - Help Content.Function Get-NinjaOneDeviceSoftwarePatchInstalls.has a title for each example" status="Passed" classname="R:\Development\NinjaOne\Tests\NinjaOne.Help.Tests.ps1" assertions="0" time="0.002" />
    <testcase name="NinjaOne - Help Content.Function Get-NinjaOneDeviceSoftwarePatchInstalls.has a title for each example" status="Passed" classname="R:\Development\NinjaOne\Tests\NinjaOne.Help.Tests.ps1" assertions="0" time="0.002" />
    <testcase name="NinjaOne - Help Content.Function Get-NinjaOneDeviceSoftwarePatchInstalls.has a description for each example" status="Passed" classname="R:\Development\NinjaOne\Tests\NinjaOne.Help.Tests.ps1" assertions="0" time="0.008" />
    <testcase name="NinjaOne - Help Content.Function Get-NinjaOneDeviceSoftwarePatchInstalls.has a description for each example" status="Passed" classname="R:\Development\NinjaOne\Tests\NinjaOne.Help.Tests.ps1" assertions="0" time="0.002" />
    <testcase name="NinjaOne - Help Content.Function Get-NinjaOneDeviceVolumes.has help content" status="Passed" classname="R:\Development\NinjaOne\Tests\NinjaOne.Help.Tests.ps1" assertions="0" time="0.004" />
    <testcase name="NinjaOne - Help Content.Function Get-NinjaOneDeviceVolumes.contains a synopsis" status="Passed" classname="R:\Development\NinjaOne\Tests\NinjaOne.Help.Tests.ps1" assertions="0" time="0.003" />
    <testcase name="NinjaOne - Help Content.Function Get-NinjaOneDeviceVolumes.contains a description" status="Passed" classname="R:\Development\NinjaOne\Tests\NinjaOne.Help.Tests.ps1" assertions="0" time="0.003" />
    <testcase name="NinjaOne - Help Content.Function Get-NinjaOneDeviceVolumes.contains a functionality" status="Passed" classname="R:\Development\NinjaOne\Tests\NinjaOne.Help.Tests.ps1" assertions="0" time="0.002" />
    <testcase name="NinjaOne - Help Content.Function Get-NinjaOneDeviceVolumes.has at least one usage example" status="Passed" classname="R:\Development\NinjaOne\Tests\NinjaOne.Help.Tests.ps1" assertions="0" time="0.003" />
    <testcase name="NinjaOne - Help Content.Function Get-NinjaOneDeviceVolumes.has a title for each example" status="Passed" classname="R:\Development\NinjaOne\Tests\NinjaOne.Help.Tests.ps1" assertions="0" time="0.002" />
    <testcase name="NinjaOne - Help Content.Function Get-NinjaOneDeviceVolumes.has a title for each example" status="Passed" classname="R:\Development\NinjaOne\Tests\NinjaOne.Help.Tests.ps1" assertions="0" time="0.003" />
    <testcase name="NinjaOne - Help Content.Function Get-NinjaOneDeviceVolumes.has a description for each example" status="Passed" classname="R:\Development\NinjaOne\Tests\NinjaOne.Help.Tests.ps1" assertions="0" time="0.003" />
    <testcase name="NinjaOne - Help Content.Function Get-NinjaOneDeviceVolumes.has a description for each example" status="Passed" classname="R:\Development\NinjaOne\Tests\NinjaOne.Help.Tests.ps1" assertions="0" time="0.004" />
    <testcase name="NinjaOne - Help Content.Function Get-NinjaOneDeviceWindowsServices.has help content" status="Passed" classname="R:\Development\NinjaOne\Tests\NinjaOne.Help.Tests.ps1" assertions="0" time="0.003" />
    <testcase name="NinjaOne - Help Content.Function Get-NinjaOneDeviceWindowsServices.contains a synopsis" status="Passed" classname="R:\Development\NinjaOne\Tests\NinjaOne.Help.Tests.ps1" assertions="0" time="0.003" />
    <testcase name="NinjaOne - Help Content.Function Get-NinjaOneDeviceWindowsServices.contains a description" status="Passed" classname="R:\Development\NinjaOne\Tests\NinjaOne.Help.Tests.ps1" assertions="0" time="0.002" />
    <testcase name="NinjaOne - Help Content.Function Get-NinjaOneDeviceWindowsServices.contains a functionality" status="Passed" classname="R:\Development\NinjaOne\Tests\NinjaOne.Help.Tests.ps1" assertions="0" time="0.002" />
    <testcase name="NinjaOne - Help Content.Function Get-NinjaOneDeviceWindowsServices.has at least one usage example" status="Passed" classname="R:\Development\NinjaOne\Tests\NinjaOne.Help.Tests.ps1" assertions="0" time="0.003" />
    <testcase name="NinjaOne - Help Content.Function Get-NinjaOneDeviceWindowsServices.has a title for each example" status="Passed" classname="R:\Development\NinjaOne\Tests\NinjaOne.Help.Tests.ps1" assertions="0" time="0.003" />
    <testcase name="NinjaOne - Help Content.Function Get-NinjaOneDeviceWindowsServices.has a title for each example" status="Passed" classname="R:\Development\NinjaOne\Tests\NinjaOne.Help.Tests.ps1" assertions="0" time="0.002" />
    <testcase name="NinjaOne - Help Content.Function Get-NinjaOneDeviceWindowsServices.has a title for each example" status="Passed" classname="R:\Development\NinjaOne\Tests\NinjaOne.Help.Tests.ps1" assertions="0" time="0.002" />
    <testcase name="NinjaOne - Help Content.Function Get-NinjaOneDeviceWindowsServices.has a description for each example" status="Passed" classname="R:\Development\NinjaOne\Tests\NinjaOne.Help.Tests.ps1" assertions="0" time="0.002" />
    <testcase name="NinjaOne - Help Content.Function Get-NinjaOneDeviceWindowsServices.has a description for each example" status="Passed" classname="R:\Development\NinjaOne\Tests\NinjaOne.Help.Tests.ps1" assertions="0" time="0.006" />
    <testcase name="NinjaOne - Help Content.Function Get-NinjaOneDeviceWindowsServices.has a description for each example" status="Passed" classname="R:\Development\NinjaOne\Tests\NinjaOne.Help.Tests.ps1" assertions="0" time="0.003" />
    <testcase name="NinjaOne - Help Content.Function Get-NinjaOneDisks.has help content" status="Passed" classname="R:\Development\NinjaOne\Tests\NinjaOne.Help.Tests.ps1" assertions="0" time="0.004" />
    <testcase name="NinjaOne - Help Content.Function Get-NinjaOneDisks.contains a synopsis" status="Passed" classname="R:\Development\NinjaOne\Tests\NinjaOne.Help.Tests.ps1" assertions="0" time="0.002" />
    <testcase name="NinjaOne - Help Content.Function Get-NinjaOneDisks.contains a description" status="Passed" classname="R:\Development\NinjaOne\Tests\NinjaOne.Help.Tests.ps1" assertions="0" time="0.002" />
    <testcase name="NinjaOne - Help Content.Function Get-NinjaOneDisks.contains a functionality" status="Passed" classname="R:\Development\NinjaOne\Tests\NinjaOne.Help.Tests.ps1" assertions="0" time="0.003" />
    <testcase name="NinjaOne - Help Content.Function Get-NinjaOneDisks.has at least one usage example" status="Passed" classname="R:\Development\NinjaOne\Tests\NinjaOne.Help.Tests.ps1" assertions="0" time="0.003" />
    <testcase name="NinjaOne - Help Content.Function Get-NinjaOneDisks.has a title for each example" status="Passed" classname="R:\Development\NinjaOne\Tests\NinjaOne.Help.Tests.ps1" assertions="0" time="0.003" />
    <testcase name="NinjaOne - Help Content.Function Get-NinjaOneDisks.has a title for each example" status="Passed" classname="R:\Development\NinjaOne\Tests\NinjaOne.Help.Tests.ps1" assertions="0" time="0.004" />
    <testcase name="NinjaOne - Help Content.Function Get-NinjaOneDisks.has a title for each example" status="Passed" classname="R:\Development\NinjaOne\Tests\NinjaOne.Help.Tests.ps1" assertions="0" time="0.002" />
    <testcase name="NinjaOne - Help Content.Function Get-NinjaOneDisks.has a description for each example" status="Passed" classname="R:\Development\NinjaOne\Tests\NinjaOne.Help.Tests.ps1" assertions="0" time="0.002" />
    <testcase name="NinjaOne - Help Content.Function Get-NinjaOneDisks.has a description for each example" status="Passed" classname="R:\Development\NinjaOne\Tests\NinjaOne.Help.Tests.ps1" assertions="0" time="0.002" />
    <testcase name="NinjaOne - Help Content.Function Get-NinjaOneDisks.has a description for each example" status="Passed" classname="R:\Development\NinjaOne\Tests\NinjaOne.Help.Tests.ps1" assertions="0" time="0.002" />
    <testcase name="NinjaOne - Help Content.Function Get-NinjaOneDocumentTemplates.has help content" status="Passed" classname="R:\Development\NinjaOne\Tests\NinjaOne.Help.Tests.ps1" assertions="0" time="0.004" />
    <testcase name="NinjaOne - Help Content.Function Get-NinjaOneDocumentTemplates.contains a synopsis" status="Passed" classname="R:\Development\NinjaOne\Tests\NinjaOne.Help.Tests.ps1" assertions="0" time="0.003" />
    <testcase name="NinjaOne - Help Content.Function Get-NinjaOneDocumentTemplates.contains a description" status="Passed" classname="R:\Development\NinjaOne\Tests\NinjaOne.Help.Tests.ps1" assertions="0" time="0.002" />
    <testcase name="NinjaOne - Help Content.Function Get-NinjaOneDocumentTemplates.contains a functionality" status="Passed" classname="R:\Development\NinjaOne\Tests\NinjaOne.Help.Tests.ps1" assertions="0" time="0.002" />
    <testcase name="NinjaOne - Help Content.Function Get-NinjaOneDocumentTemplates.has at least one usage example" status="Passed" classname="R:\Development\NinjaOne\Tests\NinjaOne.Help.Tests.ps1" assertions="0" time="0.003" />
    <testcase name="NinjaOne - Help Content.Function Get-NinjaOneDocumentTemplates.has a title for each example" status="Passed" classname="R:\Development\NinjaOne\Tests\NinjaOne.Help.Tests.ps1" assertions="0" time="0.008" />
    <testcase name="NinjaOne - Help Content.Function Get-NinjaOneDocumentTemplates.has a title for each example" status="Passed" classname="R:\Development\NinjaOne\Tests\NinjaOne.Help.Tests.ps1" assertions="0" time="0.003" />
    <testcase name="NinjaOne - Help Content.Function Get-NinjaOneDocumentTemplates.has a description for each example" status="Passed" classname="R:\Development\NinjaOne\Tests\NinjaOne.Help.Tests.ps1" assertions="0" time="0.002" />
    <testcase name="NinjaOne - Help Content.Function Get-NinjaOneDocumentTemplates.has a description for each example" status="Passed" classname="R:\Development\NinjaOne\Tests\NinjaOne.Help.Tests.ps1" assertions="0" time="0.002" />
    <testcase name="NinjaOne - Help Content.Function Get-NinjaOneGroupMembers.has help content" status="Passed" classname="R:\Development\NinjaOne\Tests\NinjaOne.Help.Tests.ps1" assertions="0" time="0.003" />
    <testcase name="NinjaOne - Help Content.Function Get-NinjaOneGroupMembers.contains a synopsis" status="Passed" classname="R:\Development\NinjaOne\Tests\NinjaOne.Help.Tests.ps1" assertions="0" time="0.003" />
    <testcase name="NinjaOne - Help Content.Function Get-NinjaOneGroupMembers.contains a description" status="Passed" classname="R:\Development\NinjaOne\Tests\NinjaOne.Help.Tests.ps1" assertions="0" time="0.003" />
    <testcase name="NinjaOne - Help Content.Function Get-NinjaOneGroupMembers.contains a functionality" status="Passed" classname="R:\Development\NinjaOne\Tests\NinjaOne.Help.Tests.ps1" assertions="0" time="0.003" />
    <testcase name="NinjaOne - Help Content.Function Get-NinjaOneGroupMembers.has at least one usage example" status="Passed" classname="R:\Development\NinjaOne\Tests\NinjaOne.Help.Tests.ps1" assertions="0" time="0.004" />
    <testcase name="NinjaOne - Help Content.Function Get-NinjaOneGroupMembers.has a title for each example" status="Passed" classname="R:\Development\NinjaOne\Tests\NinjaOne.Help.Tests.ps1" assertions="0" time="0.002" />
    <testcase name="NinjaOne - Help Content.Function Get-NinjaOneGroupMembers.has a description for each example" status="Passed" classname="R:\Development\NinjaOne\Tests\NinjaOne.Help.Tests.ps1" assertions="0" time="0.002" />
    <testcase name="NinjaOne - Help Content.Function Get-NinjaOneGroups.has help content" status="Passed" classname="R:\Development\NinjaOne\Tests\NinjaOne.Help.Tests.ps1" assertions="0" time="0.004" />
    <testcase name="NinjaOne - Help Content.Function Get-NinjaOneGroups.contains a synopsis" status="Passed" classname="R:\Development\NinjaOne\Tests\NinjaOne.Help.Tests.ps1" assertions="0" time="0.003" />
    <testcase name="NinjaOne - Help Content.Function Get-NinjaOneGroups.contains a description" status="Passed" classname="R:\Development\NinjaOne\Tests\NinjaOne.Help.Tests.ps1" assertions="0" time="0.002" />
    <testcase name="NinjaOne - Help Content.Function Get-NinjaOneGroups.contains a functionality" status="Passed" classname="R:\Development\NinjaOne\Tests\NinjaOne.Help.Tests.ps1" assertions="0" time="0.002" />
    <testcase name="NinjaOne - Help Content.Function Get-NinjaOneGroups.has at least one usage example" status="Passed" classname="R:\Development\NinjaOne\Tests\NinjaOne.Help.Tests.ps1" assertions="0" time="0.004" />
    <testcase name="NinjaOne - Help Content.Function Get-NinjaOneGroups.has a title for each example" status="Passed" classname="R:\Development\NinjaOne\Tests\NinjaOne.Help.Tests.ps1" assertions="0" time="0.003" />
    <testcase name="NinjaOne - Help Content.Function Get-NinjaOneGroups.has a description for each example" status="Passed" classname="R:\Development\NinjaOne\Tests\NinjaOne.Help.Tests.ps1" assertions="0" time="0.003" />
    <testcase name="NinjaOne - Help Content.Function Get-NinjaOneInstaller.has help content" status="Passed" classname="R:\Development\NinjaOne\Tests\NinjaOne.Help.Tests.ps1" assertions="0" time="0.004" />
    <testcase name="NinjaOne - Help Content.Function Get-NinjaOneInstaller.contains a synopsis" status="Passed" classname="R:\Development\NinjaOne\Tests\NinjaOne.Help.Tests.ps1" assertions="0" time="0.004" />
    <testcase name="NinjaOne - Help Content.Function Get-NinjaOneInstaller.contains a description" status="Passed" classname="R:\Development\NinjaOne\Tests\NinjaOne.Help.Tests.ps1" assertions="0" time="0.003" />
    <testcase name="NinjaOne - Help Content.Function Get-NinjaOneInstaller.contains a functionality" status="Passed" classname="R:\Development\NinjaOne\Tests\NinjaOne.Help.Tests.ps1" assertions="0" time="0.003" />
    <testcase name="NinjaOne - Help Content.Function Get-NinjaOneInstaller.has at least one usage example" status="Passed" classname="R:\Development\NinjaOne\Tests\NinjaOne.Help.Tests.ps1" assertions="0" time="0.003" />
    <testcase name="NinjaOne - Help Content.Function Get-NinjaOneInstaller.has a title for each example" status="Passed" classname="R:\Development\NinjaOne\Tests\NinjaOne.Help.Tests.ps1" assertions="0" time="0.002" />
    <testcase name="NinjaOne - Help Content.Function Get-NinjaOneInstaller.has a title for each example" status="Passed" classname="R:\Development\NinjaOne\Tests\NinjaOne.Help.Tests.ps1" assertions="0" time="0.003" />
    <testcase name="NinjaOne - Help Content.Function Get-NinjaOneInstaller.has a description for each example" status="Passed" classname="R:\Development\NinjaOne\Tests\NinjaOne.Help.Tests.ps1" assertions="0" time="0.004" />
    <testcase name="NinjaOne - Help Content.Function Get-NinjaOneInstaller.has a description for each example" status="Passed" classname="R:\Development\NinjaOne\Tests\NinjaOne.Help.Tests.ps1" assertions="0" time="0.003" />
    <testcase name="NinjaOne - Help Content.Function Get-NinjaOneJobs.has help content" status="Passed" classname="R:\Development\NinjaOne\Tests\NinjaOne.Help.Tests.ps1" assertions="0" time="0.003" />
    <testcase name="NinjaOne - Help Content.Function Get-NinjaOneJobs.contains a synopsis" status="Passed" classname="R:\Development\NinjaOne\Tests\NinjaOne.Help.Tests.ps1" assertions="0" time="0.002" />
    <testcase name="NinjaOne - Help Content.Function Get-NinjaOneJobs.contains a description" status="Passed" classname="R:\Development\NinjaOne\Tests\NinjaOne.Help.Tests.ps1" assertions="0" time="0.002" />
    <testcase name="NinjaOne - Help Content.Function Get-NinjaOneJobs.contains a functionality" status="Passed" classname="R:\Development\NinjaOne\Tests\NinjaOne.Help.Tests.ps1" assertions="0" time="0.003" />
    <testcase name="NinjaOne - Help Content.Function Get-NinjaOneJobs.has at least one usage example" status="Passed" classname="R:\Development\NinjaOne\Tests\NinjaOne.Help.Tests.ps1" assertions="0" time="0.004" />
    <testcase name="NinjaOne - Help Content.Function Get-NinjaOneJobs.has a title for each example" status="Passed" classname="R:\Development\NinjaOne\Tests\NinjaOne.Help.Tests.ps1" assertions="0" time="0.003" />
    <testcase name="NinjaOne - Help Content.Function Get-NinjaOneJobs.has a title for each example" status="Passed" classname="R:\Development\NinjaOne\Tests\NinjaOne.Help.Tests.ps1" assertions="0" time="0.002" />
    <testcase name="NinjaOne - Help Content.Function Get-NinjaOneJobs.has a title for each example" status="Passed" classname="R:\Development\NinjaOne\Tests\NinjaOne.Help.Tests.ps1" assertions="0" time="0.002" />
    <testcase name="NinjaOne - Help Content.Function Get-NinjaOneJobs.has a title for each example" status="Passed" classname="R:\Development\NinjaOne\Tests\NinjaOne.Help.Tests.ps1" assertions="0" time="0.002" />
    <testcase name="NinjaOne - Help Content.Function Get-NinjaOneJobs.has a description for each example" status="Passed" classname="R:\Development\NinjaOne\Tests\NinjaOne.Help.Tests.ps1" assertions="0" time="0.003" />
    <testcase name="NinjaOne - Help Content.Function Get-NinjaOneJobs.has a description for each example" status="Passed" classname="R:\Development\NinjaOne\Tests\NinjaOne.Help.Tests.ps1" assertions="0" time="0.008" />
    <testcase name="NinjaOne - Help Content.Function Get-NinjaOneJobs.has a description for each example" status="Passed" classname="R:\Development\NinjaOne\Tests\NinjaOne.Help.Tests.ps1" assertions="0" time="0.003" />
    <testcase name="NinjaOne - Help Content.Function Get-NinjaOneJobs.has a description for each example" status="Passed" classname="R:\Development\NinjaOne\Tests\NinjaOne.Help.Tests.ps1" assertions="0" time="0.003" />
    <testcase name="NinjaOne - Help Content.Function Get-NinjaOneLocationBackupUsage.has help content" status="Passed" classname="R:\Development\NinjaOne\Tests\NinjaOne.Help.Tests.ps1" assertions="0" time="0.004" />
    <testcase name="NinjaOne - Help Content.Function Get-NinjaOneLocationBackupUsage.contains a synopsis" status="Passed" classname="R:\Development\NinjaOne\Tests\NinjaOne.Help.Tests.ps1" assertions="0" time="0.003" />
    <testcase name="NinjaOne - Help Content.Function Get-NinjaOneLocationBackupUsage.contains a description" status="Passed" classname="R:\Development\NinjaOne\Tests\NinjaOne.Help.Tests.ps1" assertions="0" time="0.003" />
    <testcase name="NinjaOne - Help Content.Function Get-NinjaOneLocationBackupUsage.contains a functionality" status="Passed" classname="R:\Development\NinjaOne\Tests\NinjaOne.Help.Tests.ps1" assertions="0" time="0.004" />
    <testcase name="NinjaOne - Help Content.Function Get-NinjaOneLocationBackupUsage.has at least one usage example" status="Passed" classname="R:\Development\NinjaOne\Tests\NinjaOne.Help.Tests.ps1" assertions="0" time="0.004" />
    <testcase name="NinjaOne - Help Content.Function Get-NinjaOneLocationBackupUsage.has a title for each example" status="Passed" classname="R:\Development\NinjaOne\Tests\NinjaOne.Help.Tests.ps1" assertions="0" time="0.003" />
    <testcase name="NinjaOne - Help Content.Function Get-NinjaOneLocationBackupUsage.has a title for each example" status="Passed" classname="R:\Development\NinjaOne\Tests\NinjaOne.Help.Tests.ps1" assertions="0" time="0.003" />
    <testcase name="NinjaOne - Help Content.Function Get-NinjaOneLocationBackupUsage.has a description for each example" status="Passed" classname="R:\Development\NinjaOne\Tests\NinjaOne.Help.Tests.ps1" assertions="0" time="0.004" />
    <testcase name="NinjaOne - Help Content.Function Get-NinjaOneLocationBackupUsage.has a description for each example" status="Passed" classname="R:\Development\NinjaOne\Tests\NinjaOne.Help.Tests.ps1" assertions="0" time="0.004" />
    <testcase name="NinjaOne - Help Content.Function Get-NinjaOneLocationCustomFields.has help content" status="Passed" classname="R:\Development\NinjaOne\Tests\NinjaOne.Help.Tests.ps1" assertions="0" time="0.006" />
    <testcase name="NinjaOne - Help Content.Function Get-NinjaOneLocationCustomFields.contains a synopsis" status="Passed" classname="R:\Development\NinjaOne\Tests\NinjaOne.Help.Tests.ps1" assertions="0" time="0.005" />
    <testcase name="NinjaOne - Help Content.Function Get-NinjaOneLocationCustomFields.contains a description" status="Passed" classname="R:\Development\NinjaOne\Tests\NinjaOne.Help.Tests.ps1" assertions="0" time="0.004" />
    <testcase name="NinjaOne - Help Content.Function Get-NinjaOneLocationCustomFields.contains a functionality" status="Passed" classname="R:\Development\NinjaOne\Tests\NinjaOne.Help.Tests.ps1" assertions="0" time="0.003" />
    <testcase name="NinjaOne - Help Content.Function Get-NinjaOneLocationCustomFields.has at least one usage example" status="Passed" classname="R:\Development\NinjaOne\Tests\NinjaOne.Help.Tests.ps1" assertions="0" time="0.008" />
    <testcase name="NinjaOne - Help Content.Function Get-NinjaOneLocationCustomFields.has a title for each example" status="Passed" classname="R:\Development\NinjaOne\Tests\NinjaOne.Help.Tests.ps1" assertions="0" time="0.004" />
    <testcase name="NinjaOne - Help Content.Function Get-NinjaOneLocationCustomFields.has a title for each example" status="Passed" classname="R:\Development\NinjaOne\Tests\NinjaOne.Help.Tests.ps1" assertions="0" time="0.003" />
    <testcase name="NinjaOne - Help Content.Function Get-NinjaOneLocationCustomFields.has a description for each example" status="Passed" classname="R:\Development\NinjaOne\Tests\NinjaOne.Help.Tests.ps1" assertions="0" time="0.003" />
    <testcase name="NinjaOne - Help Content.Function Get-NinjaOneLocationCustomFields.has a description for each example" status="Passed" classname="R:\Development\NinjaOne\Tests\NinjaOne.Help.Tests.ps1" assertions="0" time="0.009" />
    <testcase name="NinjaOne - Help Content.Function Get-NinjaOneLocations.has help content" status="Passed" classname="R:\Development\NinjaOne\Tests\NinjaOne.Help.Tests.ps1" assertions="0" time="0.003" />
    <testcase name="NinjaOne - Help Content.Function Get-NinjaOneLocations.contains a synopsis" status="Passed" classname="R:\Development\NinjaOne\Tests\NinjaOne.Help.Tests.ps1" assertions="0" time="0.002" />
    <testcase name="NinjaOne - Help Content.Function Get-NinjaOneLocations.contains a description" status="Passed" classname="R:\Development\NinjaOne\Tests\NinjaOne.Help.Tests.ps1" assertions="0" time="0.003" />
    <testcase name="NinjaOne - Help Content.Function Get-NinjaOneLocations.contains a functionality" status="Passed" classname="R:\Development\NinjaOne\Tests\NinjaOne.Help.Tests.ps1" assertions="0" time="0.004" />
    <testcase name="NinjaOne - Help Content.Function Get-NinjaOneLocations.has at least one usage example" status="Passed" classname="R:\Development\NinjaOne\Tests\NinjaOne.Help.Tests.ps1" assertions="0" time="0.005" />
    <testcase name="NinjaOne - Help Content.Function Get-NinjaOneLocations.has a title for each example" status="Passed" classname="R:\Development\NinjaOne\Tests\NinjaOne.Help.Tests.ps1" assertions="0" time="0.003" />
    <testcase name="NinjaOne - Help Content.Function Get-NinjaOneLocations.has a title for each example" status="Passed" classname="R:\Development\NinjaOne\Tests\NinjaOne.Help.Tests.ps1" assertions="0" time="0.002" />
    <testcase name="NinjaOne - Help Content.Function Get-NinjaOneLocations.has a title for each example" status="Passed" classname="R:\Development\NinjaOne\Tests\NinjaOne.Help.Tests.ps1" assertions="0" time="0.003" />
    <testcase name="NinjaOne - Help Content.Function Get-NinjaOneLocations.has a description for each example" status="Passed" classname="R:\Development\NinjaOne\Tests\NinjaOne.Help.Tests.ps1" assertions="0" time="0.002" />
    <testcase name="NinjaOne - Help Content.Function Get-NinjaOneLocations.has a description for each example" status="Passed" classname="R:\Development\NinjaOne\Tests\NinjaOne.Help.Tests.ps1" assertions="0" time="0.003" />
    <testcase name="NinjaOne - Help Content.Function Get-NinjaOneLocations.has a description for each example" status="Passed" classname="R:\Development\NinjaOne\Tests\NinjaOne.Help.Tests.ps1" assertions="0" time="0.002" />
    <testcase name="NinjaOne - Help Content.Function Get-NinjaOneLoggedOnUsers.has help content" status="Passed" classname="R:\Development\NinjaOne\Tests\NinjaOne.Help.Tests.ps1" assertions="0" time="0.003" />
    <testcase name="NinjaOne - Help Content.Function Get-NinjaOneLoggedOnUsers.contains a synopsis" status="Passed" classname="R:\Development\NinjaOne\Tests\NinjaOne.Help.Tests.ps1" assertions="0" time="0.002" />
    <testcase name="NinjaOne - Help Content.Function Get-NinjaOneLoggedOnUsers.contains a description" status="Passed" classname="R:\Development\NinjaOne\Tests\NinjaOne.Help.Tests.ps1" assertions="0" time="0.002" />
    <testcase name="NinjaOne - Help Content.Function Get-NinjaOneLoggedOnUsers.contains a functionality" status="Passed" classname="R:\Development\NinjaOne\Tests\NinjaOne.Help.Tests.ps1" assertions="0" time="0.003" />
    <testcase name="NinjaOne - Help Content.Function Get-NinjaOneLoggedOnUsers.has at least one usage example" status="Passed" classname="R:\Development\NinjaOne\Tests\NinjaOne.Help.Tests.ps1" assertions="0" time="0.003" />
    <testcase name="NinjaOne - Help Content.Function Get-NinjaOneLoggedOnUsers.has a title for each example" status="Passed" classname="R:\Development\NinjaOne\Tests\NinjaOne.Help.Tests.ps1" assertions="0" time="0.002" />
    <testcase name="NinjaOne - Help Content.Function Get-NinjaOneLoggedOnUsers.has a title for each example" status="Passed" classname="R:\Development\NinjaOne\Tests\NinjaOne.Help.Tests.ps1" assertions="0" time="0.002" />
    <testcase name="NinjaOne - Help Content.Function Get-NinjaOneLoggedOnUsers.has a description for each example" status="Passed" classname="R:\Development\NinjaOne\Tests\NinjaOne.Help.Tests.ps1" assertions="0" time="0.002" />
    <testcase name="NinjaOne - Help Content.Function Get-NinjaOneLoggedOnUsers.has a description for each example" status="Passed" classname="R:\Development\NinjaOne\Tests\NinjaOne.Help.Tests.ps1" assertions="0" time="0.005" />
    <testcase name="NinjaOne - Help Content.Function Get-NinjaOneNetworkInterfaces.has help content" status="Passed" classname="R:\Development\NinjaOne\Tests\NinjaOne.Help.Tests.ps1" assertions="0" time="0.003" />
    <testcase name="NinjaOne - Help Content.Function Get-NinjaOneNetworkInterfaces.contains a synopsis" status="Passed" classname="R:\Development\NinjaOne\Tests\NinjaOne.Help.Tests.ps1" assertions="0" time="0.003" />
    <testcase name="NinjaOne - Help Content.Function Get-NinjaOneNetworkInterfaces.contains a description" status="Passed" classname="R:\Development\NinjaOne\Tests\NinjaOne.Help.Tests.ps1" assertions="0" time="0.002" />
    <testcase name="NinjaOne - Help Content.Function Get-NinjaOneNetworkInterfaces.contains a functionality" status="Passed" classname="R:\Development\NinjaOne\Tests\NinjaOne.Help.Tests.ps1" assertions="0" time="0.002" />
    <testcase name="NinjaOne - Help Content.Function Get-NinjaOneNetworkInterfaces.has at least one usage example" status="Passed" classname="R:\Development\NinjaOne\Tests\NinjaOne.Help.Tests.ps1" assertions="0" time="0.003" />
    <testcase name="NinjaOne - Help Content.Function Get-NinjaOneNetworkInterfaces.has a title for each example" status="Passed" classname="R:\Development\NinjaOne\Tests\NinjaOne.Help.Tests.ps1" assertions="0" time="0.002" />
    <testcase name="NinjaOne - Help Content.Function Get-NinjaOneNetworkInterfaces.has a title for each example" status="Passed" classname="R:\Development\NinjaOne\Tests\NinjaOne.Help.Tests.ps1" assertions="0" time="0.002" />
    <testcase name="NinjaOne - Help Content.Function Get-NinjaOneNetworkInterfaces.has a description for each example" status="Passed" classname="R:\Development\NinjaOne\Tests\NinjaOne.Help.Tests.ps1" assertions="0" time="0.002" />
    <testcase name="NinjaOne - Help Content.Function Get-NinjaOneNetworkInterfaces.has a description for each example" status="Passed" classname="R:\Development\NinjaOne\Tests\NinjaOne.Help.Tests.ps1" assertions="0" time="0.002" />
    <testcase name="NinjaOne - Help Content.Function Get-NinjaOneOperatingSystems.has help content" status="Passed" classname="R:\Development\NinjaOne\Tests\NinjaOne.Help.Tests.ps1" assertions="0" time="0.003" />
    <testcase name="NinjaOne - Help Content.Function Get-NinjaOneOperatingSystems.contains a synopsis" status="Passed" classname="R:\Development\NinjaOne\Tests\NinjaOne.Help.Tests.ps1" assertions="0" time="0.002" />
    <testcase name="NinjaOne - Help Content.Function Get-NinjaOneOperatingSystems.contains a description" status="Passed" classname="R:\Development\NinjaOne\Tests\NinjaOne.Help.Tests.ps1" assertions="0" time="0.002" />
    <testcase name="NinjaOne - Help Content.Function Get-NinjaOneOperatingSystems.contains a functionality" status="Passed" classname="R:\Development\NinjaOne\Tests\NinjaOne.Help.Tests.ps1" assertions="0" time="0.002" />
    <testcase name="NinjaOne - Help Content.Function Get-NinjaOneOperatingSystems.has at least one usage example" status="Passed" classname="R:\Development\NinjaOne\Tests\NinjaOne.Help.Tests.ps1" assertions="0" time="0.003" />
    <testcase name="NinjaOne - Help Content.Function Get-NinjaOneOperatingSystems.has a title for each example" status="Passed" classname="R:\Development\NinjaOne\Tests\NinjaOne.Help.Tests.ps1" assertions="0" time="0.002" />
    <testcase name="NinjaOne - Help Content.Function Get-NinjaOneOperatingSystems.has a title for each example" status="Passed" classname="R:\Development\NinjaOne\Tests\NinjaOne.Help.Tests.ps1" assertions="0" time="0.002" />
    <testcase name="NinjaOne - Help Content.Function Get-NinjaOneOperatingSystems.has a title for each example" status="Passed" classname="R:\Development\NinjaOne\Tests\NinjaOne.Help.Tests.ps1" assertions="0" time="0.002" />
    <testcase name="NinjaOne - Help Content.Function Get-NinjaOneOperatingSystems.has a title for each example" status="Passed" classname="R:\Development\NinjaOne\Tests\NinjaOne.Help.Tests.ps1" assertions="0" time="0.003" />
    <testcase name="NinjaOne - Help Content.Function Get-NinjaOneOperatingSystems.has a description for each example" status="Passed" classname="R:\Development\NinjaOne\Tests\NinjaOne.Help.Tests.ps1" assertions="0" time="0.003" />
    <testcase name="NinjaOne - Help Content.Function Get-NinjaOneOperatingSystems.has a description for each example" status="Passed" classname="R:\Development\NinjaOne\Tests\NinjaOne.Help.Tests.ps1" assertions="0" time="0.007" />
    <testcase name="NinjaOne - Help Content.Function Get-NinjaOneOperatingSystems.has a description for each example" status="Passed" classname="R:\Development\NinjaOne\Tests\NinjaOne.Help.Tests.ps1" assertions="0" time="0.003" />
    <testcase name="NinjaOne - Help Content.Function Get-NinjaOneOperatingSystems.has a description for each example" status="Passed" classname="R:\Development\NinjaOne\Tests\NinjaOne.Help.Tests.ps1" assertions="0" time="0.005" />
    <testcase name="NinjaOne - Help Content.Function Get-NinjaOneOrganisationCustomFields.has help content" status="Passed" classname="R:\Development\NinjaOne\Tests\NinjaOne.Help.Tests.ps1" assertions="0" time="0.003" />
    <testcase name="NinjaOne - Help Content.Function Get-NinjaOneOrganisationCustomFields.contains a synopsis" status="Passed" classname="R:\Development\NinjaOne\Tests\NinjaOne.Help.Tests.ps1" assertions="0" time="0.002" />
    <testcase name="NinjaOne - Help Content.Function Get-NinjaOneOrganisationCustomFields.contains a description" status="Passed" classname="R:\Development\NinjaOne\Tests\NinjaOne.Help.Tests.ps1" assertions="0" time="0.002" />
    <testcase name="NinjaOne - Help Content.Function Get-NinjaOneOrganisationCustomFields.contains a functionality" status="Passed" classname="R:\Development\NinjaOne\Tests\NinjaOne.Help.Tests.ps1" assertions="0" time="0.002" />
    <testcase name="NinjaOne - Help Content.Function Get-NinjaOneOrganisationCustomFields.has at least one usage example" status="Passed" classname="R:\Development\NinjaOne\Tests\NinjaOne.Help.Tests.ps1" assertions="0" time="0.003" />
    <testcase name="NinjaOne - Help Content.Function Get-NinjaOneOrganisationCustomFields.has a title for each example" status="Passed" classname="R:\Development\NinjaOne\Tests\NinjaOne.Help.Tests.ps1" assertions="0" time="0.002" />
    <testcase name="NinjaOne - Help Content.Function Get-NinjaOneOrganisationCustomFields.has a description for each example" status="Passed" classname="R:\Development\NinjaOne\Tests\NinjaOne.Help.Tests.ps1" assertions="0" time="0.002" />
    <testcase name="NinjaOne - Help Content.Function Get-NinjaOneOrganisationDocuments.has help content" status="Passed" classname="R:\Development\NinjaOne\Tests\NinjaOne.Help.Tests.ps1" assertions="0" time="0.004" />
    <testcase name="NinjaOne - Help Content.Function Get-NinjaOneOrganisationDocuments.contains a synopsis" status="Passed" classname="R:\Development\NinjaOne\Tests\NinjaOne.Help.Tests.ps1" assertions="0" time="0.003" />
    <testcase name="NinjaOne - Help Content.Function Get-NinjaOneOrganisationDocuments.contains a description" status="Passed" classname="R:\Development\NinjaOne\Tests\NinjaOne.Help.Tests.ps1" assertions="0" time="0.002" />
    <testcase name="NinjaOne - Help Content.Function Get-NinjaOneOrganisationDocuments.contains a functionality" status="Passed" classname="R:\Development\NinjaOne\Tests\NinjaOne.Help.Tests.ps1" assertions="0" time="0.002" />
    <testcase name="NinjaOne - Help Content.Function Get-NinjaOneOrganisationDocuments.has at least one usage example" status="Passed" classname="R:\Development\NinjaOne\Tests\NinjaOne.Help.Tests.ps1" assertions="0" time="0.003" />
    <testcase name="NinjaOne - Help Content.Function Get-NinjaOneOrganisationDocuments.has a title for each example" status="Passed" classname="R:\Development\NinjaOne\Tests\NinjaOne.Help.Tests.ps1" assertions="0" time="0.002" />
    <testcase name="NinjaOne - Help Content.Function Get-NinjaOneOrganisationDocuments.has a description for each example" status="Passed" classname="R:\Development\NinjaOne\Tests\NinjaOne.Help.Tests.ps1" assertions="0" time="0.003" />
    <testcase name="NinjaOne - Help Content.Function Get-NinjaOneOrganisations.has help content" status="Passed" classname="R:\Development\NinjaOne\Tests\NinjaOne.Help.Tests.ps1" assertions="0" time="0.003" />
    <testcase name="NinjaOne - Help Content.Function Get-NinjaOneOrganisations.contains a synopsis" status="Passed" classname="R:\Development\NinjaOne\Tests\NinjaOne.Help.Tests.ps1" assertions="0" time="0.002" />
    <testcase name="NinjaOne - Help Content.Function Get-NinjaOneOrganisations.contains a description" status="Passed" classname="R:\Development\NinjaOne\Tests\NinjaOne.Help.Tests.ps1" assertions="0" time="0.002" />
    <testcase name="NinjaOne - Help Content.Function Get-NinjaOneOrganisations.contains a functionality" status="Passed" classname="R:\Development\NinjaOne\Tests\NinjaOne.Help.Tests.ps1" assertions="0" time="0.003" />
    <testcase name="NinjaOne - Help Content.Function Get-NinjaOneOrganisations.has at least one usage example" status="Passed" classname="R:\Development\NinjaOne\Tests\NinjaOne.Help.Tests.ps1" assertions="0" time="0.003" />
    <testcase name="NinjaOne - Help Content.Function Get-NinjaOneOrganisations.has a title for each example" status="Passed" classname="R:\Development\NinjaOne\Tests\NinjaOne.Help.Tests.ps1" assertions="0" time="0.014" />
    <testcase name="NinjaOne - Help Content.Function Get-NinjaOneOrganisations.has a title for each example" status="Passed" classname="R:\Development\NinjaOne\Tests\NinjaOne.Help.Tests.ps1" assertions="0" time="0.002" />
    <testcase name="NinjaOne - Help Content.Function Get-NinjaOneOrganisations.has a title for each example" status="Passed" classname="R:\Development\NinjaOne\Tests\NinjaOne.Help.Tests.ps1" assertions="0" time="0.002" />
    <testcase name="NinjaOne - Help Content.Function Get-NinjaOneOrganisations.has a title for each example" status="Passed" classname="R:\Development\NinjaOne\Tests\NinjaOne.Help.Tests.ps1" assertions="0" time="0.002" />
    <testcase name="NinjaOne - Help Content.Function Get-NinjaOneOrganisations.has a description for each example" status="Passed" classname="R:\Development\NinjaOne\Tests\NinjaOne.Help.Tests.ps1" assertions="0" time="0.002" />
    <testcase name="NinjaOne - Help Content.Function Get-NinjaOneOrganisations.has a description for each example" status="Passed" classname="R:\Development\NinjaOne\Tests\NinjaOne.Help.Tests.ps1" assertions="0" time="0.003" />
    <testcase name="NinjaOne - Help Content.Function Get-NinjaOneOrganisations.has a description for each example" status="Passed" classname="R:\Development\NinjaOne\Tests\NinjaOne.Help.Tests.ps1" assertions="0" time="0.002" />
    <testcase name="NinjaOne - Help Content.Function Get-NinjaOneOrganisations.has a description for each example" status="Passed" classname="R:\Development\NinjaOne\Tests\NinjaOne.Help.Tests.ps1" assertions="0" time="0.002" />
    <testcase name="NinjaOne - Help Content.Function Get-NinjaOneOSPatches.has help content" status="Passed" classname="R:\Development\NinjaOne\Tests\NinjaOne.Help.Tests.ps1" assertions="0" time="0.003" />
    <testcase name="NinjaOne - Help Content.Function Get-NinjaOneOSPatches.contains a synopsis" status="Passed" classname="R:\Development\NinjaOne\Tests\NinjaOne.Help.Tests.ps1" assertions="0" time="0.002" />
    <testcase name="NinjaOne - Help Content.Function Get-NinjaOneOSPatches.contains a description" status="Passed" classname="R:\Development\NinjaOne\Tests\NinjaOne.Help.Tests.ps1" assertions="0" time="0.002" />
    <testcase name="NinjaOne - Help Content.Function Get-NinjaOneOSPatches.contains a functionality" status="Passed" classname="R:\Development\NinjaOne\Tests\NinjaOne.Help.Tests.ps1" assertions="0" time="0.002" />
    <testcase name="NinjaOne - Help Content.Function Get-NinjaOneOSPatches.has at least one usage example" status="Passed" classname="R:\Development\NinjaOne\Tests\NinjaOne.Help.Tests.ps1" assertions="0" time="0.003" />
    <testcase name="NinjaOne - Help Content.Function Get-NinjaOneOSPatches.has a title for each example" status="Passed" classname="R:\Development\NinjaOne\Tests\NinjaOne.Help.Tests.ps1" assertions="0" time="0.002" />
    <testcase name="NinjaOne - Help Content.Function Get-NinjaOneOSPatches.has a title for each example" status="Passed" classname="R:\Development\NinjaOne\Tests\NinjaOne.Help.Tests.ps1" assertions="0" time="0.003" />
    <testcase name="NinjaOne - Help Content.Function Get-NinjaOneOSPatches.has a title for each example" status="Passed" classname="R:\Development\NinjaOne\Tests\NinjaOne.Help.Tests.ps1" assertions="0" time="0.003" />
    <testcase name="NinjaOne - Help Content.Function Get-NinjaOneOSPatches.has a title for each example" status="Passed" classname="R:\Development\NinjaOne\Tests\NinjaOne.Help.Tests.ps1" assertions="0" time="0.003" />
    <testcase name="NinjaOne - Help Content.Function Get-NinjaOneOSPatches.has a title for each example" status="Passed" classname="R:\Development\NinjaOne\Tests\NinjaOne.Help.Tests.ps1" assertions="0" time="0.003" />
    <testcase name="NinjaOne - Help Content.Function Get-NinjaOneOSPatches.has a title for each example" status="Passed" classname="R:\Development\NinjaOne\Tests\NinjaOne.Help.Tests.ps1" assertions="0" time="0.002" />
    <testcase name="NinjaOne - Help Content.Function Get-NinjaOneOSPatches.has a description for each example" status="Passed" classname="R:\Development\NinjaOne\Tests\NinjaOne.Help.Tests.ps1" assertions="0" time="0.003" />
    <testcase name="NinjaOne - Help Content.Function Get-NinjaOneOSPatches.has a description for each example" status="Passed" classname="R:\Development\NinjaOne\Tests\NinjaOne.Help.Tests.ps1" assertions="0" time="0.003" />
    <testcase name="NinjaOne - Help Content.Function Get-NinjaOneOSPatches.has a description for each example" status="Passed" classname="R:\Development\NinjaOne\Tests\NinjaOne.Help.Tests.ps1" assertions="0" time="0.017" />
    <testcase name="NinjaOne - Help Content.Function Get-NinjaOneOSPatches.has a description for each example" status="Passed" classname="R:\Development\NinjaOne\Tests\NinjaOne.Help.Tests.ps1" assertions="0" time="0.004" />
    <testcase name="NinjaOne - Help Content.Function Get-NinjaOneOSPatches.has a description for each example" status="Passed" classname="R:\Development\NinjaOne\Tests\NinjaOne.Help.Tests.ps1" assertions="0" time="0.003" />
    <testcase name="NinjaOne - Help Content.Function Get-NinjaOneOSPatches.has a description for each example" status="Passed" classname="R:\Development\NinjaOne\Tests\NinjaOne.Help.Tests.ps1" assertions="0" time="0.003" />
    <testcase name="NinjaOne - Help Content.Function Get-NinjaOneOSPatchInstalls.has help content" status="Passed" classname="R:\Development\NinjaOne\Tests\NinjaOne.Help.Tests.ps1" assertions="0" time="0.004" />
    <testcase name="NinjaOne - Help Content.Function Get-NinjaOneOSPatchInstalls.contains a synopsis" status="Passed" classname="R:\Development\NinjaOne\Tests\NinjaOne.Help.Tests.ps1" assertions="0" time="0.003" />
    <testcase name="NinjaOne - Help Content.Function Get-NinjaOneOSPatchInstalls.contains a description" status="Passed" classname="R:\Development\NinjaOne\Tests\NinjaOne.Help.Tests.ps1" assertions="0" time="0.002" />
    <testcase name="NinjaOne - Help Content.Function Get-NinjaOneOSPatchInstalls.contains a functionality" status="Passed" classname="R:\Development\NinjaOne\Tests\NinjaOne.Help.Tests.ps1" assertions="0" time="0.002" />
    <testcase name="NinjaOne - Help Content.Function Get-NinjaOneOSPatchInstalls.has at least one usage example" status="Passed" classname="R:\Development\NinjaOne\Tests\NinjaOne.Help.Tests.ps1" assertions="0" time="0.003" />
    <testcase name="NinjaOne - Help Content.Function Get-NinjaOneOSPatchInstalls.has a title for each example" status="Passed" classname="R:\Development\NinjaOne\Tests\NinjaOne.Help.Tests.ps1" assertions="0" time="0.002" />
    <testcase name="NinjaOne - Help Content.Function Get-NinjaOneOSPatchInstalls.has a title for each example" status="Passed" classname="R:\Development\NinjaOne\Tests\NinjaOne.Help.Tests.ps1" assertions="0" time="0.002" />
    <testcase name="NinjaOne - Help Content.Function Get-NinjaOneOSPatchInstalls.has a title for each example" status="Passed" classname="R:\Development\NinjaOne\Tests\NinjaOne.Help.Tests.ps1" assertions="0" time="0.002" />
    <testcase name="NinjaOne - Help Content.Function Get-NinjaOneOSPatchInstalls.has a title for each example" status="Passed" classname="R:\Development\NinjaOne\Tests\NinjaOne.Help.Tests.ps1" assertions="0" time="0.002" />
    <testcase name="NinjaOne - Help Content.Function Get-NinjaOneOSPatchInstalls.has a title for each example" status="Passed" classname="R:\Development\NinjaOne\Tests\NinjaOne.Help.Tests.ps1" assertions="0" time="0.002" />
    <testcase name="NinjaOne - Help Content.Function Get-NinjaOneOSPatchInstalls.has a title for each example" status="Passed" classname="R:\Development\NinjaOne\Tests\NinjaOne.Help.Tests.ps1" assertions="0" time="0.002" />
    <testcase name="NinjaOne - Help Content.Function Get-NinjaOneOSPatchInstalls.has a title for each example" status="Passed" classname="R:\Development\NinjaOne\Tests\NinjaOne.Help.Tests.ps1" assertions="0" time="0.002" />
    <testcase name="NinjaOne - Help Content.Function Get-NinjaOneOSPatchInstalls.has a title for each example" status="Passed" classname="R:\Development\NinjaOne\Tests\NinjaOne.Help.Tests.ps1" assertions="0" time="0.002" />
    <testcase name="NinjaOne - Help Content.Function Get-NinjaOneOSPatchInstalls.has a description for each example" status="Passed" classname="R:\Development\NinjaOne\Tests\NinjaOne.Help.Tests.ps1" assertions="0" time="0.002" />
    <testcase name="NinjaOne - Help Content.Function Get-NinjaOneOSPatchInstalls.has a description for each example" status="Passed" classname="R:\Development\NinjaOne\Tests\NinjaOne.Help.Tests.ps1" assertions="0" time="0.002" />
    <testcase name="NinjaOne - Help Content.Function Get-NinjaOneOSPatchInstalls.has a description for each example" status="Passed" classname="R:\Development\NinjaOne\Tests\NinjaOne.Help.Tests.ps1" assertions="0" time="0.002" />
    <testcase name="NinjaOne - Help Content.Function Get-NinjaOneOSPatchInstalls.has a description for each example" status="Passed" classname="R:\Development\NinjaOne\Tests\NinjaOne.Help.Tests.ps1" assertions="0" time="0.002" />
    <testcase name="NinjaOne - Help Content.Function Get-NinjaOneOSPatchInstalls.has a description for each example" status="Passed" classname="R:\Development\NinjaOne\Tests\NinjaOne.Help.Tests.ps1" assertions="0" time="0.002" />
    <testcase name="NinjaOne - Help Content.Function Get-NinjaOneOSPatchInstalls.has a description for each example" status="Passed" classname="R:\Development\NinjaOne\Tests\NinjaOne.Help.Tests.ps1" assertions="0" time="0.007" />
    <testcase name="NinjaOne - Help Content.Function Get-NinjaOneOSPatchInstalls.has a description for each example" status="Passed" classname="R:\Development\NinjaOne\Tests\NinjaOne.Help.Tests.ps1" assertions="0" time="0.003" />
    <testcase name="NinjaOne - Help Content.Function Get-NinjaOneOSPatchInstalls.has a description for each example" status="Passed" classname="R:\Development\NinjaOne\Tests\NinjaOne.Help.Tests.ps1" assertions="0" time="0.002" />
    <testcase name="NinjaOne - Help Content.Function Get-NinjaOnePolicies.has help content" status="Passed" classname="R:\Development\NinjaOne\Tests\NinjaOne.Help.Tests.ps1" assertions="0" time="0.003" />
    <testcase name="NinjaOne - Help Content.Function Get-NinjaOnePolicies.contains a synopsis" status="Passed" classname="R:\Development\NinjaOne\Tests\NinjaOne.Help.Tests.ps1" assertions="0" time="0.003" />
    <testcase name="NinjaOne - Help Content.Function Get-NinjaOnePolicies.contains a description" status="Passed" classname="R:\Development\NinjaOne\Tests\NinjaOne.Help.Tests.ps1" assertions="0" time="0.002" />
    <testcase name="NinjaOne - Help Content.Function Get-NinjaOnePolicies.contains a functionality" status="Passed" classname="R:\Development\NinjaOne\Tests\NinjaOne.Help.Tests.ps1" assertions="0" time="0.002" />
    <testcase name="NinjaOne - Help Content.Function Get-NinjaOnePolicies.has at least one usage example" status="Passed" classname="R:\Development\NinjaOne\Tests\NinjaOne.Help.Tests.ps1" assertions="0" time="0.003" />
    <testcase name="NinjaOne - Help Content.Function Get-NinjaOnePolicies.has a title for each example" status="Passed" classname="R:\Development\NinjaOne\Tests\NinjaOne.Help.Tests.ps1" assertions="0" time="0.002" />
    <testcase name="NinjaOne - Help Content.Function Get-NinjaOnePolicies.has a description for each example" status="Passed" classname="R:\Development\NinjaOne\Tests\NinjaOne.Help.Tests.ps1" assertions="0" time="0.002" />
    <testcase name="NinjaOne - Help Content.Function Get-NinjaOnePolicyOverrides.has help content" status="Passed" classname="R:\Development\NinjaOne\Tests\NinjaOne.Help.Tests.ps1" assertions="0" time="0.003" />
    <testcase name="NinjaOne - Help Content.Function Get-NinjaOnePolicyOverrides.contains a synopsis" status="Passed" classname="R:\Development\NinjaOne\Tests\NinjaOne.Help.Tests.ps1" assertions="0" time="0.003" />
    <testcase name="NinjaOne - Help Content.Function Get-NinjaOnePolicyOverrides.contains a description" status="Passed" classname="R:\Development\NinjaOne\Tests\NinjaOne.Help.Tests.ps1" assertions="0" time="0.002" />
    <testcase name="NinjaOne - Help Content.Function Get-NinjaOnePolicyOverrides.contains a functionality" status="Passed" classname="R:\Development\NinjaOne\Tests\NinjaOne.Help.Tests.ps1" assertions="0" time="0.002" />
    <testcase name="NinjaOne - Help Content.Function Get-NinjaOnePolicyOverrides.has at least one usage example" status="Passed" classname="R:\Development\NinjaOne\Tests\NinjaOne.Help.Tests.ps1" assertions="0" time="0.003" />
    <testcase name="NinjaOne - Help Content.Function Get-NinjaOnePolicyOverrides.has a title for each example" status="Passed" classname="R:\Development\NinjaOne\Tests\NinjaOne.Help.Tests.ps1" assertions="0" time="0.002" />
    <testcase name="NinjaOne - Help Content.Function Get-NinjaOnePolicyOverrides.has a title for each example" status="Passed" classname="R:\Development\NinjaOne\Tests\NinjaOne.Help.Tests.ps1" assertions="0" time="0.003" />
    <testcase name="NinjaOne - Help Content.Function Get-NinjaOnePolicyOverrides.has a description for each example" status="Passed" classname="R:\Development\NinjaOne\Tests\NinjaOne.Help.Tests.ps1" assertions="0" time="0.003" />
    <testcase name="NinjaOne - Help Content.Function Get-NinjaOnePolicyOverrides.has a description for each example" status="Passed" classname="R:\Development\NinjaOne\Tests\NinjaOne.Help.Tests.ps1" assertions="0" time="0.002" />
    <testcase name="NinjaOne - Help Content.Function Get-NinjaOneProcessors.has help content" status="Passed" classname="R:\Development\NinjaOne\Tests\NinjaOne.Help.Tests.ps1" assertions="0" time="0.008" />
    <testcase name="NinjaOne - Help Content.Function Get-NinjaOneProcessors.contains a synopsis" status="Passed" classname="R:\Development\NinjaOne\Tests\NinjaOne.Help.Tests.ps1" assertions="0" time="0.002" />
    <testcase name="NinjaOne - Help Content.Function Get-NinjaOneProcessors.contains a description" status="Passed" classname="R:\Development\NinjaOne\Tests\NinjaOne.Help.Tests.ps1" assertions="0" time="0.002" />
    <testcase name="NinjaOne - Help Content.Function Get-NinjaOneProcessors.contains a functionality" status="Passed" classname="R:\Development\NinjaOne\Tests\NinjaOne.Help.Tests.ps1" assertions="0" time="0.002" />
    <testcase name="NinjaOne - Help Content.Function Get-NinjaOneProcessors.has at least one usage example" status="Passed" classname="R:\Development\NinjaOne\Tests\NinjaOne.Help.Tests.ps1" assertions="0" time="0.003" />
    <testcase name="NinjaOne - Help Content.Function Get-NinjaOneProcessors.has a title for each example" status="Passed" classname="R:\Development\NinjaOne\Tests\NinjaOne.Help.Tests.ps1" assertions="0" time="0.002" />
    <testcase name="NinjaOne - Help Content.Function Get-NinjaOneProcessors.has a title for each example" status="Passed" classname="R:\Development\NinjaOne\Tests\NinjaOne.Help.Tests.ps1" assertions="0" time="0.002" />
    <testcase name="NinjaOne - Help Content.Function Get-NinjaOneProcessors.has a title for each example" status="Passed" classname="R:\Development\NinjaOne\Tests\NinjaOne.Help.Tests.ps1" assertions="0" time="0.002" />
    <testcase name="NinjaOne - Help Content.Function Get-NinjaOneProcessors.has a description for each example" status="Passed" classname="R:\Development\NinjaOne\Tests\NinjaOne.Help.Tests.ps1" assertions="0" time="0.002" />
    <testcase name="NinjaOne - Help Content.Function Get-NinjaOneProcessors.has a description for each example" status="Passed" classname="R:\Development\NinjaOne\Tests\NinjaOne.Help.Tests.ps1" assertions="0" time="0.002" />
    <testcase name="NinjaOne - Help Content.Function Get-NinjaOneProcessors.has a description for each example" status="Passed" classname="R:\Development\NinjaOne\Tests\NinjaOne.Help.Tests.ps1" assertions="0" time="0.002" />
    <testcase name="NinjaOne - Help Content.Function Get-NinjaOneRAIDControllers.has help content" status="Passed" classname="R:\Development\NinjaOne\Tests\NinjaOne.Help.Tests.ps1" assertions="0" time="0.003" />
    <testcase name="NinjaOne - Help Content.Function Get-NinjaOneRAIDControllers.contains a synopsis" status="Passed" classname="R:\Development\NinjaOne\Tests\NinjaOne.Help.Tests.ps1" assertions="0" time="0.003" />
    <testcase name="NinjaOne - Help Content.Function Get-NinjaOneRAIDControllers.contains a description" status="Passed" classname="R:\Development\NinjaOne\Tests\NinjaOne.Help.Tests.ps1" assertions="0" time="0.003" />
    <testcase name="NinjaOne - Help Content.Function Get-NinjaOneRAIDControllers.contains a functionality" status="Passed" classname="R:\Development\NinjaOne\Tests\NinjaOne.Help.Tests.ps1" assertions="0" time="0.002" />
    <testcase name="NinjaOne - Help Content.Function Get-NinjaOneRAIDControllers.has at least one usage example" status="Passed" classname="R:\Development\NinjaOne\Tests\NinjaOne.Help.Tests.ps1" assertions="0" time="0.003" />
    <testcase name="NinjaOne - Help Content.Function Get-NinjaOneRAIDControllers.has a title for each example" status="Passed" classname="R:\Development\NinjaOne\Tests\NinjaOne.Help.Tests.ps1" assertions="0" time="0.002" />
    <testcase name="NinjaOne - Help Content.Function Get-NinjaOneRAIDControllers.has a title for each example" status="Passed" classname="R:\Development\NinjaOne\Tests\NinjaOne.Help.Tests.ps1" assertions="0" time="0.002" />
    <testcase name="NinjaOne - Help Content.Function Get-NinjaOneRAIDControllers.has a title for each example" status="Passed" classname="R:\Development\NinjaOne\Tests\NinjaOne.Help.Tests.ps1" assertions="0" time="0.002" />
    <testcase name="NinjaOne - Help Content.Function Get-NinjaOneRAIDControllers.has a description for each example" status="Passed" classname="R:\Development\NinjaOne\Tests\NinjaOne.Help.Tests.ps1" assertions="0" time="0.002" />
    <testcase name="NinjaOne - Help Content.Function Get-NinjaOneRAIDControllers.has a description for each example" status="Passed" classname="R:\Development\NinjaOne\Tests\NinjaOne.Help.Tests.ps1" assertions="0" time="0.002" />
    <testcase name="NinjaOne - Help Content.Function Get-NinjaOneRAIDControllers.has a description for each example" status="Passed" classname="R:\Development\NinjaOne\Tests\NinjaOne.Help.Tests.ps1" assertions="0" time="0.006" />
    <testcase name="NinjaOne - Help Content.Function Get-NinjaOneRAIDDrives.has help content" status="Passed" classname="R:\Development\NinjaOne\Tests\NinjaOne.Help.Tests.ps1" assertions="0" time="0.003" />
    <testcase name="NinjaOne - Help Content.Function Get-NinjaOneRAIDDrives.contains a synopsis" status="Passed" classname="R:\Development\NinjaOne\Tests\NinjaOne.Help.Tests.ps1" assertions="0" time="0.003" />
    <testcase name="NinjaOne - Help Content.Function Get-NinjaOneRAIDDrives.contains a description" status="Passed" classname="R:\Development\NinjaOne\Tests\NinjaOne.Help.Tests.ps1" assertions="0" time="0.003" />
    <testcase name="NinjaOne - Help Content.Function Get-NinjaOneRAIDDrives.contains a functionality" status="Passed" classname="R:\Development\NinjaOne\Tests\NinjaOne.Help.Tests.ps1" assertions="0" time="0.002" />
    <testcase name="NinjaOne - Help Content.Function Get-NinjaOneRAIDDrives.has at least one usage example" status="Passed" classname="R:\Development\NinjaOne\Tests\NinjaOne.Help.Tests.ps1" assertions="0" time="0.003" />
    <testcase name="NinjaOne - Help Content.Function Get-NinjaOneRAIDDrives.has a title for each example" status="Passed" classname="R:\Development\NinjaOne\Tests\NinjaOne.Help.Tests.ps1" assertions="0" time="0.002" />
    <testcase name="NinjaOne - Help Content.Function Get-NinjaOneRAIDDrives.has a title for each example" status="Passed" classname="R:\Development\NinjaOne\Tests\NinjaOne.Help.Tests.ps1" assertions="0" time="0.002" />
    <testcase name="NinjaOne - Help Content.Function Get-NinjaOneRAIDDrives.has a title for each example" status="Passed" classname="R:\Development\NinjaOne\Tests\NinjaOne.Help.Tests.ps1" assertions="0" time="0.003" />
    <testcase name="NinjaOne - Help Content.Function Get-NinjaOneRAIDDrives.has a description for each example" status="Passed" classname="R:\Development\NinjaOne\Tests\NinjaOne.Help.Tests.ps1" assertions="0" time="0.002" />
    <testcase name="NinjaOne - Help Content.Function Get-NinjaOneRAIDDrives.has a description for each example" status="Passed" classname="R:\Development\NinjaOne\Tests\NinjaOne.Help.Tests.ps1" assertions="0" time="0.002" />
    <testcase name="NinjaOne - Help Content.Function Get-NinjaOneRAIDDrives.has a description for each example" status="Passed" classname="R:\Development\NinjaOne\Tests\NinjaOne.Help.Tests.ps1" assertions="0" time="0.002" />
    <testcase name="NinjaOne - Help Content.Function Get-NinjaOneRelatedItems.has help content" status="Passed" classname="R:\Development\NinjaOne\Tests\NinjaOne.Help.Tests.ps1" assertions="0" time="0.003" />
    <testcase name="NinjaOne - Help Content.Function Get-NinjaOneRelatedItems.contains a synopsis" status="Passed" classname="R:\Development\NinjaOne\Tests\NinjaOne.Help.Tests.ps1" assertions="0" time="0.002" />
    <testcase name="NinjaOne - Help Content.Function Get-NinjaOneRelatedItems.contains a description" status="Passed" classname="R:\Development\NinjaOne\Tests\NinjaOne.Help.Tests.ps1" assertions="0" time="0.002" />
    <testcase name="NinjaOne - Help Content.Function Get-NinjaOneRelatedItems.contains a functionality" status="Passed" classname="R:\Development\NinjaOne\Tests\NinjaOne.Help.Tests.ps1" assertions="0" time="0.002" />
    <testcase name="NinjaOne - Help Content.Function Get-NinjaOneRelatedItems.has at least one usage example" status="Passed" classname="R:\Development\NinjaOne\Tests\NinjaOne.Help.Tests.ps1" assertions="0" time="0.003" />
    <testcase name="NinjaOne - Help Content.Function Get-NinjaOneRelatedItems.has a title for each example" status="Passed" classname="R:\Development\NinjaOne\Tests\NinjaOne.Help.Tests.ps1" assertions="0" time="0.002" />
    <testcase name="NinjaOne - Help Content.Function Get-NinjaOneRelatedItems.has a title for each example" status="Passed" classname="R:\Development\NinjaOne\Tests\NinjaOne.Help.Tests.ps1" assertions="0" time="0.002" />
    <testcase name="NinjaOne - Help Content.Function Get-NinjaOneRelatedItems.has a title for each example" status="Passed" classname="R:\Development\NinjaOne\Tests\NinjaOne.Help.Tests.ps1" assertions="0" time="0.002" />
    <testcase name="NinjaOne - Help Content.Function Get-NinjaOneRelatedItems.has a title for each example" status="Passed" classname="R:\Development\NinjaOne\Tests\NinjaOne.Help.Tests.ps1" assertions="0" time="0.005" />
    <testcase name="NinjaOne - Help Content.Function Get-NinjaOneRelatedItems.has a title for each example" status="Passed" classname="R:\Development\NinjaOne\Tests\NinjaOne.Help.Tests.ps1" assertions="0" time="0.002" />
    <testcase name="NinjaOne - Help Content.Function Get-NinjaOneRelatedItems.has a description for each example" status="Passed" classname="R:\Development\NinjaOne\Tests\NinjaOne.Help.Tests.ps1" assertions="0" time="0.002" />
    <testcase name="NinjaOne - Help Content.Function Get-NinjaOneRelatedItems.has a description for each example" status="Passed" classname="R:\Development\NinjaOne\Tests\NinjaOne.Help.Tests.ps1" assertions="0" time="0.002" />
    <testcase name="NinjaOne - Help Content.Function Get-NinjaOneRelatedItems.has a description for each example" status="Passed" classname="R:\Development\NinjaOne\Tests\NinjaOne.Help.Tests.ps1" assertions="0" time="0.002" />
    <testcase name="NinjaOne - Help Content.Function Get-NinjaOneRelatedItems.has a description for each example" status="Passed" classname="R:\Development\NinjaOne\Tests\NinjaOne.Help.Tests.ps1" assertions="0" time="0.002" />
    <testcase name="NinjaOne - Help Content.Function Get-NinjaOneRelatedItems.has a description for each example" status="Passed" classname="R:\Development\NinjaOne\Tests\NinjaOne.Help.Tests.ps1" assertions="0" time="0.002" />
    <testcase name="NinjaOne - Help Content.Function Get-NinjaOneRoles.has help content" status="Passed" classname="R:\Development\NinjaOne\Tests\NinjaOne.Help.Tests.ps1" assertions="0" time="0.004" />
    <testcase name="NinjaOne - Help Content.Function Get-NinjaOneRoles.contains a synopsis" status="Passed" classname="R:\Development\NinjaOne\Tests\NinjaOne.Help.Tests.ps1" assertions="0" time="0.002" />
    <testcase name="NinjaOne - Help Content.Function Get-NinjaOneRoles.contains a description" status="Passed" classname="R:\Development\NinjaOne\Tests\NinjaOne.Help.Tests.ps1" assertions="0" time="0.002" />
    <testcase name="NinjaOne - Help Content.Function Get-NinjaOneRoles.contains a functionality" status="Passed" classname="R:\Development\NinjaOne\Tests\NinjaOne.Help.Tests.ps1" assertions="0" time="0.002" />
    <testcase name="NinjaOne - Help Content.Function Get-NinjaOneRoles.has at least one usage example" status="Passed" classname="R:\Development\NinjaOne\Tests\NinjaOne.Help.Tests.ps1" assertions="0" time="0.003" />
    <testcase name="NinjaOne - Help Content.Function Get-NinjaOneRoles.has a title for each example" status="Passed" classname="R:\Development\NinjaOne\Tests\NinjaOne.Help.Tests.ps1" assertions="0" time="0.002" />
    <testcase name="NinjaOne - Help Content.Function Get-NinjaOneRoles.has a description for each example" status="Passed" classname="R:\Development\NinjaOne\Tests\NinjaOne.Help.Tests.ps1" assertions="0" time="0.002" />
    <testcase name="NinjaOne - Help Content.Function Get-NinjaOneSoftwareInventory.has help content" status="Passed" classname="R:\Development\NinjaOne\Tests\NinjaOne.Help.Tests.ps1" assertions="0" time="0.003" />
    <testcase name="NinjaOne - Help Content.Function Get-NinjaOneSoftwareInventory.contains a synopsis" status="Passed" classname="R:\Development\NinjaOne\Tests\NinjaOne.Help.Tests.ps1" assertions="0" time="0.002" />
    <testcase name="NinjaOne - Help Content.Function Get-NinjaOneSoftwareInventory.contains a description" status="Passed" classname="R:\Development\NinjaOne\Tests\NinjaOne.Help.Tests.ps1" assertions="0" time="0.002" />
    <testcase name="NinjaOne - Help Content.Function Get-NinjaOneSoftwareInventory.contains a functionality" status="Passed" classname="R:\Development\NinjaOne\Tests\NinjaOne.Help.Tests.ps1" assertions="0" time="0.002" />
    <testcase name="NinjaOne - Help Content.Function Get-NinjaOneSoftwareInventory.has at least one usage example" status="Passed" classname="R:\Development\NinjaOne\Tests\NinjaOne.Help.Tests.ps1" assertions="0" time="0.003" />
    <testcase name="NinjaOne - Help Content.Function Get-NinjaOneSoftwareInventory.has a title for each example" status="Passed" classname="R:\Development\NinjaOne\Tests\NinjaOne.Help.Tests.ps1" assertions="0" time="0.002" />
    <testcase name="NinjaOne - Help Content.Function Get-NinjaOneSoftwareInventory.has a title for each example" status="Passed" classname="R:\Development\NinjaOne\Tests\NinjaOne.Help.Tests.ps1" assertions="0" time="0.006" />
    <testcase name="NinjaOne - Help Content.Function Get-NinjaOneSoftwareInventory.has a title for each example" status="Passed" classname="R:\Development\NinjaOne\Tests\NinjaOne.Help.Tests.ps1" assertions="0" time="0.002" />
    <testcase name="NinjaOne - Help Content.Function Get-NinjaOneSoftwareInventory.has a title for each example" status="Passed" classname="R:\Development\NinjaOne\Tests\NinjaOne.Help.Tests.ps1" assertions="0" time="0.002" />
    <testcase name="NinjaOne - Help Content.Function Get-NinjaOneSoftwareInventory.has a title for each example" status="Passed" classname="R:\Development\NinjaOne\Tests\NinjaOne.Help.Tests.ps1" assertions="0" time="0.002" />
    <testcase name="NinjaOne - Help Content.Function Get-NinjaOneSoftwareInventory.has a title for each example" status="Passed" classname="R:\Development\NinjaOne\Tests\NinjaOne.Help.Tests.ps1" assertions="0" time="0.003" />
    <testcase name="NinjaOne - Help Content.Function Get-NinjaOneSoftwareInventory.has a description for each example" status="Passed" classname="R:\Development\NinjaOne\Tests\NinjaOne.Help.Tests.ps1" assertions="0" time="0.002" />
    <testcase name="NinjaOne - Help Content.Function Get-NinjaOneSoftwareInventory.has a description for each example" status="Passed" classname="R:\Development\NinjaOne\Tests\NinjaOne.Help.Tests.ps1" assertions="0" time="0.002" />
    <testcase name="NinjaOne - Help Content.Function Get-NinjaOneSoftwareInventory.has a description for each example" status="Passed" classname="R:\Development\NinjaOne\Tests\NinjaOne.Help.Tests.ps1" assertions="0" time="0.003" />
    <testcase name="NinjaOne - Help Content.Function Get-NinjaOneSoftwareInventory.has a description for each example" status="Passed" classname="R:\Development\NinjaOne\Tests\NinjaOne.Help.Tests.ps1" assertions="0" time="0.003" />
    <testcase name="NinjaOne - Help Content.Function Get-NinjaOneSoftwareInventory.has a description for each example" status="Passed" classname="R:\Development\NinjaOne\Tests\NinjaOne.Help.Tests.ps1" assertions="0" time="0.002" />
    <testcase name="NinjaOne - Help Content.Function Get-NinjaOneSoftwareInventory.has a description for each example" status="Passed" classname="R:\Development\NinjaOne\Tests\NinjaOne.Help.Tests.ps1" assertions="0" time="0.002" />
    <testcase name="NinjaOne - Help Content.Function Get-NinjaOneSoftwarePatches.has help content" status="Passed" classname="R:\Development\NinjaOne\Tests\NinjaOne.Help.Tests.ps1" assertions="0" time="0.003" />
    <testcase name="NinjaOne - Help Content.Function Get-NinjaOneSoftwarePatches.contains a synopsis" status="Passed" classname="R:\Development\NinjaOne\Tests\NinjaOne.Help.Tests.ps1" assertions="0" time="0.003" />
    <testcase name="NinjaOne - Help Content.Function Get-NinjaOneSoftwarePatches.contains a description" status="Passed" classname="R:\Development\NinjaOne\Tests\NinjaOne.Help.Tests.ps1" assertions="0" time="0.002" />
    <testcase name="NinjaOne - Help Content.Function Get-NinjaOneSoftwarePatches.contains a functionality" status="Passed" classname="R:\Development\NinjaOne\Tests\NinjaOne.Help.Tests.ps1" assertions="0" time="0.002" />
    <testcase name="NinjaOne - Help Content.Function Get-NinjaOneSoftwarePatches.has at least one usage example" status="Passed" classname="R:\Development\NinjaOne\Tests\NinjaOne.Help.Tests.ps1" assertions="0" time="0.003" />
    <testcase name="NinjaOne - Help Content.Function Get-NinjaOneSoftwarePatches.has a title for each example" status="Passed" classname="R:\Development\NinjaOne\Tests\NinjaOne.Help.Tests.ps1" assertions="0" time="0.002" />
    <testcase name="NinjaOne - Help Content.Function Get-NinjaOneSoftwarePatches.has a title for each example" status="Passed" classname="R:\Development\NinjaOne\Tests\NinjaOne.Help.Tests.ps1" assertions="0" time="0.002" />
    <testcase name="NinjaOne - Help Content.Function Get-NinjaOneSoftwarePatches.has a title for each example" status="Passed" classname="R:\Development\NinjaOne\Tests\NinjaOne.Help.Tests.ps1" assertions="0" time="0.003" />
    <testcase name="NinjaOne - Help Content.Function Get-NinjaOneSoftwarePatches.has a title for each example" status="Passed" classname="R:\Development\NinjaOne\Tests\NinjaOne.Help.Tests.ps1" assertions="0" time="0.002" />
    <testcase name="NinjaOne - Help Content.Function Get-NinjaOneSoftwarePatches.has a title for each example" status="Passed" classname="R:\Development\NinjaOne\Tests\NinjaOne.Help.Tests.ps1" assertions="0" time="0.003" />
    <testcase name="NinjaOne - Help Content.Function Get-NinjaOneSoftwarePatches.has a title for each example" status="Passed" classname="R:\Development\NinjaOne\Tests\NinjaOne.Help.Tests.ps1" assertions="0" time="0.007" />
    <testcase name="NinjaOne - Help Content.Function Get-NinjaOneSoftwarePatches.has a title for each example" status="Passed" classname="R:\Development\NinjaOne\Tests\NinjaOne.Help.Tests.ps1" assertions="0" time="0.002" />
    <testcase name="NinjaOne - Help Content.Function Get-NinjaOneSoftwarePatches.has a description for each example" status="Passed" classname="R:\Development\NinjaOne\Tests\NinjaOne.Help.Tests.ps1" assertions="0" time="0.002" />
    <testcase name="NinjaOne - Help Content.Function Get-NinjaOneSoftwarePatches.has a description for each example" status="Passed" classname="R:\Development\NinjaOne\Tests\NinjaOne.Help.Tests.ps1" assertions="0" time="0.002" />
    <testcase name="NinjaOne - Help Content.Function Get-NinjaOneSoftwarePatches.has a description for each example" status="Passed" classname="R:\Development\NinjaOne\Tests\NinjaOne.Help.Tests.ps1" assertions="0" time="0.002" />
    <testcase name="NinjaOne - Help Content.Function Get-NinjaOneSoftwarePatches.has a description for each example" status="Passed" classname="R:\Development\NinjaOne\Tests\NinjaOne.Help.Tests.ps1" assertions="0" time="0.002" />
    <testcase name="NinjaOne - Help Content.Function Get-NinjaOneSoftwarePatches.has a description for each example" status="Passed" classname="R:\Development\NinjaOne\Tests\NinjaOne.Help.Tests.ps1" assertions="0" time="0.002" />
    <testcase name="NinjaOne - Help Content.Function Get-NinjaOneSoftwarePatches.has a description for each example" status="Passed" classname="R:\Development\NinjaOne\Tests\NinjaOne.Help.Tests.ps1" assertions="0" time="0.002" />
    <testcase name="NinjaOne - Help Content.Function Get-NinjaOneSoftwarePatches.has a description for each example" status="Passed" classname="R:\Development\NinjaOne\Tests\NinjaOne.Help.Tests.ps1" assertions="0" time="0.003" />
    <testcase name="NinjaOne - Help Content.Function Get-NinjaOneSoftwarePatchInstalls.has help content" status="Passed" classname="R:\Development\NinjaOne\Tests\NinjaOne.Help.Tests.ps1" assertions="0" time="0.003" />
    <testcase name="NinjaOne - Help Content.Function Get-NinjaOneSoftwarePatchInstalls.contains a synopsis" status="Passed" classname="R:\Development\NinjaOne\Tests\NinjaOne.Help.Tests.ps1" assertions="0" time="0.002" />
    <testcase name="NinjaOne - Help Content.Function Get-NinjaOneSoftwarePatchInstalls.contains a description" status="Passed" classname="R:\Development\NinjaOne\Tests\NinjaOne.Help.Tests.ps1" assertions="0" time="0.002" />
    <testcase name="NinjaOne - Help Content.Function Get-NinjaOneSoftwarePatchInstalls.contains a functionality" status="Passed" classname="R:\Development\NinjaOne\Tests\NinjaOne.Help.Tests.ps1" assertions="0" time="0.002" />
    <testcase name="NinjaOne - Help Content.Function Get-NinjaOneSoftwarePatchInstalls.has at least one usage example" status="Passed" classname="R:\Development\NinjaOne\Tests\NinjaOne.Help.Tests.ps1" assertions="0" time="0.003" />
    <testcase name="NinjaOne - Help Content.Function Get-NinjaOneSoftwarePatchInstalls.has a title for each example" status="Passed" classname="R:\Development\NinjaOne\Tests\NinjaOne.Help.Tests.ps1" assertions="0" time="0.002" />
    <testcase name="NinjaOne - Help Content.Function Get-NinjaOneSoftwarePatchInstalls.has a title for each example" status="Passed" classname="R:\Development\NinjaOne\Tests\NinjaOne.Help.Tests.ps1" assertions="0" time="0.003" />
    <testcase name="NinjaOne - Help Content.Function Get-NinjaOneSoftwarePatchInstalls.has a title for each example" status="Passed" classname="R:\Development\NinjaOne\Tests\NinjaOne.Help.Tests.ps1" assertions="0" time="0.003" />
    <testcase name="NinjaOne - Help Content.Function Get-NinjaOneSoftwarePatchInstalls.has a title for each example" status="Passed" classname="R:\Development\NinjaOne\Tests\NinjaOne.Help.Tests.ps1" assertions="0" time="0.002" />
    <testcase name="NinjaOne - Help Content.Function Get-NinjaOneSoftwarePatchInstalls.has a title for each example" status="Passed" classname="R:\Development\NinjaOne\Tests\NinjaOne.Help.Tests.ps1" assertions="0" time="0.002" />
    <testcase name="NinjaOne - Help Content.Function Get-NinjaOneSoftwarePatchInstalls.has a title for each example" status="Passed" classname="R:\Development\NinjaOne\Tests\NinjaOne.Help.Tests.ps1" assertions="0" time="0.002" />
    <testcase name="NinjaOne - Help Content.Function Get-NinjaOneSoftwarePatchInstalls.has a title for each example" status="Passed" classname="R:\Development\NinjaOne\Tests\NinjaOne.Help.Tests.ps1" assertions="0" time="0.002" />
    <testcase name="NinjaOne - Help Content.Function Get-NinjaOneSoftwarePatchInstalls.has a title for each example" status="Passed" classname="R:\Development\NinjaOne\Tests\NinjaOne.Help.Tests.ps1" assertions="0" time="0.002" />
    <testcase name="NinjaOne - Help Content.Function Get-NinjaOneSoftwarePatchInstalls.has a title for each example" status="Passed" classname="R:\Development\NinjaOne\Tests\NinjaOne.Help.Tests.ps1" assertions="0" time="0.007" />
    <testcase name="NinjaOne - Help Content.Function Get-NinjaOneSoftwarePatchInstalls.has a title for each example" status="Passed" classname="R:\Development\NinjaOne\Tests\NinjaOne.Help.Tests.ps1" assertions="0" time="0.003" />
    <testcase name="NinjaOne - Help Content.Function Get-NinjaOneSoftwarePatchInstalls.has a title for each example" status="Passed" classname="R:\Development\NinjaOne\Tests\NinjaOne.Help.Tests.ps1" assertions="0" time="0.002" />
    <testcase name="NinjaOne - Help Content.Function Get-NinjaOneSoftwarePatchInstalls.has a description for each example" status="Passed" classname="R:\Development\NinjaOne\Tests\NinjaOne.Help.Tests.ps1" assertions="0" time="0.002" />
    <testcase name="NinjaOne - Help Content.Function Get-NinjaOneSoftwarePatchInstalls.has a description for each example" status="Passed" classname="R:\Development\NinjaOne\Tests\NinjaOne.Help.Tests.ps1" assertions="0" time="0.003" />
    <testcase name="NinjaOne - Help Content.Function Get-NinjaOneSoftwarePatchInstalls.has a description for each example" status="Passed" classname="R:\Development\NinjaOne\Tests\NinjaOne.Help.Tests.ps1" assertions="0" time="0.003" />
    <testcase name="NinjaOne - Help Content.Function Get-NinjaOneSoftwarePatchInstalls.has a description for each example" status="Passed" classname="R:\Development\NinjaOne\Tests\NinjaOne.Help.Tests.ps1" assertions="0" time="0.002" />
    <testcase name="NinjaOne - Help Content.Function Get-NinjaOneSoftwarePatchInstalls.has a description for each example" status="Passed" classname="R:\Development\NinjaOne\Tests\NinjaOne.Help.Tests.ps1" assertions="0" time="0.002" />
    <testcase name="NinjaOne - Help Content.Function Get-NinjaOneSoftwarePatchInstalls.has a description for each example" status="Passed" classname="R:\Development\NinjaOne\Tests\NinjaOne.Help.Tests.ps1" assertions="0" time="0.002" />
    <testcase name="NinjaOne - Help Content.Function Get-NinjaOneSoftwarePatchInstalls.has a description for each example" status="Passed" classname="R:\Development\NinjaOne\Tests\NinjaOne.Help.Tests.ps1" assertions="0" time="0.002" />
    <testcase name="NinjaOne - Help Content.Function Get-NinjaOneSoftwarePatchInstalls.has a description for each example" status="Passed" classname="R:\Development\NinjaOne\Tests\NinjaOne.Help.Tests.ps1" assertions="0" time="0.002" />
    <testcase name="NinjaOne - Help Content.Function Get-NinjaOneSoftwarePatchInstalls.has a description for each example" status="Passed" classname="R:\Development\NinjaOne\Tests\NinjaOne.Help.Tests.ps1" assertions="0" time="0.002" />
    <testcase name="NinjaOne - Help Content.Function Get-NinjaOneSoftwarePatchInstalls.has a description for each example" status="Passed" classname="R:\Development\NinjaOne\Tests\NinjaOne.Help.Tests.ps1" assertions="0" time="0.003" />
    <testcase name="NinjaOne - Help Content.Function Get-NinjaOneSoftwarePatchInstalls.has a description for each example" status="Passed" classname="R:\Development\NinjaOne\Tests\NinjaOne.Help.Tests.ps1" assertions="0" time="0.002" />
    <testcase name="NinjaOne - Help Content.Function Get-NinjaOneSoftwareProducts.has help content" status="Passed" classname="R:\Development\NinjaOne\Tests\NinjaOne.Help.Tests.ps1" assertions="0" time="0.003" />
    <testcase name="NinjaOne - Help Content.Function Get-NinjaOneSoftwareProducts.contains a synopsis" status="Passed" classname="R:\Development\NinjaOne\Tests\NinjaOne.Help.Tests.ps1" assertions="0" time="0.002" />
    <testcase name="NinjaOne - Help Content.Function Get-NinjaOneSoftwareProducts.contains a description" status="Passed" classname="R:\Development\NinjaOne\Tests\NinjaOne.Help.Tests.ps1" assertions="0" time="0.002" />
    <testcase name="NinjaOne - Help Content.Function Get-NinjaOneSoftwareProducts.contains a functionality" status="Passed" classname="R:\Development\NinjaOne\Tests\NinjaOne.Help.Tests.ps1" assertions="0" time="0.002" />
    <testcase name="NinjaOne - Help Content.Function Get-NinjaOneSoftwareProducts.has at least one usage example" status="Passed" classname="R:\Development\NinjaOne\Tests\NinjaOne.Help.Tests.ps1" assertions="0" time="0.003" />
    <testcase name="NinjaOne - Help Content.Function Get-NinjaOneSoftwareProducts.has a title for each example" status="Passed" classname="R:\Development\NinjaOne\Tests\NinjaOne.Help.Tests.ps1" assertions="0" time="0.002" />
    <testcase name="NinjaOne - Help Content.Function Get-NinjaOneSoftwareProducts.has a title for each example" status="Passed" classname="R:\Development\NinjaOne\Tests\NinjaOne.Help.Tests.ps1" assertions="0" time="0.003" />
    <testcase name="NinjaOne - Help Content.Function Get-NinjaOneSoftwareProducts.has a description for each example" status="Passed" classname="R:\Development\NinjaOne\Tests\NinjaOne.Help.Tests.ps1" assertions="0" time="0.007" />
    <testcase name="NinjaOne - Help Content.Function Get-NinjaOneSoftwareProducts.has a description for each example" status="Passed" classname="R:\Development\NinjaOne\Tests\NinjaOne.Help.Tests.ps1" assertions="0" time="0.003" />
    <testcase name="NinjaOne - Help Content.Function Get-NinjaOneTasks.has help content" status="Passed" classname="R:\Development\NinjaOne\Tests\NinjaOne.Help.Tests.ps1" assertions="0" time="0.003" />
    <testcase name="NinjaOne - Help Content.Function Get-NinjaOneTasks.contains a synopsis" status="Passed" classname="R:\Development\NinjaOne\Tests\NinjaOne.Help.Tests.ps1" assertions="0" time="0.002" />
    <testcase name="NinjaOne - Help Content.Function Get-NinjaOneTasks.contains a description" status="Passed" classname="R:\Development\NinjaOne\Tests\NinjaOne.Help.Tests.ps1" assertions="0" time="0.002" />
    <testcase name="NinjaOne - Help Content.Function Get-NinjaOneTasks.contains a functionality" status="Passed" classname="R:\Development\NinjaOne\Tests\NinjaOne.Help.Tests.ps1" assertions="0" time="0.003" />
    <testcase name="NinjaOne - Help Content.Function Get-NinjaOneTasks.has at least one usage example" status="Passed" classname="R:\Development\NinjaOne\Tests\NinjaOne.Help.Tests.ps1" assertions="0" time="0.003" />
    <testcase name="NinjaOne - Help Content.Function Get-NinjaOneTasks.has a title for each example" status="Passed" classname="R:\Development\NinjaOne\Tests\NinjaOne.Help.Tests.ps1" assertions="0" time="0.002" />
    <testcase name="NinjaOne - Help Content.Function Get-NinjaOneTasks.has a description for each example" status="Passed" classname="R:\Development\NinjaOne\Tests\NinjaOne.Help.Tests.ps1" assertions="0" time="0.002" />
    <testcase name="NinjaOne - Help Content.Function Get-NinjaOneTicketAttributes.has help content" status="Passed" classname="R:\Development\NinjaOne\Tests\NinjaOne.Help.Tests.ps1" assertions="0" time="0.003" />
    <testcase name="NinjaOne - Help Content.Function Get-NinjaOneTicketAttributes.contains a synopsis" status="Passed" classname="R:\Development\NinjaOne\Tests\NinjaOne.Help.Tests.ps1" assertions="0" time="0.002" />
    <testcase name="NinjaOne - Help Content.Function Get-NinjaOneTicketAttributes.contains a description" status="Passed" classname="R:\Development\NinjaOne\Tests\NinjaOne.Help.Tests.ps1" assertions="0" time="0.002" />
    <testcase name="NinjaOne - Help Content.Function Get-NinjaOneTicketAttributes.contains a functionality" status="Passed" classname="R:\Development\NinjaOne\Tests\NinjaOne.Help.Tests.ps1" assertions="0" time="0.002" />
    <testcase name="NinjaOne - Help Content.Function Get-NinjaOneTicketAttributes.has at least one usage example" status="Passed" classname="R:\Development\NinjaOne\Tests\NinjaOne.Help.Tests.ps1" assertions="0" time="0.004" />
    <testcase name="NinjaOne - Help Content.Function Get-NinjaOneTicketAttributes.has a title for each example" status="Passed" classname="R:\Development\NinjaOne\Tests\NinjaOne.Help.Tests.ps1" assertions="0" time="0.003" />
    <testcase name="NinjaOne - Help Content.Function Get-NinjaOneTicketAttributes.has a description for each example" status="Passed" classname="R:\Development\NinjaOne\Tests\NinjaOne.Help.Tests.ps1" assertions="0" time="0.002" />
    <testcase name="NinjaOne - Help Content.Function Get-NinjaOneTicketBoards.has help content" status="Passed" classname="R:\Development\NinjaOne\Tests\NinjaOne.Help.Tests.ps1" assertions="0" time="0.003" />
    <testcase name="NinjaOne - Help Content.Function Get-NinjaOneTicketBoards.contains a synopsis" status="Passed" classname="R:\Development\NinjaOne\Tests\NinjaOne.Help.Tests.ps1" assertions="0" time="0.002" />
    <testcase name="NinjaOne - Help Content.Function Get-NinjaOneTicketBoards.contains a description" status="Passed" classname="R:\Development\NinjaOne\Tests\NinjaOne.Help.Tests.ps1" assertions="0" time="0.002" />
    <testcase name="NinjaOne - Help Content.Function Get-NinjaOneTicketBoards.contains a functionality" status="Passed" classname="R:\Development\NinjaOne\Tests\NinjaOne.Help.Tests.ps1" assertions="0" time="0.006" />
    <testcase name="NinjaOne - Help Content.Function Get-NinjaOneTicketBoards.has at least one usage example" status="Passed" classname="R:\Development\NinjaOne\Tests\NinjaOne.Help.Tests.ps1" assertions="0" time="0.003" />
    <testcase name="NinjaOne - Help Content.Function Get-NinjaOneTicketBoards.has a title for each example" status="Passed" classname="R:\Development\NinjaOne\Tests\NinjaOne.Help.Tests.ps1" assertions="0" time="0.002" />
    <testcase name="NinjaOne - Help Content.Function Get-NinjaOneTicketBoards.has a description for each example" status="Passed" classname="R:\Development\NinjaOne\Tests\NinjaOne.Help.Tests.ps1" assertions="0" time="0.002" />
    <testcase name="NinjaOne - Help Content.Function Get-NinjaOneTicketForms.has help content" status="Passed" classname="R:\Development\NinjaOne\Tests\NinjaOne.Help.Tests.ps1" assertions="0" time="0.003" />
    <testcase name="NinjaOne - Help Content.Function Get-NinjaOneTicketForms.contains a synopsis" status="Passed" classname="R:\Development\NinjaOne\Tests\NinjaOne.Help.Tests.ps1" assertions="0" time="0.003" />
    <testcase name="NinjaOne - Help Content.Function Get-NinjaOneTicketForms.contains a description" status="Passed" classname="R:\Development\NinjaOne\Tests\NinjaOne.Help.Tests.ps1" assertions="0" time="0.002" />
    <testcase name="NinjaOne - Help Content.Function Get-NinjaOneTicketForms.contains a functionality" status="Passed" classname="R:\Development\NinjaOne\Tests\NinjaOne.Help.Tests.ps1" assertions="0" time="0.003" />
    <testcase name="NinjaOne - Help Content.Function Get-NinjaOneTicketForms.has at least one usage example" status="Passed" classname="R:\Development\NinjaOne\Tests\NinjaOne.Help.Tests.ps1" assertions="0" time="0.003" />
    <testcase name="NinjaOne - Help Content.Function Get-NinjaOneTicketForms.has a title for each example" status="Passed" classname="R:\Development\NinjaOne\Tests\NinjaOne.Help.Tests.ps1" assertions="0" time="0.002" />
    <testcase name="NinjaOne - Help Content.Function Get-NinjaOneTicketForms.has a title for each example" status="Passed" classname="R:\Development\NinjaOne\Tests\NinjaOne.Help.Tests.ps1" assertions="0" time="0.002" />
    <testcase name="NinjaOne - Help Content.Function Get-NinjaOneTicketForms.has a description for each example" status="Passed" classname="R:\Development\NinjaOne\Tests\NinjaOne.Help.Tests.ps1" assertions="0" time="0.002" />
    <testcase name="NinjaOne - Help Content.Function Get-NinjaOneTicketForms.has a description for each example" status="Passed" classname="R:\Development\NinjaOne\Tests\NinjaOne.Help.Tests.ps1" assertions="0" time="0.002" />
    <testcase name="NinjaOne - Help Content.Function Get-NinjaOneTicketLogEntries.has help content" status="Passed" classname="R:\Development\NinjaOne\Tests\NinjaOne.Help.Tests.ps1" assertions="0" time="0.003" />
    <testcase name="NinjaOne - Help Content.Function Get-NinjaOneTicketLogEntries.contains a synopsis" status="Passed" classname="R:\Development\NinjaOne\Tests\NinjaOne.Help.Tests.ps1" assertions="0" time="0.002" />
    <testcase name="NinjaOne - Help Content.Function Get-NinjaOneTicketLogEntries.contains a description" status="Passed" classname="R:\Development\NinjaOne\Tests\NinjaOne.Help.Tests.ps1" assertions="0" time="0.002" />
    <testcase name="NinjaOne - Help Content.Function Get-NinjaOneTicketLogEntries.contains a functionality" status="Passed" classname="R:\Development\NinjaOne\Tests\NinjaOne.Help.Tests.ps1" assertions="0" time="0.003" />
    <testcase name="NinjaOne - Help Content.Function Get-NinjaOneTicketLogEntries.has at least one usage example" status="Passed" classname="R:\Development\NinjaOne\Tests\NinjaOne.Help.Tests.ps1" assertions="0" time="0.003" />
    <testcase name="NinjaOne - Help Content.Function Get-NinjaOneTicketLogEntries.has a title for each example" status="Passed" classname="R:\Development\NinjaOne\Tests\NinjaOne.Help.Tests.ps1" assertions="0" time="0.002" />
    <testcase name="NinjaOne - Help Content.Function Get-NinjaOneTicketLogEntries.has a title for each example" status="Passed" classname="R:\Development\NinjaOne\Tests\NinjaOne.Help.Tests.ps1" assertions="0" time="0.006" />
    <testcase name="NinjaOne - Help Content.Function Get-NinjaOneTicketLogEntries.has a description for each example" status="Passed" classname="R:\Development\NinjaOne\Tests\NinjaOne.Help.Tests.ps1" assertions="0" time="0.002" />
    <testcase name="NinjaOne - Help Content.Function Get-NinjaOneTicketLogEntries.has a description for each example" status="Passed" classname="R:\Development\NinjaOne\Tests\NinjaOne.Help.Tests.ps1" assertions="0" time="0.002" />
    <testcase name="NinjaOne - Help Content.Function Get-NinjaOneTickets.has help content" status="Passed" classname="R:\Development\NinjaOne\Tests\NinjaOne.Help.Tests.ps1" assertions="0" time="0.003" />
    <testcase name="NinjaOne - Help Content.Function Get-NinjaOneTickets.contains a synopsis" status="Passed" classname="R:\Development\NinjaOne\Tests\NinjaOne.Help.Tests.ps1" assertions="0" time="0.002" />
    <testcase name="NinjaOne - Help Content.Function Get-NinjaOneTickets.contains a description" status="Passed" classname="R:\Development\NinjaOne\Tests\NinjaOne.Help.Tests.ps1" assertions="0" time="0.002" />
    <testcase name="NinjaOne - Help Content.Function Get-NinjaOneTickets.contains a functionality" status="Passed" classname="R:\Development\NinjaOne\Tests\NinjaOne.Help.Tests.ps1" assertions="0" time="0.002" />
    <testcase name="NinjaOne - Help Content.Function Get-NinjaOneTickets.has at least one usage example" status="Passed" classname="R:\Development\NinjaOne\Tests\NinjaOne.Help.Tests.ps1" assertions="0" time="0.003" />
    <testcase name="NinjaOne - Help Content.Function Get-NinjaOneTickets.has a title for each example" status="Passed" classname="R:\Development\NinjaOne\Tests\NinjaOne.Help.Tests.ps1" assertions="0" time="0.002" />
    <testcase name="NinjaOne - Help Content.Function Get-NinjaOneTickets.has a title for each example" status="Passed" classname="R:\Development\NinjaOne\Tests\NinjaOne.Help.Tests.ps1" assertions="0" time="0.002" />
    <testcase name="NinjaOne - Help Content.Function Get-NinjaOneTickets.has a title for each example" status="Passed" classname="R:\Development\NinjaOne\Tests\NinjaOne.Help.Tests.ps1" assertions="0" time="0.002" />
    <testcase name="NinjaOne - Help Content.Function Get-NinjaOneTickets.has a description for each example" status="Passed" classname="R:\Development\NinjaOne\Tests\NinjaOne.Help.Tests.ps1" assertions="0" time="0.003" />
    <testcase name="NinjaOne - Help Content.Function Get-NinjaOneTickets.has a description for each example" status="Passed" classname="R:\Development\NinjaOne\Tests\NinjaOne.Help.Tests.ps1" assertions="0" time="0.002" />
    <testcase name="NinjaOne - Help Content.Function Get-NinjaOneTickets.has a description for each example" status="Passed" classname="R:\Development\NinjaOne\Tests\NinjaOne.Help.Tests.ps1" assertions="0" time="0.003" />
    <testcase name="NinjaOne - Help Content.Function Get-NinjaOneTicketStatuses.has help content" status="Passed" classname="R:\Development\NinjaOne\Tests\NinjaOne.Help.Tests.ps1" assertions="0" time="0.003" />
    <testcase name="NinjaOne - Help Content.Function Get-NinjaOneTicketStatuses.contains a synopsis" status="Passed" classname="R:\Development\NinjaOne\Tests\NinjaOne.Help.Tests.ps1" assertions="0" time="0.002" />
    <testcase name="NinjaOne - Help Content.Function Get-NinjaOneTicketStatuses.contains a description" status="Passed" classname="R:\Development\NinjaOne\Tests\NinjaOne.Help.Tests.ps1" assertions="0" time="0.002" />
    <testcase name="NinjaOne - Help Content.Function Get-NinjaOneTicketStatuses.contains a functionality" status="Passed" classname="R:\Development\NinjaOne\Tests\NinjaOne.Help.Tests.ps1" assertions="0" time="0.002" />
    <testcase name="NinjaOne - Help Content.Function Get-NinjaOneTicketStatuses.has at least one usage example" status="Passed" classname="R:\Development\NinjaOne\Tests\NinjaOne.Help.Tests.ps1" assertions="0" time="0.003" />
    <testcase name="NinjaOne - Help Content.Function Get-NinjaOneTicketStatuses.has a title for each example" status="Passed" classname="R:\Development\NinjaOne\Tests\NinjaOne.Help.Tests.ps1" assertions="0" time="0.002" />
    <testcase name="NinjaOne - Help Content.Function Get-NinjaOneTicketStatuses.has a description for each example" status="Passed" classname="R:\Development\NinjaOne\Tests\NinjaOne.Help.Tests.ps1" assertions="0" time="0.006" />
    <testcase name="NinjaOne - Help Content.Function Get-NinjaOneUsers.has help content" status="Passed" classname="R:\Development\NinjaOne\Tests\NinjaOne.Help.Tests.ps1" assertions="0" time="0.003" />
    <testcase name="NinjaOne - Help Content.Function Get-NinjaOneUsers.contains a synopsis" status="Passed" classname="R:\Development\NinjaOne\Tests\NinjaOne.Help.Tests.ps1" assertions="0" time="0.002" />
    <testcase name="NinjaOne - Help Content.Function Get-NinjaOneUsers.contains a description" status="Passed" classname="R:\Development\NinjaOne\Tests\NinjaOne.Help.Tests.ps1" assertions="0" time="0.002" />
    <testcase name="NinjaOne - Help Content.Function Get-NinjaOneUsers.contains a functionality" status="Passed" classname="R:\Development\NinjaOne\Tests\NinjaOne.Help.Tests.ps1" assertions="0" time="0.002" />
    <testcase name="NinjaOne - Help Content.Function Get-NinjaOneUsers.has at least one usage example" status="Passed" classname="R:\Development\NinjaOne\Tests\NinjaOne.Help.Tests.ps1" assertions="0" time="0.004" />
    <testcase name="NinjaOne - Help Content.Function Get-NinjaOneUsers.has a title for each example" status="Passed" classname="R:\Development\NinjaOne\Tests\NinjaOne.Help.Tests.ps1" assertions="0" time="0.003" />
    <testcase name="NinjaOne - Help Content.Function Get-NinjaOneUsers.has a title for each example" status="Passed" classname="R:\Development\NinjaOne\Tests\NinjaOne.Help.Tests.ps1" assertions="0" time="0.003" />
    <testcase name="NinjaOne - Help Content.Function Get-NinjaOneUsers.has a title for each example" status="Passed" classname="R:\Development\NinjaOne\Tests\NinjaOne.Help.Tests.ps1" assertions="0" time="0.002" />
    <testcase name="NinjaOne - Help Content.Function Get-NinjaOneUsers.has a description for each example" status="Passed" classname="R:\Development\NinjaOne\Tests\NinjaOne.Help.Tests.ps1" assertions="0" time="0.003" />
    <testcase name="NinjaOne - Help Content.Function Get-NinjaOneUsers.has a description for each example" status="Passed" classname="R:\Development\NinjaOne\Tests\NinjaOne.Help.Tests.ps1" assertions="0" time="0.003" />
    <testcase name="NinjaOne - Help Content.Function Get-NinjaOneUsers.has a description for each example" status="Passed" classname="R:\Development\NinjaOne\Tests\NinjaOne.Help.Tests.ps1" assertions="0" time="0.002" />
    <testcase name="NinjaOne - Help Content.Function Get-NinjaOneVolumes.has help content" status="Passed" classname="R:\Development\NinjaOne\Tests\NinjaOne.Help.Tests.ps1" assertions="0" time="0.004" />
    <testcase name="NinjaOne - Help Content.Function Get-NinjaOneVolumes.contains a synopsis" status="Passed" classname="R:\Development\NinjaOne\Tests\NinjaOne.Help.Tests.ps1" assertions="0" time="0.003" />
    <testcase name="NinjaOne - Help Content.Function Get-NinjaOneVolumes.contains a description" status="Passed" classname="R:\Development\NinjaOne\Tests\NinjaOne.Help.Tests.ps1" assertions="0" time="0.003" />
    <testcase name="NinjaOne - Help Content.Function Get-NinjaOneVolumes.contains a functionality" status="Passed" classname="R:\Development\NinjaOne\Tests\NinjaOne.Help.Tests.ps1" assertions="0" time="0.003" />
    <testcase name="NinjaOne - Help Content.Function Get-NinjaOneVolumes.has at least one usage example" status="Passed" classname="R:\Development\NinjaOne\Tests\NinjaOne.Help.Tests.ps1" assertions="0" time="0.003" />
    <testcase name="NinjaOne - Help Content.Function Get-NinjaOneVolumes.has a title for each example" status="Passed" classname="R:\Development\NinjaOne\Tests\NinjaOne.Help.Tests.ps1" assertions="0" time="0.003" />
    <testcase name="NinjaOne - Help Content.Function Get-NinjaOneVolumes.has a title for each example" status="Passed" classname="R:\Development\NinjaOne\Tests\NinjaOne.Help.Tests.ps1" assertions="0" time="0.003" />
    <testcase name="NinjaOne - Help Content.Function Get-NinjaOneVolumes.has a title for each example" status="Passed" classname="R:\Development\NinjaOne\Tests\NinjaOne.Help.Tests.ps1" assertions="0" time="0.003" />
    <testcase name="NinjaOne - Help Content.Function Get-NinjaOneVolumes.has a description for each example" status="Passed" classname="R:\Development\NinjaOne\Tests\NinjaOne.Help.Tests.ps1" assertions="0" time="0.007" />
    <testcase name="NinjaOne - Help Content.Function Get-NinjaOneVolumes.has a description for each example" status="Passed" classname="R:\Development\NinjaOne\Tests\NinjaOne.Help.Tests.ps1" assertions="0" time="0.003" />
    <testcase name="NinjaOne - Help Content.Function Get-NinjaOneVolumes.has a description for each example" status="Passed" classname="R:\Development\NinjaOne\Tests\NinjaOne.Help.Tests.ps1" assertions="0" time="0.003" />
    <testcase name="NinjaOne - Help Content.Function Get-NinjaOneWindowsServices.has help content" status="Passed" classname="R:\Development\NinjaOne\Tests\NinjaOne.Help.Tests.ps1" assertions="0" time="0.003" />
    <testcase name="NinjaOne - Help Content.Function Get-NinjaOneWindowsServices.contains a synopsis" status="Passed" classname="R:\Development\NinjaOne\Tests\NinjaOne.Help.Tests.ps1" assertions="0" time="0.003" />
    <testcase name="NinjaOne - Help Content.Function Get-NinjaOneWindowsServices.contains a description" status="Passed" classname="R:\Development\NinjaOne\Tests\NinjaOne.Help.Tests.ps1" assertions="0" time="0.003" />
    <testcase name="NinjaOne - Help Content.Function Get-NinjaOneWindowsServices.contains a functionality" status="Passed" classname="R:\Development\NinjaOne\Tests\NinjaOne.Help.Tests.ps1" assertions="0" time="0.003" />
    <testcase name="NinjaOne - Help Content.Function Get-NinjaOneWindowsServices.has at least one usage example" status="Passed" classname="R:\Development\NinjaOne\Tests\NinjaOne.Help.Tests.ps1" assertions="0" time="0.005" />
    <testcase name="NinjaOne - Help Content.Function Get-NinjaOneWindowsServices.has a title for each example" status="Passed" classname="R:\Development\NinjaOne\Tests\NinjaOne.Help.Tests.ps1" assertions="0" time="0.003" />
    <testcase name="NinjaOne - Help Content.Function Get-NinjaOneWindowsServices.has a title for each example" status="Passed" classname="R:\Development\NinjaOne\Tests\NinjaOne.Help.Tests.ps1" assertions="0" time="0.003" />
    <testcase name="NinjaOne - Help Content.Function Get-NinjaOneWindowsServices.has a title for each example" status="Passed" classname="R:\Development\NinjaOne\Tests\NinjaOne.Help.Tests.ps1" assertions="0" time="0.003" />
    <testcase name="NinjaOne - Help Content.Function Get-NinjaOneWindowsServices.has a title for each example" status="Passed" classname="R:\Development\NinjaOne\Tests\NinjaOne.Help.Tests.ps1" assertions="0" time="0.004" />
    <testcase name="NinjaOne - Help Content.Function Get-NinjaOneWindowsServices.has a description for each example" status="Passed" classname="R:\Development\NinjaOne\Tests\NinjaOne.Help.Tests.ps1" assertions="0" time="0.004" />
    <testcase name="NinjaOne - Help Content.Function Get-NinjaOneWindowsServices.has a description for each example" status="Passed" classname="R:\Development\NinjaOne\Tests\NinjaOne.Help.Tests.ps1" assertions="0" time="0.004" />
    <testcase name="NinjaOne - Help Content.Function Get-NinjaOneWindowsServices.has a description for each example" status="Passed" classname="R:\Development\NinjaOne\Tests\NinjaOne.Help.Tests.ps1" assertions="0" time="0.004" />
    <testcase name="NinjaOne - Help Content.Function Get-NinjaOneWindowsServices.has a description for each example" status="Passed" classname="R:\Development\NinjaOne\Tests\NinjaOne.Help.Tests.ps1" assertions="0" time="0.003" />
    <testcase name="NinjaOne - Help Content.Function Invoke-NinjaOneDeviceScript.has help content" status="Passed" classname="R:\Development\NinjaOne\Tests\NinjaOne.Help.Tests.ps1" assertions="0" time="0.003" />
    <testcase name="NinjaOne - Help Content.Function Invoke-NinjaOneDeviceScript.contains a synopsis" status="Passed" classname="R:\Development\NinjaOne\Tests\NinjaOne.Help.Tests.ps1" assertions="0" time="0.003" />
    <testcase name="NinjaOne - Help Content.Function Invoke-NinjaOneDeviceScript.contains a description" status="Passed" classname="R:\Development\NinjaOne\Tests\NinjaOne.Help.Tests.ps1" assertions="0" time="0.003" />
    <testcase name="NinjaOne - Help Content.Function Invoke-NinjaOneDeviceScript.contains a functionality" status="Passed" classname="R:\Development\NinjaOne\Tests\NinjaOne.Help.Tests.ps1" assertions="0" time="0.003" />
    <testcase name="NinjaOne - Help Content.Function Invoke-NinjaOneDeviceScript.has at least one usage example" status="Passed" classname="R:\Development\NinjaOne\Tests\NinjaOne.Help.Tests.ps1" assertions="0" time="0.007" />
    <testcase name="NinjaOne - Help Content.Function Invoke-NinjaOneDeviceScript.has a title for each example" status="Passed" classname="R:\Development\NinjaOne\Tests\NinjaOne.Help.Tests.ps1" assertions="0" time="0.004" />
    <testcase name="NinjaOne - Help Content.Function Invoke-NinjaOneDeviceScript.has a title for each example" status="Passed" classname="R:\Development\NinjaOne\Tests\NinjaOne.Help.Tests.ps1" assertions="0" time="0.002" />
    <testcase name="NinjaOne - Help Content.Function Invoke-NinjaOneDeviceScript.has a title for each example" status="Passed" classname="R:\Development\NinjaOne\Tests\NinjaOne.Help.Tests.ps1" assertions="0" time="0.003" />
    <testcase name="NinjaOne - Help Content.Function Invoke-NinjaOneDeviceScript.has a description for each example" status="Passed" classname="R:\Development\NinjaOne\Tests\NinjaOne.Help.Tests.ps1" assertions="0" time="0.002" />
    <testcase name="NinjaOne - Help Content.Function Invoke-NinjaOneDeviceScript.has a description for each example" status="Passed" classname="R:\Development\NinjaOne\Tests\NinjaOne.Help.Tests.ps1" assertions="0" time="0.002" />
    <testcase name="NinjaOne - Help Content.Function Invoke-NinjaOneDeviceScript.has a description for each example" status="Passed" classname="R:\Development\NinjaOne\Tests\NinjaOne.Help.Tests.ps1" assertions="0" time="0.003" />
    <testcase name="NinjaOne - Help Content.Function Invoke-NinjaOneRequest.has help content" status="Passed" classname="R:\Development\NinjaOne\Tests\NinjaOne.Help.Tests.ps1" assertions="0" time="0.003" />
    <testcase name="NinjaOne - Help Content.Function Invoke-NinjaOneRequest.contains a synopsis" status="Passed" classname="R:\Development\NinjaOne\Tests\NinjaOne.Help.Tests.ps1" assertions="0" time="0.002" />
    <testcase name="NinjaOne - Help Content.Function Invoke-NinjaOneRequest.contains a description" status="Passed" classname="R:\Development\NinjaOne\Tests\NinjaOne.Help.Tests.ps1" assertions="0" time="0.002" />
    <testcase name="NinjaOne - Help Content.Function Invoke-NinjaOneRequest.contains a functionality" status="Passed" classname="R:\Development\NinjaOne\Tests\NinjaOne.Help.Tests.ps1" assertions="0" time="0.002" />
    <testcase name="NinjaOne - Help Content.Function Invoke-NinjaOneRequest.has at least one usage example" status="Passed" classname="R:\Development\NinjaOne\Tests\NinjaOne.Help.Tests.ps1" assertions="0" time="0.003" />
    <testcase name="NinjaOne - Help Content.Function Invoke-NinjaOneRequest.has a title for each example" status="Passed" classname="R:\Development\NinjaOne\Tests\NinjaOne.Help.Tests.ps1" assertions="0" time="0.002" />
    <testcase name="NinjaOne - Help Content.Function Invoke-NinjaOneRequest.has a description for each example" status="Passed" classname="R:\Development\NinjaOne\Tests\NinjaOne.Help.Tests.ps1" assertions="0" time="0.002" />
    <testcase name="NinjaOne - Help Content.Function Invoke-NinjaOneWindowsServiceAction.has help content" status="Passed" classname="R:\Development\NinjaOne\Tests\NinjaOne.Help.Tests.ps1" assertions="0" time="0.003" />
    <testcase name="NinjaOne - Help Content.Function Invoke-NinjaOneWindowsServiceAction.contains a synopsis" status="Passed" classname="R:\Development\NinjaOne\Tests\NinjaOne.Help.Tests.ps1" assertions="0" time="0.003" />
    <testcase name="NinjaOne - Help Content.Function Invoke-NinjaOneWindowsServiceAction.contains a description" status="Passed" classname="R:\Development\NinjaOne\Tests\NinjaOne.Help.Tests.ps1" assertions="0" time="0.002" />
    <testcase name="NinjaOne - Help Content.Function Invoke-NinjaOneWindowsServiceAction.contains a functionality" status="Passed" classname="R:\Development\NinjaOne\Tests\NinjaOne.Help.Tests.ps1" assertions="0" time="0.002" />
    <testcase name="NinjaOne - Help Content.Function Invoke-NinjaOneWindowsServiceAction.has at least one usage example" status="Passed" classname="R:\Development\NinjaOne\Tests\NinjaOne.Help.Tests.ps1" assertions="0" time="0.003" />
    <testcase name="NinjaOne - Help Content.Function Invoke-NinjaOneWindowsServiceAction.has a title for each example" status="Passed" classname="R:\Development\NinjaOne\Tests\NinjaOne.Help.Tests.ps1" assertions="0" time="0.002" />
    <testcase name="NinjaOne - Help Content.Function Invoke-NinjaOneWindowsServiceAction.has a description for each example" status="Passed" classname="R:\Development\NinjaOne\Tests\NinjaOne.Help.Tests.ps1" assertions="0" time="0.004" />
    <testcase name="NinjaOne - Help Content.Function New-NinjaOneDocumentTemplate.has help content" status="Passed" classname="R:\Development\NinjaOne\Tests\NinjaOne.Help.Tests.ps1" assertions="0" time="0.003" />
    <testcase name="NinjaOne - Help Content.Function New-NinjaOneDocumentTemplate.contains a synopsis" status="Passed" classname="R:\Development\NinjaOne\Tests\NinjaOne.Help.Tests.ps1" assertions="0" time="0.003" />
    <testcase name="NinjaOne - Help Content.Function New-NinjaOneDocumentTemplate.contains a description" status="Passed" classname="R:\Development\NinjaOne\Tests\NinjaOne.Help.Tests.ps1" assertions="0" time="0.003" />
    <testcase name="NinjaOne - Help Content.Function New-NinjaOneDocumentTemplate.contains a functionality" status="Passed" classname="R:\Development\NinjaOne\Tests\NinjaOne.Help.Tests.ps1" assertions="0" time="0.002" />
    <testcase name="NinjaOne - Help Content.Function New-NinjaOneDocumentTemplate.has at least one usage example" status="Failed" classname="R:\Development\NinjaOne\Tests\NinjaOne.Help.Tests.ps1" assertions="0" time="0.020">
      <failure message="Expected 'Examples' to be found in collection @('description', 'parameters', 'details', 'returnValues', 'syntax', 'relatedLinks', 'xmlns:maml', 'xmlns:command', 'xmlns:dev', 'Name', ...6 more), because at least one example is required for each function., but it was not found.">at $_.PSObject.Properties.Name | Should -Contain -ExpectedValue 'Examples' -Because 'at least one example is required for each function.', R:\Development\NinjaOne\Tests\NinjaOne.Help.Tests.ps1:49
at &lt;ScriptBlock&gt;, R:\Development\NinjaOne\Tests\NinjaOne.Help.Tests.ps1:49</failure>
    </testcase>
    <testcase name="NinjaOne - Help Content.Function New-NinjaOneInstaller.has help content" status="Passed" classname="R:\Development\NinjaOne\Tests\NinjaOne.Help.Tests.ps1" assertions="0" time="0.003" />
    <testcase name="NinjaOne - Help Content.Function New-NinjaOneInstaller.contains a synopsis" status="Passed" classname="R:\Development\NinjaOne\Tests\NinjaOne.Help.Tests.ps1" assertions="0" time="0.002" />
    <testcase name="NinjaOne - Help Content.Function New-NinjaOneInstaller.contains a description" status="Passed" classname="R:\Development\NinjaOne\Tests\NinjaOne.Help.Tests.ps1" assertions="0" time="0.002" />
    <testcase name="NinjaOne - Help Content.Function New-NinjaOneInstaller.contains a functionality" status="Passed" classname="R:\Development\NinjaOne\Tests\NinjaOne.Help.Tests.ps1" assertions="0" time="0.002" />
    <testcase name="NinjaOne - Help Content.Function New-NinjaOneInstaller.has at least one usage example" status="Failed" classname="R:\Development\NinjaOne\Tests\NinjaOne.Help.Tests.ps1" assertions="0" time="0.006">
      <failure message="Expected 'Examples' to be found in collection @('description', 'parameters', 'details', 'returnValues', 'syntax', 'relatedLinks', 'xmlns:maml', 'xmlns:command', 'xmlns:dev', 'Name', ...6 more), because at least one example is required for each function., but it was not found.">at $_.PSObject.Properties.Name | Should -Contain -ExpectedValue 'Examples' -Because 'at least one example is required for each function.', R:\Development\NinjaOne\Tests\NinjaOne.Help.Tests.ps1:49
at &lt;ScriptBlock&gt;, R:\Development\NinjaOne\Tests\NinjaOne.Help.Tests.ps1:49</failure>
    </testcase>
    <testcase name="NinjaOne - Help Content.Function New-NinjaOneLocation.has help content" status="Passed" classname="R:\Development\NinjaOne\Tests\NinjaOne.Help.Tests.ps1" assertions="0" time="0.003" />
    <testcase name="NinjaOne - Help Content.Function New-NinjaOneLocation.contains a synopsis" status="Passed" classname="R:\Development\NinjaOne\Tests\NinjaOne.Help.Tests.ps1" assertions="0" time="0.002" />
    <testcase name="NinjaOne - Help Content.Function New-NinjaOneLocation.contains a description" status="Passed" classname="R:\Development\NinjaOne\Tests\NinjaOne.Help.Tests.ps1" assertions="0" time="0.002" />
    <testcase name="NinjaOne - Help Content.Function New-NinjaOneLocation.contains a functionality" status="Passed" classname="R:\Development\NinjaOne\Tests\NinjaOne.Help.Tests.ps1" assertions="0" time="0.002" />
    <testcase name="NinjaOne - Help Content.Function New-NinjaOneLocation.has at least one usage example" status="Failed" classname="R:\Development\NinjaOne\Tests\NinjaOne.Help.Tests.ps1" assertions="0" time="0.010">
      <failure message="Expected 'Examples' to be found in collection @('description', 'parameters', 'details', 'returnValues', 'syntax', 'relatedLinks', 'xmlns:maml', 'xmlns:command', 'xmlns:dev', 'Name', ...6 more), because at least one example is required for each function., but it was not found.">at $_.PSObject.Properties.Name | Should -Contain -ExpectedValue 'Examples' -Because 'at least one example is required for each function.', R:\Development\NinjaOne\Tests\NinjaOne.Help.Tests.ps1:49
at &lt;ScriptBlock&gt;, R:\Development\NinjaOne\Tests\NinjaOne.Help.Tests.ps1:49</failure>
    </testcase>
    <testcase name="NinjaOne - Help Content.Function New-NinjaOneOrganisation.has help content" status="Passed" classname="R:\Development\NinjaOne\Tests\NinjaOne.Help.Tests.ps1" assertions="0" time="0.003" />
    <testcase name="NinjaOne - Help Content.Function New-NinjaOneOrganisation.contains a synopsis" status="Passed" classname="R:\Development\NinjaOne\Tests\NinjaOne.Help.Tests.ps1" assertions="0" time="0.002" />
    <testcase name="NinjaOne - Help Content.Function New-NinjaOneOrganisation.contains a description" status="Passed" classname="R:\Development\NinjaOne\Tests\NinjaOne.Help.Tests.ps1" assertions="0" time="0.003" />
    <testcase name="NinjaOne - Help Content.Function New-NinjaOneOrganisation.contains a functionality" status="Passed" classname="R:\Development\NinjaOne\Tests\NinjaOne.Help.Tests.ps1" assertions="0" time="0.002" />
    <testcase name="NinjaOne - Help Content.Function New-NinjaOneOrganisation.has at least one usage example" status="Failed" classname="R:\Development\NinjaOne\Tests\NinjaOne.Help.Tests.ps1" assertions="0" time="0.005">
      <failure message="Expected 'Examples' to be found in collection @('description', 'parameters', 'details', 'returnValues', 'syntax', 'relatedLinks', 'xmlns:maml', 'xmlns:command', 'xmlns:dev', 'Name', ...6 more), because at least one example is required for each function., but it was not found.">at $_.PSObject.Properties.Name | Should -Contain -ExpectedValue 'Examples' -Because 'at least one example is required for each function.', R:\Development\NinjaOne\Tests\NinjaOne.Help.Tests.ps1:49
at &lt;ScriptBlock&gt;, R:\Development\NinjaOne\Tests\NinjaOne.Help.Tests.ps1:49</failure>
    </testcase>
    <testcase name="NinjaOne - Help Content.Function New-NinjaOneOrganisationDocument.has help content" status="Passed" classname="R:\Development\NinjaOne\Tests\NinjaOne.Help.Tests.ps1" assertions="0" time="0.003" />
    <testcase name="NinjaOne - Help Content.Function New-NinjaOneOrganisationDocument.contains a synopsis" status="Passed" classname="R:\Development\NinjaOne\Tests\NinjaOne.Help.Tests.ps1" assertions="0" time="0.002" />
    <testcase name="NinjaOne - Help Content.Function New-NinjaOneOrganisationDocument.contains a description" status="Passed" classname="R:\Development\NinjaOne\Tests\NinjaOne.Help.Tests.ps1" assertions="0" time="0.003" />
    <testcase name="NinjaOne - Help Content.Function New-NinjaOneOrganisationDocument.contains a functionality" status="Passed" classname="R:\Development\NinjaOne\Tests\NinjaOne.Help.Tests.ps1" assertions="0" time="0.002" />
    <testcase name="NinjaOne - Help Content.Function New-NinjaOneOrganisationDocument.has at least one usage example" status="Failed" classname="R:\Development\NinjaOne\Tests\NinjaOne.Help.Tests.ps1" assertions="0" time="0.006">
      <failure message="Expected 'Examples' to be found in collection @('description', 'parameters', 'details', 'returnValues', 'syntax', 'relatedLinks', 'xmlns:maml', 'xmlns:command', 'xmlns:dev', 'Name', ...6 more), because at least one example is required for each function., but it was not found.">at $_.PSObject.Properties.Name | Should -Contain -ExpectedValue 'Examples' -Because 'at least one example is required for each function.', R:\Development\NinjaOne\Tests\NinjaOne.Help.Tests.ps1:49
at &lt;ScriptBlock&gt;, R:\Development\NinjaOne\Tests\NinjaOne.Help.Tests.ps1:49</failure>
    </testcase>
    <testcase name="NinjaOne - Help Content.Function New-NinjaOnePolicy.has help content" status="Passed" classname="R:\Development\NinjaOne\Tests\NinjaOne.Help.Tests.ps1" assertions="0" time="0.003" />
    <testcase name="NinjaOne - Help Content.Function New-NinjaOnePolicy.contains a synopsis" status="Passed" classname="R:\Development\NinjaOne\Tests\NinjaOne.Help.Tests.ps1" assertions="0" time="0.002" />
    <testcase name="NinjaOne - Help Content.Function New-NinjaOnePolicy.contains a description" status="Passed" classname="R:\Development\NinjaOne\Tests\NinjaOne.Help.Tests.ps1" assertions="0" time="0.002" />
    <testcase name="NinjaOne - Help Content.Function New-NinjaOnePolicy.contains a functionality" status="Passed" classname="R:\Development\NinjaOne\Tests\NinjaOne.Help.Tests.ps1" assertions="0" time="0.002" />
    <testcase name="NinjaOne - Help Content.Function New-NinjaOnePolicy.has at least one usage example" status="Failed" classname="R:\Development\NinjaOne\Tests\NinjaOne.Help.Tests.ps1" assertions="0" time="0.011">
      <failure message="Expected 'Examples' to be found in collection @('description', 'parameters', 'details', 'returnValues', 'syntax', 'relatedLinks', 'xmlns:maml', 'xmlns:command', 'xmlns:dev', 'Name', ...6 more), because at least one example is required for each function., but it was not found.">at $_.PSObject.Properties.Name | Should -Contain -ExpectedValue 'Examples' -Because 'at least one example is required for each function.', R:\Development\NinjaOne\Tests\NinjaOne.Help.Tests.ps1:49
at &lt;ScriptBlock&gt;, R:\Development\NinjaOne\Tests\NinjaOne.Help.Tests.ps1:49</failure>
    </testcase>
    <testcase name="NinjaOne - Help Content.Function New-NinjaOneTicket.has help content" status="Passed" classname="R:\Development\NinjaOne\Tests\NinjaOne.Help.Tests.ps1" assertions="0" time="0.003" />
    <testcase name="NinjaOne - Help Content.Function New-NinjaOneTicket.contains a synopsis" status="Passed" classname="R:\Development\NinjaOne\Tests\NinjaOne.Help.Tests.ps1" assertions="0" time="0.002" />
    <testcase name="NinjaOne - Help Content.Function New-NinjaOneTicket.contains a description" status="Passed" classname="R:\Development\NinjaOne\Tests\NinjaOne.Help.Tests.ps1" assertions="0" time="0.003" />
    <testcase name="NinjaOne - Help Content.Function New-NinjaOneTicket.contains a functionality" status="Passed" classname="R:\Development\NinjaOne\Tests\NinjaOne.Help.Tests.ps1" assertions="0" time="0.003" />
    <testcase name="NinjaOne - Help Content.Function New-NinjaOneTicket.has at least one usage example" status="Failed" classname="R:\Development\NinjaOne\Tests\NinjaOne.Help.Tests.ps1" assertions="0" time="0.005">
      <failure message="Expected 'Examples' to be found in collection @('description', 'parameters', 'details', 'returnValues', 'syntax', 'relatedLinks', 'xmlns:maml', 'xmlns:command', 'xmlns:dev', 'Name', ...6 more), because at least one example is required for each function., but it was not found.">at $_.PSObject.Properties.Name | Should -Contain -ExpectedValue 'Examples' -Because 'at least one example is required for each function.', R:\Development\NinjaOne\Tests\NinjaOne.Help.Tests.ps1:49
at &lt;ScriptBlock&gt;, R:\Development\NinjaOne\Tests\NinjaOne.Help.Tests.ps1:49</failure>
    </testcase>
    <testcase name="NinjaOne - Help Content.Function New-NinjaOneTicketComment.has help content" status="Passed" classname="R:\Development\NinjaOne\Tests\NinjaOne.Help.Tests.ps1" assertions="0" time="0.003" />
    <testcase name="NinjaOne - Help Content.Function New-NinjaOneTicketComment.contains a synopsis" status="Passed" classname="R:\Development\NinjaOne\Tests\NinjaOne.Help.Tests.ps1" assertions="0" time="0.002" />
    <testcase name="NinjaOne - Help Content.Function New-NinjaOneTicketComment.contains a description" status="Passed" classname="R:\Development\NinjaOne\Tests\NinjaOne.Help.Tests.ps1" assertions="0" time="0.002" />
    <testcase name="NinjaOne - Help Content.Function New-NinjaOneTicketComment.contains a functionality" status="Passed" classname="R:\Development\NinjaOne\Tests\NinjaOne.Help.Tests.ps1" assertions="0" time="0.002" />
    <testcase name="NinjaOne - Help Content.Function New-NinjaOneTicketComment.has at least one usage example" status="Failed" classname="R:\Development\NinjaOne\Tests\NinjaOne.Help.Tests.ps1" assertions="0" time="0.005">
      <failure message="Expected 'Examples' to be found in collection @('description', 'parameters', 'details', 'returnValues', 'syntax', 'relatedLinks', 'xmlns:maml', 'xmlns:command', 'xmlns:dev', 'Name', ...6 more), because at least one example is required for each function., but it was not found.">at $_.PSObject.Properties.Name | Should -Contain -ExpectedValue 'Examples' -Because 'at least one example is required for each function.', R:\Development\NinjaOne\Tests\NinjaOne.Help.Tests.ps1:49
at &lt;ScriptBlock&gt;, R:\Development\NinjaOne\Tests\NinjaOne.Help.Tests.ps1:49</failure>
    </testcase>
    <testcase name="NinjaOne - Help Content.Function Remove-NinjaOneDeviceMaintenance.has help content" status="Passed" classname="R:\Development\NinjaOne\Tests\NinjaOne.Help.Tests.ps1" assertions="0" time="0.003" />
    <testcase name="NinjaOne - Help Content.Function Remove-NinjaOneDeviceMaintenance.contains a synopsis" status="Passed" classname="R:\Development\NinjaOne\Tests\NinjaOne.Help.Tests.ps1" assertions="0" time="0.002" />
    <testcase name="NinjaOne - Help Content.Function Remove-NinjaOneDeviceMaintenance.contains a description" status="Passed" classname="R:\Development\NinjaOne\Tests\NinjaOne.Help.Tests.ps1" assertions="0" time="0.002" />
    <testcase name="NinjaOne - Help Content.Function Remove-NinjaOneDeviceMaintenance.contains a functionality" status="Passed" classname="R:\Development\NinjaOne\Tests\NinjaOne.Help.Tests.ps1" assertions="0" time="0.002" />
    <testcase name="NinjaOne - Help Content.Function Remove-NinjaOneDeviceMaintenance.has at least one usage example" status="Failed" classname="R:\Development\NinjaOne\Tests\NinjaOne.Help.Tests.ps1" assertions="0" time="0.010">
      <failure message="Expected 'Examples' to be found in collection @('description', 'parameters', 'details', 'returnValues', 'syntax', 'relatedLinks', 'xmlns:maml', 'xmlns:command', 'xmlns:dev', 'Name', ...6 more), because at least one example is required for each function., but it was not found.">at $_.PSObject.Properties.Name | Should -Contain -ExpectedValue 'Examples' -Because 'at least one example is required for each function.', R:\Development\NinjaOne\Tests\NinjaOne.Help.Tests.ps1:49
at &lt;ScriptBlock&gt;, R:\Development\NinjaOne\Tests\NinjaOne.Help.Tests.ps1:49</failure>
    </testcase>
    <testcase name="NinjaOne - Help Content.Function Remove-NinjaOneDocumentTemplate.has help content" status="Passed" classname="R:\Development\NinjaOne\Tests\NinjaOne.Help.Tests.ps1" assertions="0" time="0.003" />
    <testcase name="NinjaOne - Help Content.Function Remove-NinjaOneDocumentTemplate.contains a synopsis" status="Passed" classname="R:\Development\NinjaOne\Tests\NinjaOne.Help.Tests.ps1" assertions="0" time="0.003" />
    <testcase name="NinjaOne - Help Content.Function Remove-NinjaOneDocumentTemplate.contains a description" status="Passed" classname="R:\Development\NinjaOne\Tests\NinjaOne.Help.Tests.ps1" assertions="0" time="0.002" />
    <testcase name="NinjaOne - Help Content.Function Remove-NinjaOneDocumentTemplate.contains a functionality" status="Passed" classname="R:\Development\NinjaOne\Tests\NinjaOne.Help.Tests.ps1" assertions="0" time="0.002" />
    <testcase name="NinjaOne - Help Content.Function Remove-NinjaOneDocumentTemplate.has at least one usage example" status="Failed" classname="R:\Development\NinjaOne\Tests\NinjaOne.Help.Tests.ps1" assertions="0" time="0.006">
      <failure message="Expected 'Examples' to be found in collection @('description', 'parameters', 'details', 'returnValues', 'syntax', 'relatedLinks', 'xmlns:maml', 'xmlns:command', 'xmlns:dev', 'Name', ...6 more), because at least one example is required for each function., but it was not found.">at $_.PSObject.Properties.Name | Should -Contain -ExpectedValue 'Examples' -Because 'at least one example is required for each function.', R:\Development\NinjaOne\Tests\NinjaOne.Help.Tests.ps1:49
at &lt;ScriptBlock&gt;, R:\Development\NinjaOne\Tests\NinjaOne.Help.Tests.ps1:49</failure>
    </testcase>
    <testcase name="NinjaOne - Help Content.Function Remove-NinjaOneWebhook.has help content" status="Passed" classname="R:\Development\NinjaOne\Tests\NinjaOne.Help.Tests.ps1" assertions="0" time="0.003" />
    <testcase name="NinjaOne - Help Content.Function Remove-NinjaOneWebhook.contains a synopsis" status="Passed" classname="R:\Development\NinjaOne\Tests\NinjaOne.Help.Tests.ps1" assertions="0" time="0.003" />
    <testcase name="NinjaOne - Help Content.Function Remove-NinjaOneWebhook.contains a description" status="Passed" classname="R:\Development\NinjaOne\Tests\NinjaOne.Help.Tests.ps1" assertions="0" time="0.002" />
    <testcase name="NinjaOne - Help Content.Function Remove-NinjaOneWebhook.contains a functionality" status="Passed" classname="R:\Development\NinjaOne\Tests\NinjaOne.Help.Tests.ps1" assertions="0" time="0.002" />
    <testcase name="NinjaOne - Help Content.Function Remove-NinjaOneWebhook.has at least one usage example" status="Failed" classname="R:\Development\NinjaOne\Tests\NinjaOne.Help.Tests.ps1" assertions="0" time="0.005">
      <failure message="Expected 'Examples' to be found in collection @('description', 'parameters', 'details', 'returnValues', 'syntax', 'relatedLinks', 'xmlns:maml', 'xmlns:command', 'xmlns:dev', 'Name', ...6 more), because at least one example is required for each function., but it was not found.">at $_.PSObject.Properties.Name | Should -Contain -ExpectedValue 'Examples' -Because 'at least one example is required for each function.', R:\Development\NinjaOne\Tests\NinjaOne.Help.Tests.ps1:49
at &lt;ScriptBlock&gt;, R:\Development\NinjaOne\Tests\NinjaOne.Help.Tests.ps1:49</failure>
    </testcase>
    <testcase name="NinjaOne - Help Content.Function Reset-NinjaOneAlert.has help content" status="Passed" classname="R:\Development\NinjaOne\Tests\NinjaOne.Help.Tests.ps1" assertions="0" time="0.003" />
    <testcase name="NinjaOne - Help Content.Function Reset-NinjaOneAlert.contains a synopsis" status="Passed" classname="R:\Development\NinjaOne\Tests\NinjaOne.Help.Tests.ps1" assertions="0" time="0.003" />
    <testcase name="NinjaOne - Help Content.Function Reset-NinjaOneAlert.contains a description" status="Passed" classname="R:\Development\NinjaOne\Tests\NinjaOne.Help.Tests.ps1" assertions="0" time="0.002" />
    <testcase name="NinjaOne - Help Content.Function Reset-NinjaOneAlert.contains a functionality" status="Passed" classname="R:\Development\NinjaOne\Tests\NinjaOne.Help.Tests.ps1" assertions="0" time="0.003" />
    <testcase name="NinjaOne - Help Content.Function Reset-NinjaOneAlert.has at least one usage example" status="Failed" classname="R:\Development\NinjaOne\Tests\NinjaOne.Help.Tests.ps1" assertions="0" time="0.009">
      <failure message="Expected 'Examples' to be found in collection @('description', 'parameters', 'details', 'returnValues', 'syntax', 'relatedLinks', 'xmlns:maml', 'xmlns:command', 'xmlns:dev', 'Name', ...6 more), because at least one example is required for each function., but it was not found.">at $_.PSObject.Properties.Name | Should -Contain -ExpectedValue 'Examples' -Because 'at least one example is required for each function.', R:\Development\NinjaOne\Tests\NinjaOne.Help.Tests.ps1:49
at &lt;ScriptBlock&gt;, R:\Development\NinjaOne\Tests\NinjaOne.Help.Tests.ps1:49</failure>
    </testcase>
    <testcase name="NinjaOne - Help Content.Function Reset-NinjaOneDevicePolicyOverrides.has help content" status="Passed" classname="R:\Development\NinjaOne\Tests\NinjaOne.Help.Tests.ps1" assertions="0" time="0.004" />
    <testcase name="NinjaOne - Help Content.Function Reset-NinjaOneDevicePolicyOverrides.contains a synopsis" status="Passed" classname="R:\Development\NinjaOne\Tests\NinjaOne.Help.Tests.ps1" assertions="0" time="0.003" />
    <testcase name="NinjaOne - Help Content.Function Reset-NinjaOneDevicePolicyOverrides.contains a description" status="Passed" classname="R:\Development\NinjaOne\Tests\NinjaOne.Help.Tests.ps1" assertions="0" time="0.003" />
    <testcase name="NinjaOne - Help Content.Function Reset-NinjaOneDevicePolicyOverrides.contains a functionality" status="Passed" classname="R:\Development\NinjaOne\Tests\NinjaOne.Help.Tests.ps1" assertions="0" time="0.002" />
    <testcase name="NinjaOne - Help Content.Function Reset-NinjaOneDevicePolicyOverrides.has at least one usage example" status="Failed" classname="R:\Development\NinjaOne\Tests\NinjaOne.Help.Tests.ps1" assertions="0" time="0.005">
      <failure message="Expected 'Examples' to be found in collection @('description', 'parameters', 'details', 'returnValues', 'syntax', 'relatedLinks', 'xmlns:maml', 'xmlns:command', 'xmlns:dev', 'Name', ...6 more), because at least one example is required for each function., but it was not found.">at $_.PSObject.Properties.Name | Should -Contain -ExpectedValue 'Examples' -Because 'at least one example is required for each function.', R:\Development\NinjaOne\Tests\NinjaOne.Help.Tests.ps1:49
at &lt;ScriptBlock&gt;, R:\Development\NinjaOne\Tests\NinjaOne.Help.Tests.ps1:49</failure>
    </testcase>
    <testcase name="NinjaOne - Help Content.Function Restart-NinjaOneDevice.has help content" status="Passed" classname="R:\Development\NinjaOne\Tests\NinjaOne.Help.Tests.ps1" assertions="0" time="0.003" />
    <testcase name="NinjaOne - Help Content.Function Restart-NinjaOneDevice.contains a synopsis" status="Passed" classname="R:\Development\NinjaOne\Tests\NinjaOne.Help.Tests.ps1" assertions="0" time="0.003" />
    <testcase name="NinjaOne - Help Content.Function Restart-NinjaOneDevice.contains a description" status="Passed" classname="R:\Development\NinjaOne\Tests\NinjaOne.Help.Tests.ps1" assertions="0" time="0.002" />
    <testcase name="NinjaOne - Help Content.Function Restart-NinjaOneDevice.contains a functionality" status="Passed" classname="R:\Development\NinjaOne\Tests\NinjaOne.Help.Tests.ps1" assertions="0" time="0.002" />
    <testcase name="NinjaOne - Help Content.Function Restart-NinjaOneDevice.has at least one usage example" status="Failed" classname="R:\Development\NinjaOne\Tests\NinjaOne.Help.Tests.ps1" assertions="0" time="0.005">
      <failure message="Expected 'Examples' to be found in collection @('description', 'parameters', 'details', 'returnValues', 'syntax', 'relatedLinks', 'xmlns:maml', 'xmlns:command', 'xmlns:dev', 'Name', ...6 more), because at least one example is required for each function., but it was not found.">at $_.PSObject.Properties.Name | Should -Contain -ExpectedValue 'Examples' -Because 'at least one example is required for each function.', R:\Development\NinjaOne\Tests\NinjaOne.Help.Tests.ps1:49
at &lt;ScriptBlock&gt;, R:\Development\NinjaOne\Tests\NinjaOne.Help.Tests.ps1:49</failure>
    </testcase>
    <testcase name="NinjaOne - Help Content.Function Set-NinjaOneDevice.has help content" status="Passed" classname="R:\Development\NinjaOne\Tests\NinjaOne.Help.Tests.ps1" assertions="0" time="0.003" />
    <testcase name="NinjaOne - Help Content.Function Set-NinjaOneDevice.contains a synopsis" status="Passed" classname="R:\Development\NinjaOne\Tests\NinjaOne.Help.Tests.ps1" assertions="0" time="0.002" />
    <testcase name="NinjaOne - Help Content.Function Set-NinjaOneDevice.contains a description" status="Passed" classname="R:\Development\NinjaOne\Tests\NinjaOne.Help.Tests.ps1" assertions="0" time="0.003" />
    <testcase name="NinjaOne - Help Content.Function Set-NinjaOneDevice.contains a functionality" status="Passed" classname="R:\Development\NinjaOne\Tests\NinjaOne.Help.Tests.ps1" assertions="0" time="0.003" />
    <testcase name="NinjaOne - Help Content.Function Set-NinjaOneDevice.has at least one usage example" status="Failed" classname="R:\Development\NinjaOne\Tests\NinjaOne.Help.Tests.ps1" assertions="0" time="0.009">
      <failure message="Expected 'Examples' to be found in collection @('description', 'parameters', 'details', 'returnValues', 'syntax', 'relatedLinks', 'xmlns:maml', 'xmlns:command', 'xmlns:dev', 'Name', ...6 more), because at least one example is required for each function., but it was not found.">at $_.PSObject.Properties.Name | Should -Contain -ExpectedValue 'Examples' -Because 'at least one example is required for each function.', R:\Development\NinjaOne\Tests\NinjaOne.Help.Tests.ps1:49
at &lt;ScriptBlock&gt;, R:\Development\NinjaOne\Tests\NinjaOne.Help.Tests.ps1:49</failure>
    </testcase>
    <testcase name="NinjaOne - Help Content.Function Set-NinjaOneDeviceApproval.has help content" status="Passed" classname="R:\Development\NinjaOne\Tests\NinjaOne.Help.Tests.ps1" assertions="0" time="0.003" />
    <testcase name="NinjaOne - Help Content.Function Set-NinjaOneDeviceApproval.contains a synopsis" status="Passed" classname="R:\Development\NinjaOne\Tests\NinjaOne.Help.Tests.ps1" assertions="0" time="0.003" />
    <testcase name="NinjaOne - Help Content.Function Set-NinjaOneDeviceApproval.contains a description" status="Passed" classname="R:\Development\NinjaOne\Tests\NinjaOne.Help.Tests.ps1" assertions="0" time="0.003" />
    <testcase name="NinjaOne - Help Content.Function Set-NinjaOneDeviceApproval.contains a functionality" status="Passed" classname="R:\Development\NinjaOne\Tests\NinjaOne.Help.Tests.ps1" assertions="0" time="0.004" />
    <testcase name="NinjaOne - Help Content.Function Set-NinjaOneDeviceApproval.has at least one usage example" status="Failed" classname="R:\Development\NinjaOne\Tests\NinjaOne.Help.Tests.ps1" assertions="0" time="0.008">
      <failure message="Expected 'Examples' to be found in collection @('description', 'parameters', 'details', 'returnValues', 'syntax', 'relatedLinks', 'xmlns:maml', 'xmlns:command', 'xmlns:dev', 'Name', ...6 more), because at least one example is required for each function., but it was not found.">at $_.PSObject.Properties.Name | Should -Contain -ExpectedValue 'Examples' -Because 'at least one example is required for each function.', R:\Development\NinjaOne\Tests\NinjaOne.Help.Tests.ps1:49
at &lt;ScriptBlock&gt;, R:\Development\NinjaOne\Tests\NinjaOne.Help.Tests.ps1:49</failure>
    </testcase>
    <testcase name="NinjaOne - Help Content.Function Set-NinjaOneDeviceCustomFields.has help content" status="Passed" classname="R:\Development\NinjaOne\Tests\NinjaOne.Help.Tests.ps1" assertions="0" time="0.003" />
    <testcase name="NinjaOne - Help Content.Function Set-NinjaOneDeviceCustomFields.contains a synopsis" status="Passed" classname="R:\Development\NinjaOne\Tests\NinjaOne.Help.Tests.ps1" assertions="0" time="0.003" />
    <testcase name="NinjaOne - Help Content.Function Set-NinjaOneDeviceCustomFields.contains a description" status="Passed" classname="R:\Development\NinjaOne\Tests\NinjaOne.Help.Tests.ps1" assertions="0" time="0.003" />
    <testcase name="NinjaOne - Help Content.Function Set-NinjaOneDeviceCustomFields.contains a functionality" status="Passed" classname="R:\Development\NinjaOne\Tests\NinjaOne.Help.Tests.ps1" assertions="0" time="0.003" />
    <testcase name="NinjaOne - Help Content.Function Set-NinjaOneDeviceCustomFields.has at least one usage example" status="Passed" classname="R:\Development\NinjaOne\Tests\NinjaOne.Help.Tests.ps1" assertions="0" time="0.003" />
    <testcase name="NinjaOne - Help Content.Function Set-NinjaOneDeviceCustomFields.has a title for each example" status="Passed" classname="R:\Development\NinjaOne\Tests\NinjaOne.Help.Tests.ps1" assertions="0" time="0.002" />
    <testcase name="NinjaOne - Help Content.Function Set-NinjaOneDeviceCustomFields.has a description for each example" status="Passed" classname="R:\Development\NinjaOne\Tests\NinjaOne.Help.Tests.ps1" assertions="0" time="0.002" />
    <testcase name="NinjaOne - Help Content.Function Set-NinjaOneDeviceMaintenance.has help content" status="Passed" classname="R:\Development\NinjaOne\Tests\NinjaOne.Help.Tests.ps1" assertions="0" time="0.003" />
    <testcase name="NinjaOne - Help Content.Function Set-NinjaOneDeviceMaintenance.contains a synopsis" status="Passed" classname="R:\Development\NinjaOne\Tests\NinjaOne.Help.Tests.ps1" assertions="0" time="0.002" />
    <testcase name="NinjaOne - Help Content.Function Set-NinjaOneDeviceMaintenance.contains a description" status="Passed" classname="R:\Development\NinjaOne\Tests\NinjaOne.Help.Tests.ps1" assertions="0" time="0.002" />
    <testcase name="NinjaOne - Help Content.Function Set-NinjaOneDeviceMaintenance.contains a functionality" status="Passed" classname="R:\Development\NinjaOne\Tests\NinjaOne.Help.Tests.ps1" assertions="0" time="0.003" />
    <testcase name="NinjaOne - Help Content.Function Set-NinjaOneDeviceMaintenance.has at least one usage example" status="Failed" classname="R:\Development\NinjaOne\Tests\NinjaOne.Help.Tests.ps1" assertions="0" time="0.009">
      <failure message="Expected 'Examples' to be found in collection @('description', 'parameters', 'details', 'returnValues', 'syntax', 'relatedLinks', 'xmlns:maml', 'xmlns:command', 'xmlns:dev', 'Name', ...6 more), because at least one example is required for each function., but it was not found.">at $_.PSObject.Properties.Name | Should -Contain -ExpectedValue 'Examples' -Because 'at least one example is required for each function.', R:\Development\NinjaOne\Tests\NinjaOne.Help.Tests.ps1:49
at &lt;ScriptBlock&gt;, R:\Development\NinjaOne\Tests\NinjaOne.Help.Tests.ps1:49</failure>
    </testcase>
    <testcase name="NinjaOne - Help Content.Function Set-NinjaOneDocumentTemplate.has help content" status="Passed" classname="R:\Development\NinjaOne\Tests\NinjaOne.Help.Tests.ps1" assertions="0" time="0.003" />
    <testcase name="NinjaOne - Help Content.Function Set-NinjaOneDocumentTemplate.contains a synopsis" status="Passed" classname="R:\Development\NinjaOne\Tests\NinjaOne.Help.Tests.ps1" assertions="0" time="0.002" />
    <testcase name="NinjaOne - Help Content.Function Set-NinjaOneDocumentTemplate.contains a description" status="Passed" classname="R:\Development\NinjaOne\Tests\NinjaOne.Help.Tests.ps1" assertions="0" time="0.002" />
    <testcase name="NinjaOne - Help Content.Function Set-NinjaOneDocumentTemplate.contains a functionality" status="Passed" classname="R:\Development\NinjaOne\Tests\NinjaOne.Help.Tests.ps1" assertions="0" time="0.002" />
    <testcase name="NinjaOne - Help Content.Function Set-NinjaOneDocumentTemplate.has at least one usage example" status="Failed" classname="R:\Development\NinjaOne\Tests\NinjaOne.Help.Tests.ps1" assertions="0" time="0.005">
      <failure message="Expected 'Examples' to be found in collection @('description', 'parameters', 'details', 'returnValues', 'syntax', 'relatedLinks', 'xmlns:maml', 'xmlns:command', 'xmlns:dev', 'Name', ...6 more), because at least one example is required for each function., but it was not found.">at $_.PSObject.Properties.Name | Should -Contain -ExpectedValue 'Examples' -Because 'at least one example is required for each function.', R:\Development\NinjaOne\Tests\NinjaOne.Help.Tests.ps1:49
at &lt;ScriptBlock&gt;, R:\Development\NinjaOne\Tests\NinjaOne.Help.Tests.ps1:49</failure>
    </testcase>
    <testcase name="NinjaOne - Help Content.Function Set-NinjaOneLocation.has help content" status="Passed" classname="R:\Development\NinjaOne\Tests\NinjaOne.Help.Tests.ps1" assertions="0" time="0.003" />
    <testcase name="NinjaOne - Help Content.Function Set-NinjaOneLocation.contains a synopsis" status="Passed" classname="R:\Development\NinjaOne\Tests\NinjaOne.Help.Tests.ps1" assertions="0" time="0.003" />
    <testcase name="NinjaOne - Help Content.Function Set-NinjaOneLocation.contains a description" status="Passed" classname="R:\Development\NinjaOne\Tests\NinjaOne.Help.Tests.ps1" assertions="0" time="0.003" />
    <testcase name="NinjaOne - Help Content.Function Set-NinjaOneLocation.contains a functionality" status="Passed" classname="R:\Development\NinjaOne\Tests\NinjaOne.Help.Tests.ps1" assertions="0" time="0.002" />
    <testcase name="NinjaOne - Help Content.Function Set-NinjaOneLocation.has at least one usage example" status="Failed" classname="R:\Development\NinjaOne\Tests\NinjaOne.Help.Tests.ps1" assertions="0" time="0.005">
      <failure message="Expected 'Examples' to be found in collection @('description', 'parameters', 'details', 'returnValues', 'syntax', 'relatedLinks', 'xmlns:maml', 'xmlns:command', 'xmlns:dev', 'Name', ...6 more), because at least one example is required for each function., but it was not found.">at $_.PSObject.Properties.Name | Should -Contain -ExpectedValue 'Examples' -Because 'at least one example is required for each function.', R:\Development\NinjaOne\Tests\NinjaOne.Help.Tests.ps1:49
at &lt;ScriptBlock&gt;, R:\Development\NinjaOne\Tests\NinjaOne.Help.Tests.ps1:49</failure>
    </testcase>
    <testcase name="NinjaOne - Help Content.Function Set-NinjaOneLocationCustomFields.has help content" status="Passed" classname="R:\Development\NinjaOne\Tests\NinjaOne.Help.Tests.ps1" assertions="0" time="0.004" />
    <testcase name="NinjaOne - Help Content.Function Set-NinjaOneLocationCustomFields.contains a synopsis" status="Passed" classname="R:\Development\NinjaOne\Tests\NinjaOne.Help.Tests.ps1" assertions="0" time="0.003" />
    <testcase name="NinjaOne - Help Content.Function Set-NinjaOneLocationCustomFields.contains a description" status="Passed" classname="R:\Development\NinjaOne\Tests\NinjaOne.Help.Tests.ps1" assertions="0" time="0.003" />
    <testcase name="NinjaOne - Help Content.Function Set-NinjaOneLocationCustomFields.contains a functionality" status="Passed" classname="R:\Development\NinjaOne\Tests\NinjaOne.Help.Tests.ps1" assertions="0" time="0.003" />
    <testcase name="NinjaOne - Help Content.Function Set-NinjaOneLocationCustomFields.has at least one usage example" status="Passed" classname="R:\Development\NinjaOne\Tests\NinjaOne.Help.Tests.ps1" assertions="0" time="0.008" />
    <testcase name="NinjaOne - Help Content.Function Set-NinjaOneLocationCustomFields.has a title for each example" status="Passed" classname="R:\Development\NinjaOne\Tests\NinjaOne.Help.Tests.ps1" assertions="0" time="0.002" />
    <testcase name="NinjaOne - Help Content.Function Set-NinjaOneLocationCustomFields.has a description for each example" status="Passed" classname="R:\Development\NinjaOne\Tests\NinjaOne.Help.Tests.ps1" assertions="0" time="0.003" />
    <testcase name="NinjaOne - Help Content.Function Set-NinjaOneOrganisation.has help content" status="Passed" classname="R:\Development\NinjaOne\Tests\NinjaOne.Help.Tests.ps1" assertions="0" time="0.003" />
    <testcase name="NinjaOne - Help Content.Function Set-NinjaOneOrganisation.contains a synopsis" status="Passed" classname="R:\Development\NinjaOne\Tests\NinjaOne.Help.Tests.ps1" assertions="0" time="0.002" />
    <testcase name="NinjaOne - Help Content.Function Set-NinjaOneOrganisation.contains a description" status="Passed" classname="R:\Development\NinjaOne\Tests\NinjaOne.Help.Tests.ps1" assertions="0" time="0.002" />
    <testcase name="NinjaOne - Help Content.Function Set-NinjaOneOrganisation.contains a functionality" status="Passed" classname="R:\Development\NinjaOne\Tests\NinjaOne.Help.Tests.ps1" assertions="0" time="0.002" />
    <testcase name="NinjaOne - Help Content.Function Set-NinjaOneOrganisation.has at least one usage example" status="Failed" classname="R:\Development\NinjaOne\Tests\NinjaOne.Help.Tests.ps1" assertions="0" time="0.005">
      <failure message="Expected 'Examples' to be found in collection @('description', 'parameters', 'details', 'returnValues', 'syntax', 'relatedLinks', 'xmlns:maml', 'xmlns:command', 'xmlns:dev', 'Name', ...6 more), because at least one example is required for each function., but it was not found.">at $_.PSObject.Properties.Name | Should -Contain -ExpectedValue 'Examples' -Because 'at least one example is required for each function.', R:\Development\NinjaOne\Tests\NinjaOne.Help.Tests.ps1:49
at &lt;ScriptBlock&gt;, R:\Development\NinjaOne\Tests\NinjaOne.Help.Tests.ps1:49</failure>
    </testcase>
    <testcase name="NinjaOne - Help Content.Function Set-NinjaOneOrganisationCustomFields.has help content" status="Passed" classname="R:\Development\NinjaOne\Tests\NinjaOne.Help.Tests.ps1" assertions="0" time="0.003" />
    <testcase name="NinjaOne - Help Content.Function Set-NinjaOneOrganisationCustomFields.contains a synopsis" status="Passed" classname="R:\Development\NinjaOne\Tests\NinjaOne.Help.Tests.ps1" assertions="0" time="0.002" />
    <testcase name="NinjaOne - Help Content.Function Set-NinjaOneOrganisationCustomFields.contains a description" status="Passed" classname="R:\Development\NinjaOne\Tests\NinjaOne.Help.Tests.ps1" assertions="0" time="0.002" />
    <testcase name="NinjaOne - Help Content.Function Set-NinjaOneOrganisationCustomFields.contains a functionality" status="Passed" classname="R:\Development\NinjaOne\Tests\NinjaOne.Help.Tests.ps1" assertions="0" time="0.002" />
    <testcase name="NinjaOne - Help Content.Function Set-NinjaOneOrganisationCustomFields.has at least one usage example" status="Passed" classname="R:\Development\NinjaOne\Tests\NinjaOne.Help.Tests.ps1" assertions="0" time="0.004" />
    <testcase name="NinjaOne - Help Content.Function Set-NinjaOneOrganisationCustomFields.has a title for each example" status="Passed" classname="R:\Development\NinjaOne\Tests\NinjaOne.Help.Tests.ps1" assertions="0" time="0.002" />
    <testcase name="NinjaOne - Help Content.Function Set-NinjaOneOrganisationCustomFields.has a description for each example" status="Passed" classname="R:\Development\NinjaOne\Tests\NinjaOne.Help.Tests.ps1" assertions="0" time="0.002" />
    <testcase name="NinjaOne - Help Content.Function Set-NinjaOneOrganisationDocument.has help content" status="Passed" classname="R:\Development\NinjaOne\Tests\NinjaOne.Help.Tests.ps1" assertions="0" time="0.003" />
    <testcase name="NinjaOne - Help Content.Function Set-NinjaOneOrganisationDocument.contains a synopsis" status="Passed" classname="R:\Development\NinjaOne\Tests\NinjaOne.Help.Tests.ps1" assertions="0" time="0.002" />
    <testcase name="NinjaOne - Help Content.Function Set-NinjaOneOrganisationDocument.contains a description" status="Passed" classname="R:\Development\NinjaOne\Tests\NinjaOne.Help.Tests.ps1" assertions="0" time="0.002" />
    <testcase name="NinjaOne - Help Content.Function Set-NinjaOneOrganisationDocument.contains a functionality" status="Passed" classname="R:\Development\NinjaOne\Tests\NinjaOne.Help.Tests.ps1" assertions="0" time="0.007" />
    <testcase name="NinjaOne - Help Content.Function Set-NinjaOneOrganisationDocument.has at least one usage example" status="Failed" classname="R:\Development\NinjaOne\Tests\NinjaOne.Help.Tests.ps1" assertions="0" time="0.005">
      <failure message="Expected 'Examples' to be found in collection @('description', 'parameters', 'details', 'returnValues', 'syntax', 'relatedLinks', 'xmlns:maml', 'xmlns:command', 'xmlns:dev', 'Name', ...6 more), because at least one example is required for each function., but it was not found.">at $_.PSObject.Properties.Name | Should -Contain -ExpectedValue 'Examples' -Because 'at least one example is required for each function.', R:\Development\NinjaOne\Tests\NinjaOne.Help.Tests.ps1:49
at &lt;ScriptBlock&gt;, R:\Development\NinjaOne\Tests\NinjaOne.Help.Tests.ps1:49</failure>
    </testcase>
    <testcase name="NinjaOne - Help Content.Function Set-NinjaOneOrganisationDocuments.has help content" status="Passed" classname="R:\Development\NinjaOne\Tests\NinjaOne.Help.Tests.ps1" assertions="0" time="0.003" />
    <testcase name="NinjaOne - Help Content.Function Set-NinjaOneOrganisationDocuments.contains a synopsis" status="Passed" classname="R:\Development\NinjaOne\Tests\NinjaOne.Help.Tests.ps1" assertions="0" time="0.002" />
    <testcase name="NinjaOne - Help Content.Function Set-NinjaOneOrganisationDocuments.contains a description" status="Passed" classname="R:\Development\NinjaOne\Tests\NinjaOne.Help.Tests.ps1" assertions="0" time="0.002" />
    <testcase name="NinjaOne - Help Content.Function Set-NinjaOneOrganisationDocuments.contains a functionality" status="Passed" classname="R:\Development\NinjaOne\Tests\NinjaOne.Help.Tests.ps1" assertions="0" time="0.002" />
    <testcase name="NinjaOne - Help Content.Function Set-NinjaOneOrganisationDocuments.has at least one usage example" status="Failed" classname="R:\Development\NinjaOne\Tests\NinjaOne.Help.Tests.ps1" assertions="0" time="0.005">
      <failure message="Expected 'Examples' to be found in collection @('description', 'parameters', 'details', 'returnValues', 'syntax', 'relatedLinks', 'xmlns:maml', 'xmlns:command', 'xmlns:dev', 'Name', ...6 more), because at least one example is required for each function., but it was not found.">at $_.PSObject.Properties.Name | Should -Contain -ExpectedValue 'Examples' -Because 'at least one example is required for each function.', R:\Development\NinjaOne\Tests\NinjaOne.Help.Tests.ps1:49
at &lt;ScriptBlock&gt;, R:\Development\NinjaOne\Tests\NinjaOne.Help.Tests.ps1:49</failure>
    </testcase>
    <testcase name="NinjaOne - Help Content.Function Set-NinjaOneOrganisationPolicies.has help content" status="Passed" classname="R:\Development\NinjaOne\Tests\NinjaOne.Help.Tests.ps1" assertions="0" time="0.003" />
    <testcase name="NinjaOne - Help Content.Function Set-NinjaOneOrganisationPolicies.contains a synopsis" status="Passed" classname="R:\Development\NinjaOne\Tests\NinjaOne.Help.Tests.ps1" assertions="0" time="0.002" />
    <testcase name="NinjaOne - Help Content.Function Set-NinjaOneOrganisationPolicies.contains a description" status="Passed" classname="R:\Development\NinjaOne\Tests\NinjaOne.Help.Tests.ps1" assertions="0" time="0.002" />
    <testcase name="NinjaOne - Help Content.Function Set-NinjaOneOrganisationPolicies.contains a functionality" status="Passed" classname="R:\Development\NinjaOne\Tests\NinjaOne.Help.Tests.ps1" assertions="0" time="0.002" />
    <testcase name="NinjaOne - Help Content.Function Set-NinjaOneOrganisationPolicies.has at least one usage example" status="Failed" classname="R:\Development\NinjaOne\Tests\NinjaOne.Help.Tests.ps1" assertions="0" time="0.005">
      <failure message="Expected 'Examples' to be found in collection @('description', 'parameters', 'details', 'returnValues', 'syntax', 'relatedLinks', 'xmlns:maml', 'xmlns:command', 'xmlns:dev', 'Name', ...6 more), because at least one example is required for each function., but it was not found.">at $_.PSObject.Properties.Name | Should -Contain -ExpectedValue 'Examples' -Because 'at least one example is required for each function.', R:\Development\NinjaOne\Tests\NinjaOne.Help.Tests.ps1:49
at &lt;ScriptBlock&gt;, R:\Development\NinjaOne\Tests\NinjaOne.Help.Tests.ps1:49</failure>
    </testcase>
    <testcase name="NinjaOne - Help Content.Function Set-NinjaOneTicket.has help content" status="Passed" classname="R:\Development\NinjaOne\Tests\NinjaOne.Help.Tests.ps1" assertions="0" time="0.003" />
    <testcase name="NinjaOne - Help Content.Function Set-NinjaOneTicket.contains a synopsis" status="Passed" classname="R:\Development\NinjaOne\Tests\NinjaOne.Help.Tests.ps1" assertions="0" time="0.002" />
    <testcase name="NinjaOne - Help Content.Function Set-NinjaOneTicket.contains a description" status="Passed" classname="R:\Development\NinjaOne\Tests\NinjaOne.Help.Tests.ps1" assertions="0" time="0.002" />
    <testcase name="NinjaOne - Help Content.Function Set-NinjaOneTicket.contains a functionality" status="Passed" classname="R:\Development\NinjaOne\Tests\NinjaOne.Help.Tests.ps1" assertions="0" time="0.005" />
    <testcase name="NinjaOne - Help Content.Function Set-NinjaOneTicket.has at least one usage example" status="Failed" classname="R:\Development\NinjaOne\Tests\NinjaOne.Help.Tests.ps1" assertions="0" time="0.009">
      <failure message="Expected 'Examples' to be found in collection @('description', 'parameters', 'details', 'returnValues', 'syntax', 'relatedLinks', 'xmlns:maml', 'xmlns:command', 'xmlns:dev', 'Name', ...6 more), because at least one example is required for each function., but it was not found.">at $_.PSObject.Properties.Name | Should -Contain -ExpectedValue 'Examples' -Because 'at least one example is required for each function.', R:\Development\NinjaOne\Tests\NinjaOne.Help.Tests.ps1:49
at &lt;ScriptBlock&gt;, R:\Development\NinjaOne\Tests\NinjaOne.Help.Tests.ps1:49</failure>
    </testcase>
    <testcase name="NinjaOne - Help Content.Function Set-NinjaOneWindowsServiceConfiguration.has help content" status="Passed" classname="R:\Development\NinjaOne\Tests\NinjaOne.Help.Tests.ps1" assertions="0" time="0.003" />
    <testcase name="NinjaOne - Help Content.Function Set-NinjaOneWindowsServiceConfiguration.contains a synopsis" status="Passed" classname="R:\Development\NinjaOne\Tests\NinjaOne.Help.Tests.ps1" assertions="0" time="0.003" />
    <testcase name="NinjaOne - Help Content.Function Set-NinjaOneWindowsServiceConfiguration.contains a description" status="Passed" classname="R:\Development\NinjaOne\Tests\NinjaOne.Help.Tests.ps1" assertions="0" time="0.003" />
    <testcase name="NinjaOne - Help Content.Function Set-NinjaOneWindowsServiceConfiguration.contains a functionality" status="Passed" classname="R:\Development\NinjaOne\Tests\NinjaOne.Help.Tests.ps1" assertions="0" time="0.002" />
    <testcase name="NinjaOne - Help Content.Function Set-NinjaOneWindowsServiceConfiguration.has at least one usage example" status="Passed" classname="R:\Development\NinjaOne\Tests\NinjaOne.Help.Tests.ps1" assertions="0" time="0.003" />
    <testcase name="NinjaOne - Help Content.Function Set-NinjaOneWindowsServiceConfiguration.has a title for each example" status="Passed" classname="R:\Development\NinjaOne\Tests\NinjaOne.Help.Tests.ps1" assertions="0" time="0.002" />
    <testcase name="NinjaOne - Help Content.Function Set-NinjaOneWindowsServiceConfiguration.has a description for each example" status="Passed" classname="R:\Development\NinjaOne\Tests\NinjaOne.Help.Tests.ps1" assertions="0" time="0.002" />
    <testcase name="NinjaOne - Help Content.Function Update-NinjaOneWebhook.has help content" status="Passed" classname="R:\Development\NinjaOne\Tests\NinjaOne.Help.Tests.ps1" assertions="0" time="0.003" />
    <testcase name="NinjaOne - Help Content.Function Update-NinjaOneWebhook.contains a synopsis" status="Passed" classname="R:\Development\NinjaOne\Tests\NinjaOne.Help.Tests.ps1" assertions="0" time="0.002" />
    <testcase name="NinjaOne - Help Content.Function Update-NinjaOneWebhook.contains a description" status="Passed" classname="R:\Development\NinjaOne\Tests\NinjaOne.Help.Tests.ps1" assertions="0" time="0.002" />
    <testcase name="NinjaOne - Help Content.Function Update-NinjaOneWebhook.contains a functionality" status="Passed" classname="R:\Development\NinjaOne\Tests\NinjaOne.Help.Tests.ps1" assertions="0" time="0.002" />
    <testcase name="NinjaOne - Help Content.Function Update-NinjaOneWebhook.has at least one usage example" status="Failed" classname="R:\Development\NinjaOne\Tests\NinjaOne.Help.Tests.ps1" assertions="0" time="0.005">
      <failure message="Expected 'Examples' to be found in collection @('details', 'syntax', 'returnValues', 'parameters', 'description', 'xmlns:maml', 'xmlns:command', 'xmlns:dev', 'Name', 'Category', ...5 more), because at least one example is required for each function., but it was not found.">at $_.PSObject.Properties.Name | Should -Contain -ExpectedValue 'Examples' -Because 'at least one example is required for each function.', R:\Development\NinjaOne\Tests\NinjaOne.Help.Tests.ps1:49
at &lt;ScriptBlock&gt;, R:\Development\NinjaOne\Tests\NinjaOne.Help.Tests.ps1:49</failure>
    </testcase>
  </testsuite>
</testsuites>