<?xml version="1.0" encoding="utf-8" standalone="no"?>
<test-results xmlns:xsi="http://www.w3.org/2001/XMLSchema-instance" xsi:noNamespaceSchemaLocation="nunit_schema_2.5.xsd" name="Pester" total="838" errors="0" failures="20" not-run="0" inconclusive="0" ignored="0" skipped="0" invalid="0" date="2023-11-22" time="13:22:05">
  <environment os-version="10.0.22631" user="MichaelO'Toole" user-domain="AzureAD" nunit-version="2.5.8.0" clr-version="8.0.0" machine-name="DEEPTHOUGHT" platform="Microsoft Windows 11 Pro|C:\Windows|\Device\Harddisk6\Partition3" cwd="R:\Development\NinjaOne" />
  <culture-info current-culture="en-GB" current-uiculture="en-GB" />
  <test-suite type="TestFixture" name="Pester" executed="True" result="Failure" success="False" time="5.1965" asserts="0" description="Pester">
    <results>
      <test-suite type="TestFixture" name="R:\Development\NinjaOne\Tests\NinjaOne.Core.Tests.ps1" executed="True" result="Success" success="True" time="0.391" asserts="0" description="R:\Development\NinjaOne\Tests\NinjaOne.Core.Tests.ps1">
        <results>
          <test-suite type="TestFixture" name="NinjaOne - Core Tests" executed="True" result="Success" success="True" time="0.1575" asserts="0" description="NinjaOne - Core Tests">
            <results>
              <test-case description="Manifest is valid" name="NinjaOne - Core Tests.Manifest is valid" time="0.1036" asserts="0" success="True" result="Success" executed="True" />
              <test-case description="Root module is correct" name="NinjaOne - Core Tests.Root module is correct" time="0.0023" asserts="0" success="True" result="Success" executed="True" />
              <test-case description="Has a description" name="NinjaOne - Core Tests.Has a description" time="0.0021" asserts="0" success="True" result="Success" executed="True" />
              <test-case description="GUID is correct" name="NinjaOne - Core Tests.GUID is correct" time="0.0023" asserts="0" success="True" result="Success" executed="True" />
              <test-case description="Version is valid" name="NinjaOne - Core Tests.Version is valid" time="0.0019" asserts="0" success="True" result="Success" executed="True" />
              <test-case description="Copyright is present" name="NinjaOne - Core Tests.Copyright is present" time="0.002" asserts="0" success="True" result="Success" executed="True" />
              <test-case description="License URI is correct" name="NinjaOne - Core Tests.License URI is correct" time="0.0104" asserts="0" success="True" result="Success" executed="True" />
              <test-case description="Project URI is correct" name="NinjaOne - Core Tests.Project URI is correct" time="0.0022" asserts="0" success="True" result="Success" executed="True" />
              <test-case description="PowerShell Gallery tags is not empty" name="NinjaOne - Core Tests.PowerShell Gallery tags is not empty" time="0.0024" asserts="0" success="True" result="Success" executed="True" />
              <test-case description="PowerShell Gallery tags do not contain spaces" name="NinjaOne - Core Tests.PowerShell Gallery tags do not contain spaces" time="0.0081" asserts="0" success="True" result="Success" executed="True" />
            </results>
          </test-suite>
          <test-suite type="TestFixture" name="NinjaOne - Module Load Test" executed="True" result="Success" success="True" time="0.1795" asserts="0" description="NinjaOne - Module Load Test">
            <results>
              <test-case description="Passed Module load" name="NinjaOne - Module Load Test.Passed Module load" time="0.0036" asserts="0" success="True" result="Success" executed="True" />
            </results>
          </test-suite>
        </results>
      </test-suite>
      <test-suite type="TestFixture" name="R:\Development\NinjaOne\Tests\NinjaOne.Help.Tests.ps1" executed="True" result="Failure" success="False" time="4.8055" asserts="0" description="R:\Development\NinjaOne\Tests\NinjaOne.Help.Tests.ps1">
        <results>
          <test-suite type="TestFixture" name="NinjaOne - Help Content" executed="True" result="Failure" success="False" time="3.9787" asserts="0" description="NinjaOne - Help Content">
            <results>
              <test-suite type="TestFixture" name="NinjaOne - Help Content.Function Connect-NinjaOne" executed="True" result="Success" success="True" time="0.0564" asserts="0" description="NinjaOne - Help Content.Function Connect-NinjaOne">
                <results>
                  <test-suite type="ParameterizedTest" name="NinjaOne - Help Content.Function &lt;_&gt;.has help content" executed="True" result="Success" success="True" time="0.0034" asserts="0" description="has help content">
                    <results>
                      <test-case description="has help content" name="NinjaOne - Help Content.Function Connect-NinjaOne.has help content" time="0.0034" asserts="0" success="True" result="Success" executed="True" />
                    </results>
                  </test-suite>
                  <test-suite type="ParameterizedTest" name="NinjaOne - Help Content.Function &lt;_&gt;.contains a synopsis" executed="True" result="Success" success="True" time="0.0022" asserts="0" description="contains a synopsis">
                    <results>
                      <test-case description="contains a synopsis" name="NinjaOne - Help Content.Function Connect-NinjaOne.contains a synopsis" time="0.0022" asserts="0" success="True" result="Success" executed="True" />
                    </results>
                  </test-suite>
                  <test-suite type="ParameterizedTest" name="NinjaOne - Help Content.Function &lt;_&gt;.contains a description" executed="True" result="Success" success="True" time="0.0024" asserts="0" description="contains a description">
                    <results>
                      <test-case description="contains a description" name="NinjaOne - Help Content.Function Connect-NinjaOne.contains a description" time="0.0024" asserts="0" success="True" result="Success" executed="True" />
                    </results>
                  </test-suite>
                  <test-suite type="ParameterizedTest" name="NinjaOne - Help Content.Function &lt;_&gt;.contains a functionality" executed="True" result="Success" success="True" time="0.0022" asserts="0" description="contains a functionality">
                    <results>
                      <test-case description="contains a functionality" name="NinjaOne - Help Content.Function Connect-NinjaOne.contains a functionality" time="0.0022" asserts="0" success="True" result="Success" executed="True" />
                    </results>
                  </test-suite>
                  <test-suite type="ParameterizedTest" name="NinjaOne - Help Content.Function &lt;_&gt;.has at least one usage example" executed="True" result="Success" success="True" time="0.0025" asserts="0" description="has at least one usage example">
                    <results>
                      <test-case description="has at least one usage example" name="NinjaOne - Help Content.Function Connect-NinjaOne.has at least one usage example" time="0.0025" asserts="0" success="True" result="Success" executed="True" />
                    </results>
                  </test-suite>
                  <test-suite type="ParameterizedTest" name="NinjaOne - Help Content.Function &lt;_&gt;.has a title for each example" executed="True" result="Success" success="True" time="0.0045" asserts="0" description="has a title for each example">
                    <results>
                      <test-case description="has a title for each example" name="NinjaOne - Help Content.Function Connect-NinjaOne.has a title for each example" time="0.0023" asserts="0" success="True" result="Success" executed="True" />
                      <test-case description="has a title for each example" name="NinjaOne - Help Content.Function Connect-NinjaOne.has a title for each example" time="0.0022" asserts="0" success="True" result="Success" executed="True" />
                    </results>
                  </test-suite>
                  <test-suite type="ParameterizedTest" name="NinjaOne - Help Content.Function &lt;_&gt;.has a description for each example" executed="True" result="Success" success="True" time="0.0164" asserts="0" description="has a description for each example">
                    <results>
                      <test-case description="has a description for each example" name="NinjaOne - Help Content.Function Connect-NinjaOne.has a description for each example" time="0.0024" asserts="0" success="True" result="Success" executed="True" />
                      <test-case description="has a description for each example" name="NinjaOne - Help Content.Function Connect-NinjaOne.has a description for each example" time="0.0141" asserts="0" success="True" result="Success" executed="True" />
                    </results>
                  </test-suite>
                </results>
              </test-suite>
              <test-suite type="TestFixture" name="NinjaOne - Help Content.Function Find-NinjaOneDevices" executed="True" result="Success" success="True" time="0.0957" asserts="0" description="NinjaOne - Help Content.Function Find-NinjaOneDevices">
                <results>
                  <test-suite type="ParameterizedTest" name="NinjaOne - Help Content.Function &lt;_&gt;.has help content" executed="True" result="Success" success="True" time="0.003" asserts="0" description="has help content">
                    <results>
                      <test-case description="has help content" name="NinjaOne - Help Content.Function Find-NinjaOneDevices.has help content" time="0.003" asserts="0" success="True" result="Success" executed="True" />
                    </results>
                  </test-suite>
                  <test-suite type="ParameterizedTest" name="NinjaOne - Help Content.Function &lt;_&gt;.contains a synopsis" executed="True" result="Success" success="True" time="0.0021" asserts="0" description="contains a synopsis">
                    <results>
                      <test-case description="contains a synopsis" name="NinjaOne - Help Content.Function Find-NinjaOneDevices.contains a synopsis" time="0.0021" asserts="0" success="True" result="Success" executed="True" />
                    </results>
                  </test-suite>
                  <test-suite type="ParameterizedTest" name="NinjaOne - Help Content.Function &lt;_&gt;.contains a description" executed="True" result="Success" success="True" time="0.0021" asserts="0" description="contains a description">
                    <results>
                      <test-case description="contains a description" name="NinjaOne - Help Content.Function Find-NinjaOneDevices.contains a description" time="0.0021" asserts="0" success="True" result="Success" executed="True" />
                    </results>
                  </test-suite>
                  <test-suite type="ParameterizedTest" name="NinjaOne - Help Content.Function &lt;_&gt;.contains a functionality" executed="True" result="Success" success="True" time="0.0023" asserts="0" description="contains a functionality">
                    <results>
                      <test-case description="contains a functionality" name="NinjaOne - Help Content.Function Find-NinjaOneDevices.contains a functionality" time="0.0023" asserts="0" success="True" result="Success" executed="True" />
                    </results>
                  </test-suite>
                  <test-suite type="ParameterizedTest" name="NinjaOne - Help Content.Function &lt;_&gt;.has at least one usage example" executed="True" result="Success" success="True" time="0.0022" asserts="0" description="has at least one usage example">
                    <results>
                      <test-case description="has at least one usage example" name="NinjaOne - Help Content.Function Find-NinjaOneDevices.has at least one usage example" time="0.0022" asserts="0" success="True" result="Success" executed="True" />
                    </results>
                  </test-suite>
                  <test-suite type="ParameterizedTest" name="NinjaOne - Help Content.Function &lt;_&gt;.has a title for each example" executed="True" result="Success" success="True" time="0.0047" asserts="0" description="has a title for each example">
                    <results>
                      <test-case description="has a title for each example" name="NinjaOne - Help Content.Function Find-NinjaOneDevices.has a title for each example" time="0.0022" asserts="0" success="True" result="Success" executed="True" />
                      <test-case description="has a title for each example" name="NinjaOne - Help Content.Function Find-NinjaOneDevices.has a title for each example" time="0.0024" asserts="0" success="True" result="Success" executed="True" />
                    </results>
                  </test-suite>
                  <test-suite type="ParameterizedTest" name="NinjaOne - Help Content.Function &lt;_&gt;.has a description for each example" executed="True" result="Success" success="True" time="0.0039" asserts="0" description="has a description for each example">
                    <results>
                      <test-case description="has a description for each example" name="NinjaOne - Help Content.Function Find-NinjaOneDevices.has a description for each example" time="0.002" asserts="0" success="True" result="Success" executed="True" />
                      <test-case description="has a description for each example" name="NinjaOne - Help Content.Function Find-NinjaOneDevices.has a description for each example" time="0.0019" asserts="0" success="True" result="Success" executed="True" />
                    </results>
                  </test-suite>
                </results>
              </test-suite>
              <test-suite type="TestFixture" name="NinjaOne - Help Content.Function Get-NinjaOneActivities" executed="True" result="Success" success="True" time="0.1807" asserts="0" description="NinjaOne - Help Content.Function Get-NinjaOneActivities">
                <results>
                  <test-suite type="ParameterizedTest" name="NinjaOne - Help Content.Function &lt;_&gt;.has help content" executed="True" result="Success" success="True" time="0.003" asserts="0" description="has help content">
                    <results>
                      <test-case description="has help content" name="NinjaOne - Help Content.Function Get-NinjaOneActivities.has help content" time="0.003" asserts="0" success="True" result="Success" executed="True" />
                    </results>
                  </test-suite>
                  <test-suite type="ParameterizedTest" name="NinjaOne - Help Content.Function &lt;_&gt;.contains a synopsis" executed="True" result="Success" success="True" time="0.0018" asserts="0" description="contains a synopsis">
                    <results>
                      <test-case description="contains a synopsis" name="NinjaOne - Help Content.Function Get-NinjaOneActivities.contains a synopsis" time="0.0018" asserts="0" success="True" result="Success" executed="True" />
                    </results>
                  </test-suite>
                  <test-suite type="ParameterizedTest" name="NinjaOne - Help Content.Function &lt;_&gt;.contains a description" executed="True" result="Success" success="True" time="0.0021" asserts="0" description="contains a description">
                    <results>
                      <test-case description="contains a description" name="NinjaOne - Help Content.Function Get-NinjaOneActivities.contains a description" time="0.0021" asserts="0" success="True" result="Success" executed="True" />
                    </results>
                  </test-suite>
                  <test-suite type="ParameterizedTest" name="NinjaOne - Help Content.Function &lt;_&gt;.contains a functionality" executed="True" result="Success" success="True" time="0.0019" asserts="0" description="contains a functionality">
                    <results>
                      <test-case description="contains a functionality" name="NinjaOne - Help Content.Function Get-NinjaOneActivities.contains a functionality" time="0.0019" asserts="0" success="True" result="Success" executed="True" />
                    </results>
                  </test-suite>
                  <test-suite type="ParameterizedTest" name="NinjaOne - Help Content.Function &lt;_&gt;.has at least one usage example" executed="True" result="Success" success="True" time="0.0019" asserts="0" description="has at least one usage example">
                    <results>
                      <test-case description="has at least one usage example" name="NinjaOne - Help Content.Function Get-NinjaOneActivities.has at least one usage example" time="0.0019" asserts="0" success="True" result="Success" executed="True" />
                    </results>
                  </test-suite>
                  <test-suite type="ParameterizedTest" name="NinjaOne - Help Content.Function &lt;_&gt;.has a title for each example" executed="True" result="Success" success="True" time="0.0322" asserts="0" description="has a title for each example">
                    <results>
                      <test-case description="has a title for each example" name="NinjaOne - Help Content.Function Get-NinjaOneActivities.has a title for each example" time="0.0019" asserts="0" success="True" result="Success" executed="True" />
                      <test-case description="has a title for each example" name="NinjaOne - Help Content.Function Get-NinjaOneActivities.has a title for each example" time="0.0019" asserts="0" success="True" result="Success" executed="True" />
                      <test-case description="has a title for each example" name="NinjaOne - Help Content.Function Get-NinjaOneActivities.has a title for each example" time="0.0018" asserts="0" success="True" result="Success" executed="True" />
                      <test-case description="has a title for each example" name="NinjaOne - Help Content.Function Get-NinjaOneActivities.has a title for each example" time="0.0022" asserts="0" success="True" result="Success" executed="True" />
                      <test-case description="has a title for each example" name="NinjaOne - Help Content.Function Get-NinjaOneActivities.has a title for each example" time="0.0019" asserts="0" success="True" result="Success" executed="True" />
                      <test-case description="has a title for each example" name="NinjaOne - Help Content.Function Get-NinjaOneActivities.has a title for each example" time="0.0021" asserts="0" success="True" result="Success" executed="True" />
                      <test-case description="has a title for each example" name="NinjaOne - Help Content.Function Get-NinjaOneActivities.has a title for each example" time="0.002" asserts="0" success="True" result="Success" executed="True" />
                      <test-case description="has a title for each example" name="NinjaOne - Help Content.Function Get-NinjaOneActivities.has a title for each example" time="0.002" asserts="0" success="True" result="Success" executed="True" />
                      <test-case description="has a title for each example" name="NinjaOne - Help Content.Function Get-NinjaOneActivities.has a title for each example" time="0.0018" asserts="0" success="True" result="Success" executed="True" />
                      <test-case description="has a title for each example" name="NinjaOne - Help Content.Function Get-NinjaOneActivities.has a title for each example" time="0.0021" asserts="0" success="True" result="Success" executed="True" />
                      <test-case description="has a title for each example" name="NinjaOne - Help Content.Function Get-NinjaOneActivities.has a title for each example" time="0.0125" asserts="0" success="True" result="Success" executed="True" />
                    </results>
                  </test-suite>
                  <test-suite type="ParameterizedTest" name="NinjaOne - Help Content.Function &lt;_&gt;.has a description for each example" executed="True" result="Success" success="True" time="0.0219" asserts="0" description="has a description for each example">
                    <results>
                      <test-case description="has a description for each example" name="NinjaOne - Help Content.Function Get-NinjaOneActivities.has a description for each example" time="0.0022" asserts="0" success="True" result="Success" executed="True" />
                      <test-case description="has a description for each example" name="NinjaOne - Help Content.Function Get-NinjaOneActivities.has a description for each example" time="0.0019" asserts="0" success="True" result="Success" executed="True" />
                      <test-case description="has a description for each example" name="NinjaOne - Help Content.Function Get-NinjaOneActivities.has a description for each example" time="0.0021" asserts="0" success="True" result="Success" executed="True" />
                      <test-case description="has a description for each example" name="NinjaOne - Help Content.Function Get-NinjaOneActivities.has a description for each example" time="0.002" asserts="0" success="True" result="Success" executed="True" />
                      <test-case description="has a description for each example" name="NinjaOne - Help Content.Function Get-NinjaOneActivities.has a description for each example" time="0.002" asserts="0" success="True" result="Success" executed="True" />
                      <test-case description="has a description for each example" name="NinjaOne - Help Content.Function Get-NinjaOneActivities.has a description for each example" time="0.0019" asserts="0" success="True" result="Success" executed="True" />
                      <test-case description="has a description for each example" name="NinjaOne - Help Content.Function Get-NinjaOneActivities.has a description for each example" time="0.002" asserts="0" success="True" result="Success" executed="True" />
                      <test-case description="has a description for each example" name="NinjaOne - Help Content.Function Get-NinjaOneActivities.has a description for each example" time="0.0019" asserts="0" success="True" result="Success" executed="True" />
                      <test-case description="has a description for each example" name="NinjaOne - Help Content.Function Get-NinjaOneActivities.has a description for each example" time="0.002" asserts="0" success="True" result="Success" executed="True" />
                      <test-case description="has a description for each example" name="NinjaOne - Help Content.Function Get-NinjaOneActivities.has a description for each example" time="0.0019" asserts="0" success="True" result="Success" executed="True" />
                      <test-case description="has a description for each example" name="NinjaOne - Help Content.Function Get-NinjaOneActivities.has a description for each example" time="0.0019" asserts="0" success="True" result="Success" executed="True" />
                    </results>
                  </test-suite>
                </results>
              </test-suite>
              <test-suite type="TestFixture" name="NinjaOne - Help Content.Function Get-NinjaOneAlerts" executed="True" result="Success" success="True" time="0.2222" asserts="0" description="NinjaOne - Help Content.Function Get-NinjaOneAlerts">
                <results>
                  <test-suite type="ParameterizedTest" name="NinjaOne - Help Content.Function &lt;_&gt;.has help content" executed="True" result="Success" success="True" time="0.003" asserts="0" description="has help content">
                    <results>
                      <test-case description="has help content" name="NinjaOne - Help Content.Function Get-NinjaOneAlerts.has help content" time="0.003" asserts="0" success="True" result="Success" executed="True" />
                    </results>
                  </test-suite>
                  <test-suite type="ParameterizedTest" name="NinjaOne - Help Content.Function &lt;_&gt;.contains a synopsis" executed="True" result="Success" success="True" time="0.0019" asserts="0" description="contains a synopsis">
                    <results>
                      <test-case description="contains a synopsis" name="NinjaOne - Help Content.Function Get-NinjaOneAlerts.contains a synopsis" time="0.0019" asserts="0" success="True" result="Success" executed="True" />
                    </results>
                  </test-suite>
                  <test-suite type="ParameterizedTest" name="NinjaOne - Help Content.Function &lt;_&gt;.contains a description" executed="True" result="Success" success="True" time="0.002" asserts="0" description="contains a description">
                    <results>
                      <test-case description="contains a description" name="NinjaOne - Help Content.Function Get-NinjaOneAlerts.contains a description" time="0.002" asserts="0" success="True" result="Success" executed="True" />
                    </results>
                  </test-suite>
                  <test-suite type="ParameterizedTest" name="NinjaOne - Help Content.Function &lt;_&gt;.contains a functionality" executed="True" result="Success" success="True" time="0.002" asserts="0" description="contains a functionality">
                    <results>
                      <test-case description="contains a functionality" name="NinjaOne - Help Content.Function Get-NinjaOneAlerts.contains a functionality" time="0.002" asserts="0" success="True" result="Success" executed="True" />
                    </results>
                  </test-suite>
                  <test-suite type="ParameterizedTest" name="NinjaOne - Help Content.Function &lt;_&gt;.has at least one usage example" executed="True" result="Success" success="True" time="0.0019" asserts="0" description="has at least one usage example">
                    <results>
                      <test-case description="has at least one usage example" name="NinjaOne - Help Content.Function Get-NinjaOneAlerts.has at least one usage example" time="0.0019" asserts="0" success="True" result="Success" executed="True" />
                    </results>
                  </test-suite>
                  <test-suite type="ParameterizedTest" name="NinjaOne - Help Content.Function &lt;_&gt;.has a title for each example" executed="True" result="Success" success="True" time="0.0063" asserts="0" description="has a title for each example">
                    <results>
                      <test-case description="has a title for each example" name="NinjaOne - Help Content.Function Get-NinjaOneAlerts.has a title for each example" time="0.0024" asserts="0" success="True" result="Success" executed="True" />
                      <test-case description="has a title for each example" name="NinjaOne - Help Content.Function Get-NinjaOneAlerts.has a title for each example" time="0.002" asserts="0" success="True" result="Success" executed="True" />
                      <test-case description="has a title for each example" name="NinjaOne - Help Content.Function Get-NinjaOneAlerts.has a title for each example" time="0.0019" asserts="0" success="True" result="Success" executed="True" />
                    </results>
                  </test-suite>
                  <test-suite type="ParameterizedTest" name="NinjaOne - Help Content.Function &lt;_&gt;.has a description for each example" executed="True" result="Success" success="True" time="0.0062" asserts="0" description="has a description for each example">
                    <results>
                      <test-case description="has a description for each example" name="NinjaOne - Help Content.Function Get-NinjaOneAlerts.has a description for each example" time="0.0022" asserts="0" success="True" result="Success" executed="True" />
                      <test-case description="has a description for each example" name="NinjaOne - Help Content.Function Get-NinjaOneAlerts.has a description for each example" time="0.0022" asserts="0" success="True" result="Success" executed="True" />
                      <test-case description="has a description for each example" name="NinjaOne - Help Content.Function Get-NinjaOneAlerts.has a description for each example" time="0.0019" asserts="0" success="True" result="Success" executed="True" />
                    </results>
                  </test-suite>
                </results>
              </test-suite>
              <test-suite type="TestFixture" name="NinjaOne - Help Content.Function Get-NinjaOneAntivirusStatus" executed="True" result="Success" success="True" time="0.2782" asserts="0" description="NinjaOne - Help Content.Function Get-NinjaOneAntivirusStatus">
                <results>
                  <test-suite type="ParameterizedTest" name="NinjaOne - Help Content.Function &lt;_&gt;.has help content" executed="True" result="Success" success="True" time="0.0032" asserts="0" description="has help content">
                    <results>
                      <test-case description="has help content" name="NinjaOne - Help Content.Function Get-NinjaOneAntivirusStatus.has help content" time="0.0032" asserts="0" success="True" result="Success" executed="True" />
                    </results>
                  </test-suite>
                  <test-suite type="ParameterizedTest" name="NinjaOne - Help Content.Function &lt;_&gt;.contains a synopsis" executed="True" result="Success" success="True" time="0.002" asserts="0" description="contains a synopsis">
                    <results>
                      <test-case description="contains a synopsis" name="NinjaOne - Help Content.Function Get-NinjaOneAntivirusStatus.contains a synopsis" time="0.002" asserts="0" success="True" result="Success" executed="True" />
                    </results>
                  </test-suite>
                  <test-suite type="ParameterizedTest" name="NinjaOne - Help Content.Function &lt;_&gt;.contains a description" executed="True" result="Success" success="True" time="0.0125" asserts="0" description="contains a description">
                    <results>
                      <test-case description="contains a description" name="NinjaOne - Help Content.Function Get-NinjaOneAntivirusStatus.contains a description" time="0.0125" asserts="0" success="True" result="Success" executed="True" />
                    </results>
                  </test-suite>
                  <test-suite type="ParameterizedTest" name="NinjaOne - Help Content.Function &lt;_&gt;.contains a functionality" executed="True" result="Success" success="True" time="0.002" asserts="0" description="contains a functionality">
                    <results>
                      <test-case description="contains a functionality" name="NinjaOne - Help Content.Function Get-NinjaOneAntivirusStatus.contains a functionality" time="0.002" asserts="0" success="True" result="Success" executed="True" />
                    </results>
                  </test-suite>
                  <test-suite type="ParameterizedTest" name="NinjaOne - Help Content.Function &lt;_&gt;.has at least one usage example" executed="True" result="Success" success="True" time="0.002" asserts="0" description="has at least one usage example">
                    <results>
                      <test-case description="has at least one usage example" name="NinjaOne - Help Content.Function Get-NinjaOneAntivirusStatus.has at least one usage example" time="0.002" asserts="0" success="True" result="Success" executed="True" />
                    </results>
                  </test-suite>
                  <test-suite type="ParameterizedTest" name="NinjaOne - Help Content.Function &lt;_&gt;.has a title for each example" executed="True" result="Success" success="True" time="0.0077" asserts="0" description="has a title for each example">
                    <results>
                      <test-case description="has a title for each example" name="NinjaOne - Help Content.Function Get-NinjaOneAntivirusStatus.has a title for each example" time="0.002" asserts="0" success="True" result="Success" executed="True" />
                      <test-case description="has a title for each example" name="NinjaOne - Help Content.Function Get-NinjaOneAntivirusStatus.has a title for each example" time="0.002" asserts="0" success="True" result="Success" executed="True" />
                      <test-case description="has a title for each example" name="NinjaOne - Help Content.Function Get-NinjaOneAntivirusStatus.has a title for each example" time="0.0018" asserts="0" success="True" result="Success" executed="True" />
                      <test-case description="has a title for each example" name="NinjaOne - Help Content.Function Get-NinjaOneAntivirusStatus.has a title for each example" time="0.0018" asserts="0" success="True" result="Success" executed="True" />
                    </results>
                  </test-suite>
                  <test-suite type="ParameterizedTest" name="NinjaOne - Help Content.Function &lt;_&gt;.has a description for each example" executed="True" result="Success" success="True" time="0.0081" asserts="0" description="has a description for each example">
                    <results>
                      <test-case description="has a description for each example" name="NinjaOne - Help Content.Function Get-NinjaOneAntivirusStatus.has a description for each example" time="0.0019" asserts="0" success="True" result="Success" executed="True" />
                      <test-case description="has a description for each example" name="NinjaOne - Help Content.Function Get-NinjaOneAntivirusStatus.has a description for each example" time="0.0021" asserts="0" success="True" result="Success" executed="True" />
                      <test-case description="has a description for each example" name="NinjaOne - Help Content.Function Get-NinjaOneAntivirusStatus.has a description for each example" time="0.0019" asserts="0" success="True" result="Success" executed="True" />
                      <test-case description="has a description for each example" name="NinjaOne - Help Content.Function Get-NinjaOneAntivirusStatus.has a description for each example" time="0.0022" asserts="0" success="True" result="Success" executed="True" />
                    </results>
                  </test-suite>
                </results>
              </test-suite>
              <test-suite type="TestFixture" name="NinjaOne - Help Content.Function Get-NinjaOneAntivirusThreats" executed="True" result="Success" success="True" time="0.3155" asserts="0" description="NinjaOne - Help Content.Function Get-NinjaOneAntivirusThreats">
                <results>
                  <test-suite type="ParameterizedTest" name="NinjaOne - Help Content.Function &lt;_&gt;.has help content" executed="True" result="Success" success="True" time="0.0029" asserts="0" description="has help content">
                    <results>
                      <test-case description="has help content" name="NinjaOne - Help Content.Function Get-NinjaOneAntivirusThreats.has help content" time="0.0029" asserts="0" success="True" result="Success" executed="True" />
                    </results>
                  </test-suite>
                  <test-suite type="ParameterizedTest" name="NinjaOne - Help Content.Function &lt;_&gt;.contains a synopsis" executed="True" result="Success" success="True" time="0.0018" asserts="0" description="contains a synopsis">
                    <results>
                      <test-case description="contains a synopsis" name="NinjaOne - Help Content.Function Get-NinjaOneAntivirusThreats.contains a synopsis" time="0.0018" asserts="0" success="True" result="Success" executed="True" />
                    </results>
                  </test-suite>
                  <test-suite type="ParameterizedTest" name="NinjaOne - Help Content.Function &lt;_&gt;.contains a description" executed="True" result="Success" success="True" time="0.002" asserts="0" description="contains a description">
                    <results>
                      <test-case description="contains a description" name="NinjaOne - Help Content.Function Get-NinjaOneAntivirusThreats.contains a description" time="0.002" asserts="0" success="True" result="Success" executed="True" />
                    </results>
                  </test-suite>
                  <test-suite type="ParameterizedTest" name="NinjaOne - Help Content.Function &lt;_&gt;.contains a functionality" executed="True" result="Success" success="True" time="0.0022" asserts="0" description="contains a functionality">
                    <results>
                      <test-case description="contains a functionality" name="NinjaOne - Help Content.Function Get-NinjaOneAntivirusThreats.contains a functionality" time="0.0022" asserts="0" success="True" result="Success" executed="True" />
                    </results>
                  </test-suite>
                  <test-suite type="ParameterizedTest" name="NinjaOne - Help Content.Function &lt;_&gt;.has at least one usage example" executed="True" result="Success" success="True" time="0.0018" asserts="0" description="has at least one usage example">
                    <results>
                      <test-case description="has at least one usage example" name="NinjaOne - Help Content.Function Get-NinjaOneAntivirusThreats.has at least one usage example" time="0.0018" asserts="0" success="True" result="Success" executed="True" />
                    </results>
                  </test-suite>
                  <test-suite type="ParameterizedTest" name="NinjaOne - Help Content.Function &lt;_&gt;.has a title for each example" executed="True" result="Success" success="True" time="0.004" asserts="0" description="has a title for each example">
                    <results>
                      <test-case description="has a title for each example" name="NinjaOne - Help Content.Function Get-NinjaOneAntivirusThreats.has a title for each example" time="0.002" asserts="0" success="True" result="Success" executed="True" />
                      <test-case description="has a title for each example" name="NinjaOne - Help Content.Function Get-NinjaOneAntivirusThreats.has a title for each example" time="0.002" asserts="0" success="True" result="Success" executed="True" />
                    </results>
                  </test-suite>
                  <test-suite type="ParameterizedTest" name="NinjaOne - Help Content.Function &lt;_&gt;.has a description for each example" executed="True" result="Success" success="True" time="0.0043" asserts="0" description="has a description for each example">
                    <results>
                      <test-case description="has a description for each example" name="NinjaOne - Help Content.Function Get-NinjaOneAntivirusThreats.has a description for each example" time="0.002" asserts="0" success="True" result="Success" executed="True" />
                      <test-case description="has a description for each example" name="NinjaOne - Help Content.Function Get-NinjaOneAntivirusThreats.has a description for each example" time="0.0023" asserts="0" success="True" result="Success" executed="True" />
                    </results>
                  </test-suite>
                </results>
              </test-suite>
              <test-suite type="TestFixture" name="NinjaOne - Help Content.Function Get-NinjaOneAttachment" executed="True" result="Success" success="True" time="0.3596" asserts="0" description="NinjaOne - Help Content.Function Get-NinjaOneAttachment">
                <results>
                  <test-suite type="ParameterizedTest" name="NinjaOne - Help Content.Function &lt;_&gt;.has help content" executed="True" result="Success" success="True" time="0.0028" asserts="0" description="has help content">
                    <results>
                      <test-case description="has help content" name="NinjaOne - Help Content.Function Get-NinjaOneAttachment.has help content" time="0.0028" asserts="0" success="True" result="Success" executed="True" />
                    </results>
                  </test-suite>
                  <test-suite type="ParameterizedTest" name="NinjaOne - Help Content.Function &lt;_&gt;.contains a synopsis" executed="True" result="Success" success="True" time="0.0021" asserts="0" description="contains a synopsis">
                    <results>
                      <test-case description="contains a synopsis" name="NinjaOne - Help Content.Function Get-NinjaOneAttachment.contains a synopsis" time="0.0021" asserts="0" success="True" result="Success" executed="True" />
                    </results>
                  </test-suite>
                  <test-suite type="ParameterizedTest" name="NinjaOne - Help Content.Function &lt;_&gt;.contains a description" executed="True" result="Success" success="True" time="0.0019" asserts="0" description="contains a description">
                    <results>
                      <test-case description="contains a description" name="NinjaOne - Help Content.Function Get-NinjaOneAttachment.contains a description" time="0.0019" asserts="0" success="True" result="Success" executed="True" />
                    </results>
                  </test-suite>
                  <test-suite type="ParameterizedTest" name="NinjaOne - Help Content.Function &lt;_&gt;.contains a functionality" executed="True" result="Success" success="True" time="0.0018" asserts="0" description="contains a functionality">
                    <results>
                      <test-case description="contains a functionality" name="NinjaOne - Help Content.Function Get-NinjaOneAttachment.contains a functionality" time="0.0018" asserts="0" success="True" result="Success" executed="True" />
                    </results>
                  </test-suite>
                  <test-suite type="ParameterizedTest" name="NinjaOne - Help Content.Function &lt;_&gt;.has at least one usage example" executed="True" result="Success" success="True" time="0.0019" asserts="0" description="has at least one usage example">
                    <results>
                      <test-case description="has at least one usage example" name="NinjaOne - Help Content.Function Get-NinjaOneAttachment.has at least one usage example" time="0.0019" asserts="0" success="True" result="Success" executed="True" />
                    </results>
                  </test-suite>
                  <test-suite type="ParameterizedTest" name="NinjaOne - Help Content.Function &lt;_&gt;.has a title for each example" executed="True" result="Success" success="True" time="0.0125" asserts="0" description="has a title for each example">
                    <results>
                      <test-case description="has a title for each example" name="NinjaOne - Help Content.Function Get-NinjaOneAttachment.has a title for each example" time="0.0125" asserts="0" success="True" result="Success" executed="True" />
                    </results>
                  </test-suite>
                  <test-suite type="ParameterizedTest" name="NinjaOne - Help Content.Function &lt;_&gt;.has a description for each example" executed="True" result="Success" success="True" time="0.0022" asserts="0" description="has a description for each example">
                    <results>
                      <test-case description="has a description for each example" name="NinjaOne - Help Content.Function Get-NinjaOneAttachment.has a description for each example" time="0.0022" asserts="0" success="True" result="Success" executed="True" />
                    </results>
                  </test-suite>
                </results>
              </test-suite>
              <test-suite type="TestFixture" name="NinjaOne - Help Content.Function Get-NinjaOneBackupUsage" executed="True" result="Success" success="True" time="0.4062" asserts="0" description="NinjaOne - Help Content.Function Get-NinjaOneBackupUsage">
                <results>
                  <test-suite type="ParameterizedTest" name="NinjaOne - Help Content.Function &lt;_&gt;.has help content" executed="True" result="Success" success="True" time="0.0031" asserts="0" description="has help content">
                    <results>
                      <test-case description="has help content" name="NinjaOne - Help Content.Function Get-NinjaOneBackupUsage.has help content" time="0.0031" asserts="0" success="True" result="Success" executed="True" />
                    </results>
                  </test-suite>
                  <test-suite type="ParameterizedTest" name="NinjaOne - Help Content.Function &lt;_&gt;.contains a synopsis" executed="True" result="Success" success="True" time="0.0021" asserts="0" description="contains a synopsis">
                    <results>
                      <test-case description="contains a synopsis" name="NinjaOne - Help Content.Function Get-NinjaOneBackupUsage.contains a synopsis" time="0.0021" asserts="0" success="True" result="Success" executed="True" />
                    </results>
                  </test-suite>
                  <test-suite type="ParameterizedTest" name="NinjaOne - Help Content.Function &lt;_&gt;.contains a description" executed="True" result="Success" success="True" time="0.002" asserts="0" description="contains a description">
                    <results>
                      <test-case description="contains a description" name="NinjaOne - Help Content.Function Get-NinjaOneBackupUsage.contains a description" time="0.002" asserts="0" success="True" result="Success" executed="True" />
                    </results>
                  </test-suite>
                  <test-suite type="ParameterizedTest" name="NinjaOne - Help Content.Function &lt;_&gt;.contains a functionality" executed="True" result="Success" success="True" time="0.0019" asserts="0" description="contains a functionality">
                    <results>
                      <test-case description="contains a functionality" name="NinjaOne - Help Content.Function Get-NinjaOneBackupUsage.contains a functionality" time="0.0019" asserts="0" success="True" result="Success" executed="True" />
                    </results>
                  </test-suite>
                  <test-suite type="ParameterizedTest" name="NinjaOne - Help Content.Function &lt;_&gt;.has at least one usage example" executed="True" result="Success" success="True" time="0.0022" asserts="0" description="has at least one usage example">
                    <results>
                      <test-case description="has at least one usage example" name="NinjaOne - Help Content.Function Get-NinjaOneBackupUsage.has at least one usage example" time="0.0022" asserts="0" success="True" result="Success" executed="True" />
                    </results>
                  </test-suite>
                  <test-suite type="ParameterizedTest" name="NinjaOne - Help Content.Function &lt;_&gt;.has a title for each example" executed="True" result="Success" success="True" time="0.0082" asserts="0" description="has a title for each example">
                    <results>
                      <test-case description="has a title for each example" name="NinjaOne - Help Content.Function Get-NinjaOneBackupUsage.has a title for each example" time="0.002" asserts="0" success="True" result="Success" executed="True" />
                      <test-case description="has a title for each example" name="NinjaOne - Help Content.Function Get-NinjaOneBackupUsage.has a title for each example" time="0.002" asserts="0" success="True" result="Success" executed="True" />
                      <test-case description="has a title for each example" name="NinjaOne - Help Content.Function Get-NinjaOneBackupUsage.has a title for each example" time="0.0022" asserts="0" success="True" result="Success" executed="True" />
                      <test-case description="has a title for each example" name="NinjaOne - Help Content.Function Get-NinjaOneBackupUsage.has a title for each example" time="0.002" asserts="0" success="True" result="Success" executed="True" />
                    </results>
                  </test-suite>
                  <test-suite type="ParameterizedTest" name="NinjaOne - Help Content.Function &lt;_&gt;.has a description for each example" executed="True" result="Success" success="True" time="0.008" asserts="0" description="has a description for each example">
                    <results>
                      <test-case description="has a description for each example" name="NinjaOne - Help Content.Function Get-NinjaOneBackupUsage.has a description for each example" time="0.002" asserts="0" success="True" result="Success" executed="True" />
                      <test-case description="has a description for each example" name="NinjaOne - Help Content.Function Get-NinjaOneBackupUsage.has a description for each example" time="0.002" asserts="0" success="True" result="Success" executed="True" />
                      <test-case description="has a description for each example" name="NinjaOne - Help Content.Function Get-NinjaOneBackupUsage.has a description for each example" time="0.0019" asserts="0" success="True" result="Success" executed="True" />
                      <test-case description="has a description for each example" name="NinjaOne - Help Content.Function Get-NinjaOneBackupUsage.has a description for each example" time="0.0022" asserts="0" success="True" result="Success" executed="True" />
                    </results>
                  </test-suite>
                </results>
              </test-suite>
              <test-suite type="TestFixture" name="NinjaOne - Help Content.Function Get-NinjaOneComputerSystems" executed="True" result="Success" success="True" time="0.4722" asserts="0" description="NinjaOne - Help Content.Function Get-NinjaOneComputerSystems">
                <results>
                  <test-suite type="ParameterizedTest" name="NinjaOne - Help Content.Function &lt;_&gt;.has help content" executed="True" result="Success" success="True" time="0.0031" asserts="0" description="has help content">
                    <results>
                      <test-case description="has help content" name="NinjaOne - Help Content.Function Get-NinjaOneComputerSystems.has help content" time="0.0031" asserts="0" success="True" result="Success" executed="True" />
                    </results>
                  </test-suite>
                  <test-suite type="ParameterizedTest" name="NinjaOne - Help Content.Function &lt;_&gt;.contains a synopsis" executed="True" result="Success" success="True" time="0.002" asserts="0" description="contains a synopsis">
                    <results>
                      <test-case description="contains a synopsis" name="NinjaOne - Help Content.Function Get-NinjaOneComputerSystems.contains a synopsis" time="0.002" asserts="0" success="True" result="Success" executed="True" />
                    </results>
                  </test-suite>
                  <test-suite type="ParameterizedTest" name="NinjaOne - Help Content.Function &lt;_&gt;.contains a description" executed="True" result="Success" success="True" time="0.002" asserts="0" description="contains a description">
                    <results>
                      <test-case description="contains a description" name="NinjaOne - Help Content.Function Get-NinjaOneComputerSystems.contains a description" time="0.002" asserts="0" success="True" result="Success" executed="True" />
                    </results>
                  </test-suite>
                  <test-suite type="ParameterizedTest" name="NinjaOne - Help Content.Function &lt;_&gt;.contains a functionality" executed="True" result="Success" success="True" time="0.0019" asserts="0" description="contains a functionality">
                    <results>
                      <test-case description="contains a functionality" name="NinjaOne - Help Content.Function Get-NinjaOneComputerSystems.contains a functionality" time="0.0019" asserts="0" success="True" result="Success" executed="True" />
                    </results>
                  </test-suite>
                  <test-suite type="ParameterizedTest" name="NinjaOne - Help Content.Function &lt;_&gt;.has at least one usage example" executed="True" result="Success" success="True" time="0.0019" asserts="0" description="has at least one usage example">
                    <results>
                      <test-case description="has at least one usage example" name="NinjaOne - Help Content.Function Get-NinjaOneComputerSystems.has at least one usage example" time="0.0019" asserts="0" success="True" result="Success" executed="True" />
                    </results>
                  </test-suite>
                  <test-suite type="ParameterizedTest" name="NinjaOne - Help Content.Function &lt;_&gt;.has a title for each example" executed="True" result="Success" success="True" time="0.006" asserts="0" description="has a title for each example">
                    <results>
                      <test-case description="has a title for each example" name="NinjaOne - Help Content.Function Get-NinjaOneComputerSystems.has a title for each example" time="0.002" asserts="0" success="True" result="Success" executed="True" />
                      <test-case description="has a title for each example" name="NinjaOne - Help Content.Function Get-NinjaOneComputerSystems.has a title for each example" time="0.0019" asserts="0" success="True" result="Success" executed="True" />
                      <test-case description="has a title for each example" name="NinjaOne - Help Content.Function Get-NinjaOneComputerSystems.has a title for each example" time="0.0021" asserts="0" success="True" result="Success" executed="True" />
                    </results>
                  </test-suite>
                  <test-suite type="ParameterizedTest" name="NinjaOne - Help Content.Function &lt;_&gt;.has a description for each example" executed="True" result="Success" success="True" time="0.027" asserts="0" description="has a description for each example">
                    <results>
                      <test-case description="has a description for each example" name="NinjaOne - Help Content.Function Get-NinjaOneComputerSystems.has a description for each example" time="0.0019" asserts="0" success="True" result="Success" executed="True" />
                      <test-case description="has a description for each example" name="NinjaOne - Help Content.Function Get-NinjaOneComputerSystems.has a description for each example" time="0.002" asserts="0" success="True" result="Success" executed="True" />
                      <test-case description="has a description for each example" name="NinjaOne - Help Content.Function Get-NinjaOneComputerSystems.has a description for each example" time="0.0231" asserts="0" success="True" result="Success" executed="True" />
                    </results>
                  </test-suite>
                </results>
              </test-suite>
              <test-suite type="TestFixture" name="NinjaOne - Help Content.Function Get-NinjaOneContacts" executed="True" result="Success" success="True" time="0.5087" asserts="0" description="NinjaOne - Help Content.Function Get-NinjaOneContacts">
                <results>
                  <test-suite type="ParameterizedTest" name="NinjaOne - Help Content.Function &lt;_&gt;.has help content" executed="True" result="Success" success="True" time="0.003" asserts="0" description="has help content">
                    <results>
                      <test-case description="has help content" name="NinjaOne - Help Content.Function Get-NinjaOneContacts.has help content" time="0.003" asserts="0" success="True" result="Success" executed="True" />
                    </results>
                  </test-suite>
                  <test-suite type="ParameterizedTest" name="NinjaOne - Help Content.Function &lt;_&gt;.contains a synopsis" executed="True" result="Success" success="True" time="0.0021" asserts="0" description="contains a synopsis">
                    <results>
                      <test-case description="contains a synopsis" name="NinjaOne - Help Content.Function Get-NinjaOneContacts.contains a synopsis" time="0.0021" asserts="0" success="True" result="Success" executed="True" />
                    </results>
                  </test-suite>
                  <test-suite type="ParameterizedTest" name="NinjaOne - Help Content.Function &lt;_&gt;.contains a description" executed="True" result="Success" success="True" time="0.0024" asserts="0" description="contains a description">
                    <results>
                      <test-case description="contains a description" name="NinjaOne - Help Content.Function Get-NinjaOneContacts.contains a description" time="0.0024" asserts="0" success="True" result="Success" executed="True" />
                    </results>
                  </test-suite>
                  <test-suite type="ParameterizedTest" name="NinjaOne - Help Content.Function &lt;_&gt;.contains a functionality" executed="True" result="Success" success="True" time="0.002" asserts="0" description="contains a functionality">
                    <results>
                      <test-case description="contains a functionality" name="NinjaOne - Help Content.Function Get-NinjaOneContacts.contains a functionality" time="0.002" asserts="0" success="True" result="Success" executed="True" />
                    </results>
                  </test-suite>
                  <test-suite type="ParameterizedTest" name="NinjaOne - Help Content.Function &lt;_&gt;.has at least one usage example" executed="True" result="Success" success="True" time="0.0022" asserts="0" description="has at least one usage example">
                    <results>
                      <test-case description="has at least one usage example" name="NinjaOne - Help Content.Function Get-NinjaOneContacts.has at least one usage example" time="0.0022" asserts="0" success="True" result="Success" executed="True" />
                    </results>
                  </test-suite>
                  <test-suite type="ParameterizedTest" name="NinjaOne - Help Content.Function &lt;_&gt;.has a title for each example" executed="True" result="Success" success="True" time="0.0026" asserts="0" description="has a title for each example">
                    <results>
                      <test-case description="has a title for each example" name="NinjaOne - Help Content.Function Get-NinjaOneContacts.has a title for each example" time="0.0026" asserts="0" success="True" result="Success" executed="True" />
                    </results>
                  </test-suite>
                  <test-suite type="ParameterizedTest" name="NinjaOne - Help Content.Function &lt;_&gt;.has a description for each example" executed="True" result="Success" success="True" time="0.002" asserts="0" description="has a description for each example">
                    <results>
                      <test-case description="has a description for each example" name="NinjaOne - Help Content.Function Get-NinjaOneContacts.has a description for each example" time="0.002" asserts="0" success="True" result="Success" executed="True" />
                    </results>
                  </test-suite>
                </results>
              </test-suite>
              <test-suite type="TestFixture" name="NinjaOne - Help Content.Function Get-NinjaOneCustomFields" executed="True" result="Success" success="True" time="0.5723" asserts="0" description="NinjaOne - Help Content.Function Get-NinjaOneCustomFields">
                <results>
                  <test-suite type="ParameterizedTest" name="NinjaOne - Help Content.Function &lt;_&gt;.has help content" executed="True" result="Success" success="True" time="0.0037" asserts="0" description="has help content">
                    <results>
                      <test-case description="has help content" name="NinjaOne - Help Content.Function Get-NinjaOneCustomFields.has help content" time="0.0037" asserts="0" success="True" result="Success" executed="True" />
                    </results>
                  </test-suite>
                  <test-suite type="ParameterizedTest" name="NinjaOne - Help Content.Function &lt;_&gt;.contains a synopsis" executed="True" result="Success" success="True" time="0.0023" asserts="0" description="contains a synopsis">
                    <results>
                      <test-case description="contains a synopsis" name="NinjaOne - Help Content.Function Get-NinjaOneCustomFields.contains a synopsis" time="0.0023" asserts="0" success="True" result="Success" executed="True" />
                    </results>
                  </test-suite>
                  <test-suite type="ParameterizedTest" name="NinjaOne - Help Content.Function &lt;_&gt;.contains a description" executed="True" result="Success" success="True" time="0.0023" asserts="0" description="contains a description">
                    <results>
                      <test-case description="contains a description" name="NinjaOne - Help Content.Function Get-NinjaOneCustomFields.contains a description" time="0.0023" asserts="0" success="True" result="Success" executed="True" />
                    </results>
                  </test-suite>
                  <test-suite type="ParameterizedTest" name="NinjaOne - Help Content.Function &lt;_&gt;.contains a functionality" executed="True" result="Success" success="True" time="0.0022" asserts="0" description="contains a functionality">
                    <results>
                      <test-case description="contains a functionality" name="NinjaOne - Help Content.Function Get-NinjaOneCustomFields.contains a functionality" time="0.0022" asserts="0" success="True" result="Success" executed="True" />
                    </results>
                  </test-suite>
                  <test-suite type="ParameterizedTest" name="NinjaOne - Help Content.Function &lt;_&gt;.has at least one usage example" executed="True" result="Success" success="True" time="0.0022" asserts="0" description="has at least one usage example">
                    <results>
                      <test-case description="has at least one usage example" name="NinjaOne - Help Content.Function Get-NinjaOneCustomFields.has at least one usage example" time="0.0022" asserts="0" success="True" result="Success" executed="True" />
                    </results>
                  </test-suite>
                  <test-suite type="ParameterizedTest" name="NinjaOne - Help Content.Function &lt;_&gt;.has a title for each example" executed="True" result="Success" success="True" time="0.0125" asserts="0" description="has a title for each example">
                    <results>
                      <test-case description="has a title for each example" name="NinjaOne - Help Content.Function Get-NinjaOneCustomFields.has a title for each example" time="0.0023" asserts="0" success="True" result="Success" executed="True" />
                      <test-case description="has a title for each example" name="NinjaOne - Help Content.Function Get-NinjaOneCustomFields.has a title for each example" time="0.002" asserts="0" success="True" result="Success" executed="True" />
                      <test-case description="has a title for each example" name="NinjaOne - Help Content.Function Get-NinjaOneCustomFields.has a title for each example" time="0.002" asserts="0" success="True" result="Success" executed="True" />
                      <test-case description="has a title for each example" name="NinjaOne - Help Content.Function Get-NinjaOneCustomFields.has a title for each example" time="0.0019" asserts="0" success="True" result="Success" executed="True" />
                      <test-case description="has a title for each example" name="NinjaOne - Help Content.Function Get-NinjaOneCustomFields.has a title for each example" time="0.0023" asserts="0" success="True" result="Success" executed="True" />
                      <test-case description="has a title for each example" name="NinjaOne - Help Content.Function Get-NinjaOneCustomFields.has a title for each example" time="0.002" asserts="0" success="True" result="Success" executed="True" />
                    </results>
                  </test-suite>
                  <test-suite type="ParameterizedTest" name="NinjaOne - Help Content.Function &lt;_&gt;.has a description for each example" executed="True" result="Success" success="True" time="0.0125" asserts="0" description="has a description for each example">
                    <results>
                      <test-case description="has a description for each example" name="NinjaOne - Help Content.Function Get-NinjaOneCustomFields.has a description for each example" time="0.002" asserts="0" success="True" result="Success" executed="True" />
                      <test-case description="has a description for each example" name="NinjaOne - Help Content.Function Get-NinjaOneCustomFields.has a description for each example" time="0.0021" asserts="0" success="True" result="Success" executed="True" />
                      <test-case description="has a description for each example" name="NinjaOne - Help Content.Function Get-NinjaOneCustomFields.has a description for each example" time="0.002" asserts="0" success="True" result="Success" executed="True" />
                      <test-case description="has a description for each example" name="NinjaOne - Help Content.Function Get-NinjaOneCustomFields.has a description for each example" time="0.0021" asserts="0" success="True" result="Success" executed="True" />
                      <test-case description="has a description for each example" name="NinjaOne - Help Content.Function Get-NinjaOneCustomFields.has a description for each example" time="0.0022" asserts="0" success="True" result="Success" executed="True" />
                      <test-case description="has a description for each example" name="NinjaOne - Help Content.Function Get-NinjaOneCustomFields.has a description for each example" time="0.0022" asserts="0" success="True" result="Success" executed="True" />
                    </results>
                  </test-suite>
                </results>
              </test-suite>
              <test-suite type="TestFixture" name="NinjaOne - Help Content.Function Get-NinjaOneDeviceCustomFields" executed="True" result="Success" success="True" time="0.6175" asserts="0" description="NinjaOne - Help Content.Function Get-NinjaOneDeviceCustomFields">
                <results>
                  <test-suite type="ParameterizedTest" name="NinjaOne - Help Content.Function &lt;_&gt;.has help content" executed="True" result="Success" success="True" time="0.0029" asserts="0" description="has help content">
                    <results>
                      <test-case description="has help content" name="NinjaOne - Help Content.Function Get-NinjaOneDeviceCustomFields.has help content" time="0.0029" asserts="0" success="True" result="Success" executed="True" />
                    </results>
                  </test-suite>
                  <test-suite type="ParameterizedTest" name="NinjaOne - Help Content.Function &lt;_&gt;.contains a synopsis" executed="True" result="Success" success="True" time="0.002" asserts="0" description="contains a synopsis">
                    <results>
                      <test-case description="contains a synopsis" name="NinjaOne - Help Content.Function Get-NinjaOneDeviceCustomFields.contains a synopsis" time="0.002" asserts="0" success="True" result="Success" executed="True" />
                    </results>
                  </test-suite>
                  <test-suite type="ParameterizedTest" name="NinjaOne - Help Content.Function &lt;_&gt;.contains a description" executed="True" result="Success" success="True" time="0.0018" asserts="0" description="contains a description">
                    <results>
                      <test-case description="contains a description" name="NinjaOne - Help Content.Function Get-NinjaOneDeviceCustomFields.contains a description" time="0.0018" asserts="0" success="True" result="Success" executed="True" />
                    </results>
                  </test-suite>
                  <test-suite type="ParameterizedTest" name="NinjaOne - Help Content.Function &lt;_&gt;.contains a functionality" executed="True" result="Success" success="True" time="0.002" asserts="0" description="contains a functionality">
                    <results>
                      <test-case description="contains a functionality" name="NinjaOne - Help Content.Function Get-NinjaOneDeviceCustomFields.contains a functionality" time="0.002" asserts="0" success="True" result="Success" executed="True" />
                    </results>
                  </test-suite>
                  <test-suite type="ParameterizedTest" name="NinjaOne - Help Content.Function &lt;_&gt;.has at least one usage example" executed="True" result="Success" success="True" time="0.0019" asserts="0" description="has at least one usage example">
                    <results>
                      <test-case description="has at least one usage example" name="NinjaOne - Help Content.Function Get-NinjaOneDeviceCustomFields.has at least one usage example" time="0.0019" asserts="0" success="True" result="Success" executed="True" />
                    </results>
                  </test-suite>
                  <test-suite type="ParameterizedTest" name="NinjaOne - Help Content.Function &lt;_&gt;.has a title for each example" executed="True" result="Success" success="True" time="0.0075" asserts="0" description="has a title for each example">
                    <results>
                      <test-case description="has a title for each example" name="NinjaOne - Help Content.Function Get-NinjaOneDeviceCustomFields.has a title for each example" time="0.0018" asserts="0" success="True" result="Success" executed="True" />
                      <test-case description="has a title for each example" name="NinjaOne - Help Content.Function Get-NinjaOneDeviceCustomFields.has a title for each example" time="0.0019" asserts="0" success="True" result="Success" executed="True" />
                      <test-case description="has a title for each example" name="NinjaOne - Help Content.Function Get-NinjaOneDeviceCustomFields.has a title for each example" time="0.002" asserts="0" success="True" result="Success" executed="True" />
                      <test-case description="has a title for each example" name="NinjaOne - Help Content.Function Get-NinjaOneDeviceCustomFields.has a title for each example" time="0.0018" asserts="0" success="True" result="Success" executed="True" />
                    </results>
                  </test-suite>
                  <test-suite type="ParameterizedTest" name="NinjaOne - Help Content.Function &lt;_&gt;.has a description for each example" executed="True" result="Success" success="True" time="0.0079" asserts="0" description="has a description for each example">
                    <results>
                      <test-case description="has a description for each example" name="NinjaOne - Help Content.Function Get-NinjaOneDeviceCustomFields.has a description for each example" time="0.002" asserts="0" success="True" result="Success" executed="True" />
                      <test-case description="has a description for each example" name="NinjaOne - Help Content.Function Get-NinjaOneDeviceCustomFields.has a description for each example" time="0.0021" asserts="0" success="True" result="Success" executed="True" />
                      <test-case description="has a description for each example" name="NinjaOne - Help Content.Function Get-NinjaOneDeviceCustomFields.has a description for each example" time="0.0019" asserts="0" success="True" result="Success" executed="True" />
                      <test-case description="has a description for each example" name="NinjaOne - Help Content.Function Get-NinjaOneDeviceCustomFields.has a description for each example" time="0.0019" asserts="0" success="True" result="Success" executed="True" />
                    </results>
                  </test-suite>
                </results>
              </test-suite>
              <test-suite type="TestFixture" name="NinjaOne - Help Content.Function Get-NinjaOneDeviceDashboardURL" executed="True" result="Success" success="True" time="0.6515" asserts="0" description="NinjaOne - Help Content.Function Get-NinjaOneDeviceDashboardURL">
                <results>
                  <test-suite type="ParameterizedTest" name="NinjaOne - Help Content.Function &lt;_&gt;.has help content" executed="True" result="Success" success="True" time="0.0029" asserts="0" description="has help content">
                    <results>
                      <test-case description="has help content" name="NinjaOne - Help Content.Function Get-NinjaOneDeviceDashboardURL.has help content" time="0.0029" asserts="0" success="True" result="Success" executed="True" />
                    </results>
                  </test-suite>
                  <test-suite type="ParameterizedTest" name="NinjaOne - Help Content.Function &lt;_&gt;.contains a synopsis" executed="True" result="Success" success="True" time="0.002" asserts="0" description="contains a synopsis">
                    <results>
                      <test-case description="contains a synopsis" name="NinjaOne - Help Content.Function Get-NinjaOneDeviceDashboardURL.contains a synopsis" time="0.002" asserts="0" success="True" result="Success" executed="True" />
                    </results>
                  </test-suite>
                  <test-suite type="ParameterizedTest" name="NinjaOne - Help Content.Function &lt;_&gt;.contains a description" executed="True" result="Success" success="True" time="0.0022" asserts="0" description="contains a description">
                    <results>
                      <test-case description="contains a description" name="NinjaOne - Help Content.Function Get-NinjaOneDeviceDashboardURL.contains a description" time="0.0022" asserts="0" success="True" result="Success" executed="True" />
                    </results>
                  </test-suite>
                  <test-suite type="ParameterizedTest" name="NinjaOne - Help Content.Function &lt;_&gt;.contains a functionality" executed="True" result="Success" success="True" time="0.002" asserts="0" description="contains a functionality">
                    <results>
                      <test-case description="contains a functionality" name="NinjaOne - Help Content.Function Get-NinjaOneDeviceDashboardURL.contains a functionality" time="0.002" asserts="0" success="True" result="Success" executed="True" />
                    </results>
                  </test-suite>
                  <test-suite type="ParameterizedTest" name="NinjaOne - Help Content.Function &lt;_&gt;.has at least one usage example" executed="True" result="Success" success="True" time="0.002" asserts="0" description="has at least one usage example">
                    <results>
                      <test-case description="has at least one usage example" name="NinjaOne - Help Content.Function Get-NinjaOneDeviceDashboardURL.has at least one usage example" time="0.002" asserts="0" success="True" result="Success" executed="True" />
                    </results>
                  </test-suite>
                  <test-suite type="ParameterizedTest" name="NinjaOne - Help Content.Function &lt;_&gt;.has a title for each example" executed="True" result="Success" success="True" time="0.0023" asserts="0" description="has a title for each example">
                    <results>
                      <test-case description="has a title for each example" name="NinjaOne - Help Content.Function Get-NinjaOneDeviceDashboardURL.has a title for each example" time="0.0023" asserts="0" success="True" result="Success" executed="True" />
                    </results>
                  </test-suite>
                  <test-suite type="ParameterizedTest" name="NinjaOne - Help Content.Function &lt;_&gt;.has a description for each example" executed="True" result="Success" success="True" time="0.002" asserts="0" description="has a description for each example">
                    <results>
                      <test-case description="has a description for each example" name="NinjaOne - Help Content.Function Get-NinjaOneDeviceDashboardURL.has a description for each example" time="0.002" asserts="0" success="True" result="Success" executed="True" />
                    </results>
                  </test-suite>
                </results>
              </test-suite>
              <test-suite type="TestFixture" name="NinjaOne - Help Content.Function Get-NinjaOneDeviceDisks" executed="True" result="Success" success="True" time="0.6907" asserts="0" description="NinjaOne - Help Content.Function Get-NinjaOneDeviceDisks">
                <results>
                  <test-suite type="ParameterizedTest" name="NinjaOne - Help Content.Function &lt;_&gt;.has help content" executed="True" result="Success" success="True" time="0.0029" asserts="0" description="has help content">
                    <results>
                      <test-case description="has help content" name="NinjaOne - Help Content.Function Get-NinjaOneDeviceDisks.has help content" time="0.0029" asserts="0" success="True" result="Success" executed="True" />
                    </results>
                  </test-suite>
                  <test-suite type="ParameterizedTest" name="NinjaOne - Help Content.Function &lt;_&gt;.contains a synopsis" executed="True" result="Success" success="True" time="0.0021" asserts="0" description="contains a synopsis">
                    <results>
                      <test-case description="contains a synopsis" name="NinjaOne - Help Content.Function Get-NinjaOneDeviceDisks.contains a synopsis" time="0.0021" asserts="0" success="True" result="Success" executed="True" />
                    </results>
                  </test-suite>
                  <test-suite type="ParameterizedTest" name="NinjaOne - Help Content.Function &lt;_&gt;.contains a description" executed="True" result="Success" success="True" time="0.0019" asserts="0" description="contains a description">
                    <results>
                      <test-case description="contains a description" name="NinjaOne - Help Content.Function Get-NinjaOneDeviceDisks.contains a description" time="0.0019" asserts="0" success="True" result="Success" executed="True" />
                    </results>
                  </test-suite>
                  <test-suite type="ParameterizedTest" name="NinjaOne - Help Content.Function &lt;_&gt;.contains a functionality" executed="True" result="Success" success="True" time="0.0075" asserts="0" description="contains a functionality">
                    <results>
                      <test-case description="contains a functionality" name="NinjaOne - Help Content.Function Get-NinjaOneDeviceDisks.contains a functionality" time="0.0075" asserts="0" success="True" result="Success" executed="True" />
                    </results>
                  </test-suite>
                  <test-suite type="ParameterizedTest" name="NinjaOne - Help Content.Function &lt;_&gt;.has at least one usage example" executed="True" result="Success" success="True" time="0.0022" asserts="0" description="has at least one usage example">
                    <results>
                      <test-case description="has at least one usage example" name="NinjaOne - Help Content.Function Get-NinjaOneDeviceDisks.has at least one usage example" time="0.0022" asserts="0" success="True" result="Success" executed="True" />
                    </results>
                  </test-suite>
                  <test-suite type="ParameterizedTest" name="NinjaOne - Help Content.Function &lt;_&gt;.has a title for each example" executed="True" result="Success" success="True" time="0.0019" asserts="0" description="has a title for each example">
                    <results>
                      <test-case description="has a title for each example" name="NinjaOne - Help Content.Function Get-NinjaOneDeviceDisks.has a title for each example" time="0.0019" asserts="0" success="True" result="Success" executed="True" />
                    </results>
                  </test-suite>
                  <test-suite type="ParameterizedTest" name="NinjaOne - Help Content.Function &lt;_&gt;.has a description for each example" executed="True" result="Success" success="True" time="0.0021" asserts="0" description="has a description for each example">
                    <results>
                      <test-case description="has a description for each example" name="NinjaOne - Help Content.Function Get-NinjaOneDeviceDisks.has a description for each example" time="0.0021" asserts="0" success="True" result="Success" executed="True" />
                    </results>
                  </test-suite>
                </results>
              </test-suite>
              <test-suite type="TestFixture" name="NinjaOne - Help Content.Function Get-NinjaOneDeviceHealth" executed="True" result="Success" success="True" time="0.7313" asserts="0" description="NinjaOne - Help Content.Function Get-NinjaOneDeviceHealth">
                <results>
                  <test-suite type="ParameterizedTest" name="NinjaOne - Help Content.Function &lt;_&gt;.has help content" executed="True" result="Success" success="True" time="0.0028" asserts="0" description="has help content">
                    <results>
                      <test-case description="has help content" name="NinjaOne - Help Content.Function Get-NinjaOneDeviceHealth.has help content" time="0.0028" asserts="0" success="True" result="Success" executed="True" />
                    </results>
                  </test-suite>
                  <test-suite type="ParameterizedTest" name="NinjaOne - Help Content.Function &lt;_&gt;.contains a synopsis" executed="True" result="Success" success="True" time="0.0019" asserts="0" description="contains a synopsis">
                    <results>
                      <test-case description="contains a synopsis" name="NinjaOne - Help Content.Function Get-NinjaOneDeviceHealth.contains a synopsis" time="0.0019" asserts="0" success="True" result="Success" executed="True" />
                    </results>
                  </test-suite>
                  <test-suite type="ParameterizedTest" name="NinjaOne - Help Content.Function &lt;_&gt;.contains a description" executed="True" result="Success" success="True" time="0.0019" asserts="0" description="contains a description">
                    <results>
                      <test-case description="contains a description" name="NinjaOne - Help Content.Function Get-NinjaOneDeviceHealth.contains a description" time="0.0019" asserts="0" success="True" result="Success" executed="True" />
                    </results>
                  </test-suite>
                  <test-suite type="ParameterizedTest" name="NinjaOne - Help Content.Function &lt;_&gt;.contains a functionality" executed="True" result="Success" success="True" time="0.0018" asserts="0" description="contains a functionality">
                    <results>
                      <test-case description="contains a functionality" name="NinjaOne - Help Content.Function Get-NinjaOneDeviceHealth.contains a functionality" time="0.0018" asserts="0" success="True" result="Success" executed="True" />
                    </results>
                  </test-suite>
                  <test-suite type="ParameterizedTest" name="NinjaOne - Help Content.Function &lt;_&gt;.has at least one usage example" executed="True" result="Success" success="True" time="0.0021" asserts="0" description="has at least one usage example">
                    <results>
                      <test-case description="has at least one usage example" name="NinjaOne - Help Content.Function Get-NinjaOneDeviceHealth.has at least one usage example" time="0.0021" asserts="0" success="True" result="Success" executed="True" />
                    </results>
                  </test-suite>
                  <test-suite type="ParameterizedTest" name="NinjaOne - Help Content.Function &lt;_&gt;.has a title for each example" executed="True" result="Success" success="True" time="0.0057" asserts="0" description="has a title for each example">
                    <results>
                      <test-case description="has a title for each example" name="NinjaOne - Help Content.Function Get-NinjaOneDeviceHealth.has a title for each example" time="0.0018" asserts="0" success="True" result="Success" executed="True" />
                      <test-case description="has a title for each example" name="NinjaOne - Help Content.Function Get-NinjaOneDeviceHealth.has a title for each example" time="0.002" asserts="0" success="True" result="Success" executed="True" />
                      <test-case description="has a title for each example" name="NinjaOne - Help Content.Function Get-NinjaOneDeviceHealth.has a title for each example" time="0.0018" asserts="0" success="True" result="Success" executed="True" />
                    </results>
                  </test-suite>
                  <test-suite type="ParameterizedTest" name="NinjaOne - Help Content.Function &lt;_&gt;.has a description for each example" executed="True" result="Success" success="True" time="0.0058" asserts="0" description="has a description for each example">
                    <results>
                      <test-case description="has a description for each example" name="NinjaOne - Help Content.Function Get-NinjaOneDeviceHealth.has a description for each example" time="0.0019" asserts="0" success="True" result="Success" executed="True" />
                      <test-case description="has a description for each example" name="NinjaOne - Help Content.Function Get-NinjaOneDeviceHealth.has a description for each example" time="0.002" asserts="0" success="True" result="Success" executed="True" />
                      <test-case description="has a description for each example" name="NinjaOne - Help Content.Function Get-NinjaOneDeviceHealth.has a description for each example" time="0.0019" asserts="0" success="True" result="Success" executed="True" />
                    </results>
                  </test-suite>
                </results>
              </test-suite>
              <test-suite type="TestFixture" name="NinjaOne - Help Content.Function Get-NinjaOneDeviceLastLoggedOnUser" executed="True" result="Success" success="True" time="0.7652" asserts="0" description="NinjaOne - Help Content.Function Get-NinjaOneDeviceLastLoggedOnUser">
                <results>
                  <test-suite type="ParameterizedTest" name="NinjaOne - Help Content.Function &lt;_&gt;.has help content" executed="True" result="Success" success="True" time="0.0029" asserts="0" description="has help content">
                    <results>
                      <test-case description="has help content" name="NinjaOne - Help Content.Function Get-NinjaOneDeviceLastLoggedOnUser.has help content" time="0.0029" asserts="0" success="True" result="Success" executed="True" />
                    </results>
                  </test-suite>
                  <test-suite type="ParameterizedTest" name="NinjaOne - Help Content.Function &lt;_&gt;.contains a synopsis" executed="True" result="Success" success="True" time="0.0019" asserts="0" description="contains a synopsis">
                    <results>
                      <test-case description="contains a synopsis" name="NinjaOne - Help Content.Function Get-NinjaOneDeviceLastLoggedOnUser.contains a synopsis" time="0.0019" asserts="0" success="True" result="Success" executed="True" />
                    </results>
                  </test-suite>
                  <test-suite type="ParameterizedTest" name="NinjaOne - Help Content.Function &lt;_&gt;.contains a description" executed="True" result="Success" success="True" time="0.0019" asserts="0" description="contains a description">
                    <results>
                      <test-case description="contains a description" name="NinjaOne - Help Content.Function Get-NinjaOneDeviceLastLoggedOnUser.contains a description" time="0.0019" asserts="0" success="True" result="Success" executed="True" />
                    </results>
                  </test-suite>
                  <test-suite type="ParameterizedTest" name="NinjaOne - Help Content.Function &lt;_&gt;.contains a functionality" executed="True" result="Success" success="True" time="0.0019" asserts="0" description="contains a functionality">
                    <results>
                      <test-case description="contains a functionality" name="NinjaOne - Help Content.Function Get-NinjaOneDeviceLastLoggedOnUser.contains a functionality" time="0.0019" asserts="0" success="True" result="Success" executed="True" />
                    </results>
                  </test-suite>
                  <test-suite type="ParameterizedTest" name="NinjaOne - Help Content.Function &lt;_&gt;.has at least one usage example" executed="True" result="Success" success="True" time="0.0018" asserts="0" description="has at least one usage example">
                    <results>
                      <test-case description="has at least one usage example" name="NinjaOne - Help Content.Function Get-NinjaOneDeviceLastLoggedOnUser.has at least one usage example" time="0.0018" asserts="0" success="True" result="Success" executed="True" />
                    </results>
                  </test-suite>
                  <test-suite type="ParameterizedTest" name="NinjaOne - Help Content.Function &lt;_&gt;.has a title for each example" executed="True" result="Success" success="True" time="0.0021" asserts="0" description="has a title for each example">
                    <results>
                      <test-case description="has a title for each example" name="NinjaOne - Help Content.Function Get-NinjaOneDeviceLastLoggedOnUser.has a title for each example" time="0.0021" asserts="0" success="True" result="Success" executed="True" />
                    </results>
                  </test-suite>
                  <test-suite type="ParameterizedTest" name="NinjaOne - Help Content.Function &lt;_&gt;.has a description for each example" executed="True" result="Success" success="True" time="0.0021" asserts="0" description="has a description for each example">
                    <results>
                      <test-case description="has a description for each example" name="NinjaOne - Help Content.Function Get-NinjaOneDeviceLastLoggedOnUser.has a description for each example" time="0.0021" asserts="0" success="True" result="Success" executed="True" />
                    </results>
                  </test-suite>
                </results>
              </test-suite>
              <test-suite type="TestFixture" name="NinjaOne - Help Content.Function Get-NinjaOneDeviceOSPatches" executed="True" result="Success" success="True" time="0.8121" asserts="0" description="NinjaOne - Help Content.Function Get-NinjaOneDeviceOSPatches">
                <results>
                  <test-suite type="ParameterizedTest" name="NinjaOne - Help Content.Function &lt;_&gt;.has help content" executed="True" result="Success" success="True" time="0.0029" asserts="0" description="has help content">
                    <results>
                      <test-case description="has help content" name="NinjaOne - Help Content.Function Get-NinjaOneDeviceOSPatches.has help content" time="0.0029" asserts="0" success="True" result="Success" executed="True" />
                    </results>
                  </test-suite>
                  <test-suite type="ParameterizedTest" name="NinjaOne - Help Content.Function &lt;_&gt;.contains a synopsis" executed="True" result="Success" success="True" time="0.0021" asserts="0" description="contains a synopsis">
                    <results>
                      <test-case description="contains a synopsis" name="NinjaOne - Help Content.Function Get-NinjaOneDeviceOSPatches.contains a synopsis" time="0.0021" asserts="0" success="True" result="Success" executed="True" />
                    </results>
                  </test-suite>
                  <test-suite type="ParameterizedTest" name="NinjaOne - Help Content.Function &lt;_&gt;.contains a description" executed="True" result="Success" success="True" time="0.0083" asserts="0" description="contains a description">
                    <results>
                      <test-case description="contains a description" name="NinjaOne - Help Content.Function Get-NinjaOneDeviceOSPatches.contains a description" time="0.0083" asserts="0" success="True" result="Success" executed="True" />
                    </results>
                  </test-suite>
                  <test-suite type="ParameterizedTest" name="NinjaOne - Help Content.Function &lt;_&gt;.contains a functionality" executed="True" result="Success" success="True" time="0.0021" asserts="0" description="contains a functionality">
                    <results>
                      <test-case description="contains a functionality" name="NinjaOne - Help Content.Function Get-NinjaOneDeviceOSPatches.contains a functionality" time="0.0021" asserts="0" success="True" result="Success" executed="True" />
                    </results>
                  </test-suite>
                  <test-suite type="ParameterizedTest" name="NinjaOne - Help Content.Function &lt;_&gt;.has at least one usage example" executed="True" result="Success" success="True" time="0.002" asserts="0" description="has at least one usage example">
                    <results>
                      <test-case description="has at least one usage example" name="NinjaOne - Help Content.Function Get-NinjaOneDeviceOSPatches.has at least one usage example" time="0.002" asserts="0" success="True" result="Success" executed="True" />
                    </results>
                  </test-suite>
                  <test-suite type="ParameterizedTest" name="NinjaOne - Help Content.Function &lt;_&gt;.has a title for each example" executed="True" result="Success" success="True" time="0.0038" asserts="0" description="has a title for each example">
                    <results>
                      <test-case description="has a title for each example" name="NinjaOne - Help Content.Function Get-NinjaOneDeviceOSPatches.has a title for each example" time="0.0019" asserts="0" success="True" result="Success" executed="True" />
                      <test-case description="has a title for each example" name="NinjaOne - Help Content.Function Get-NinjaOneDeviceOSPatches.has a title for each example" time="0.0019" asserts="0" success="True" result="Success" executed="True" />
                    </results>
                  </test-suite>
                  <test-suite type="ParameterizedTest" name="NinjaOne - Help Content.Function &lt;_&gt;.has a description for each example" executed="True" result="Success" success="True" time="0.0041" asserts="0" description="has a description for each example">
                    <results>
                      <test-case description="has a description for each example" name="NinjaOne - Help Content.Function Get-NinjaOneDeviceOSPatches.has a description for each example" time="0.0021" asserts="0" success="True" result="Success" executed="True" />
                      <test-case description="has a description for each example" name="NinjaOne - Help Content.Function Get-NinjaOneDeviceOSPatches.has a description for each example" time="0.0019" asserts="0" success="True" result="Success" executed="True" />
                    </results>
                  </test-suite>
                </results>
              </test-suite>
              <test-suite type="TestFixture" name="NinjaOne - Help Content.Function Get-NinjaOneDeviceOSPatchInstalls" executed="True" result="Success" success="True" time="0.8522" asserts="0" description="NinjaOne - Help Content.Function Get-NinjaOneDeviceOSPatchInstalls">
                <results>
                  <test-suite type="ParameterizedTest" name="NinjaOne - Help Content.Function &lt;_&gt;.has help content" executed="True" result="Success" success="True" time="0.0031" asserts="0" description="has help content">
                    <results>
                      <test-case description="has help content" name="NinjaOne - Help Content.Function Get-NinjaOneDeviceOSPatchInstalls.has help content" time="0.0031" asserts="0" success="True" result="Success" executed="True" />
                    </results>
                  </test-suite>
                  <test-suite type="ParameterizedTest" name="NinjaOne - Help Content.Function &lt;_&gt;.contains a synopsis" executed="True" result="Success" success="True" time="0.0024" asserts="0" description="contains a synopsis">
                    <results>
                      <test-case description="contains a synopsis" name="NinjaOne - Help Content.Function Get-NinjaOneDeviceOSPatchInstalls.contains a synopsis" time="0.0024" asserts="0" success="True" result="Success" executed="True" />
                    </results>
                  </test-suite>
                  <test-suite type="ParameterizedTest" name="NinjaOne - Help Content.Function &lt;_&gt;.contains a description" executed="True" result="Success" success="True" time="0.0028" asserts="0" description="contains a description">
                    <results>
                      <test-case description="contains a description" name="NinjaOne - Help Content.Function Get-NinjaOneDeviceOSPatchInstalls.contains a description" time="0.0028" asserts="0" success="True" result="Success" executed="True" />
                    </results>
                  </test-suite>
                  <test-suite type="ParameterizedTest" name="NinjaOne - Help Content.Function &lt;_&gt;.contains a functionality" executed="True" result="Success" success="True" time="0.0019" asserts="0" description="contains a functionality">
                    <results>
                      <test-case description="contains a functionality" name="NinjaOne - Help Content.Function Get-NinjaOneDeviceOSPatchInstalls.contains a functionality" time="0.0019" asserts="0" success="True" result="Success" executed="True" />
                    </results>
                  </test-suite>
                  <test-suite type="ParameterizedTest" name="NinjaOne - Help Content.Function &lt;_&gt;.has at least one usage example" executed="True" result="Success" success="True" time="0.0024" asserts="0" description="has at least one usage example">
                    <results>
                      <test-case description="has at least one usage example" name="NinjaOne - Help Content.Function Get-NinjaOneDeviceOSPatchInstalls.has at least one usage example" time="0.0024" asserts="0" success="True" result="Success" executed="True" />
                    </results>
                  </test-suite>
                  <test-suite type="ParameterizedTest" name="NinjaOne - Help Content.Function &lt;_&gt;.has a title for each example" executed="True" result="Success" success="True" time="0.0041" asserts="0" description="has a title for each example">
                    <results>
                      <test-case description="has a title for each example" name="NinjaOne - Help Content.Function Get-NinjaOneDeviceOSPatchInstalls.has a title for each example" time="0.0019" asserts="0" success="True" result="Success" executed="True" />
                      <test-case description="has a title for each example" name="NinjaOne - Help Content.Function Get-NinjaOneDeviceOSPatchInstalls.has a title for each example" time="0.0021" asserts="0" success="True" result="Success" executed="True" />
                    </results>
                  </test-suite>
                  <test-suite type="ParameterizedTest" name="NinjaOne - Help Content.Function &lt;_&gt;.has a description for each example" executed="True" result="Success" success="True" time="0.0042" asserts="0" description="has a description for each example">
                    <results>
                      <test-case description="has a description for each example" name="NinjaOne - Help Content.Function Get-NinjaOneDeviceOSPatchInstalls.has a description for each example" time="0.0022" asserts="0" success="True" result="Success" executed="True" />
                      <test-case description="has a description for each example" name="NinjaOne - Help Content.Function Get-NinjaOneDeviceOSPatchInstalls.has a description for each example" time="0.002" asserts="0" success="True" result="Success" executed="True" />
                    </results>
                  </test-suite>
                </results>
              </test-suite>
              <test-suite type="TestFixture" name="NinjaOne - Help Content.Function Get-NinjaOneDevicePolicyOverrides" executed="True" result="Success" success="True" time="0.8899" asserts="0" description="NinjaOne - Help Content.Function Get-NinjaOneDevicePolicyOverrides">
                <results>
                  <test-suite type="ParameterizedTest" name="NinjaOne - Help Content.Function &lt;_&gt;.has help content" executed="True" result="Success" success="True" time="0.0035" asserts="0" description="has help content">
                    <results>
                      <test-case description="has help content" name="NinjaOne - Help Content.Function Get-NinjaOneDevicePolicyOverrides.has help content" time="0.0035" asserts="0" success="True" result="Success" executed="True" />
                    </results>
                  </test-suite>
                  <test-suite type="ParameterizedTest" name="NinjaOne - Help Content.Function &lt;_&gt;.contains a synopsis" executed="True" result="Success" success="True" time="0.0021" asserts="0" description="contains a synopsis">
                    <results>
                      <test-case description="contains a synopsis" name="NinjaOne - Help Content.Function Get-NinjaOneDevicePolicyOverrides.contains a synopsis" time="0.0021" asserts="0" success="True" result="Success" executed="True" />
                    </results>
                  </test-suite>
                  <test-suite type="ParameterizedTest" name="NinjaOne - Help Content.Function &lt;_&gt;.contains a description" executed="True" result="Success" success="True" time="0.0021" asserts="0" description="contains a description">
                    <results>
                      <test-case description="contains a description" name="NinjaOne - Help Content.Function Get-NinjaOneDevicePolicyOverrides.contains a description" time="0.0021" asserts="0" success="True" result="Success" executed="True" />
                    </results>
                  </test-suite>
                  <test-suite type="ParameterizedTest" name="NinjaOne - Help Content.Function &lt;_&gt;.contains a functionality" executed="True" result="Success" success="True" time="0.0023" asserts="0" description="contains a functionality">
                    <results>
                      <test-case description="contains a functionality" name="NinjaOne - Help Content.Function Get-NinjaOneDevicePolicyOverrides.contains a functionality" time="0.0023" asserts="0" success="True" result="Success" executed="True" />
                    </results>
                  </test-suite>
                  <test-suite type="ParameterizedTest" name="NinjaOne - Help Content.Function &lt;_&gt;.has at least one usage example" executed="True" result="Success" success="True" time="0.0021" asserts="0" description="has at least one usage example">
                    <results>
                      <test-case description="has at least one usage example" name="NinjaOne - Help Content.Function Get-NinjaOneDevicePolicyOverrides.has at least one usage example" time="0.0021" asserts="0" success="True" result="Success" executed="True" />
                    </results>
                  </test-suite>
                  <test-suite type="ParameterizedTest" name="NinjaOne - Help Content.Function &lt;_&gt;.has a title for each example" executed="True" result="Success" success="True" time="0.0021" asserts="0" description="has a title for each example">
                    <results>
                      <test-case description="has a title for each example" name="NinjaOne - Help Content.Function Get-NinjaOneDevicePolicyOverrides.has a title for each example" time="0.0021" asserts="0" success="True" result="Success" executed="True" />
                    </results>
                  </test-suite>
                  <test-suite type="ParameterizedTest" name="NinjaOne - Help Content.Function &lt;_&gt;.has a description for each example" executed="True" result="Success" success="True" time="0.002" asserts="0" description="has a description for each example">
                    <results>
                      <test-case description="has a description for each example" name="NinjaOne - Help Content.Function Get-NinjaOneDevicePolicyOverrides.has a description for each example" time="0.002" asserts="0" success="True" result="Success" executed="True" />
                    </results>
                  </test-suite>
                </results>
              </test-suite>
              <test-suite type="TestFixture" name="NinjaOne - Help Content.Function Get-NinjaOneDeviceProcessors" executed="True" result="Success" success="True" time="0.9312" asserts="0" description="NinjaOne - Help Content.Function Get-NinjaOneDeviceProcessors">
                <results>
                  <test-suite type="ParameterizedTest" name="NinjaOne - Help Content.Function &lt;_&gt;.has help content" executed="True" result="Success" success="True" time="0.003" asserts="0" description="has help content">
                    <results>
                      <test-case description="has help content" name="NinjaOne - Help Content.Function Get-NinjaOneDeviceProcessors.has help content" time="0.003" asserts="0" success="True" result="Success" executed="True" />
                    </results>
                  </test-suite>
                  <test-suite type="ParameterizedTest" name="NinjaOne - Help Content.Function &lt;_&gt;.contains a synopsis" executed="True" result="Success" success="True" time="0.0027" asserts="0" description="contains a synopsis">
                    <results>
                      <test-case description="contains a synopsis" name="NinjaOne - Help Content.Function Get-NinjaOneDeviceProcessors.contains a synopsis" time="0.0027" asserts="0" success="True" result="Success" executed="True" />
                    </results>
                  </test-suite>
                  <test-suite type="ParameterizedTest" name="NinjaOne - Help Content.Function &lt;_&gt;.contains a description" executed="True" result="Success" success="True" time="0.0025" asserts="0" description="contains a description">
                    <results>
                      <test-case description="contains a description" name="NinjaOne - Help Content.Function Get-NinjaOneDeviceProcessors.contains a description" time="0.0025" asserts="0" success="True" result="Success" executed="True" />
                    </results>
                  </test-suite>
                  <test-suite type="ParameterizedTest" name="NinjaOne - Help Content.Function &lt;_&gt;.contains a functionality" executed="True" result="Success" success="True" time="0.002" asserts="0" description="contains a functionality">
                    <results>
                      <test-case description="contains a functionality" name="NinjaOne - Help Content.Function Get-NinjaOneDeviceProcessors.contains a functionality" time="0.002" asserts="0" success="True" result="Success" executed="True" />
                    </results>
                  </test-suite>
                  <test-suite type="ParameterizedTest" name="NinjaOne - Help Content.Function &lt;_&gt;.has at least one usage example" executed="True" result="Success" success="True" time="0.0021" asserts="0" description="has at least one usage example">
                    <results>
                      <test-case description="has at least one usage example" name="NinjaOne - Help Content.Function Get-NinjaOneDeviceProcessors.has at least one usage example" time="0.0021" asserts="0" success="True" result="Success" executed="True" />
                    </results>
                  </test-suite>
                  <test-suite type="ParameterizedTest" name="NinjaOne - Help Content.Function &lt;_&gt;.has a title for each example" executed="True" result="Success" success="True" time="0.002" asserts="0" description="has a title for each example">
                    <results>
                      <test-case description="has a title for each example" name="NinjaOne - Help Content.Function Get-NinjaOneDeviceProcessors.has a title for each example" time="0.002" asserts="0" success="True" result="Success" executed="True" />
                    </results>
                  </test-suite>
                  <test-suite type="ParameterizedTest" name="NinjaOne - Help Content.Function &lt;_&gt;.has a description for each example" executed="True" result="Success" success="True" time="0.002" asserts="0" description="has a description for each example">
                    <results>
                      <test-case description="has a description for each example" name="NinjaOne - Help Content.Function Get-NinjaOneDeviceProcessors.has a description for each example" time="0.002" asserts="0" success="True" result="Success" executed="True" />
                    </results>
                  </test-suite>
                </results>
              </test-suite>
              <test-suite type="TestFixture" name="NinjaOne - Help Content.Function Get-NinjaOneDevices" executed="True" result="Success" success="True" time="0.9898" asserts="0" description="NinjaOne - Help Content.Function Get-NinjaOneDevices">
                <results>
                  <test-suite type="ParameterizedTest" name="NinjaOne - Help Content.Function &lt;_&gt;.has help content" executed="True" result="Success" success="True" time="0.0032" asserts="0" description="has help content">
                    <results>
                      <test-case description="has help content" name="NinjaOne - Help Content.Function Get-NinjaOneDevices.has help content" time="0.0032" asserts="0" success="True" result="Success" executed="True" />
                    </results>
                  </test-suite>
                  <test-suite type="ParameterizedTest" name="NinjaOne - Help Content.Function &lt;_&gt;.contains a synopsis" executed="True" result="Success" success="True" time="0.0022" asserts="0" description="contains a synopsis">
                    <results>
                      <test-case description="contains a synopsis" name="NinjaOne - Help Content.Function Get-NinjaOneDevices.contains a synopsis" time="0.0022" asserts="0" success="True" result="Success" executed="True" />
                    </results>
                  </test-suite>
                  <test-suite type="ParameterizedTest" name="NinjaOne - Help Content.Function &lt;_&gt;.contains a description" executed="True" result="Success" success="True" time="0.0022" asserts="0" description="contains a description">
                    <results>
                      <test-case description="contains a description" name="NinjaOne - Help Content.Function Get-NinjaOneDevices.contains a description" time="0.0022" asserts="0" success="True" result="Success" executed="True" />
                    </results>
                  </test-suite>
                  <test-suite type="ParameterizedTest" name="NinjaOne - Help Content.Function &lt;_&gt;.contains a functionality" executed="True" result="Success" success="True" time="0.002" asserts="0" description="contains a functionality">
                    <results>
                      <test-case description="contains a functionality" name="NinjaOne - Help Content.Function Get-NinjaOneDevices.contains a functionality" time="0.002" asserts="0" success="True" result="Success" executed="True" />
                    </results>
                  </test-suite>
                  <test-suite type="ParameterizedTest" name="NinjaOne - Help Content.Function &lt;_&gt;.has at least one usage example" executed="True" result="Success" success="True" time="0.0021" asserts="0" description="has at least one usage example">
                    <results>
                      <test-case description="has at least one usage example" name="NinjaOne - Help Content.Function Get-NinjaOneDevices.has at least one usage example" time="0.0021" asserts="0" success="True" result="Success" executed="True" />
                    </results>
                  </test-suite>
                  <test-suite type="ParameterizedTest" name="NinjaOne - Help Content.Function &lt;_&gt;.has a title for each example" executed="True" result="Success" success="True" time="0.0132" asserts="0" description="has a title for each example">
                    <results>
                      <test-case description="has a title for each example" name="NinjaOne - Help Content.Function Get-NinjaOneDevices.has a title for each example" time="0.0022" asserts="0" success="True" result="Success" executed="True" />
                      <test-case description="has a title for each example" name="NinjaOne - Help Content.Function Get-NinjaOneDevices.has a title for each example" time="0.0023" asserts="0" success="True" result="Success" executed="True" />
                      <test-case description="has a title for each example" name="NinjaOne - Help Content.Function Get-NinjaOneDevices.has a title for each example" time="0.0021" asserts="0" success="True" result="Success" executed="True" />
                      <test-case description="has a title for each example" name="NinjaOne - Help Content.Function Get-NinjaOneDevices.has a title for each example" time="0.0023" asserts="0" success="True" result="Success" executed="True" />
                      <test-case description="has a title for each example" name="NinjaOne - Help Content.Function Get-NinjaOneDevices.has a title for each example" time="0.0021" asserts="0" success="True" result="Success" executed="True" />
                      <test-case description="has a title for each example" name="NinjaOne - Help Content.Function Get-NinjaOneDevices.has a title for each example" time="0.0022" asserts="0" success="True" result="Success" executed="True" />
                    </results>
                  </test-suite>
                  <test-suite type="ParameterizedTest" name="NinjaOne - Help Content.Function &lt;_&gt;.has a description for each example" executed="True" result="Success" success="True" time="0.0135" asserts="0" description="has a description for each example">
                    <results>
                      <test-case description="has a description for each example" name="NinjaOne - Help Content.Function Get-NinjaOneDevices.has a description for each example" time="0.0022" asserts="0" success="True" result="Success" executed="True" />
                      <test-case description="has a description for each example" name="NinjaOne - Help Content.Function Get-NinjaOneDevices.has a description for each example" time="0.0019" asserts="0" success="True" result="Success" executed="True" />
                      <test-case description="has a description for each example" name="NinjaOne - Help Content.Function Get-NinjaOneDevices.has a description for each example" time="0.0021" asserts="0" success="True" result="Success" executed="True" />
                      <test-case description="has a description for each example" name="NinjaOne - Help Content.Function Get-NinjaOneDevices.has a description for each example" time="0.0023" asserts="0" success="True" result="Success" executed="True" />
                      <test-case description="has a description for each example" name="NinjaOne - Help Content.Function Get-NinjaOneDevices.has a description for each example" time="0.0021" asserts="0" success="True" result="Success" executed="True" />
                      <test-case description="has a description for each example" name="NinjaOne - Help Content.Function Get-NinjaOneDevices.has a description for each example" time="0.0029" asserts="0" success="True" result="Success" executed="True" />
                    </results>
                  </test-suite>
                </results>
              </test-suite>
              <test-suite type="TestFixture" name="NinjaOne - Help Content.Function Get-NinjaOneDeviceScriptingOptions" executed="True" result="Success" success="True" time="1.0496" asserts="0" description="NinjaOne - Help Content.Function Get-NinjaOneDeviceScriptingOptions">
                <results>
                  <test-suite type="ParameterizedTest" name="NinjaOne - Help Content.Function &lt;_&gt;.has help content" executed="True" result="Success" success="True" time="0.0032" asserts="0" description="has help content">
                    <results>
                      <test-case description="has help content" name="NinjaOne - Help Content.Function Get-NinjaOneDeviceScriptingOptions.has help content" time="0.0032" asserts="0" success="True" result="Success" executed="True" />
                    </results>
                  </test-suite>
                  <test-suite type="ParameterizedTest" name="NinjaOne - Help Content.Function &lt;_&gt;.contains a synopsis" executed="True" result="Success" success="True" time="0.0024" asserts="0" description="contains a synopsis">
                    <results>
                      <test-case description="contains a synopsis" name="NinjaOne - Help Content.Function Get-NinjaOneDeviceScriptingOptions.contains a synopsis" time="0.0024" asserts="0" success="True" result="Success" executed="True" />
                    </results>
                  </test-suite>
                  <test-suite type="ParameterizedTest" name="NinjaOne - Help Content.Function &lt;_&gt;.contains a description" executed="True" result="Success" success="True" time="0.0026" asserts="0" description="contains a description">
                    <results>
                      <test-case description="contains a description" name="NinjaOne - Help Content.Function Get-NinjaOneDeviceScriptingOptions.contains a description" time="0.0026" asserts="0" success="True" result="Success" executed="True" />
                    </results>
                  </test-suite>
                  <test-suite type="ParameterizedTest" name="NinjaOne - Help Content.Function &lt;_&gt;.contains a functionality" executed="True" result="Success" success="True" time="0.0023" asserts="0" description="contains a functionality">
                    <results>
                      <test-case description="contains a functionality" name="NinjaOne - Help Content.Function Get-NinjaOneDeviceScriptingOptions.contains a functionality" time="0.0023" asserts="0" success="True" result="Success" executed="True" />
                    </results>
                  </test-suite>
                  <test-suite type="ParameterizedTest" name="NinjaOne - Help Content.Function &lt;_&gt;.has at least one usage example" executed="True" result="Success" success="True" time="0.0023" asserts="0" description="has at least one usage example">
                    <results>
                      <test-case description="has at least one usage example" name="NinjaOne - Help Content.Function Get-NinjaOneDeviceScriptingOptions.has at least one usage example" time="0.0023" asserts="0" success="True" result="Success" executed="True" />
                    </results>
                  </test-suite>
                  <test-suite type="ParameterizedTest" name="NinjaOne - Help Content.Function &lt;_&gt;.has a title for each example" executed="True" result="Success" success="True" time="0.0068" asserts="0" description="has a title for each example">
                    <results>
                      <test-case description="has a title for each example" name="NinjaOne - Help Content.Function Get-NinjaOneDeviceScriptingOptions.has a title for each example" time="0.0021" asserts="0" success="True" result="Success" executed="True" />
                      <test-case description="has a title for each example" name="NinjaOne - Help Content.Function Get-NinjaOneDeviceScriptingOptions.has a title for each example" time="0.0025" asserts="0" success="True" result="Success" executed="True" />
                      <test-case description="has a title for each example" name="NinjaOne - Help Content.Function Get-NinjaOneDeviceScriptingOptions.has a title for each example" time="0.0022" asserts="0" success="True" result="Success" executed="True" />
                    </results>
                  </test-suite>
                  <test-suite type="ParameterizedTest" name="NinjaOne - Help Content.Function &lt;_&gt;.has a description for each example" executed="True" result="Success" success="True" time="0.0067" asserts="0" description="has a description for each example">
                    <results>
                      <test-case description="has a description for each example" name="NinjaOne - Help Content.Function Get-NinjaOneDeviceScriptingOptions.has a description for each example" time="0.0024" asserts="0" success="True" result="Success" executed="True" />
                      <test-case description="has a description for each example" name="NinjaOne - Help Content.Function Get-NinjaOneDeviceScriptingOptions.has a description for each example" time="0.0022" asserts="0" success="True" result="Success" executed="True" />
                      <test-case description="has a description for each example" name="NinjaOne - Help Content.Function Get-NinjaOneDeviceScriptingOptions.has a description for each example" time="0.0021" asserts="0" success="True" result="Success" executed="True" />
                    </results>
                  </test-suite>
                </results>
              </test-suite>
              <test-suite type="TestFixture" name="NinjaOne - Help Content.Function Get-NinjaOneDeviceSoftwarePatches" executed="True" result="Success" success="True" time="1.0987" asserts="0" description="NinjaOne - Help Content.Function Get-NinjaOneDeviceSoftwarePatches">
                <results>
                  <test-suite type="ParameterizedTest" name="NinjaOne - Help Content.Function &lt;_&gt;.has help content" executed="True" result="Success" success="True" time="0.0038" asserts="0" description="has help content">
                    <results>
                      <test-case description="has help content" name="NinjaOne - Help Content.Function Get-NinjaOneDeviceSoftwarePatches.has help content" time="0.0038" asserts="0" success="True" result="Success" executed="True" />
                    </results>
                  </test-suite>
                  <test-suite type="ParameterizedTest" name="NinjaOne - Help Content.Function &lt;_&gt;.contains a synopsis" executed="True" result="Success" success="True" time="0.003" asserts="0" description="contains a synopsis">
                    <results>
                      <test-case description="contains a synopsis" name="NinjaOne - Help Content.Function Get-NinjaOneDeviceSoftwarePatches.contains a synopsis" time="0.003" asserts="0" success="True" result="Success" executed="True" />
                    </results>
                  </test-suite>
                  <test-suite type="ParameterizedTest" name="NinjaOne - Help Content.Function &lt;_&gt;.contains a description" executed="True" result="Success" success="True" time="0.0029" asserts="0" description="contains a description">
                    <results>
                      <test-case description="contains a description" name="NinjaOne - Help Content.Function Get-NinjaOneDeviceSoftwarePatches.contains a description" time="0.0029" asserts="0" success="True" result="Success" executed="True" />
                    </results>
                  </test-suite>
                  <test-suite type="ParameterizedTest" name="NinjaOne - Help Content.Function &lt;_&gt;.contains a functionality" executed="True" result="Success" success="True" time="0.0023" asserts="0" description="contains a functionality">
                    <results>
                      <test-case description="contains a functionality" name="NinjaOne - Help Content.Function Get-NinjaOneDeviceSoftwarePatches.contains a functionality" time="0.0023" asserts="0" success="True" result="Success" executed="True" />
                    </results>
                  </test-suite>
                  <test-suite type="ParameterizedTest" name="NinjaOne - Help Content.Function &lt;_&gt;.has at least one usage example" executed="True" result="Success" success="True" time="0.0029" asserts="0" description="has at least one usage example">
                    <results>
                      <test-case description="has at least one usage example" name="NinjaOne - Help Content.Function Get-NinjaOneDeviceSoftwarePatches.has at least one usage example" time="0.0029" asserts="0" success="True" result="Success" executed="True" />
                    </results>
                  </test-suite>
                  <test-suite type="ParameterizedTest" name="NinjaOne - Help Content.Function &lt;_&gt;.has a title for each example" executed="True" result="Success" success="True" time="0.006" asserts="0" description="has a title for each example">
                    <results>
                      <test-case description="has a title for each example" name="NinjaOne - Help Content.Function Get-NinjaOneDeviceSoftwarePatches.has a title for each example" time="0.0033" asserts="0" success="True" result="Success" executed="True" />
                      <test-case description="has a title for each example" name="NinjaOne - Help Content.Function Get-NinjaOneDeviceSoftwarePatches.has a title for each example" time="0.0028" asserts="0" success="True" result="Success" executed="True" />
                    </results>
                  </test-suite>
                  <test-suite type="ParameterizedTest" name="NinjaOne - Help Content.Function &lt;_&gt;.has a description for each example" executed="True" result="Success" success="True" time="0.0066" asserts="0" description="has a description for each example">
                    <results>
                      <test-case description="has a description for each example" name="NinjaOne - Help Content.Function Get-NinjaOneDeviceSoftwarePatches.has a description for each example" time="0.0033" asserts="0" success="True" result="Success" executed="True" />
                      <test-case description="has a description for each example" name="NinjaOne - Help Content.Function Get-NinjaOneDeviceSoftwarePatches.has a description for each example" time="0.0032" asserts="0" success="True" result="Success" executed="True" />
                    </results>
                  </test-suite>
                </results>
              </test-suite>
              <test-suite type="TestFixture" name="NinjaOne - Help Content.Function Get-NinjaOneDeviceSoftwarePatchInstalls" executed="True" result="Success" success="True" time="1.15" asserts="0" description="NinjaOne - Help Content.Function Get-NinjaOneDeviceSoftwarePatchInstalls">
                <results>
                  <test-suite type="ParameterizedTest" name="NinjaOne - Help Content.Function &lt;_&gt;.has help content" executed="True" result="Success" success="True" time="0.0031" asserts="0" description="has help content">
                    <results>
                      <test-case description="has help content" name="NinjaOne - Help Content.Function Get-NinjaOneDeviceSoftwarePatchInstalls.has help content" time="0.0031" asserts="0" success="True" result="Success" executed="True" />
                    </results>
                  </test-suite>
                  <test-suite type="ParameterizedTest" name="NinjaOne - Help Content.Function &lt;_&gt;.contains a synopsis" executed="True" result="Success" success="True" time="0.0028" asserts="0" description="contains a synopsis">
                    <results>
                      <test-case description="contains a synopsis" name="NinjaOne - Help Content.Function Get-NinjaOneDeviceSoftwarePatchInstalls.contains a synopsis" time="0.0028" asserts="0" success="True" result="Success" executed="True" />
                    </results>
                  </test-suite>
                  <test-suite type="ParameterizedTest" name="NinjaOne - Help Content.Function &lt;_&gt;.contains a description" executed="True" result="Success" success="True" time="0.0024" asserts="0" description="contains a description">
                    <results>
                      <test-case description="contains a description" name="NinjaOne - Help Content.Function Get-NinjaOneDeviceSoftwarePatchInstalls.contains a description" time="0.0024" asserts="0" success="True" result="Success" executed="True" />
                    </results>
                  </test-suite>
                  <test-suite type="ParameterizedTest" name="NinjaOne - Help Content.Function &lt;_&gt;.contains a functionality" executed="True" result="Success" success="True" time="0.0025" asserts="0" description="contains a functionality">
                    <results>
                      <test-case description="contains a functionality" name="NinjaOne - Help Content.Function Get-NinjaOneDeviceSoftwarePatchInstalls.contains a functionality" time="0.0025" asserts="0" success="True" result="Success" executed="True" />
                    </results>
                  </test-suite>
                  <test-suite type="ParameterizedTest" name="NinjaOne - Help Content.Function &lt;_&gt;.has at least one usage example" executed="True" result="Success" success="True" time="0.0032" asserts="0" description="has at least one usage example">
                    <results>
                      <test-case description="has at least one usage example" name="NinjaOne - Help Content.Function Get-NinjaOneDeviceSoftwarePatchInstalls.has at least one usage example" time="0.0032" asserts="0" success="True" result="Success" executed="True" />
                    </results>
                  </test-suite>
                  <test-suite type="ParameterizedTest" name="NinjaOne - Help Content.Function &lt;_&gt;.has a title for each example" executed="True" result="Success" success="True" time="0.0047" asserts="0" description="has a title for each example">
                    <results>
                      <test-case description="has a title for each example" name="NinjaOne - Help Content.Function Get-NinjaOneDeviceSoftwarePatchInstalls.has a title for each example" time="0.0025" asserts="0" success="True" result="Success" executed="True" />
                      <test-case description="has a title for each example" name="NinjaOne - Help Content.Function Get-NinjaOneDeviceSoftwarePatchInstalls.has a title for each example" time="0.0022" asserts="0" success="True" result="Success" executed="True" />
                    </results>
                  </test-suite>
                  <test-suite type="ParameterizedTest" name="NinjaOne - Help Content.Function &lt;_&gt;.has a description for each example" executed="True" result="Success" success="True" time="0.0126" asserts="0" description="has a description for each example">
                    <results>
                      <test-case description="has a description for each example" name="NinjaOne - Help Content.Function Get-NinjaOneDeviceSoftwarePatchInstalls.has a description for each example" time="0.01" asserts="0" success="True" result="Success" executed="True" />
                      <test-case description="has a description for each example" name="NinjaOne - Help Content.Function Get-NinjaOneDeviceSoftwarePatchInstalls.has a description for each example" time="0.0025" asserts="0" success="True" result="Success" executed="True" />
                    </results>
                  </test-suite>
                </results>
              </test-suite>
              <test-suite type="TestFixture" name="NinjaOne - Help Content.Function Get-NinjaOneDeviceVolumes" executed="True" result="Success" success="True" time="1.1903" asserts="0" description="NinjaOne - Help Content.Function Get-NinjaOneDeviceVolumes">
                <results>
                  <test-suite type="ParameterizedTest" name="NinjaOne - Help Content.Function &lt;_&gt;.has help content" executed="True" result="Success" success="True" time="0.0031" asserts="0" description="has help content">
                    <results>
                      <test-case description="has help content" name="NinjaOne - Help Content.Function Get-NinjaOneDeviceVolumes.has help content" time="0.0031" asserts="0" success="True" result="Success" executed="True" />
                    </results>
                  </test-suite>
                  <test-suite type="ParameterizedTest" name="NinjaOne - Help Content.Function &lt;_&gt;.contains a synopsis" executed="True" result="Success" success="True" time="0.0022" asserts="0" description="contains a synopsis">
                    <results>
                      <test-case description="contains a synopsis" name="NinjaOne - Help Content.Function Get-NinjaOneDeviceVolumes.contains a synopsis" time="0.0022" asserts="0" success="True" result="Success" executed="True" />
                    </results>
                  </test-suite>
                  <test-suite type="ParameterizedTest" name="NinjaOne - Help Content.Function &lt;_&gt;.contains a description" executed="True" result="Success" success="True" time="0.0024" asserts="0" description="contains a description">
                    <results>
                      <test-case description="contains a description" name="NinjaOne - Help Content.Function Get-NinjaOneDeviceVolumes.contains a description" time="0.0024" asserts="0" success="True" result="Success" executed="True" />
                    </results>
                  </test-suite>
                  <test-suite type="ParameterizedTest" name="NinjaOne - Help Content.Function &lt;_&gt;.contains a functionality" executed="True" result="Success" success="True" time="0.0021" asserts="0" description="contains a functionality">
                    <results>
                      <test-case description="contains a functionality" name="NinjaOne - Help Content.Function Get-NinjaOneDeviceVolumes.contains a functionality" time="0.0021" asserts="0" success="True" result="Success" executed="True" />
                    </results>
                  </test-suite>
                  <test-suite type="ParameterizedTest" name="NinjaOne - Help Content.Function &lt;_&gt;.has at least one usage example" executed="True" result="Success" success="True" time="0.002" asserts="0" description="has at least one usage example">
                    <results>
                      <test-case description="has at least one usage example" name="NinjaOne - Help Content.Function Get-NinjaOneDeviceVolumes.has at least one usage example" time="0.002" asserts="0" success="True" result="Success" executed="True" />
                    </results>
                  </test-suite>
                  <test-suite type="ParameterizedTest" name="NinjaOne - Help Content.Function &lt;_&gt;.has a title for each example" executed="True" result="Success" success="True" time="0.0043" asserts="0" description="has a title for each example">
                    <results>
                      <test-case description="has a title for each example" name="NinjaOne - Help Content.Function Get-NinjaOneDeviceVolumes.has a title for each example" time="0.0023" asserts="0" success="True" result="Success" executed="True" />
                      <test-case description="has a title for each example" name="NinjaOne - Help Content.Function Get-NinjaOneDeviceVolumes.has a title for each example" time="0.002" asserts="0" success="True" result="Success" executed="True" />
                    </results>
                  </test-suite>
                  <test-suite type="ParameterizedTest" name="NinjaOne - Help Content.Function &lt;_&gt;.has a description for each example" executed="True" result="Success" success="True" time="0.0043" asserts="0" description="has a description for each example">
                    <results>
                      <test-case description="has a description for each example" name="NinjaOne - Help Content.Function Get-NinjaOneDeviceVolumes.has a description for each example" time="0.0023" asserts="0" success="True" result="Success" executed="True" />
                      <test-case description="has a description for each example" name="NinjaOne - Help Content.Function Get-NinjaOneDeviceVolumes.has a description for each example" time="0.002" asserts="0" success="True" result="Success" executed="True" />
                    </results>
                  </test-suite>
                </results>
              </test-suite>
              <test-suite type="TestFixture" name="NinjaOne - Help Content.Function Get-NinjaOneDeviceWindowsServices" executed="True" result="Success" success="True" time="1.234" asserts="0" description="NinjaOne - Help Content.Function Get-NinjaOneDeviceWindowsServices">
                <results>
                  <test-suite type="ParameterizedTest" name="NinjaOne - Help Content.Function &lt;_&gt;.has help content" executed="True" result="Success" success="True" time="0.0029" asserts="0" description="has help content">
                    <results>
                      <test-case description="has help content" name="NinjaOne - Help Content.Function Get-NinjaOneDeviceWindowsServices.has help content" time="0.0029" asserts="0" success="True" result="Success" executed="True" />
                    </results>
                  </test-suite>
                  <test-suite type="ParameterizedTest" name="NinjaOne - Help Content.Function &lt;_&gt;.contains a synopsis" executed="True" result="Success" success="True" time="0.0025" asserts="0" description="contains a synopsis">
                    <results>
                      <test-case description="contains a synopsis" name="NinjaOne - Help Content.Function Get-NinjaOneDeviceWindowsServices.contains a synopsis" time="0.0025" asserts="0" success="True" result="Success" executed="True" />
                    </results>
                  </test-suite>
                  <test-suite type="ParameterizedTest" name="NinjaOne - Help Content.Function &lt;_&gt;.contains a description" executed="True" result="Success" success="True" time="0.0019" asserts="0" description="contains a description">
                    <results>
                      <test-case description="contains a description" name="NinjaOne - Help Content.Function Get-NinjaOneDeviceWindowsServices.contains a description" time="0.0019" asserts="0" success="True" result="Success" executed="True" />
                    </results>
                  </test-suite>
                  <test-suite type="ParameterizedTest" name="NinjaOne - Help Content.Function &lt;_&gt;.contains a functionality" executed="True" result="Success" success="True" time="0.0023" asserts="0" description="contains a functionality">
                    <results>
                      <test-case description="contains a functionality" name="NinjaOne - Help Content.Function Get-NinjaOneDeviceWindowsServices.contains a functionality" time="0.0023" asserts="0" success="True" result="Success" executed="True" />
                    </results>
                  </test-suite>
                  <test-suite type="ParameterizedTest" name="NinjaOne - Help Content.Function &lt;_&gt;.has at least one usage example" executed="True" result="Success" success="True" time="0.002" asserts="0" description="has at least one usage example">
                    <results>
                      <test-case description="has at least one usage example" name="NinjaOne - Help Content.Function Get-NinjaOneDeviceWindowsServices.has at least one usage example" time="0.002" asserts="0" success="True" result="Success" executed="True" />
                    </results>
                  </test-suite>
                  <test-suite type="ParameterizedTest" name="NinjaOne - Help Content.Function &lt;_&gt;.has a title for each example" executed="True" result="Success" success="True" time="0.0066" asserts="0" description="has a title for each example">
                    <results>
                      <test-case description="has a title for each example" name="NinjaOne - Help Content.Function Get-NinjaOneDeviceWindowsServices.has a title for each example" time="0.0023" asserts="0" success="True" result="Success" executed="True" />
                      <test-case description="has a title for each example" name="NinjaOne - Help Content.Function Get-NinjaOneDeviceWindowsServices.has a title for each example" time="0.0023" asserts="0" success="True" result="Success" executed="True" />
                      <test-case description="has a title for each example" name="NinjaOne - Help Content.Function Get-NinjaOneDeviceWindowsServices.has a title for each example" time="0.002" asserts="0" success="True" result="Success" executed="True" />
                    </results>
                  </test-suite>
                  <test-suite type="ParameterizedTest" name="NinjaOne - Help Content.Function &lt;_&gt;.has a description for each example" executed="True" result="Success" success="True" time="0.0062" asserts="0" description="has a description for each example">
                    <results>
                      <test-case description="has a description for each example" name="NinjaOne - Help Content.Function Get-NinjaOneDeviceWindowsServices.has a description for each example" time="0.0021" asserts="0" success="True" result="Success" executed="True" />
                      <test-case description="has a description for each example" name="NinjaOne - Help Content.Function Get-NinjaOneDeviceWindowsServices.has a description for each example" time="0.002" asserts="0" success="True" result="Success" executed="True" />
                      <test-case description="has a description for each example" name="NinjaOne - Help Content.Function Get-NinjaOneDeviceWindowsServices.has a description for each example" time="0.0021" asserts="0" success="True" result="Success" executed="True" />
                    </results>
                  </test-suite>
                </results>
              </test-suite>
              <test-suite type="TestFixture" name="NinjaOne - Help Content.Function Get-NinjaOneDisks" executed="True" result="Success" success="True" time="1.2859" asserts="0" description="NinjaOne - Help Content.Function Get-NinjaOneDisks">
                <results>
                  <test-suite type="ParameterizedTest" name="NinjaOne - Help Content.Function &lt;_&gt;.has help content" executed="True" result="Success" success="True" time="0.003" asserts="0" description="has help content">
                    <results>
                      <test-case description="has help content" name="NinjaOne - Help Content.Function Get-NinjaOneDisks.has help content" time="0.003" asserts="0" success="True" result="Success" executed="True" />
                    </results>
                  </test-suite>
                  <test-suite type="ParameterizedTest" name="NinjaOne - Help Content.Function &lt;_&gt;.contains a synopsis" executed="True" result="Success" success="True" time="0.0084" asserts="0" description="contains a synopsis">
                    <results>
                      <test-case description="contains a synopsis" name="NinjaOne - Help Content.Function Get-NinjaOneDisks.contains a synopsis" time="0.0084" asserts="0" success="True" result="Success" executed="True" />
                    </results>
                  </test-suite>
                  <test-suite type="ParameterizedTest" name="NinjaOne - Help Content.Function &lt;_&gt;.contains a description" executed="True" result="Success" success="True" time="0.0023" asserts="0" description="contains a description">
                    <results>
                      <test-case description="contains a description" name="NinjaOne - Help Content.Function Get-NinjaOneDisks.contains a description" time="0.0023" asserts="0" success="True" result="Success" executed="True" />
                    </results>
                  </test-suite>
                  <test-suite type="ParameterizedTest" name="NinjaOne - Help Content.Function &lt;_&gt;.contains a functionality" executed="True" result="Success" success="True" time="0.0026" asserts="0" description="contains a functionality">
                    <results>
                      <test-case description="contains a functionality" name="NinjaOne - Help Content.Function Get-NinjaOneDisks.contains a functionality" time="0.0026" asserts="0" success="True" result="Success" executed="True" />
                    </results>
                  </test-suite>
                  <test-suite type="ParameterizedTest" name="NinjaOne - Help Content.Function &lt;_&gt;.has at least one usage example" executed="True" result="Success" success="True" time="0.002" asserts="0" description="has at least one usage example">
                    <results>
                      <test-case description="has at least one usage example" name="NinjaOne - Help Content.Function Get-NinjaOneDisks.has at least one usage example" time="0.002" asserts="0" success="True" result="Success" executed="True" />
                    </results>
                  </test-suite>
                  <test-suite type="ParameterizedTest" name="NinjaOne - Help Content.Function &lt;_&gt;.has a title for each example" executed="True" result="Success" success="True" time="0.0072" asserts="0" description="has a title for each example">
                    <results>
                      <test-case description="has a title for each example" name="NinjaOne - Help Content.Function Get-NinjaOneDisks.has a title for each example" time="0.0031" asserts="0" success="True" result="Success" executed="True" />
                      <test-case description="has a title for each example" name="NinjaOne - Help Content.Function Get-NinjaOneDisks.has a title for each example" time="0.002" asserts="0" success="True" result="Success" executed="True" />
                      <test-case description="has a title for each example" name="NinjaOne - Help Content.Function Get-NinjaOneDisks.has a title for each example" time="0.0021" asserts="0" success="True" result="Success" executed="True" />
                    </results>
                  </test-suite>
                  <test-suite type="ParameterizedTest" name="NinjaOne - Help Content.Function &lt;_&gt;.has a description for each example" executed="True" result="Success" success="True" time="0.0063" asserts="0" description="has a description for each example">
                    <results>
                      <test-case description="has a description for each example" name="NinjaOne - Help Content.Function Get-NinjaOneDisks.has a description for each example" time="0.0021" asserts="0" success="True" result="Success" executed="True" />
                      <test-case description="has a description for each example" name="NinjaOne - Help Content.Function Get-NinjaOneDisks.has a description for each example" time="0.002" asserts="0" success="True" result="Success" executed="True" />
                      <test-case description="has a description for each example" name="NinjaOne - Help Content.Function Get-NinjaOneDisks.has a description for each example" time="0.0023" asserts="0" success="True" result="Success" executed="True" />
                    </results>
                  </test-suite>
                </results>
              </test-suite>
              <test-suite type="TestFixture" name="NinjaOne - Help Content.Function Get-NinjaOneGroupMembers" executed="True" result="Success" success="True" time="1.3204" asserts="0" description="NinjaOne - Help Content.Function Get-NinjaOneGroupMembers">
                <results>
                  <test-suite type="ParameterizedTest" name="NinjaOne - Help Content.Function &lt;_&gt;.has help content" executed="True" result="Success" success="True" time="0.003" asserts="0" description="has help content">
                    <results>
                      <test-case description="has help content" name="NinjaOne - Help Content.Function Get-NinjaOneGroupMembers.has help content" time="0.003" asserts="0" success="True" result="Success" executed="True" />
                    </results>
                  </test-suite>
                  <test-suite type="ParameterizedTest" name="NinjaOne - Help Content.Function &lt;_&gt;.contains a synopsis" executed="True" result="Success" success="True" time="0.002" asserts="0" description="contains a synopsis">
                    <results>
                      <test-case description="contains a synopsis" name="NinjaOne - Help Content.Function Get-NinjaOneGroupMembers.contains a synopsis" time="0.002" asserts="0" success="True" result="Success" executed="True" />
                    </results>
                  </test-suite>
                  <test-suite type="ParameterizedTest" name="NinjaOne - Help Content.Function &lt;_&gt;.contains a description" executed="True" result="Success" success="True" time="0.002" asserts="0" description="contains a description">
                    <results>
                      <test-case description="contains a description" name="NinjaOne - Help Content.Function Get-NinjaOneGroupMembers.contains a description" time="0.002" asserts="0" success="True" result="Success" executed="True" />
                    </results>
                  </test-suite>
                  <test-suite type="ParameterizedTest" name="NinjaOne - Help Content.Function &lt;_&gt;.contains a functionality" executed="True" result="Success" success="True" time="0.002" asserts="0" description="contains a functionality">
                    <results>
                      <test-case description="contains a functionality" name="NinjaOne - Help Content.Function Get-NinjaOneGroupMembers.contains a functionality" time="0.002" asserts="0" success="True" result="Success" executed="True" />
                    </results>
                  </test-suite>
                  <test-suite type="ParameterizedTest" name="NinjaOne - Help Content.Function &lt;_&gt;.has at least one usage example" executed="True" result="Success" success="True" time="0.0022" asserts="0" description="has at least one usage example">
                    <results>
                      <test-case description="has at least one usage example" name="NinjaOne - Help Content.Function Get-NinjaOneGroupMembers.has at least one usage example" time="0.0022" asserts="0" success="True" result="Success" executed="True" />
                    </results>
                  </test-suite>
                  <test-suite type="ParameterizedTest" name="NinjaOne - Help Content.Function &lt;_&gt;.has a title for each example" executed="True" result="Success" success="True" time="0.002" asserts="0" description="has a title for each example">
                    <results>
                      <test-case description="has a title for each example" name="NinjaOne - Help Content.Function Get-NinjaOneGroupMembers.has a title for each example" time="0.002" asserts="0" success="True" result="Success" executed="True" />
                    </results>
                  </test-suite>
                  <test-suite type="ParameterizedTest" name="NinjaOne - Help Content.Function &lt;_&gt;.has a description for each example" executed="True" result="Success" success="True" time="0.002" asserts="0" description="has a description for each example">
                    <results>
                      <test-case description="has a description for each example" name="NinjaOne - Help Content.Function Get-NinjaOneGroupMembers.has a description for each example" time="0.002" asserts="0" success="True" result="Success" executed="True" />
                    </results>
                  </test-suite>
                </results>
              </test-suite>
              <test-suite type="TestFixture" name="NinjaOne - Help Content.Function Get-NinjaOneGroups" executed="True" result="Success" success="True" time="1.3538" asserts="0" description="NinjaOne - Help Content.Function Get-NinjaOneGroups">
                <results>
                  <test-suite type="ParameterizedTest" name="NinjaOne - Help Content.Function &lt;_&gt;.has help content" executed="True" result="Success" success="True" time="0.0028" asserts="0" description="has help content">
                    <results>
                      <test-case description="has help content" name="NinjaOne - Help Content.Function Get-NinjaOneGroups.has help content" time="0.0028" asserts="0" success="True" result="Success" executed="True" />
                    </results>
                  </test-suite>
                  <test-suite type="ParameterizedTest" name="NinjaOne - Help Content.Function &lt;_&gt;.contains a synopsis" executed="True" result="Success" success="True" time="0.0018" asserts="0" description="contains a synopsis">
                    <results>
                      <test-case description="contains a synopsis" name="NinjaOne - Help Content.Function Get-NinjaOneGroups.contains a synopsis" time="0.0018" asserts="0" success="True" result="Success" executed="True" />
                    </results>
                  </test-suite>
                  <test-suite type="ParameterizedTest" name="NinjaOne - Help Content.Function &lt;_&gt;.contains a description" executed="True" result="Success" success="True" time="0.0022" asserts="0" description="contains a description">
                    <results>
                      <test-case description="contains a description" name="NinjaOne - Help Content.Function Get-NinjaOneGroups.contains a description" time="0.0022" asserts="0" success="True" result="Success" executed="True" />
                    </results>
                  </test-suite>
                  <test-suite type="ParameterizedTest" name="NinjaOne - Help Content.Function &lt;_&gt;.contains a functionality" executed="True" result="Success" success="True" time="0.0021" asserts="0" description="contains a functionality">
                    <results>
                      <test-case description="contains a functionality" name="NinjaOne - Help Content.Function Get-NinjaOneGroups.contains a functionality" time="0.0021" asserts="0" success="True" result="Success" executed="True" />
                    </results>
                  </test-suite>
                  <test-suite type="ParameterizedTest" name="NinjaOne - Help Content.Function &lt;_&gt;.has at least one usage example" executed="True" result="Success" success="True" time="0.0018" asserts="0" description="has at least one usage example">
                    <results>
                      <test-case description="has at least one usage example" name="NinjaOne - Help Content.Function Get-NinjaOneGroups.has at least one usage example" time="0.0018" asserts="0" success="True" result="Success" executed="True" />
                    </results>
                  </test-suite>
                  <test-suite type="ParameterizedTest" name="NinjaOne - Help Content.Function &lt;_&gt;.has a title for each example" executed="True" result="Success" success="True" time="0.002" asserts="0" description="has a title for each example">
                    <results>
                      <test-case description="has a title for each example" name="NinjaOne - Help Content.Function Get-NinjaOneGroups.has a title for each example" time="0.002" asserts="0" success="True" result="Success" executed="True" />
                    </results>
                  </test-suite>
                  <test-suite type="ParameterizedTest" name="NinjaOne - Help Content.Function &lt;_&gt;.has a description for each example" executed="True" result="Success" success="True" time="0.0019" asserts="0" description="has a description for each example">
                    <results>
                      <test-case description="has a description for each example" name="NinjaOne - Help Content.Function Get-NinjaOneGroups.has a description for each example" time="0.0019" asserts="0" success="True" result="Success" executed="True" />
                    </results>
                  </test-suite>
                </results>
              </test-suite>
              <test-suite type="TestFixture" name="NinjaOne - Help Content.Function Get-NinjaOneInstaller" executed="True" result="Success" success="True" time="1.3968" asserts="0" description="NinjaOne - Help Content.Function Get-NinjaOneInstaller">
                <results>
                  <test-suite type="ParameterizedTest" name="NinjaOne - Help Content.Function &lt;_&gt;.has help content" executed="True" result="Success" success="True" time="0.0086" asserts="0" description="has help content">
                    <results>
                      <test-case description="has help content" name="NinjaOne - Help Content.Function Get-NinjaOneInstaller.has help content" time="0.0086" asserts="0" success="True" result="Success" executed="True" />
                    </results>
                  </test-suite>
                  <test-suite type="ParameterizedTest" name="NinjaOne - Help Content.Function &lt;_&gt;.contains a synopsis" executed="True" result="Success" success="True" time="0.0022" asserts="0" description="contains a synopsis">
                    <results>
                      <test-case description="contains a synopsis" name="NinjaOne - Help Content.Function Get-NinjaOneInstaller.contains a synopsis" time="0.0022" asserts="0" success="True" result="Success" executed="True" />
                    </results>
                  </test-suite>
                  <test-suite type="ParameterizedTest" name="NinjaOne - Help Content.Function &lt;_&gt;.contains a description" executed="True" result="Success" success="True" time="0.0018" asserts="0" description="contains a description">
                    <results>
                      <test-case description="contains a description" name="NinjaOne - Help Content.Function Get-NinjaOneInstaller.contains a description" time="0.0018" asserts="0" success="True" result="Success" executed="True" />
                    </results>
                  </test-suite>
                  <test-suite type="ParameterizedTest" name="NinjaOne - Help Content.Function &lt;_&gt;.contains a functionality" executed="True" result="Success" success="True" time="0.0018" asserts="0" description="contains a functionality">
                    <results>
                      <test-case description="contains a functionality" name="NinjaOne - Help Content.Function Get-NinjaOneInstaller.contains a functionality" time="0.0018" asserts="0" success="True" result="Success" executed="True" />
                    </results>
                  </test-suite>
                  <test-suite type="ParameterizedTest" name="NinjaOne - Help Content.Function &lt;_&gt;.has at least one usage example" executed="True" result="Success" success="True" time="0.002" asserts="0" description="has at least one usage example">
                    <results>
                      <test-case description="has at least one usage example" name="NinjaOne - Help Content.Function Get-NinjaOneInstaller.has at least one usage example" time="0.002" asserts="0" success="True" result="Success" executed="True" />
                    </results>
                  </test-suite>
                  <test-suite type="ParameterizedTest" name="NinjaOne - Help Content.Function &lt;_&gt;.has a title for each example" executed="True" result="Success" success="True" time="0.0039" asserts="0" description="has a title for each example">
                    <results>
                      <test-case description="has a title for each example" name="NinjaOne - Help Content.Function Get-NinjaOneInstaller.has a title for each example" time="0.0019" asserts="0" success="True" result="Success" executed="True" />
                      <test-case description="has a title for each example" name="NinjaOne - Help Content.Function Get-NinjaOneInstaller.has a title for each example" time="0.002" asserts="0" success="True" result="Success" executed="True" />
                    </results>
                  </test-suite>
                  <test-suite type="ParameterizedTest" name="NinjaOne - Help Content.Function &lt;_&gt;.has a description for each example" executed="True" result="Success" success="True" time="0.0038" asserts="0" description="has a description for each example">
                    <results>
                      <test-case description="has a description for each example" name="NinjaOne - Help Content.Function Get-NinjaOneInstaller.has a description for each example" time="0.0019" asserts="0" success="True" result="Success" executed="True" />
                      <test-case description="has a description for each example" name="NinjaOne - Help Content.Function Get-NinjaOneInstaller.has a description for each example" time="0.0019" asserts="0" success="True" result="Success" executed="True" />
                    </results>
                  </test-suite>
                </results>
              </test-suite>
              <test-suite type="TestFixture" name="NinjaOne - Help Content.Function Get-NinjaOneJobs" executed="True" result="Success" success="True" time="1.4422" asserts="0" description="NinjaOne - Help Content.Function Get-NinjaOneJobs">
                <results>
                  <test-suite type="ParameterizedTest" name="NinjaOne - Help Content.Function &lt;_&gt;.has help content" executed="True" result="Success" success="True" time="0.003" asserts="0" description="has help content">
                    <results>
                      <test-case description="has help content" name="NinjaOne - Help Content.Function Get-NinjaOneJobs.has help content" time="0.003" asserts="0" success="True" result="Success" executed="True" />
                    </results>
                  </test-suite>
                  <test-suite type="ParameterizedTest" name="NinjaOne - Help Content.Function &lt;_&gt;.contains a synopsis" executed="True" result="Success" success="True" time="0.002" asserts="0" description="contains a synopsis">
                    <results>
                      <test-case description="contains a synopsis" name="NinjaOne - Help Content.Function Get-NinjaOneJobs.contains a synopsis" time="0.002" asserts="0" success="True" result="Success" executed="True" />
                    </results>
                  </test-suite>
                  <test-suite type="ParameterizedTest" name="NinjaOne - Help Content.Function &lt;_&gt;.contains a description" executed="True" result="Success" success="True" time="0.0018" asserts="0" description="contains a description">
                    <results>
                      <test-case description="contains a description" name="NinjaOne - Help Content.Function Get-NinjaOneJobs.contains a description" time="0.0018" asserts="0" success="True" result="Success" executed="True" />
                    </results>
                  </test-suite>
                  <test-suite type="ParameterizedTest" name="NinjaOne - Help Content.Function &lt;_&gt;.contains a functionality" executed="True" result="Success" success="True" time="0.0024" asserts="0" description="contains a functionality">
                    <results>
                      <test-case description="contains a functionality" name="NinjaOne - Help Content.Function Get-NinjaOneJobs.contains a functionality" time="0.0024" asserts="0" success="True" result="Success" executed="True" />
                    </results>
                  </test-suite>
                  <test-suite type="ParameterizedTest" name="NinjaOne - Help Content.Function &lt;_&gt;.has at least one usage example" executed="True" result="Success" success="True" time="0.0019" asserts="0" description="has at least one usage example">
                    <results>
                      <test-case description="has at least one usage example" name="NinjaOne - Help Content.Function Get-NinjaOneJobs.has at least one usage example" time="0.0019" asserts="0" success="True" result="Success" executed="True" />
                    </results>
                  </test-suite>
                  <test-suite type="ParameterizedTest" name="NinjaOne - Help Content.Function &lt;_&gt;.has a title for each example" executed="True" result="Success" success="True" time="0.0076" asserts="0" description="has a title for each example">
                    <results>
                      <test-case description="has a title for each example" name="NinjaOne - Help Content.Function Get-NinjaOneJobs.has a title for each example" time="0.0019" asserts="0" success="True" result="Success" executed="True" />
                      <test-case description="has a title for each example" name="NinjaOne - Help Content.Function Get-NinjaOneJobs.has a title for each example" time="0.0019" asserts="0" success="True" result="Success" executed="True" />
                      <test-case description="has a title for each example" name="NinjaOne - Help Content.Function Get-NinjaOneJobs.has a title for each example" time="0.002" asserts="0" success="True" result="Success" executed="True" />
                      <test-case description="has a title for each example" name="NinjaOne - Help Content.Function Get-NinjaOneJobs.has a title for each example" time="0.0019" asserts="0" success="True" result="Success" executed="True" />
                    </results>
                  </test-suite>
                  <test-suite type="ParameterizedTest" name="NinjaOne - Help Content.Function &lt;_&gt;.has a description for each example" executed="True" result="Success" success="True" time="0.008" asserts="0" description="has a description for each example">
                    <results>
                      <test-case description="has a description for each example" name="NinjaOne - Help Content.Function Get-NinjaOneJobs.has a description for each example" time="0.002" asserts="0" success="True" result="Success" executed="True" />
                      <test-case description="has a description for each example" name="NinjaOne - Help Content.Function Get-NinjaOneJobs.has a description for each example" time="0.002" asserts="0" success="True" result="Success" executed="True" />
                      <test-case description="has a description for each example" name="NinjaOne - Help Content.Function Get-NinjaOneJobs.has a description for each example" time="0.002" asserts="0" success="True" result="Success" executed="True" />
                      <test-case description="has a description for each example" name="NinjaOne - Help Content.Function Get-NinjaOneJobs.has a description for each example" time="0.002" asserts="0" success="True" result="Success" executed="True" />
                    </results>
                  </test-suite>
                </results>
              </test-suite>
              <test-suite type="TestFixture" name="NinjaOne - Help Content.Function Get-NinjaOneLocationBackupUsage" executed="True" result="Success" success="True" time="1.4871" asserts="0" description="NinjaOne - Help Content.Function Get-NinjaOneLocationBackupUsage">
                <results>
                  <test-suite type="ParameterizedTest" name="NinjaOne - Help Content.Function &lt;_&gt;.has help content" executed="True" result="Success" success="True" time="0.0027" asserts="0" description="has help content">
                    <results>
                      <test-case description="has help content" name="NinjaOne - Help Content.Function Get-NinjaOneLocationBackupUsage.has help content" time="0.0027" asserts="0" success="True" result="Success" executed="True" />
                    </results>
                  </test-suite>
                  <test-suite type="ParameterizedTest" name="NinjaOne - Help Content.Function &lt;_&gt;.contains a synopsis" executed="True" result="Success" success="True" time="0.0018" asserts="0" description="contains a synopsis">
                    <results>
                      <test-case description="contains a synopsis" name="NinjaOne - Help Content.Function Get-NinjaOneLocationBackupUsage.contains a synopsis" time="0.0018" asserts="0" success="True" result="Success" executed="True" />
                    </results>
                  </test-suite>
                  <test-suite type="ParameterizedTest" name="NinjaOne - Help Content.Function &lt;_&gt;.contains a description" executed="True" result="Success" success="True" time="0.0019" asserts="0" description="contains a description">
                    <results>
                      <test-case description="contains a description" name="NinjaOne - Help Content.Function Get-NinjaOneLocationBackupUsage.contains a description" time="0.0019" asserts="0" success="True" result="Success" executed="True" />
                    </results>
                  </test-suite>
                  <test-suite type="ParameterizedTest" name="NinjaOne - Help Content.Function &lt;_&gt;.contains a functionality" executed="True" result="Success" success="True" time="0.0086" asserts="0" description="contains a functionality">
                    <results>
                      <test-case description="contains a functionality" name="NinjaOne - Help Content.Function Get-NinjaOneLocationBackupUsage.contains a functionality" time="0.0086" asserts="0" success="True" result="Success" executed="True" />
                    </results>
                  </test-suite>
                  <test-suite type="ParameterizedTest" name="NinjaOne - Help Content.Function &lt;_&gt;.has at least one usage example" executed="True" result="Success" success="True" time="0.0022" asserts="0" description="has at least one usage example">
                    <results>
                      <test-case description="has at least one usage example" name="NinjaOne - Help Content.Function Get-NinjaOneLocationBackupUsage.has at least one usage example" time="0.0022" asserts="0" success="True" result="Success" executed="True" />
                    </results>
                  </test-suite>
                  <test-suite type="ParameterizedTest" name="NinjaOne - Help Content.Function &lt;_&gt;.has a title for each example" executed="True" result="Success" success="True" time="0.004" asserts="0" description="has a title for each example">
                    <results>
                      <test-case description="has a title for each example" name="NinjaOne - Help Content.Function Get-NinjaOneLocationBackupUsage.has a title for each example" time="0.0021" asserts="0" success="True" result="Success" executed="True" />
                      <test-case description="has a title for each example" name="NinjaOne - Help Content.Function Get-NinjaOneLocationBackupUsage.has a title for each example" time="0.0019" asserts="0" success="True" result="Success" executed="True" />
                    </results>
                  </test-suite>
                  <test-suite type="ParameterizedTest" name="NinjaOne - Help Content.Function &lt;_&gt;.has a description for each example" executed="True" result="Success" success="True" time="0.0046" asserts="0" description="has a description for each example">
                    <results>
                      <test-case description="has a description for each example" name="NinjaOne - Help Content.Function Get-NinjaOneLocationBackupUsage.has a description for each example" time="0.0024" asserts="0" success="True" result="Success" executed="True" />
                      <test-case description="has a description for each example" name="NinjaOne - Help Content.Function Get-NinjaOneLocationBackupUsage.has a description for each example" time="0.0022" asserts="0" success="True" result="Success" executed="True" />
                    </results>
                  </test-suite>
                </results>
              </test-suite>
              <test-suite type="TestFixture" name="NinjaOne - Help Content.Function Get-NinjaOneLocationCustomFields" executed="True" result="Success" success="True" time="1.5253" asserts="0" description="NinjaOne - Help Content.Function Get-NinjaOneLocationCustomFields">
                <results>
                  <test-suite type="ParameterizedTest" name="NinjaOne - Help Content.Function &lt;_&gt;.has help content" executed="True" result="Success" success="True" time="0.0029" asserts="0" description="has help content">
                    <results>
                      <test-case description="has help content" name="NinjaOne - Help Content.Function Get-NinjaOneLocationCustomFields.has help content" time="0.0029" asserts="0" success="True" result="Success" executed="True" />
                    </results>
                  </test-suite>
                  <test-suite type="ParameterizedTest" name="NinjaOne - Help Content.Function &lt;_&gt;.contains a synopsis" executed="True" result="Success" success="True" time="0.002" asserts="0" description="contains a synopsis">
                    <results>
                      <test-case description="contains a synopsis" name="NinjaOne - Help Content.Function Get-NinjaOneLocationCustomFields.contains a synopsis" time="0.002" asserts="0" success="True" result="Success" executed="True" />
                    </results>
                  </test-suite>
                  <test-suite type="ParameterizedTest" name="NinjaOne - Help Content.Function &lt;_&gt;.contains a description" executed="True" result="Success" success="True" time="0.002" asserts="0" description="contains a description">
                    <results>
                      <test-case description="contains a description" name="NinjaOne - Help Content.Function Get-NinjaOneLocationCustomFields.contains a description" time="0.002" asserts="0" success="True" result="Success" executed="True" />
                    </results>
                  </test-suite>
                  <test-suite type="ParameterizedTest" name="NinjaOne - Help Content.Function &lt;_&gt;.contains a functionality" executed="True" result="Success" success="True" time="0.0021" asserts="0" description="contains a functionality">
                    <results>
                      <test-case description="contains a functionality" name="NinjaOne - Help Content.Function Get-NinjaOneLocationCustomFields.contains a functionality" time="0.0021" asserts="0" success="True" result="Success" executed="True" />
                    </results>
                  </test-suite>
                  <test-suite type="ParameterizedTest" name="NinjaOne - Help Content.Function &lt;_&gt;.has at least one usage example" executed="True" result="Success" success="True" time="0.002" asserts="0" description="has at least one usage example">
                    <results>
                      <test-case description="has at least one usage example" name="NinjaOne - Help Content.Function Get-NinjaOneLocationCustomFields.has at least one usage example" time="0.002" asserts="0" success="True" result="Success" executed="True" />
                    </results>
                  </test-suite>
                  <test-suite type="ParameterizedTest" name="NinjaOne - Help Content.Function &lt;_&gt;.has a title for each example" executed="True" result="Success" success="True" time="0.004" asserts="0" description="has a title for each example">
                    <results>
                      <test-case description="has a title for each example" name="NinjaOne - Help Content.Function Get-NinjaOneLocationCustomFields.has a title for each example" time="0.0019" asserts="0" success="True" result="Success" executed="True" />
                      <test-case description="has a title for each example" name="NinjaOne - Help Content.Function Get-NinjaOneLocationCustomFields.has a title for each example" time="0.0021" asserts="0" success="True" result="Success" executed="True" />
                    </results>
                  </test-suite>
                  <test-suite type="ParameterizedTest" name="NinjaOne - Help Content.Function &lt;_&gt;.has a description for each example" executed="True" result="Success" success="True" time="0.0039" asserts="0" description="has a description for each example">
                    <results>
                      <test-case description="has a description for each example" name="NinjaOne - Help Content.Function Get-NinjaOneLocationCustomFields.has a description for each example" time="0.002" asserts="0" success="True" result="Success" executed="True" />
                      <test-case description="has a description for each example" name="NinjaOne - Help Content.Function Get-NinjaOneLocationCustomFields.has a description for each example" time="0.0019" asserts="0" success="True" result="Success" executed="True" />
                    </results>
                  </test-suite>
                </results>
              </test-suite>
              <test-suite type="TestFixture" name="NinjaOne - Help Content.Function Get-NinjaOneLocations" executed="True" result="Success" success="True" time="1.5755" asserts="0" description="NinjaOne - Help Content.Function Get-NinjaOneLocations">
                <results>
                  <test-suite type="ParameterizedTest" name="NinjaOne - Help Content.Function &lt;_&gt;.has help content" executed="True" result="Success" success="True" time="0.0034" asserts="0" description="has help content">
                    <results>
                      <test-case description="has help content" name="NinjaOne - Help Content.Function Get-NinjaOneLocations.has help content" time="0.0034" asserts="0" success="True" result="Success" executed="True" />
                    </results>
                  </test-suite>
                  <test-suite type="ParameterizedTest" name="NinjaOne - Help Content.Function &lt;_&gt;.contains a synopsis" executed="True" result="Success" success="True" time="0.002" asserts="0" description="contains a synopsis">
                    <results>
                      <test-case description="contains a synopsis" name="NinjaOne - Help Content.Function Get-NinjaOneLocations.contains a synopsis" time="0.002" asserts="0" success="True" result="Success" executed="True" />
                    </results>
                  </test-suite>
                  <test-suite type="ParameterizedTest" name="NinjaOne - Help Content.Function &lt;_&gt;.contains a description" executed="True" result="Success" success="True" time="0.0021" asserts="0" description="contains a description">
                    <results>
                      <test-case description="contains a description" name="NinjaOne - Help Content.Function Get-NinjaOneLocations.contains a description" time="0.0021" asserts="0" success="True" result="Success" executed="True" />
                    </results>
                  </test-suite>
                  <test-suite type="ParameterizedTest" name="NinjaOne - Help Content.Function &lt;_&gt;.contains a functionality" executed="True" result="Success" success="True" time="0.0021" asserts="0" description="contains a functionality">
                    <results>
                      <test-case description="contains a functionality" name="NinjaOne - Help Content.Function Get-NinjaOneLocations.contains a functionality" time="0.0021" asserts="0" success="True" result="Success" executed="True" />
                    </results>
                  </test-suite>
                  <test-suite type="ParameterizedTest" name="NinjaOne - Help Content.Function &lt;_&gt;.has at least one usage example" executed="True" result="Success" success="True" time="0.002" asserts="0" description="has at least one usage example">
                    <results>
                      <test-case description="has at least one usage example" name="NinjaOne - Help Content.Function Get-NinjaOneLocations.has at least one usage example" time="0.002" asserts="0" success="True" result="Success" executed="True" />
                    </results>
                  </test-suite>
                  <test-suite type="ParameterizedTest" name="NinjaOne - Help Content.Function &lt;_&gt;.has a title for each example" executed="True" result="Success" success="True" time="0.0064" asserts="0" description="has a title for each example">
                    <results>
                      <test-case description="has a title for each example" name="NinjaOne - Help Content.Function Get-NinjaOneLocations.has a title for each example" time="0.0021" asserts="0" success="True" result="Success" executed="True" />
                      <test-case description="has a title for each example" name="NinjaOne - Help Content.Function Get-NinjaOneLocations.has a title for each example" time="0.0023" asserts="0" success="True" result="Success" executed="True" />
                      <test-case description="has a title for each example" name="NinjaOne - Help Content.Function Get-NinjaOneLocations.has a title for each example" time="0.002" asserts="0" success="True" result="Success" executed="True" />
                    </results>
                  </test-suite>
                  <test-suite type="ParameterizedTest" name="NinjaOne - Help Content.Function &lt;_&gt;.has a description for each example" executed="True" result="Success" success="True" time="0.0126" asserts="0" description="has a description for each example">
                    <results>
                      <test-case description="has a description for each example" name="NinjaOne - Help Content.Function Get-NinjaOneLocations.has a description for each example" time="0.0023" asserts="0" success="True" result="Success" executed="True" />
                      <test-case description="has a description for each example" name="NinjaOne - Help Content.Function Get-NinjaOneLocations.has a description for each example" time="0.0021" asserts="0" success="True" result="Success" executed="True" />
                      <test-case description="has a description for each example" name="NinjaOne - Help Content.Function Get-NinjaOneLocations.has a description for each example" time="0.0082" asserts="0" success="True" result="Success" executed="True" />
                    </results>
                  </test-suite>
                </results>
              </test-suite>
              <test-suite type="TestFixture" name="NinjaOne - Help Content.Function Get-NinjaOneLoggedOnUsers" executed="True" result="Success" success="True" time="1.6173" asserts="0" description="NinjaOne - Help Content.Function Get-NinjaOneLoggedOnUsers">
                <results>
                  <test-suite type="ParameterizedTest" name="NinjaOne - Help Content.Function &lt;_&gt;.has help content" executed="True" result="Success" success="True" time="0.003" asserts="0" description="has help content">
                    <results>
                      <test-case description="has help content" name="NinjaOne - Help Content.Function Get-NinjaOneLoggedOnUsers.has help content" time="0.003" asserts="0" success="True" result="Success" executed="True" />
                    </results>
                  </test-suite>
                  <test-suite type="ParameterizedTest" name="NinjaOne - Help Content.Function &lt;_&gt;.contains a synopsis" executed="True" result="Success" success="True" time="0.0023" asserts="0" description="contains a synopsis">
                    <results>
                      <test-case description="contains a synopsis" name="NinjaOne - Help Content.Function Get-NinjaOneLoggedOnUsers.contains a synopsis" time="0.0023" asserts="0" success="True" result="Success" executed="True" />
                    </results>
                  </test-suite>
                  <test-suite type="ParameterizedTest" name="NinjaOne - Help Content.Function &lt;_&gt;.contains a description" executed="True" result="Success" success="True" time="0.0021" asserts="0" description="contains a description">
                    <results>
                      <test-case description="contains a description" name="NinjaOne - Help Content.Function Get-NinjaOneLoggedOnUsers.contains a description" time="0.0021" asserts="0" success="True" result="Success" executed="True" />
                    </results>
                  </test-suite>
                  <test-suite type="ParameterizedTest" name="NinjaOne - Help Content.Function &lt;_&gt;.contains a functionality" executed="True" result="Success" success="True" time="0.002" asserts="0" description="contains a functionality">
                    <results>
                      <test-case description="contains a functionality" name="NinjaOne - Help Content.Function Get-NinjaOneLoggedOnUsers.contains a functionality" time="0.002" asserts="0" success="True" result="Success" executed="True" />
                    </results>
                  </test-suite>
                  <test-suite type="ParameterizedTest" name="NinjaOne - Help Content.Function &lt;_&gt;.has at least one usage example" executed="True" result="Success" success="True" time="0.0025" asserts="0" description="has at least one usage example">
                    <results>
                      <test-case description="has at least one usage example" name="NinjaOne - Help Content.Function Get-NinjaOneLoggedOnUsers.has at least one usage example" time="0.0025" asserts="0" success="True" result="Success" executed="True" />
                    </results>
                  </test-suite>
                  <test-suite type="ParameterizedTest" name="NinjaOne - Help Content.Function &lt;_&gt;.has a title for each example" executed="True" result="Success" success="True" time="0.0043" asserts="0" description="has a title for each example">
                    <results>
                      <test-case description="has a title for each example" name="NinjaOne - Help Content.Function Get-NinjaOneLoggedOnUsers.has a title for each example" time="0.0022" asserts="0" success="True" result="Success" executed="True" />
                      <test-case description="has a title for each example" name="NinjaOne - Help Content.Function Get-NinjaOneLoggedOnUsers.has a title for each example" time="0.0021" asserts="0" success="True" result="Success" executed="True" />
                    </results>
                  </test-suite>
                  <test-suite type="ParameterizedTest" name="NinjaOne - Help Content.Function &lt;_&gt;.has a description for each example" executed="True" result="Success" success="True" time="0.0046" asserts="0" description="has a description for each example">
                    <results>
                      <test-case description="has a description for each example" name="NinjaOne - Help Content.Function Get-NinjaOneLoggedOnUsers.has a description for each example" time="0.0025" asserts="0" success="True" result="Success" executed="True" />
                      <test-case description="has a description for each example" name="NinjaOne - Help Content.Function Get-NinjaOneLoggedOnUsers.has a description for each example" time="0.0021" asserts="0" success="True" result="Success" executed="True" />
                    </results>
                  </test-suite>
                </results>
              </test-suite>
              <test-suite type="TestFixture" name="NinjaOne - Help Content.Function Get-NinjaOneOperatingSystems" executed="True" result="Success" success="True" time="1.6701" asserts="0" description="NinjaOne - Help Content.Function Get-NinjaOneOperatingSystems">
                <results>
                  <test-suite type="ParameterizedTest" name="NinjaOne - Help Content.Function &lt;_&gt;.has help content" executed="True" result="Success" success="True" time="0.0035" asserts="0" description="has help content">
                    <results>
                      <test-case description="has help content" name="NinjaOne - Help Content.Function Get-NinjaOneOperatingSystems.has help content" time="0.0035" asserts="0" success="True" result="Success" executed="True" />
                    </results>
                  </test-suite>
                  <test-suite type="ParameterizedTest" name="NinjaOne - Help Content.Function &lt;_&gt;.contains a synopsis" executed="True" result="Success" success="True" time="0.0021" asserts="0" description="contains a synopsis">
                    <results>
                      <test-case description="contains a synopsis" name="NinjaOne - Help Content.Function Get-NinjaOneOperatingSystems.contains a synopsis" time="0.0021" asserts="0" success="True" result="Success" executed="True" />
                    </results>
                  </test-suite>
                  <test-suite type="ParameterizedTest" name="NinjaOne - Help Content.Function &lt;_&gt;.contains a description" executed="True" result="Success" success="True" time="0.0023" asserts="0" description="contains a description">
                    <results>
                      <test-case description="contains a description" name="NinjaOne - Help Content.Function Get-NinjaOneOperatingSystems.contains a description" time="0.0023" asserts="0" success="True" result="Success" executed="True" />
                    </results>
                  </test-suite>
                  <test-suite type="ParameterizedTest" name="NinjaOne - Help Content.Function &lt;_&gt;.contains a functionality" executed="True" result="Success" success="True" time="0.0021" asserts="0" description="contains a functionality">
                    <results>
                      <test-case description="contains a functionality" name="NinjaOne - Help Content.Function Get-NinjaOneOperatingSystems.contains a functionality" time="0.0021" asserts="0" success="True" result="Success" executed="True" />
                    </results>
                  </test-suite>
                  <test-suite type="ParameterizedTest" name="NinjaOne - Help Content.Function &lt;_&gt;.has at least one usage example" executed="True" result="Success" success="True" time="0.0022" asserts="0" description="has at least one usage example">
                    <results>
                      <test-case description="has at least one usage example" name="NinjaOne - Help Content.Function Get-NinjaOneOperatingSystems.has at least one usage example" time="0.0022" asserts="0" success="True" result="Success" executed="True" />
                    </results>
                  </test-suite>
                  <test-suite type="ParameterizedTest" name="NinjaOne - Help Content.Function &lt;_&gt;.has a title for each example" executed="True" result="Success" success="True" time="0.0093" asserts="0" description="has a title for each example">
                    <results>
                      <test-case description="has a title for each example" name="NinjaOne - Help Content.Function Get-NinjaOneOperatingSystems.has a title for each example" time="0.002" asserts="0" success="True" result="Success" executed="True" />
                      <test-case description="has a title for each example" name="NinjaOne - Help Content.Function Get-NinjaOneOperatingSystems.has a title for each example" time="0.002" asserts="0" success="True" result="Success" executed="True" />
                      <test-case description="has a title for each example" name="NinjaOne - Help Content.Function Get-NinjaOneOperatingSystems.has a title for each example" time="0.0028" asserts="0" success="True" result="Success" executed="True" />
                      <test-case description="has a title for each example" name="NinjaOne - Help Content.Function Get-NinjaOneOperatingSystems.has a title for each example" time="0.0024" asserts="0" success="True" result="Success" executed="True" />
                    </results>
                  </test-suite>
                  <test-suite type="ParameterizedTest" name="NinjaOne - Help Content.Function &lt;_&gt;.has a description for each example" executed="True" result="Success" success="True" time="0.0105" asserts="0" description="has a description for each example">
                    <results>
                      <test-case description="has a description for each example" name="NinjaOne - Help Content.Function Get-NinjaOneOperatingSystems.has a description for each example" time="0.0025" asserts="0" success="True" result="Success" executed="True" />
                      <test-case description="has a description for each example" name="NinjaOne - Help Content.Function Get-NinjaOneOperatingSystems.has a description for each example" time="0.003" asserts="0" success="True" result="Success" executed="True" />
                      <test-case description="has a description for each example" name="NinjaOne - Help Content.Function Get-NinjaOneOperatingSystems.has a description for each example" time="0.0023" asserts="0" success="True" result="Success" executed="True" />
                      <test-case description="has a description for each example" name="NinjaOne - Help Content.Function Get-NinjaOneOperatingSystems.has a description for each example" time="0.0028" asserts="0" success="True" result="Success" executed="True" />
                    </results>
                  </test-suite>
                </results>
              </test-suite>
              <test-suite type="TestFixture" name="NinjaOne - Help Content.Function Get-NinjaOneOrganisationCustomFields" executed="True" result="Success" success="True" time="1.7147" asserts="0" description="NinjaOne - Help Content.Function Get-NinjaOneOrganisationCustomFields">
                <results>
                  <test-suite type="ParameterizedTest" name="NinjaOne - Help Content.Function &lt;_&gt;.has help content" executed="True" result="Success" success="True" time="0.0033" asserts="0" description="has help content">
                    <results>
                      <test-case description="has help content" name="NinjaOne - Help Content.Function Get-NinjaOneOrganisationCustomFields.has help content" time="0.0033" asserts="0" success="True" result="Success" executed="True" />
                    </results>
                  </test-suite>
                  <test-suite type="ParameterizedTest" name="NinjaOne - Help Content.Function &lt;_&gt;.contains a synopsis" executed="True" result="Success" success="True" time="0.0094" asserts="0" description="contains a synopsis">
                    <results>
                      <test-case description="contains a synopsis" name="NinjaOne - Help Content.Function Get-NinjaOneOrganisationCustomFields.contains a synopsis" time="0.0094" asserts="0" success="True" result="Success" executed="True" />
                    </results>
                  </test-suite>
                  <test-suite type="ParameterizedTest" name="NinjaOne - Help Content.Function &lt;_&gt;.contains a description" executed="True" result="Success" success="True" time="0.0026" asserts="0" description="contains a description">
                    <results>
                      <test-case description="contains a description" name="NinjaOne - Help Content.Function Get-NinjaOneOrganisationCustomFields.contains a description" time="0.0026" asserts="0" success="True" result="Success" executed="True" />
                    </results>
                  </test-suite>
                  <test-suite type="ParameterizedTest" name="NinjaOne - Help Content.Function &lt;_&gt;.contains a functionality" executed="True" result="Success" success="True" time="0.0022" asserts="0" description="contains a functionality">
                    <results>
                      <test-case description="contains a functionality" name="NinjaOne - Help Content.Function Get-NinjaOneOrganisationCustomFields.contains a functionality" time="0.0022" asserts="0" success="True" result="Success" executed="True" />
                    </results>
                  </test-suite>
                  <test-suite type="ParameterizedTest" name="NinjaOne - Help Content.Function &lt;_&gt;.has at least one usage example" executed="True" result="Success" success="True" time="0.002" asserts="0" description="has at least one usage example">
                    <results>
                      <test-case description="has at least one usage example" name="NinjaOne - Help Content.Function Get-NinjaOneOrganisationCustomFields.has at least one usage example" time="0.002" asserts="0" success="True" result="Success" executed="True" />
                    </results>
                  </test-suite>
                  <test-suite type="ParameterizedTest" name="NinjaOne - Help Content.Function &lt;_&gt;.has a title for each example" executed="True" result="Success" success="True" time="0.0024" asserts="0" description="has a title for each example">
                    <results>
                      <test-case description="has a title for each example" name="NinjaOne - Help Content.Function Get-NinjaOneOrganisationCustomFields.has a title for each example" time="0.0024" asserts="0" success="True" result="Success" executed="True" />
                    </results>
                  </test-suite>
                  <test-suite type="ParameterizedTest" name="NinjaOne - Help Content.Function &lt;_&gt;.has a description for each example" executed="True" result="Success" success="True" time="0.0025" asserts="0" description="has a description for each example">
                    <results>
                      <test-case description="has a description for each example" name="NinjaOne - Help Content.Function Get-NinjaOneOrganisationCustomFields.has a description for each example" time="0.0025" asserts="0" success="True" result="Success" executed="True" />
                    </results>
                  </test-suite>
                </results>
              </test-suite>
              <test-suite type="TestFixture" name="NinjaOne - Help Content.Function Get-NinjaOneOrganisationDocuments" executed="True" result="Success" success="True" time="1.7513" asserts="0" description="NinjaOne - Help Content.Function Get-NinjaOneOrganisationDocuments">
                <results>
                  <test-suite type="ParameterizedTest" name="NinjaOne - Help Content.Function &lt;_&gt;.has help content" executed="True" result="Success" success="True" time="0.0033" asserts="0" description="has help content">
                    <results>
                      <test-case description="has help content" name="NinjaOne - Help Content.Function Get-NinjaOneOrganisationDocuments.has help content" time="0.0033" asserts="0" success="True" result="Success" executed="True" />
                    </results>
                  </test-suite>
                  <test-suite type="ParameterizedTest" name="NinjaOne - Help Content.Function &lt;_&gt;.contains a synopsis" executed="True" result="Success" success="True" time="0.0021" asserts="0" description="contains a synopsis">
                    <results>
                      <test-case description="contains a synopsis" name="NinjaOne - Help Content.Function Get-NinjaOneOrganisationDocuments.contains a synopsis" time="0.0021" asserts="0" success="True" result="Success" executed="True" />
                    </results>
                  </test-suite>
                  <test-suite type="ParameterizedTest" name="NinjaOne - Help Content.Function &lt;_&gt;.contains a description" executed="True" result="Success" success="True" time="0.0022" asserts="0" description="contains a description">
                    <results>
                      <test-case description="contains a description" name="NinjaOne - Help Content.Function Get-NinjaOneOrganisationDocuments.contains a description" time="0.0022" asserts="0" success="True" result="Success" executed="True" />
                    </results>
                  </test-suite>
                  <test-suite type="ParameterizedTest" name="NinjaOne - Help Content.Function &lt;_&gt;.contains a functionality" executed="True" result="Success" success="True" time="0.0024" asserts="0" description="contains a functionality">
                    <results>
                      <test-case description="contains a functionality" name="NinjaOne - Help Content.Function Get-NinjaOneOrganisationDocuments.contains a functionality" time="0.0024" asserts="0" success="True" result="Success" executed="True" />
                    </results>
                  </test-suite>
                  <test-suite type="ParameterizedTest" name="NinjaOne - Help Content.Function &lt;_&gt;.has at least one usage example" executed="True" result="Success" success="True" time="0.0023" asserts="0" description="has at least one usage example">
                    <results>
                      <test-case description="has at least one usage example" name="NinjaOne - Help Content.Function Get-NinjaOneOrganisationDocuments.has at least one usage example" time="0.0023" asserts="0" success="True" result="Success" executed="True" />
                    </results>
                  </test-suite>
                  <test-suite type="ParameterizedTest" name="NinjaOne - Help Content.Function &lt;_&gt;.has a title for each example" executed="True" result="Success" success="True" time="0.0023" asserts="0" description="has a title for each example">
                    <results>
                      <test-case description="has a title for each example" name="NinjaOne - Help Content.Function Get-NinjaOneOrganisationDocuments.has a title for each example" time="0.0023" asserts="0" success="True" result="Success" executed="True" />
                    </results>
                  </test-suite>
                  <test-suite type="ParameterizedTest" name="NinjaOne - Help Content.Function &lt;_&gt;.has a description for each example" executed="True" result="Success" success="True" time="0.0021" asserts="0" description="has a description for each example">
                    <results>
                      <test-case description="has a description for each example" name="NinjaOne - Help Content.Function Get-NinjaOneOrganisationDocuments.has a description for each example" time="0.0021" asserts="0" success="True" result="Success" executed="True" />
                    </results>
                  </test-suite>
                </results>
              </test-suite>
              <test-suite type="TestFixture" name="NinjaOne - Help Content.Function Get-NinjaOneOrganisations" executed="True" result="Success" success="True" time="1.8076" asserts="0" description="NinjaOne - Help Content.Function Get-NinjaOneOrganisations">
                <results>
                  <test-suite type="ParameterizedTest" name="NinjaOne - Help Content.Function &lt;_&gt;.has help content" executed="True" result="Success" success="True" time="0.0028" asserts="0" description="has help content">
                    <results>
                      <test-case description="has help content" name="NinjaOne - Help Content.Function Get-NinjaOneOrganisations.has help content" time="0.0028" asserts="0" success="True" result="Success" executed="True" />
                    </results>
                  </test-suite>
                  <test-suite type="ParameterizedTest" name="NinjaOne - Help Content.Function &lt;_&gt;.contains a synopsis" executed="True" result="Success" success="True" time="0.0021" asserts="0" description="contains a synopsis">
                    <results>
                      <test-case description="contains a synopsis" name="NinjaOne - Help Content.Function Get-NinjaOneOrganisations.contains a synopsis" time="0.0021" asserts="0" success="True" result="Success" executed="True" />
                    </results>
                  </test-suite>
                  <test-suite type="ParameterizedTest" name="NinjaOne - Help Content.Function &lt;_&gt;.contains a description" executed="True" result="Success" success="True" time="0.0024" asserts="0" description="contains a description">
                    <results>
                      <test-case description="contains a description" name="NinjaOne - Help Content.Function Get-NinjaOneOrganisations.contains a description" time="0.0024" asserts="0" success="True" result="Success" executed="True" />
                    </results>
                  </test-suite>
                  <test-suite type="ParameterizedTest" name="NinjaOne - Help Content.Function &lt;_&gt;.contains a functionality" executed="True" result="Success" success="True" time="0.0019" asserts="0" description="contains a functionality">
                    <results>
                      <test-case description="contains a functionality" name="NinjaOne - Help Content.Function Get-NinjaOneOrganisations.contains a functionality" time="0.0019" asserts="0" success="True" result="Success" executed="True" />
                    </results>
                  </test-suite>
                  <test-suite type="ParameterizedTest" name="NinjaOne - Help Content.Function &lt;_&gt;.has at least one usage example" executed="True" result="Success" success="True" time="0.0024" asserts="0" description="has at least one usage example">
                    <results>
                      <test-case description="has at least one usage example" name="NinjaOne - Help Content.Function Get-NinjaOneOrganisations.has at least one usage example" time="0.0024" asserts="0" success="True" result="Success" executed="True" />
                    </results>
                  </test-suite>
                  <test-suite type="ParameterizedTest" name="NinjaOne - Help Content.Function &lt;_&gt;.has a title for each example" executed="True" result="Success" success="True" time="0.0085" asserts="0" description="has a title for each example">
                    <results>
                      <test-case description="has a title for each example" name="NinjaOne - Help Content.Function Get-NinjaOneOrganisations.has a title for each example" time="0.0021" asserts="0" success="True" result="Success" executed="True" />
                      <test-case description="has a title for each example" name="NinjaOne - Help Content.Function Get-NinjaOneOrganisations.has a title for each example" time="0.0021" asserts="0" success="True" result="Success" executed="True" />
                      <test-case description="has a title for each example" name="NinjaOne - Help Content.Function Get-NinjaOneOrganisations.has a title for each example" time="0.0021" asserts="0" success="True" result="Success" executed="True" />
                      <test-case description="has a title for each example" name="NinjaOne - Help Content.Function Get-NinjaOneOrganisations.has a title for each example" time="0.0023" asserts="0" success="True" result="Success" executed="True" />
                    </results>
                  </test-suite>
                  <test-suite type="ParameterizedTest" name="NinjaOne - Help Content.Function &lt;_&gt;.has a description for each example" executed="True" result="Success" success="True" time="0.0156" asserts="0" description="has a description for each example">
                    <results>
                      <test-case description="has a description for each example" name="NinjaOne - Help Content.Function Get-NinjaOneOrganisations.has a description for each example" time="0.0026" asserts="0" success="True" result="Success" executed="True" />
                      <test-case description="has a description for each example" name="NinjaOne - Help Content.Function Get-NinjaOneOrganisations.has a description for each example" time="0.0025" asserts="0" success="True" result="Success" executed="True" />
                      <test-case description="has a description for each example" name="NinjaOne - Help Content.Function Get-NinjaOneOrganisations.has a description for each example" time="0.0021" asserts="0" success="True" result="Success" executed="True" />
                      <test-case description="has a description for each example" name="NinjaOne - Help Content.Function Get-NinjaOneOrganisations.has a description for each example" time="0.0085" asserts="0" success="True" result="Success" executed="True" />
                    </results>
                  </test-suite>
                </results>
              </test-suite>
              <test-suite type="TestFixture" name="NinjaOne - Help Content.Function Get-NinjaOneOSPatches" executed="True" result="Success" success="True" time="1.8641" asserts="0" description="NinjaOne - Help Content.Function Get-NinjaOneOSPatches">
                <results>
                  <test-suite type="ParameterizedTest" name="NinjaOne - Help Content.Function &lt;_&gt;.has help content" executed="True" result="Success" success="True" time="0.0031" asserts="0" description="has help content">
                    <results>
                      <test-case description="has help content" name="NinjaOne - Help Content.Function Get-NinjaOneOSPatches.has help content" time="0.0031" asserts="0" success="True" result="Success" executed="True" />
                    </results>
                  </test-suite>
                  <test-suite type="ParameterizedTest" name="NinjaOne - Help Content.Function &lt;_&gt;.contains a synopsis" executed="True" result="Success" success="True" time="0.0023" asserts="0" description="contains a synopsis">
                    <results>
                      <test-case description="contains a synopsis" name="NinjaOne - Help Content.Function Get-NinjaOneOSPatches.contains a synopsis" time="0.0023" asserts="0" success="True" result="Success" executed="True" />
                    </results>
                  </test-suite>
                  <test-suite type="ParameterizedTest" name="NinjaOne - Help Content.Function &lt;_&gt;.contains a description" executed="True" result="Success" success="True" time="0.0023" asserts="0" description="contains a description">
                    <results>
                      <test-case description="contains a description" name="NinjaOne - Help Content.Function Get-NinjaOneOSPatches.contains a description" time="0.0023" asserts="0" success="True" result="Success" executed="True" />
                    </results>
                  </test-suite>
                  <test-suite type="ParameterizedTest" name="NinjaOne - Help Content.Function &lt;_&gt;.contains a functionality" executed="True" result="Success" success="True" time="0.0021" asserts="0" description="contains a functionality">
                    <results>
                      <test-case description="contains a functionality" name="NinjaOne - Help Content.Function Get-NinjaOneOSPatches.contains a functionality" time="0.0021" asserts="0" success="True" result="Success" executed="True" />
                    </results>
                  </test-suite>
                  <test-suite type="ParameterizedTest" name="NinjaOne - Help Content.Function &lt;_&gt;.has at least one usage example" executed="True" result="Success" success="True" time="0.0019" asserts="0" description="has at least one usage example">
                    <results>
                      <test-case description="has at least one usage example" name="NinjaOne - Help Content.Function Get-NinjaOneOSPatches.has at least one usage example" time="0.0019" asserts="0" success="True" result="Success" executed="True" />
                    </results>
                  </test-suite>
                  <test-suite type="ParameterizedTest" name="NinjaOne - Help Content.Function &lt;_&gt;.has a title for each example" executed="True" result="Success" success="True" time="0.0122" asserts="0" description="has a title for each example">
                    <results>
                      <test-case description="has a title for each example" name="NinjaOne - Help Content.Function Get-NinjaOneOSPatches.has a title for each example" time="0.0019" asserts="0" success="True" result="Success" executed="True" />
                      <test-case description="has a title for each example" name="NinjaOne - Help Content.Function Get-NinjaOneOSPatches.has a title for each example" time="0.0023" asserts="0" success="True" result="Success" executed="True" />
                      <test-case description="has a title for each example" name="NinjaOne - Help Content.Function Get-NinjaOneOSPatches.has a title for each example" time="0.0021" asserts="0" success="True" result="Success" executed="True" />
                      <test-case description="has a title for each example" name="NinjaOne - Help Content.Function Get-NinjaOneOSPatches.has a title for each example" time="0.0019" asserts="0" success="True" result="Success" executed="True" />
                      <test-case description="has a title for each example" name="NinjaOne - Help Content.Function Get-NinjaOneOSPatches.has a title for each example" time="0.0021" asserts="0" success="True" result="Success" executed="True" />
                      <test-case description="has a title for each example" name="NinjaOne - Help Content.Function Get-NinjaOneOSPatches.has a title for each example" time="0.0019" asserts="0" success="True" result="Success" executed="True" />
                    </results>
                  </test-suite>
                  <test-suite type="ParameterizedTest" name="NinjaOne - Help Content.Function &lt;_&gt;.has a description for each example" executed="True" result="Success" success="True" time="0.0123" asserts="0" description="has a description for each example">
                    <results>
                      <test-case description="has a description for each example" name="NinjaOne - Help Content.Function Get-NinjaOneOSPatches.has a description for each example" time="0.0022" asserts="0" success="True" result="Success" executed="True" />
                      <test-case description="has a description for each example" name="NinjaOne - Help Content.Function Get-NinjaOneOSPatches.has a description for each example" time="0.0023" asserts="0" success="True" result="Success" executed="True" />
                      <test-case description="has a description for each example" name="NinjaOne - Help Content.Function Get-NinjaOneOSPatches.has a description for each example" time="0.002" asserts="0" success="True" result="Success" executed="True" />
                      <test-case description="has a description for each example" name="NinjaOne - Help Content.Function Get-NinjaOneOSPatches.has a description for each example" time="0.0019" asserts="0" success="True" result="Success" executed="True" />
                      <test-case description="has a description for each example" name="NinjaOne - Help Content.Function Get-NinjaOneOSPatches.has a description for each example" time="0.002" asserts="0" success="True" result="Success" executed="True" />
                      <test-case description="has a description for each example" name="NinjaOne - Help Content.Function Get-NinjaOneOSPatches.has a description for each example" time="0.0019" asserts="0" success="True" result="Success" executed="True" />
                    </results>
                  </test-suite>
                </results>
              </test-suite>
              <test-suite type="TestFixture" name="NinjaOne - Help Content.Function Get-NinjaOneOSPatchInstalls" executed="True" result="Success" success="True" time="1.9319" asserts="0" description="NinjaOne - Help Content.Function Get-NinjaOneOSPatchInstalls">
                <results>
                  <test-suite type="ParameterizedTest" name="NinjaOne - Help Content.Function &lt;_&gt;.has help content" executed="True" result="Success" success="True" time="0.003" asserts="0" description="has help content">
                    <results>
                      <test-case description="has help content" name="NinjaOne - Help Content.Function Get-NinjaOneOSPatchInstalls.has help content" time="0.003" asserts="0" success="True" result="Success" executed="True" />
                    </results>
                  </test-suite>
                  <test-suite type="ParameterizedTest" name="NinjaOne - Help Content.Function &lt;_&gt;.contains a synopsis" executed="True" result="Success" success="True" time="0.002" asserts="0" description="contains a synopsis">
                    <results>
                      <test-case description="contains a synopsis" name="NinjaOne - Help Content.Function Get-NinjaOneOSPatchInstalls.contains a synopsis" time="0.002" asserts="0" success="True" result="Success" executed="True" />
                    </results>
                  </test-suite>
                  <test-suite type="ParameterizedTest" name="NinjaOne - Help Content.Function &lt;_&gt;.contains a description" executed="True" result="Success" success="True" time="0.0019" asserts="0" description="contains a description">
                    <results>
                      <test-case description="contains a description" name="NinjaOne - Help Content.Function Get-NinjaOneOSPatchInstalls.contains a description" time="0.0019" asserts="0" success="True" result="Success" executed="True" />
                    </results>
                  </test-suite>
                  <test-suite type="ParameterizedTest" name="NinjaOne - Help Content.Function &lt;_&gt;.contains a functionality" executed="True" result="Success" success="True" time="0.002" asserts="0" description="contains a functionality">
                    <results>
                      <test-case description="contains a functionality" name="NinjaOne - Help Content.Function Get-NinjaOneOSPatchInstalls.contains a functionality" time="0.002" asserts="0" success="True" result="Success" executed="True" />
                    </results>
                  </test-suite>
                  <test-suite type="ParameterizedTest" name="NinjaOne - Help Content.Function &lt;_&gt;.has at least one usage example" executed="True" result="Success" success="True" time="0.0019" asserts="0" description="has at least one usage example">
                    <results>
                      <test-case description="has at least one usage example" name="NinjaOne - Help Content.Function Get-NinjaOneOSPatchInstalls.has at least one usage example" time="0.0019" asserts="0" success="True" result="Success" executed="True" />
                    </results>
                  </test-suite>
                  <test-suite type="ParameterizedTest" name="NinjaOne - Help Content.Function &lt;_&gt;.has a title for each example" executed="True" result="Success" success="True" time="0.0219" asserts="0" description="has a title for each example">
                    <results>
                      <test-case description="has a title for each example" name="NinjaOne - Help Content.Function Get-NinjaOneOSPatchInstalls.has a title for each example" time="0.0018" asserts="0" success="True" result="Success" executed="True" />
                      <test-case description="has a title for each example" name="NinjaOne - Help Content.Function Get-NinjaOneOSPatchInstalls.has a title for each example" time="0.0022" asserts="0" success="True" result="Success" executed="True" />
                      <test-case description="has a title for each example" name="NinjaOne - Help Content.Function Get-NinjaOneOSPatchInstalls.has a title for each example" time="0.008" asserts="0" success="True" result="Success" executed="True" />
                      <test-case description="has a title for each example" name="NinjaOne - Help Content.Function Get-NinjaOneOSPatchInstalls.has a title for each example" time="0.0018" asserts="0" success="True" result="Success" executed="True" />
                      <test-case description="has a title for each example" name="NinjaOne - Help Content.Function Get-NinjaOneOSPatchInstalls.has a title for each example" time="0.002" asserts="0" success="True" result="Success" executed="True" />
                      <test-case description="has a title for each example" name="NinjaOne - Help Content.Function Get-NinjaOneOSPatchInstalls.has a title for each example" time="0.0019" asserts="0" success="True" result="Success" executed="True" />
                      <test-case description="has a title for each example" name="NinjaOne - Help Content.Function Get-NinjaOneOSPatchInstalls.has a title for each example" time="0.0022" asserts="0" success="True" result="Success" executed="True" />
                      <test-case description="has a title for each example" name="NinjaOne - Help Content.Function Get-NinjaOneOSPatchInstalls.has a title for each example" time="0.002" asserts="0" success="True" result="Success" executed="True" />
                    </results>
                  </test-suite>
                  <test-suite type="ParameterizedTest" name="NinjaOne - Help Content.Function &lt;_&gt;.has a description for each example" executed="True" result="Success" success="True" time="0.0158" asserts="0" description="has a description for each example">
                    <results>
                      <test-case description="has a description for each example" name="NinjaOne - Help Content.Function Get-NinjaOneOSPatchInstalls.has a description for each example" time="0.002" asserts="0" success="True" result="Success" executed="True" />
                      <test-case description="has a description for each example" name="NinjaOne - Help Content.Function Get-NinjaOneOSPatchInstalls.has a description for each example" time="0.002" asserts="0" success="True" result="Success" executed="True" />
                      <test-case description="has a description for each example" name="NinjaOne - Help Content.Function Get-NinjaOneOSPatchInstalls.has a description for each example" time="0.002" asserts="0" success="True" result="Success" executed="True" />
                      <test-case description="has a description for each example" name="NinjaOne - Help Content.Function Get-NinjaOneOSPatchInstalls.has a description for each example" time="0.0019" asserts="0" success="True" result="Success" executed="True" />
                      <test-case description="has a description for each example" name="NinjaOne - Help Content.Function Get-NinjaOneOSPatchInstalls.has a description for each example" time="0.0019" asserts="0" success="True" result="Success" executed="True" />
                      <test-case description="has a description for each example" name="NinjaOne - Help Content.Function Get-NinjaOneOSPatchInstalls.has a description for each example" time="0.0022" asserts="0" success="True" result="Success" executed="True" />
                      <test-case description="has a description for each example" name="NinjaOne - Help Content.Function Get-NinjaOneOSPatchInstalls.has a description for each example" time="0.002" asserts="0" success="True" result="Success" executed="True" />
                      <test-case description="has a description for each example" name="NinjaOne - Help Content.Function Get-NinjaOneOSPatchInstalls.has a description for each example" time="0.0019" asserts="0" success="True" result="Success" executed="True" />
                    </results>
                  </test-suite>
                </results>
              </test-suite>
              <test-suite type="TestFixture" name="NinjaOne - Help Content.Function Get-NinjaOnePolicies" executed="True" result="Success" success="True" time="1.9659" asserts="0" description="NinjaOne - Help Content.Function Get-NinjaOnePolicies">
                <results>
                  <test-suite type="ParameterizedTest" name="NinjaOne - Help Content.Function &lt;_&gt;.has help content" executed="True" result="Success" success="True" time="0.0031" asserts="0" description="has help content">
                    <results>
                      <test-case description="has help content" name="NinjaOne - Help Content.Function Get-NinjaOnePolicies.has help content" time="0.0031" asserts="0" success="True" result="Success" executed="True" />
                    </results>
                  </test-suite>
                  <test-suite type="ParameterizedTest" name="NinjaOne - Help Content.Function &lt;_&gt;.contains a synopsis" executed="True" result="Success" success="True" time="0.0018" asserts="0" description="contains a synopsis">
                    <results>
                      <test-case description="contains a synopsis" name="NinjaOne - Help Content.Function Get-NinjaOnePolicies.contains a synopsis" time="0.0018" asserts="0" success="True" result="Success" executed="True" />
                    </results>
                  </test-suite>
                  <test-suite type="ParameterizedTest" name="NinjaOne - Help Content.Function &lt;_&gt;.contains a description" executed="True" result="Success" success="True" time="0.0021" asserts="0" description="contains a description">
                    <results>
                      <test-case description="contains a description" name="NinjaOne - Help Content.Function Get-NinjaOnePolicies.contains a description" time="0.0021" asserts="0" success="True" result="Success" executed="True" />
                    </results>
                  </test-suite>
                  <test-suite type="ParameterizedTest" name="NinjaOne - Help Content.Function &lt;_&gt;.contains a functionality" executed="True" result="Success" success="True" time="0.002" asserts="0" description="contains a functionality">
                    <results>
                      <test-case description="contains a functionality" name="NinjaOne - Help Content.Function Get-NinjaOnePolicies.contains a functionality" time="0.002" asserts="0" success="True" result="Success" executed="True" />
                    </results>
                  </test-suite>
                  <test-suite type="ParameterizedTest" name="NinjaOne - Help Content.Function &lt;_&gt;.has at least one usage example" executed="True" result="Success" success="True" time="0.0018" asserts="0" description="has at least one usage example">
                    <results>
                      <test-case description="has at least one usage example" name="NinjaOne - Help Content.Function Get-NinjaOnePolicies.has at least one usage example" time="0.0018" asserts="0" success="True" result="Success" executed="True" />
                    </results>
                  </test-suite>
                  <test-suite type="ParameterizedTest" name="NinjaOne - Help Content.Function &lt;_&gt;.has a title for each example" executed="True" result="Success" success="True" time="0.0023" asserts="0" description="has a title for each example">
                    <results>
                      <test-case description="has a title for each example" name="NinjaOne - Help Content.Function Get-NinjaOnePolicies.has a title for each example" time="0.0023" asserts="0" success="True" result="Success" executed="True" />
                    </results>
                  </test-suite>
                  <test-suite type="ParameterizedTest" name="NinjaOne - Help Content.Function &lt;_&gt;.has a description for each example" executed="True" result="Success" success="True" time="0.002" asserts="0" description="has a description for each example">
                    <results>
                      <test-case description="has a description for each example" name="NinjaOne - Help Content.Function Get-NinjaOnePolicies.has a description for each example" time="0.002" asserts="0" success="True" result="Success" executed="True" />
                    </results>
                  </test-suite>
                </results>
              </test-suite>
              <test-suite type="TestFixture" name="NinjaOne - Help Content.Function Get-NinjaOnePolicyOverrides" executed="True" result="Success" success="True" time="2.0125" asserts="0" description="NinjaOne - Help Content.Function Get-NinjaOnePolicyOverrides">
                <results>
                  <test-suite type="ParameterizedTest" name="NinjaOne - Help Content.Function &lt;_&gt;.has help content" executed="True" result="Success" success="True" time="0.0029" asserts="0" description="has help content">
                    <results>
                      <test-case description="has help content" name="NinjaOne - Help Content.Function Get-NinjaOnePolicyOverrides.has help content" time="0.0029" asserts="0" success="True" result="Success" executed="True" />
                    </results>
                  </test-suite>
                  <test-suite type="ParameterizedTest" name="NinjaOne - Help Content.Function &lt;_&gt;.contains a synopsis" executed="True" result="Success" success="True" time="0.0022" asserts="0" description="contains a synopsis">
                    <results>
                      <test-case description="contains a synopsis" name="NinjaOne - Help Content.Function Get-NinjaOnePolicyOverrides.contains a synopsis" time="0.0022" asserts="0" success="True" result="Success" executed="True" />
                    </results>
                  </test-suite>
                  <test-suite type="ParameterizedTest" name="NinjaOne - Help Content.Function &lt;_&gt;.contains a description" executed="True" result="Success" success="True" time="0.002" asserts="0" description="contains a description">
                    <results>
                      <test-case description="contains a description" name="NinjaOne - Help Content.Function Get-NinjaOnePolicyOverrides.contains a description" time="0.002" asserts="0" success="True" result="Success" executed="True" />
                    </results>
                  </test-suite>
                  <test-suite type="ParameterizedTest" name="NinjaOne - Help Content.Function &lt;_&gt;.contains a functionality" executed="True" result="Success" success="True" time="0.0021" asserts="0" description="contains a functionality">
                    <results>
                      <test-case description="contains a functionality" name="NinjaOne - Help Content.Function Get-NinjaOnePolicyOverrides.contains a functionality" time="0.0021" asserts="0" success="True" result="Success" executed="True" />
                    </results>
                  </test-suite>
                  <test-suite type="ParameterizedTest" name="NinjaOne - Help Content.Function &lt;_&gt;.has at least one usage example" executed="True" result="Success" success="True" time="0.0082" asserts="0" description="has at least one usage example">
                    <results>
                      <test-case description="has at least one usage example" name="NinjaOne - Help Content.Function Get-NinjaOnePolicyOverrides.has at least one usage example" time="0.0082" asserts="0" success="True" result="Success" executed="True" />
                    </results>
                  </test-suite>
                  <test-suite type="ParameterizedTest" name="NinjaOne - Help Content.Function &lt;_&gt;.has a title for each example" executed="True" result="Success" success="True" time="0.0045" asserts="0" description="has a title for each example">
                    <results>
                      <test-case description="has a title for each example" name="NinjaOne - Help Content.Function Get-NinjaOnePolicyOverrides.has a title for each example" time="0.0023" asserts="0" success="True" result="Success" executed="True" />
                      <test-case description="has a title for each example" name="NinjaOne - Help Content.Function Get-NinjaOnePolicyOverrides.has a title for each example" time="0.0022" asserts="0" success="True" result="Success" executed="True" />
                    </results>
                  </test-suite>
                  <test-suite type="ParameterizedTest" name="NinjaOne - Help Content.Function &lt;_&gt;.has a description for each example" executed="True" result="Success" success="True" time="0.0042" asserts="0" description="has a description for each example">
                    <results>
                      <test-case description="has a description for each example" name="NinjaOne - Help Content.Function Get-NinjaOnePolicyOverrides.has a description for each example" time="0.0022" asserts="0" success="True" result="Success" executed="True" />
                      <test-case description="has a description for each example" name="NinjaOne - Help Content.Function Get-NinjaOnePolicyOverrides.has a description for each example" time="0.0021" asserts="0" success="True" result="Success" executed="True" />
                    </results>
                  </test-suite>
                </results>
              </test-suite>
              <test-suite type="TestFixture" name="NinjaOne - Help Content.Function Get-NinjaOneProcessors" executed="True" result="Success" success="True" time="2.0592" asserts="0" description="NinjaOne - Help Content.Function Get-NinjaOneProcessors">
                <results>
                  <test-suite type="ParameterizedTest" name="NinjaOne - Help Content.Function &lt;_&gt;.has help content" executed="True" result="Success" success="True" time="0.0038" asserts="0" description="has help content">
                    <results>
                      <test-case description="has help content" name="NinjaOne - Help Content.Function Get-NinjaOneProcessors.has help content" time="0.0038" asserts="0" success="True" result="Success" executed="True" />
                    </results>
                  </test-suite>
                  <test-suite type="ParameterizedTest" name="NinjaOne - Help Content.Function &lt;_&gt;.contains a synopsis" executed="True" result="Success" success="True" time="0.0029" asserts="0" description="contains a synopsis">
                    <results>
                      <test-case description="contains a synopsis" name="NinjaOne - Help Content.Function Get-NinjaOneProcessors.contains a synopsis" time="0.0029" asserts="0" success="True" result="Success" executed="True" />
                    </results>
                  </test-suite>
                  <test-suite type="ParameterizedTest" name="NinjaOne - Help Content.Function &lt;_&gt;.contains a description" executed="True" result="Success" success="True" time="0.0022" asserts="0" description="contains a description">
                    <results>
                      <test-case description="contains a description" name="NinjaOne - Help Content.Function Get-NinjaOneProcessors.contains a description" time="0.0022" asserts="0" success="True" result="Success" executed="True" />
                    </results>
                  </test-suite>
                  <test-suite type="ParameterizedTest" name="NinjaOne - Help Content.Function &lt;_&gt;.contains a functionality" executed="True" result="Success" success="True" time="0.0023" asserts="0" description="contains a functionality">
                    <results>
                      <test-case description="contains a functionality" name="NinjaOne - Help Content.Function Get-NinjaOneProcessors.contains a functionality" time="0.0023" asserts="0" success="True" result="Success" executed="True" />
                    </results>
                  </test-suite>
                  <test-suite type="ParameterizedTest" name="NinjaOne - Help Content.Function &lt;_&gt;.has at least one usage example" executed="True" result="Success" success="True" time="0.0023" asserts="0" description="has at least one usage example">
                    <results>
                      <test-case description="has at least one usage example" name="NinjaOne - Help Content.Function Get-NinjaOneProcessors.has at least one usage example" time="0.0023" asserts="0" success="True" result="Success" executed="True" />
                    </results>
                  </test-suite>
                  <test-suite type="ParameterizedTest" name="NinjaOne - Help Content.Function &lt;_&gt;.has a title for each example" executed="True" result="Success" success="True" time="0.0068" asserts="0" description="has a title for each example">
                    <results>
                      <test-case description="has a title for each example" name="NinjaOne - Help Content.Function Get-NinjaOneProcessors.has a title for each example" time="0.0021" asserts="0" success="True" result="Success" executed="True" />
                      <test-case description="has a title for each example" name="NinjaOne - Help Content.Function Get-NinjaOneProcessors.has a title for each example" time="0.002" asserts="0" success="True" result="Success" executed="True" />
                      <test-case description="has a title for each example" name="NinjaOne - Help Content.Function Get-NinjaOneProcessors.has a title for each example" time="0.0027" asserts="0" success="True" result="Success" executed="True" />
                    </results>
                  </test-suite>
                  <test-suite type="ParameterizedTest" name="NinjaOne - Help Content.Function &lt;_&gt;.has a description for each example" executed="True" result="Success" success="True" time="0.0066" asserts="0" description="has a description for each example">
                    <results>
                      <test-case description="has a description for each example" name="NinjaOne - Help Content.Function Get-NinjaOneProcessors.has a description for each example" time="0.0022" asserts="0" success="True" result="Success" executed="True" />
                      <test-case description="has a description for each example" name="NinjaOne - Help Content.Function Get-NinjaOneProcessors.has a description for each example" time="0.0022" asserts="0" success="True" result="Success" executed="True" />
                      <test-case description="has a description for each example" name="NinjaOne - Help Content.Function Get-NinjaOneProcessors.has a description for each example" time="0.0021" asserts="0" success="True" result="Success" executed="True" />
                    </results>
                  </test-suite>
                </results>
              </test-suite>
              <test-suite type="TestFixture" name="NinjaOne - Help Content.Function Get-NinjaOneRAIDControllers" executed="True" result="Success" success="True" time="2.1166" asserts="0" description="NinjaOne - Help Content.Function Get-NinjaOneRAIDControllers">
                <results>
                  <test-suite type="ParameterizedTest" name="NinjaOne - Help Content.Function &lt;_&gt;.has help content" executed="True" result="Success" success="True" time="0.0034" asserts="0" description="has help content">
                    <results>
                      <test-case description="has help content" name="NinjaOne - Help Content.Function Get-NinjaOneRAIDControllers.has help content" time="0.0034" asserts="0" success="True" result="Success" executed="True" />
                    </results>
                  </test-suite>
                  <test-suite type="ParameterizedTest" name="NinjaOne - Help Content.Function &lt;_&gt;.contains a synopsis" executed="True" result="Success" success="True" time="0.0023" asserts="0" description="contains a synopsis">
                    <results>
                      <test-case description="contains a synopsis" name="NinjaOne - Help Content.Function Get-NinjaOneRAIDControllers.contains a synopsis" time="0.0023" asserts="0" success="True" result="Success" executed="True" />
                    </results>
                  </test-suite>
                  <test-suite type="ParameterizedTest" name="NinjaOne - Help Content.Function &lt;_&gt;.contains a description" executed="True" result="Success" success="True" time="0.0026" asserts="0" description="contains a description">
                    <results>
                      <test-case description="contains a description" name="NinjaOne - Help Content.Function Get-NinjaOneRAIDControllers.contains a description" time="0.0026" asserts="0" success="True" result="Success" executed="True" />
                    </results>
                  </test-suite>
                  <test-suite type="ParameterizedTest" name="NinjaOne - Help Content.Function &lt;_&gt;.contains a functionality" executed="True" result="Success" success="True" time="0.0022" asserts="0" description="contains a functionality">
                    <results>
                      <test-case description="contains a functionality" name="NinjaOne - Help Content.Function Get-NinjaOneRAIDControllers.contains a functionality" time="0.0022" asserts="0" success="True" result="Success" executed="True" />
                    </results>
                  </test-suite>
                  <test-suite type="ParameterizedTest" name="NinjaOne - Help Content.Function &lt;_&gt;.has at least one usage example" executed="True" result="Success" success="True" time="0.0021" asserts="0" description="has at least one usage example">
                    <results>
                      <test-case description="has at least one usage example" name="NinjaOne - Help Content.Function Get-NinjaOneRAIDControllers.has at least one usage example" time="0.0021" asserts="0" success="True" result="Success" executed="True" />
                    </results>
                  </test-suite>
                  <test-suite type="ParameterizedTest" name="NinjaOne - Help Content.Function &lt;_&gt;.has a title for each example" executed="True" result="Success" success="True" time="0.0076" asserts="0" description="has a title for each example">
                    <results>
                      <test-case description="has a title for each example" name="NinjaOne - Help Content.Function Get-NinjaOneRAIDControllers.has a title for each example" time="0.0026" asserts="0" success="True" result="Success" executed="True" />
                      <test-case description="has a title for each example" name="NinjaOne - Help Content.Function Get-NinjaOneRAIDControllers.has a title for each example" time="0.0021" asserts="0" success="True" result="Success" executed="True" />
                      <test-case description="has a title for each example" name="NinjaOne - Help Content.Function Get-NinjaOneRAIDControllers.has a title for each example" time="0.0028" asserts="0" success="True" result="Success" executed="True" />
                    </results>
                  </test-suite>
                  <test-suite type="ParameterizedTest" name="NinjaOne - Help Content.Function &lt;_&gt;.has a description for each example" executed="True" result="Success" success="True" time="0.0139" asserts="0" description="has a description for each example">
                    <results>
                      <test-case description="has a description for each example" name="NinjaOne - Help Content.Function Get-NinjaOneRAIDControllers.has a description for each example" time="0.0024" asserts="0" success="True" result="Success" executed="True" />
                      <test-case description="has a description for each example" name="NinjaOne - Help Content.Function Get-NinjaOneRAIDControllers.has a description for each example" time="0.0089" asserts="0" success="True" result="Success" executed="True" />
                      <test-case description="has a description for each example" name="NinjaOne - Help Content.Function Get-NinjaOneRAIDControllers.has a description for each example" time="0.0026" asserts="0" success="True" result="Success" executed="True" />
                    </results>
                  </test-suite>
                </results>
              </test-suite>
              <test-suite type="TestFixture" name="NinjaOne - Help Content.Function Get-NinjaOneRAIDDrives" executed="True" result="Success" success="True" time="2.1614" asserts="0" description="NinjaOne - Help Content.Function Get-NinjaOneRAIDDrives">
                <results>
                  <test-suite type="ParameterizedTest" name="NinjaOne - Help Content.Function &lt;_&gt;.has help content" executed="True" result="Success" success="True" time="0.003" asserts="0" description="has help content">
                    <results>
                      <test-case description="has help content" name="NinjaOne - Help Content.Function Get-NinjaOneRAIDDrives.has help content" time="0.003" asserts="0" success="True" result="Success" executed="True" />
                    </results>
                  </test-suite>
                  <test-suite type="ParameterizedTest" name="NinjaOne - Help Content.Function &lt;_&gt;.contains a synopsis" executed="True" result="Success" success="True" time="0.0022" asserts="0" description="contains a synopsis">
                    <results>
                      <test-case description="contains a synopsis" name="NinjaOne - Help Content.Function Get-NinjaOneRAIDDrives.contains a synopsis" time="0.0022" asserts="0" success="True" result="Success" executed="True" />
                    </results>
                  </test-suite>
                  <test-suite type="ParameterizedTest" name="NinjaOne - Help Content.Function &lt;_&gt;.contains a description" executed="True" result="Success" success="True" time="0.0021" asserts="0" description="contains a description">
                    <results>
                      <test-case description="contains a description" name="NinjaOne - Help Content.Function Get-NinjaOneRAIDDrives.contains a description" time="0.0021" asserts="0" success="True" result="Success" executed="True" />
                    </results>
                  </test-suite>
                  <test-suite type="ParameterizedTest" name="NinjaOne - Help Content.Function &lt;_&gt;.contains a functionality" executed="True" result="Success" success="True" time="0.0025" asserts="0" description="contains a functionality">
                    <results>
                      <test-case description="contains a functionality" name="NinjaOne - Help Content.Function Get-NinjaOneRAIDDrives.contains a functionality" time="0.0025" asserts="0" success="True" result="Success" executed="True" />
                    </results>
                  </test-suite>
                  <test-suite type="ParameterizedTest" name="NinjaOne - Help Content.Function &lt;_&gt;.has at least one usage example" executed="True" result="Success" success="True" time="0.0027" asserts="0" description="has at least one usage example">
                    <results>
                      <test-case description="has at least one usage example" name="NinjaOne - Help Content.Function Get-NinjaOneRAIDDrives.has at least one usage example" time="0.0027" asserts="0" success="True" result="Success" executed="True" />
                    </results>
                  </test-suite>
                  <test-suite type="ParameterizedTest" name="NinjaOne - Help Content.Function &lt;_&gt;.has a title for each example" executed="True" result="Success" success="True" time="0.0071" asserts="0" description="has a title for each example">
                    <results>
                      <test-case description="has a title for each example" name="NinjaOne - Help Content.Function Get-NinjaOneRAIDDrives.has a title for each example" time="0.0028" asserts="0" success="True" result="Success" executed="True" />
                      <test-case description="has a title for each example" name="NinjaOne - Help Content.Function Get-NinjaOneRAIDDrives.has a title for each example" time="0.0023" asserts="0" success="True" result="Success" executed="True" />
                      <test-case description="has a title for each example" name="NinjaOne - Help Content.Function Get-NinjaOneRAIDDrives.has a title for each example" time="0.002" asserts="0" success="True" result="Success" executed="True" />
                    </results>
                  </test-suite>
                  <test-suite type="ParameterizedTest" name="NinjaOne - Help Content.Function &lt;_&gt;.has a description for each example" executed="True" result="Success" success="True" time="0.0065" asserts="0" description="has a description for each example">
                    <results>
                      <test-case description="has a description for each example" name="NinjaOne - Help Content.Function Get-NinjaOneRAIDDrives.has a description for each example" time="0.0023" asserts="0" success="True" result="Success" executed="True" />
                      <test-case description="has a description for each example" name="NinjaOne - Help Content.Function Get-NinjaOneRAIDDrives.has a description for each example" time="0.0021" asserts="0" success="True" result="Success" executed="True" />
                      <test-case description="has a description for each example" name="NinjaOne - Help Content.Function Get-NinjaOneRAIDDrives.has a description for each example" time="0.002" asserts="0" success="True" result="Success" executed="True" />
                    </results>
                  </test-suite>
                </results>
              </test-suite>
              <test-suite type="TestFixture" name="NinjaOne - Help Content.Function Get-NinjaOneRelatedItems" executed="True" result="Success" success="True" time="2.2177" asserts="0" description="NinjaOne - Help Content.Function Get-NinjaOneRelatedItems">
                <results>
                  <test-suite type="ParameterizedTest" name="NinjaOne - Help Content.Function &lt;_&gt;.has help content" executed="True" result="Success" success="True" time="0.0032" asserts="0" description="has help content">
                    <results>
                      <test-case description="has help content" name="NinjaOne - Help Content.Function Get-NinjaOneRelatedItems.has help content" time="0.0032" asserts="0" success="True" result="Success" executed="True" />
                    </results>
                  </test-suite>
                  <test-suite type="ParameterizedTest" name="NinjaOne - Help Content.Function &lt;_&gt;.contains a synopsis" executed="True" result="Success" success="True" time="0.002" asserts="0" description="contains a synopsis">
                    <results>
                      <test-case description="contains a synopsis" name="NinjaOne - Help Content.Function Get-NinjaOneRelatedItems.contains a synopsis" time="0.002" asserts="0" success="True" result="Success" executed="True" />
                    </results>
                  </test-suite>
                  <test-suite type="ParameterizedTest" name="NinjaOne - Help Content.Function &lt;_&gt;.contains a description" executed="True" result="Success" success="True" time="0.0021" asserts="0" description="contains a description">
                    <results>
                      <test-case description="contains a description" name="NinjaOne - Help Content.Function Get-NinjaOneRelatedItems.contains a description" time="0.0021" asserts="0" success="True" result="Success" executed="True" />
                    </results>
                  </test-suite>
                  <test-suite type="ParameterizedTest" name="NinjaOne - Help Content.Function &lt;_&gt;.contains a functionality" executed="True" result="Success" success="True" time="0.002" asserts="0" description="contains a functionality">
                    <results>
                      <test-case description="contains a functionality" name="NinjaOne - Help Content.Function Get-NinjaOneRelatedItems.contains a functionality" time="0.002" asserts="0" success="True" result="Success" executed="True" />
                    </results>
                  </test-suite>
                  <test-suite type="ParameterizedTest" name="NinjaOne - Help Content.Function &lt;_&gt;.has at least one usage example" executed="True" result="Success" success="True" time="0.0019" asserts="0" description="has at least one usage example">
                    <results>
                      <test-case description="has at least one usage example" name="NinjaOne - Help Content.Function Get-NinjaOneRelatedItems.has at least one usage example" time="0.0019" asserts="0" success="True" result="Success" executed="True" />
                    </results>
                  </test-suite>
                  <test-suite type="ParameterizedTest" name="NinjaOne - Help Content.Function &lt;_&gt;.has a title for each example" executed="True" result="Success" success="True" time="0.01" asserts="0" description="has a title for each example">
                    <results>
                      <test-case description="has a title for each example" name="NinjaOne - Help Content.Function Get-NinjaOneRelatedItems.has a title for each example" time="0.0021" asserts="0" success="True" result="Success" executed="True" />
                      <test-case description="has a title for each example" name="NinjaOne - Help Content.Function Get-NinjaOneRelatedItems.has a title for each example" time="0.0021" asserts="0" success="True" result="Success" executed="True" />
                      <test-case description="has a title for each example" name="NinjaOne - Help Content.Function Get-NinjaOneRelatedItems.has a title for each example" time="0.0019" asserts="0" success="True" result="Success" executed="True" />
                      <test-case description="has a title for each example" name="NinjaOne - Help Content.Function Get-NinjaOneRelatedItems.has a title for each example" time="0.0019" asserts="0" success="True" result="Success" executed="True" />
                      <test-case description="has a title for each example" name="NinjaOne - Help Content.Function Get-NinjaOneRelatedItems.has a title for each example" time="0.002" asserts="0" success="True" result="Success" executed="True" />
                    </results>
                  </test-suite>
                  <test-suite type="ParameterizedTest" name="NinjaOne - Help Content.Function &lt;_&gt;.has a description for each example" executed="True" result="Success" success="True" time="0.016" asserts="0" description="has a description for each example">
                    <results>
                      <test-case description="has a description for each example" name="NinjaOne - Help Content.Function Get-NinjaOneRelatedItems.has a description for each example" time="0.0022" asserts="0" success="True" result="Success" executed="True" />
                      <test-case description="has a description for each example" name="NinjaOne - Help Content.Function Get-NinjaOneRelatedItems.has a description for each example" time="0.002" asserts="0" success="True" result="Success" executed="True" />
                      <test-case description="has a description for each example" name="NinjaOne - Help Content.Function Get-NinjaOneRelatedItems.has a description for each example" time="0.0077" asserts="0" success="True" result="Success" executed="True" />
                      <test-case description="has a description for each example" name="NinjaOne - Help Content.Function Get-NinjaOneRelatedItems.has a description for each example" time="0.002" asserts="0" success="True" result="Success" executed="True" />
                      <test-case description="has a description for each example" name="NinjaOne - Help Content.Function Get-NinjaOneRelatedItems.has a description for each example" time="0.002" asserts="0" success="True" result="Success" executed="True" />
                    </results>
                  </test-suite>
                </results>
              </test-suite>
              <test-suite type="TestFixture" name="NinjaOne - Help Content.Function Get-NinjaOneRoles" executed="True" result="Success" success="True" time="2.2504" asserts="0" description="NinjaOne - Help Content.Function Get-NinjaOneRoles">
                <results>
                  <test-suite type="ParameterizedTest" name="NinjaOne - Help Content.Function &lt;_&gt;.has help content" executed="True" result="Success" success="True" time="0.0028" asserts="0" description="has help content">
                    <results>
                      <test-case description="has help content" name="NinjaOne - Help Content.Function Get-NinjaOneRoles.has help content" time="0.0028" asserts="0" success="True" result="Success" executed="True" />
                    </results>
                  </test-suite>
                  <test-suite type="ParameterizedTest" name="NinjaOne - Help Content.Function &lt;_&gt;.contains a synopsis" executed="True" result="Success" success="True" time="0.0019" asserts="0" description="contains a synopsis">
                    <results>
                      <test-case description="contains a synopsis" name="NinjaOne - Help Content.Function Get-NinjaOneRoles.contains a synopsis" time="0.0019" asserts="0" success="True" result="Success" executed="True" />
                    </results>
                  </test-suite>
                  <test-suite type="ParameterizedTest" name="NinjaOne - Help Content.Function &lt;_&gt;.contains a description" executed="True" result="Success" success="True" time="0.0019" asserts="0" description="contains a description">
                    <results>
                      <test-case description="contains a description" name="NinjaOne - Help Content.Function Get-NinjaOneRoles.contains a description" time="0.0019" asserts="0" success="True" result="Success" executed="True" />
                    </results>
                  </test-suite>
                  <test-suite type="ParameterizedTest" name="NinjaOne - Help Content.Function &lt;_&gt;.contains a functionality" executed="True" result="Success" success="True" time="0.0019" asserts="0" description="contains a functionality">
                    <results>
                      <test-case description="contains a functionality" name="NinjaOne - Help Content.Function Get-NinjaOneRoles.contains a functionality" time="0.0019" asserts="0" success="True" result="Success" executed="True" />
                    </results>
                  </test-suite>
                  <test-suite type="ParameterizedTest" name="NinjaOne - Help Content.Function &lt;_&gt;.has at least one usage example" executed="True" result="Success" success="True" time="0.0018" asserts="0" description="has at least one usage example">
                    <results>
                      <test-case description="has at least one usage example" name="NinjaOne - Help Content.Function Get-NinjaOneRoles.has at least one usage example" time="0.0018" asserts="0" success="True" result="Success" executed="True" />
                    </results>
                  </test-suite>
                  <test-suite type="ParameterizedTest" name="NinjaOne - Help Content.Function &lt;_&gt;.has a title for each example" executed="True" result="Success" success="True" time="0.002" asserts="0" description="has a title for each example">
                    <results>
                      <test-case description="has a title for each example" name="NinjaOne - Help Content.Function Get-NinjaOneRoles.has a title for each example" time="0.002" asserts="0" success="True" result="Success" executed="True" />
                    </results>
                  </test-suite>
                  <test-suite type="ParameterizedTest" name="NinjaOne - Help Content.Function &lt;_&gt;.has a description for each example" executed="True" result="Success" success="True" time="0.0022" asserts="0" description="has a description for each example">
                    <results>
                      <test-case description="has a description for each example" name="NinjaOne - Help Content.Function Get-NinjaOneRoles.has a description for each example" time="0.0022" asserts="0" success="True" result="Success" executed="True" />
                    </results>
                  </test-suite>
                </results>
              </test-suite>
              <test-suite type="TestFixture" name="NinjaOne - Help Content.Function Get-NinjaOneSoftwareInventory" executed="True" result="Success" success="True" time="2.3085" asserts="0" description="NinjaOne - Help Content.Function Get-NinjaOneSoftwareInventory">
                <results>
                  <test-suite type="ParameterizedTest" name="NinjaOne - Help Content.Function &lt;_&gt;.has help content" executed="True" result="Success" success="True" time="0.0027" asserts="0" description="has help content">
                    <results>
                      <test-case description="has help content" name="NinjaOne - Help Content.Function Get-NinjaOneSoftwareInventory.has help content" time="0.0027" asserts="0" success="True" result="Success" executed="True" />
                    </results>
                  </test-suite>
                  <test-suite type="ParameterizedTest" name="NinjaOne - Help Content.Function &lt;_&gt;.contains a synopsis" executed="True" result="Success" success="True" time="0.0019" asserts="0" description="contains a synopsis">
                    <results>
                      <test-case description="contains a synopsis" name="NinjaOne - Help Content.Function Get-NinjaOneSoftwareInventory.contains a synopsis" time="0.0019" asserts="0" success="True" result="Success" executed="True" />
                    </results>
                  </test-suite>
                  <test-suite type="ParameterizedTest" name="NinjaOne - Help Content.Function &lt;_&gt;.contains a description" executed="True" result="Success" success="True" time="0.002" asserts="0" description="contains a description">
                    <results>
                      <test-case description="contains a description" name="NinjaOne - Help Content.Function Get-NinjaOneSoftwareInventory.contains a description" time="0.002" asserts="0" success="True" result="Success" executed="True" />
                    </results>
                  </test-suite>
                  <test-suite type="ParameterizedTest" name="NinjaOne - Help Content.Function &lt;_&gt;.contains a functionality" executed="True" result="Success" success="True" time="0.0019" asserts="0" description="contains a functionality">
                    <results>
                      <test-case description="contains a functionality" name="NinjaOne - Help Content.Function Get-NinjaOneSoftwareInventory.contains a functionality" time="0.0019" asserts="0" success="True" result="Success" executed="True" />
                    </results>
                  </test-suite>
                  <test-suite type="ParameterizedTest" name="NinjaOne - Help Content.Function &lt;_&gt;.has at least one usage example" executed="True" result="Success" success="True" time="0.0018" asserts="0" description="has at least one usage example">
                    <results>
                      <test-case description="has at least one usage example" name="NinjaOne - Help Content.Function Get-NinjaOneSoftwareInventory.has at least one usage example" time="0.0018" asserts="0" success="True" result="Success" executed="True" />
                    </results>
                  </test-suite>
                  <test-suite type="ParameterizedTest" name="NinjaOne - Help Content.Function &lt;_&gt;.has a title for each example" executed="True" result="Success" success="True" time="0.0115" asserts="0" description="has a title for each example">
                    <results>
                      <test-case description="has a title for each example" name="NinjaOne - Help Content.Function Get-NinjaOneSoftwareInventory.has a title for each example" time="0.0019" asserts="0" success="True" result="Success" executed="True" />
                      <test-case description="has a title for each example" name="NinjaOne - Help Content.Function Get-NinjaOneSoftwareInventory.has a title for each example" time="0.0019" asserts="0" success="True" result="Success" executed="True" />
                      <test-case description="has a title for each example" name="NinjaOne - Help Content.Function Get-NinjaOneSoftwareInventory.has a title for each example" time="0.0019" asserts="0" success="True" result="Success" executed="True" />
                      <test-case description="has a title for each example" name="NinjaOne - Help Content.Function Get-NinjaOneSoftwareInventory.has a title for each example" time="0.0019" asserts="0" success="True" result="Success" executed="True" />
                      <test-case description="has a title for each example" name="NinjaOne - Help Content.Function Get-NinjaOneSoftwareInventory.has a title for each example" time="0.0018" asserts="0" success="True" result="Success" executed="True" />
                      <test-case description="has a title for each example" name="NinjaOne - Help Content.Function Get-NinjaOneSoftwareInventory.has a title for each example" time="0.002" asserts="0" success="True" result="Success" executed="True" />
                    </results>
                  </test-suite>
                  <test-suite type="ParameterizedTest" name="NinjaOne - Help Content.Function &lt;_&gt;.has a description for each example" executed="True" result="Success" success="True" time="0.0176" asserts="0" description="has a description for each example">
                    <results>
                      <test-case description="has a description for each example" name="NinjaOne - Help Content.Function Get-NinjaOneSoftwareInventory.has a description for each example" time="0.0019" asserts="0" success="True" result="Success" executed="True" />
                      <test-case description="has a description for each example" name="NinjaOne - Help Content.Function Get-NinjaOneSoftwareInventory.has a description for each example" time="0.0019" asserts="0" success="True" result="Success" executed="True" />
                      <test-case description="has a description for each example" name="NinjaOne - Help Content.Function Get-NinjaOneSoftwareInventory.has a description for each example" time="0.0021" asserts="0" success="True" result="Success" executed="True" />
                      <test-case description="has a description for each example" name="NinjaOne - Help Content.Function Get-NinjaOneSoftwareInventory.has a description for each example" time="0.0019" asserts="0" success="True" result="Success" executed="True" />
                      <test-case description="has a description for each example" name="NinjaOne - Help Content.Function Get-NinjaOneSoftwareInventory.has a description for each example" time="0.0077" asserts="0" success="True" result="Success" executed="True" />
                      <test-case description="has a description for each example" name="NinjaOne - Help Content.Function Get-NinjaOneSoftwareInventory.has a description for each example" time="0.0022" asserts="0" success="True" result="Success" executed="True" />
                    </results>
                  </test-suite>
                </results>
              </test-suite>
              <test-suite type="TestFixture" name="NinjaOne - Help Content.Function Get-NinjaOneSoftwarePatches" executed="True" result="Success" success="True" time="2.3666" asserts="0" description="NinjaOne - Help Content.Function Get-NinjaOneSoftwarePatches">
                <results>
                  <test-suite type="ParameterizedTest" name="NinjaOne - Help Content.Function &lt;_&gt;.has help content" executed="True" result="Success" success="True" time="0.0028" asserts="0" description="has help content">
                    <results>
                      <test-case description="has help content" name="NinjaOne - Help Content.Function Get-NinjaOneSoftwarePatches.has help content" time="0.0028" asserts="0" success="True" result="Success" executed="True" />
                    </results>
                  </test-suite>
                  <test-suite type="ParameterizedTest" name="NinjaOne - Help Content.Function &lt;_&gt;.contains a synopsis" executed="True" result="Success" success="True" time="0.002" asserts="0" description="contains a synopsis">
                    <results>
                      <test-case description="contains a synopsis" name="NinjaOne - Help Content.Function Get-NinjaOneSoftwarePatches.contains a synopsis" time="0.002" asserts="0" success="True" result="Success" executed="True" />
                    </results>
                  </test-suite>
                  <test-suite type="ParameterizedTest" name="NinjaOne - Help Content.Function &lt;_&gt;.contains a description" executed="True" result="Success" success="True" time="0.002" asserts="0" description="contains a description">
                    <results>
                      <test-case description="contains a description" name="NinjaOne - Help Content.Function Get-NinjaOneSoftwarePatches.contains a description" time="0.002" asserts="0" success="True" result="Success" executed="True" />
                    </results>
                  </test-suite>
                  <test-suite type="ParameterizedTest" name="NinjaOne - Help Content.Function &lt;_&gt;.contains a functionality" executed="True" result="Success" success="True" time="0.0019" asserts="0" description="contains a functionality">
                    <results>
                      <test-case description="contains a functionality" name="NinjaOne - Help Content.Function Get-NinjaOneSoftwarePatches.contains a functionality" time="0.0019" asserts="0" success="True" result="Success" executed="True" />
                    </results>
                  </test-suite>
                  <test-suite type="ParameterizedTest" name="NinjaOne - Help Content.Function &lt;_&gt;.has at least one usage example" executed="True" result="Success" success="True" time="0.0019" asserts="0" description="has at least one usage example">
                    <results>
                      <test-case description="has at least one usage example" name="NinjaOne - Help Content.Function Get-NinjaOneSoftwarePatches.has at least one usage example" time="0.0019" asserts="0" success="True" result="Success" executed="True" />
                    </results>
                  </test-suite>
                  <test-suite type="ParameterizedTest" name="NinjaOne - Help Content.Function &lt;_&gt;.has a title for each example" executed="True" result="Success" success="True" time="0.0137" asserts="0" description="has a title for each example">
                    <results>
                      <test-case description="has a title for each example" name="NinjaOne - Help Content.Function Get-NinjaOneSoftwarePatches.has a title for each example" time="0.0019" asserts="0" success="True" result="Success" executed="True" />
                      <test-case description="has a title for each example" name="NinjaOne - Help Content.Function Get-NinjaOneSoftwarePatches.has a title for each example" time="0.002" asserts="0" success="True" result="Success" executed="True" />
                      <test-case description="has a title for each example" name="NinjaOne - Help Content.Function Get-NinjaOneSoftwarePatches.has a title for each example" time="0.0019" asserts="0" success="True" result="Success" executed="True" />
                      <test-case description="has a title for each example" name="NinjaOne - Help Content.Function Get-NinjaOneSoftwarePatches.has a title for each example" time="0.0021" asserts="0" success="True" result="Success" executed="True" />
                      <test-case description="has a title for each example" name="NinjaOne - Help Content.Function Get-NinjaOneSoftwarePatches.has a title for each example" time="0.0019" asserts="0" success="True" result="Success" executed="True" />
                      <test-case description="has a title for each example" name="NinjaOne - Help Content.Function Get-NinjaOneSoftwarePatches.has a title for each example" time="0.0018" asserts="0" success="True" result="Success" executed="True" />
                      <test-case description="has a title for each example" name="NinjaOne - Help Content.Function Get-NinjaOneSoftwarePatches.has a title for each example" time="0.0022" asserts="0" success="True" result="Success" executed="True" />
                    </results>
                  </test-suite>
                  <test-suite type="ParameterizedTest" name="NinjaOne - Help Content.Function &lt;_&gt;.has a description for each example" executed="True" result="Success" success="True" time="0.0148" asserts="0" description="has a description for each example">
                    <results>
                      <test-case description="has a description for each example" name="NinjaOne - Help Content.Function Get-NinjaOneSoftwarePatches.has a description for each example" time="0.002" asserts="0" success="True" result="Success" executed="True" />
                      <test-case description="has a description for each example" name="NinjaOne - Help Content.Function Get-NinjaOneSoftwarePatches.has a description for each example" time="0.0021" asserts="0" success="True" result="Success" executed="True" />
                      <test-case description="has a description for each example" name="NinjaOne - Help Content.Function Get-NinjaOneSoftwarePatches.has a description for each example" time="0.0021" asserts="0" success="True" result="Success" executed="True" />
                      <test-case description="has a description for each example" name="NinjaOne - Help Content.Function Get-NinjaOneSoftwarePatches.has a description for each example" time="0.0024" asserts="0" success="True" result="Success" executed="True" />
                      <test-case description="has a description for each example" name="NinjaOne - Help Content.Function Get-NinjaOneSoftwarePatches.has a description for each example" time="0.0019" asserts="0" success="True" result="Success" executed="True" />
                      <test-case description="has a description for each example" name="NinjaOne - Help Content.Function Get-NinjaOneSoftwarePatches.has a description for each example" time="0.0022" asserts="0" success="True" result="Success" executed="True" />
                      <test-case description="has a description for each example" name="NinjaOne - Help Content.Function Get-NinjaOneSoftwarePatches.has a description for each example" time="0.002" asserts="0" success="True" result="Success" executed="True" />
                    </results>
                  </test-suite>
                </results>
              </test-suite>
              <test-suite type="TestFixture" name="NinjaOne - Help Content.Function Get-NinjaOneSoftwarePatchInstalls" executed="True" result="Success" success="True" time="2.4535" asserts="0" description="NinjaOne - Help Content.Function Get-NinjaOneSoftwarePatchInstalls">
                <results>
                  <test-suite type="ParameterizedTest" name="NinjaOne - Help Content.Function &lt;_&gt;.has help content" executed="True" result="Success" success="True" time="0.0034" asserts="0" description="has help content">
                    <results>
                      <test-case description="has help content" name="NinjaOne - Help Content.Function Get-NinjaOneSoftwarePatchInstalls.has help content" time="0.0034" asserts="0" success="True" result="Success" executed="True" />
                    </results>
                  </test-suite>
                  <test-suite type="ParameterizedTest" name="NinjaOne - Help Content.Function &lt;_&gt;.contains a synopsis" executed="True" result="Success" success="True" time="0.0022" asserts="0" description="contains a synopsis">
                    <results>
                      <test-case description="contains a synopsis" name="NinjaOne - Help Content.Function Get-NinjaOneSoftwarePatchInstalls.contains a synopsis" time="0.0022" asserts="0" success="True" result="Success" executed="True" />
                    </results>
                  </test-suite>
                  <test-suite type="ParameterizedTest" name="NinjaOne - Help Content.Function &lt;_&gt;.contains a description" executed="True" result="Success" success="True" time="0.0023" asserts="0" description="contains a description">
                    <results>
                      <test-case description="contains a description" name="NinjaOne - Help Content.Function Get-NinjaOneSoftwarePatchInstalls.contains a description" time="0.0023" asserts="0" success="True" result="Success" executed="True" />
                    </results>
                  </test-suite>
                  <test-suite type="ParameterizedTest" name="NinjaOne - Help Content.Function &lt;_&gt;.contains a functionality" executed="True" result="Success" success="True" time="0.0021" asserts="0" description="contains a functionality">
                    <results>
                      <test-case description="contains a functionality" name="NinjaOne - Help Content.Function Get-NinjaOneSoftwarePatchInstalls.contains a functionality" time="0.0021" asserts="0" success="True" result="Success" executed="True" />
                    </results>
                  </test-suite>
                  <test-suite type="ParameterizedTest" name="NinjaOne - Help Content.Function &lt;_&gt;.has at least one usage example" executed="True" result="Success" success="True" time="0.0083" asserts="0" description="has at least one usage example">
                    <results>
                      <test-case description="has at least one usage example" name="NinjaOne - Help Content.Function Get-NinjaOneSoftwarePatchInstalls.has at least one usage example" time="0.0083" asserts="0" success="True" result="Success" executed="True" />
                    </results>
                  </test-suite>
                  <test-suite type="ParameterizedTest" name="NinjaOne - Help Content.Function &lt;_&gt;.has a title for each example" executed="True" result="Success" success="True" time="0.0228" asserts="0" description="has a title for each example">
                    <results>
                      <test-case description="has a title for each example" name="NinjaOne - Help Content.Function Get-NinjaOneSoftwarePatchInstalls.has a title for each example" time="0.0021" asserts="0" success="True" result="Success" executed="True" />
                      <test-case description="has a title for each example" name="NinjaOne - Help Content.Function Get-NinjaOneSoftwarePatchInstalls.has a title for each example" time="0.002" asserts="0" success="True" result="Success" executed="True" />
                      <test-case description="has a title for each example" name="NinjaOne - Help Content.Function Get-NinjaOneSoftwarePatchInstalls.has a title for each example" time="0.002" asserts="0" success="True" result="Success" executed="True" />
                      <test-case description="has a title for each example" name="NinjaOne - Help Content.Function Get-NinjaOneSoftwarePatchInstalls.has a title for each example" time="0.002" asserts="0" success="True" result="Success" executed="True" />
                      <test-case description="has a title for each example" name="NinjaOne - Help Content.Function Get-NinjaOneSoftwarePatchInstalls.has a title for each example" time="0.0019" asserts="0" success="True" result="Success" executed="True" />
                      <test-case description="has a title for each example" name="NinjaOne - Help Content.Function Get-NinjaOneSoftwarePatchInstalls.has a title for each example" time="0.0019" asserts="0" success="True" result="Success" executed="True" />
                      <test-case description="has a title for each example" name="NinjaOne - Help Content.Function Get-NinjaOneSoftwarePatchInstalls.has a title for each example" time="0.0024" asserts="0" success="True" result="Success" executed="True" />
                      <test-case description="has a title for each example" name="NinjaOne - Help Content.Function Get-NinjaOneSoftwarePatchInstalls.has a title for each example" time="0.0026" asserts="0" success="True" result="Success" executed="True" />
                      <test-case description="has a title for each example" name="NinjaOne - Help Content.Function Get-NinjaOneSoftwarePatchInstalls.has a title for each example" time="0.002" asserts="0" success="True" result="Success" executed="True" />
                      <test-case description="has a title for each example" name="NinjaOne - Help Content.Function Get-NinjaOneSoftwarePatchInstalls.has a title for each example" time="0.0019" asserts="0" success="True" result="Success" executed="True" />
                      <test-case description="has a title for each example" name="NinjaOne - Help Content.Function Get-NinjaOneSoftwarePatchInstalls.has a title for each example" time="0.002" asserts="0" success="True" result="Success" executed="True" />
                    </results>
                  </test-suite>
                  <test-suite type="ParameterizedTest" name="NinjaOne - Help Content.Function &lt;_&gt;.has a description for each example" executed="True" result="Success" success="True" time="0.0235" asserts="0" description="has a description for each example">
                    <results>
                      <test-case description="has a description for each example" name="NinjaOne - Help Content.Function Get-NinjaOneSoftwarePatchInstalls.has a description for each example" time="0.002" asserts="0" success="True" result="Success" executed="True" />
                      <test-case description="has a description for each example" name="NinjaOne - Help Content.Function Get-NinjaOneSoftwarePatchInstalls.has a description for each example" time="0.0019" asserts="0" success="True" result="Success" executed="True" />
                      <test-case description="has a description for each example" name="NinjaOne - Help Content.Function Get-NinjaOneSoftwarePatchInstalls.has a description for each example" time="0.0021" asserts="0" success="True" result="Success" executed="True" />
                      <test-case description="has a description for each example" name="NinjaOne - Help Content.Function Get-NinjaOneSoftwarePatchInstalls.has a description for each example" time="0.002" asserts="0" success="True" result="Success" executed="True" />
                      <test-case description="has a description for each example" name="NinjaOne - Help Content.Function Get-NinjaOneSoftwarePatchInstalls.has a description for each example" time="0.0025" asserts="0" success="True" result="Success" executed="True" />
                      <test-case description="has a description for each example" name="NinjaOne - Help Content.Function Get-NinjaOneSoftwarePatchInstalls.has a description for each example" time="0.0021" asserts="0" success="True" result="Success" executed="True" />
                      <test-case description="has a description for each example" name="NinjaOne - Help Content.Function Get-NinjaOneSoftwarePatchInstalls.has a description for each example" time="0.0022" asserts="0" success="True" result="Success" executed="True" />
                      <test-case description="has a description for each example" name="NinjaOne - Help Content.Function Get-NinjaOneSoftwarePatchInstalls.has a description for each example" time="0.0021" asserts="0" success="True" result="Success" executed="True" />
                      <test-case description="has a description for each example" name="NinjaOne - Help Content.Function Get-NinjaOneSoftwarePatchInstalls.has a description for each example" time="0.0019" asserts="0" success="True" result="Success" executed="True" />
                      <test-case description="has a description for each example" name="NinjaOne - Help Content.Function Get-NinjaOneSoftwarePatchInstalls.has a description for each example" time="0.0024" asserts="0" success="True" result="Success" executed="True" />
                      <test-case description="has a description for each example" name="NinjaOne - Help Content.Function Get-NinjaOneSoftwarePatchInstalls.has a description for each example" time="0.0022" asserts="0" success="True" result="Success" executed="True" />
                    </results>
                  </test-suite>
                </results>
              </test-suite>
              <test-suite type="TestFixture" name="NinjaOne - Help Content.Function Get-NinjaOneSoftwareProducts" executed="True" result="Success" success="True" time="2.5012" asserts="0" description="NinjaOne - Help Content.Function Get-NinjaOneSoftwareProducts">
                <results>
                  <test-suite type="ParameterizedTest" name="NinjaOne - Help Content.Function &lt;_&gt;.has help content" executed="True" result="Success" success="True" time="0.003" asserts="0" description="has help content">
                    <results>
                      <test-case description="has help content" name="NinjaOne - Help Content.Function Get-NinjaOneSoftwareProducts.has help content" time="0.003" asserts="0" success="True" result="Success" executed="True" />
                    </results>
                  </test-suite>
                  <test-suite type="ParameterizedTest" name="NinjaOne - Help Content.Function &lt;_&gt;.contains a synopsis" executed="True" result="Success" success="True" time="0.0022" asserts="0" description="contains a synopsis">
                    <results>
                      <test-case description="contains a synopsis" name="NinjaOne - Help Content.Function Get-NinjaOneSoftwareProducts.contains a synopsis" time="0.0022" asserts="0" success="True" result="Success" executed="True" />
                    </results>
                  </test-suite>
                  <test-suite type="ParameterizedTest" name="NinjaOne - Help Content.Function &lt;_&gt;.contains a description" executed="True" result="Success" success="True" time="0.0025" asserts="0" description="contains a description">
                    <results>
                      <test-case description="contains a description" name="NinjaOne - Help Content.Function Get-NinjaOneSoftwareProducts.contains a description" time="0.0025" asserts="0" success="True" result="Success" executed="True" />
                    </results>
                  </test-suite>
                  <test-suite type="ParameterizedTest" name="NinjaOne - Help Content.Function &lt;_&gt;.contains a functionality" executed="True" result="Success" success="True" time="0.0089" asserts="0" description="contains a functionality">
                    <results>
                      <test-case description="contains a functionality" name="NinjaOne - Help Content.Function Get-NinjaOneSoftwareProducts.contains a functionality" time="0.0089" asserts="0" success="True" result="Success" executed="True" />
                    </results>
                  </test-suite>
                  <test-suite type="ParameterizedTest" name="NinjaOne - Help Content.Function &lt;_&gt;.has at least one usage example" executed="True" result="Success" success="True" time="0.0021" asserts="0" description="has at least one usage example">
                    <results>
                      <test-case description="has at least one usage example" name="NinjaOne - Help Content.Function Get-NinjaOneSoftwareProducts.has at least one usage example" time="0.0021" asserts="0" success="True" result="Success" executed="True" />
                    </results>
                  </test-suite>
                  <test-suite type="ParameterizedTest" name="NinjaOne - Help Content.Function &lt;_&gt;.has a title for each example" executed="True" result="Success" success="True" time="0.0044" asserts="0" description="has a title for each example">
                    <results>
                      <test-case description="has a title for each example" name="NinjaOne - Help Content.Function Get-NinjaOneSoftwareProducts.has a title for each example" time="0.0021" asserts="0" success="True" result="Success" executed="True" />
                      <test-case description="has a title for each example" name="NinjaOne - Help Content.Function Get-NinjaOneSoftwareProducts.has a title for each example" time="0.0022" asserts="0" success="True" result="Success" executed="True" />
                    </results>
                  </test-suite>
                  <test-suite type="ParameterizedTest" name="NinjaOne - Help Content.Function &lt;_&gt;.has a description for each example" executed="True" result="Success" success="True" time="0.005" asserts="0" description="has a description for each example">
                    <results>
                      <test-case description="has a description for each example" name="NinjaOne - Help Content.Function Get-NinjaOneSoftwareProducts.has a description for each example" time="0.0028" asserts="0" success="True" result="Success" executed="True" />
                      <test-case description="has a description for each example" name="NinjaOne - Help Content.Function Get-NinjaOneSoftwareProducts.has a description for each example" time="0.0022" asserts="0" success="True" result="Success" executed="True" />
                    </results>
                  </test-suite>
                </results>
              </test-suite>
              <test-suite type="TestFixture" name="NinjaOne - Help Content.Function Get-NinjaOneTasks" executed="True" result="Success" success="True" time="2.5348" asserts="0" description="NinjaOne - Help Content.Function Get-NinjaOneTasks">
                <results>
                  <test-suite type="ParameterizedTest" name="NinjaOne - Help Content.Function &lt;_&gt;.has help content" executed="True" result="Success" success="True" time="0.003" asserts="0" description="has help content">
                    <results>
                      <test-case description="has help content" name="NinjaOne - Help Content.Function Get-NinjaOneTasks.has help content" time="0.003" asserts="0" success="True" result="Success" executed="True" />
                    </results>
                  </test-suite>
                  <test-suite type="ParameterizedTest" name="NinjaOne - Help Content.Function &lt;_&gt;.contains a synopsis" executed="True" result="Success" success="True" time="0.0019" asserts="0" description="contains a synopsis">
                    <results>
                      <test-case description="contains a synopsis" name="NinjaOne - Help Content.Function Get-NinjaOneTasks.contains a synopsis" time="0.0019" asserts="0" success="True" result="Success" executed="True" />
                    </results>
                  </test-suite>
                  <test-suite type="ParameterizedTest" name="NinjaOne - Help Content.Function &lt;_&gt;.contains a description" executed="True" result="Success" success="True" time="0.0022" asserts="0" description="contains a description">
                    <results>
                      <test-case description="contains a description" name="NinjaOne - Help Content.Function Get-NinjaOneTasks.contains a description" time="0.0022" asserts="0" success="True" result="Success" executed="True" />
                    </results>
                  </test-suite>
                  <test-suite type="ParameterizedTest" name="NinjaOne - Help Content.Function &lt;_&gt;.contains a functionality" executed="True" result="Success" success="True" time="0.002" asserts="0" description="contains a functionality">
                    <results>
                      <test-case description="contains a functionality" name="NinjaOne - Help Content.Function Get-NinjaOneTasks.contains a functionality" time="0.002" asserts="0" success="True" result="Success" executed="True" />
                    </results>
                  </test-suite>
                  <test-suite type="ParameterizedTest" name="NinjaOne - Help Content.Function &lt;_&gt;.has at least one usage example" executed="True" result="Success" success="True" time="0.0018" asserts="0" description="has at least one usage example">
                    <results>
                      <test-case description="has at least one usage example" name="NinjaOne - Help Content.Function Get-NinjaOneTasks.has at least one usage example" time="0.0018" asserts="0" success="True" result="Success" executed="True" />
                    </results>
                  </test-suite>
                  <test-suite type="ParameterizedTest" name="NinjaOne - Help Content.Function &lt;_&gt;.has a title for each example" executed="True" result="Success" success="True" time="0.0021" asserts="0" description="has a title for each example">
                    <results>
                      <test-case description="has a title for each example" name="NinjaOne - Help Content.Function Get-NinjaOneTasks.has a title for each example" time="0.0021" asserts="0" success="True" result="Success" executed="True" />
                    </results>
                  </test-suite>
                  <test-suite type="ParameterizedTest" name="NinjaOne - Help Content.Function &lt;_&gt;.has a description for each example" executed="True" result="Success" success="True" time="0.002" asserts="0" description="has a description for each example">
                    <results>
                      <test-case description="has a description for each example" name="NinjaOne - Help Content.Function Get-NinjaOneTasks.has a description for each example" time="0.002" asserts="0" success="True" result="Success" executed="True" />
                    </results>
                  </test-suite>
                </results>
              </test-suite>
              <test-suite type="TestFixture" name="NinjaOne - Help Content.Function Get-NinjaOneTicketAttributes" executed="True" result="Success" success="True" time="2.5679" asserts="0" description="NinjaOne - Help Content.Function Get-NinjaOneTicketAttributes">
                <results>
                  <test-suite type="ParameterizedTest" name="NinjaOne - Help Content.Function &lt;_&gt;.has help content" executed="True" result="Success" success="True" time="0.0029" asserts="0" description="has help content">
                    <results>
                      <test-case description="has help content" name="NinjaOne - Help Content.Function Get-NinjaOneTicketAttributes.has help content" time="0.0029" asserts="0" success="True" result="Success" executed="True" />
                    </results>
                  </test-suite>
                  <test-suite type="ParameterizedTest" name="NinjaOne - Help Content.Function &lt;_&gt;.contains a synopsis" executed="True" result="Success" success="True" time="0.0019" asserts="0" description="contains a synopsis">
                    <results>
                      <test-case description="contains a synopsis" name="NinjaOne - Help Content.Function Get-NinjaOneTicketAttributes.contains a synopsis" time="0.0019" asserts="0" success="True" result="Success" executed="True" />
                    </results>
                  </test-suite>
                  <test-suite type="ParameterizedTest" name="NinjaOne - Help Content.Function &lt;_&gt;.contains a description" executed="True" result="Success" success="True" time="0.0019" asserts="0" description="contains a description">
                    <results>
                      <test-case description="contains a description" name="NinjaOne - Help Content.Function Get-NinjaOneTicketAttributes.contains a description" time="0.0019" asserts="0" success="True" result="Success" executed="True" />
                    </results>
                  </test-suite>
                  <test-suite type="ParameterizedTest" name="NinjaOne - Help Content.Function &lt;_&gt;.contains a functionality" executed="True" result="Success" success="True" time="0.0018" asserts="0" description="contains a functionality">
                    <results>
                      <test-case description="contains a functionality" name="NinjaOne - Help Content.Function Get-NinjaOneTicketAttributes.contains a functionality" time="0.0018" asserts="0" success="True" result="Success" executed="True" />
                    </results>
                  </test-suite>
                  <test-suite type="ParameterizedTest" name="NinjaOne - Help Content.Function &lt;_&gt;.has at least one usage example" executed="True" result="Success" success="True" time="0.002" asserts="0" description="has at least one usage example">
                    <results>
                      <test-case description="has at least one usage example" name="NinjaOne - Help Content.Function Get-NinjaOneTicketAttributes.has at least one usage example" time="0.002" asserts="0" success="True" result="Success" executed="True" />
                    </results>
                  </test-suite>
                  <test-suite type="ParameterizedTest" name="NinjaOne - Help Content.Function &lt;_&gt;.has a title for each example" executed="True" result="Success" success="True" time="0.002" asserts="0" description="has a title for each example">
                    <results>
                      <test-case description="has a title for each example" name="NinjaOne - Help Content.Function Get-NinjaOneTicketAttributes.has a title for each example" time="0.002" asserts="0" success="True" result="Success" executed="True" />
                    </results>
                  </test-suite>
                  <test-suite type="ParameterizedTest" name="NinjaOne - Help Content.Function &lt;_&gt;.has a description for each example" executed="True" result="Success" success="True" time="0.0019" asserts="0" description="has a description for each example">
                    <results>
                      <test-case description="has a description for each example" name="NinjaOne - Help Content.Function Get-NinjaOneTicketAttributes.has a description for each example" time="0.0019" asserts="0" success="True" result="Success" executed="True" />
                    </results>
                  </test-suite>
                </results>
              </test-suite>
              <test-suite type="TestFixture" name="NinjaOne - Help Content.Function Get-NinjaOneTicketBoards" executed="True" result="Success" success="True" time="2.6084" asserts="0" description="NinjaOne - Help Content.Function Get-NinjaOneTicketBoards">
                <results>
                  <test-suite type="ParameterizedTest" name="NinjaOne - Help Content.Function &lt;_&gt;.has help content" executed="True" result="Success" success="True" time="0.0029" asserts="0" description="has help content">
                    <results>
                      <test-case description="has help content" name="NinjaOne - Help Content.Function Get-NinjaOneTicketBoards.has help content" time="0.0029" asserts="0" success="True" result="Success" executed="True" />
                    </results>
                  </test-suite>
                  <test-suite type="ParameterizedTest" name="NinjaOne - Help Content.Function &lt;_&gt;.contains a synopsis" executed="True" result="Success" success="True" time="0.002" asserts="0" description="contains a synopsis">
                    <results>
                      <test-case description="contains a synopsis" name="NinjaOne - Help Content.Function Get-NinjaOneTicketBoards.contains a synopsis" time="0.002" asserts="0" success="True" result="Success" executed="True" />
                    </results>
                  </test-suite>
                  <test-suite type="ParameterizedTest" name="NinjaOne - Help Content.Function &lt;_&gt;.contains a description" executed="True" result="Success" success="True" time="0.0022" asserts="0" description="contains a description">
                    <results>
                      <test-case description="contains a description" name="NinjaOne - Help Content.Function Get-NinjaOneTicketBoards.contains a description" time="0.0022" asserts="0" success="True" result="Success" executed="True" />
                    </results>
                  </test-suite>
                  <test-suite type="ParameterizedTest" name="NinjaOne - Help Content.Function &lt;_&gt;.contains a functionality" executed="True" result="Success" success="True" time="0.002" asserts="0" description="contains a functionality">
                    <results>
                      <test-case description="contains a functionality" name="NinjaOne - Help Content.Function Get-NinjaOneTicketBoards.contains a functionality" time="0.002" asserts="0" success="True" result="Success" executed="True" />
                    </results>
                  </test-suite>
                  <test-suite type="ParameterizedTest" name="NinjaOne - Help Content.Function &lt;_&gt;.has at least one usage example" executed="True" result="Success" success="True" time="0.0084" asserts="0" description="has at least one usage example">
                    <results>
                      <test-case description="has at least one usage example" name="NinjaOne - Help Content.Function Get-NinjaOneTicketBoards.has at least one usage example" time="0.0084" asserts="0" success="True" result="Success" executed="True" />
                    </results>
                  </test-suite>
                  <test-suite type="ParameterizedTest" name="NinjaOne - Help Content.Function &lt;_&gt;.has a title for each example" executed="True" result="Success" success="True" time="0.0022" asserts="0" description="has a title for each example">
                    <results>
                      <test-case description="has a title for each example" name="NinjaOne - Help Content.Function Get-NinjaOneTicketBoards.has a title for each example" time="0.0022" asserts="0" success="True" result="Success" executed="True" />
                    </results>
                  </test-suite>
                  <test-suite type="ParameterizedTest" name="NinjaOne - Help Content.Function &lt;_&gt;.has a description for each example" executed="True" result="Success" success="True" time="0.002" asserts="0" description="has a description for each example">
                    <results>
                      <test-case description="has a description for each example" name="NinjaOne - Help Content.Function Get-NinjaOneTicketBoards.has a description for each example" time="0.002" asserts="0" success="True" result="Success" executed="True" />
                    </results>
                  </test-suite>
                </results>
              </test-suite>
              <test-suite type="TestFixture" name="NinjaOne - Help Content.Function Get-NinjaOneTicketForms" executed="True" result="Success" success="True" time="2.6467" asserts="0" description="NinjaOne - Help Content.Function Get-NinjaOneTicketForms">
                <results>
                  <test-suite type="ParameterizedTest" name="NinjaOne - Help Content.Function &lt;_&gt;.has help content" executed="True" result="Success" success="True" time="0.0029" asserts="0" description="has help content">
                    <results>
                      <test-case description="has help content" name="NinjaOne - Help Content.Function Get-NinjaOneTicketForms.has help content" time="0.0029" asserts="0" success="True" result="Success" executed="True" />
                    </results>
                  </test-suite>
                  <test-suite type="ParameterizedTest" name="NinjaOne - Help Content.Function &lt;_&gt;.contains a synopsis" executed="True" result="Success" success="True" time="0.0024" asserts="0" description="contains a synopsis">
                    <results>
                      <test-case description="contains a synopsis" name="NinjaOne - Help Content.Function Get-NinjaOneTicketForms.contains a synopsis" time="0.0024" asserts="0" success="True" result="Success" executed="True" />
                    </results>
                  </test-suite>
                  <test-suite type="ParameterizedTest" name="NinjaOne - Help Content.Function &lt;_&gt;.contains a description" executed="True" result="Success" success="True" time="0.0019" asserts="0" description="contains a description">
                    <results>
                      <test-case description="contains a description" name="NinjaOne - Help Content.Function Get-NinjaOneTicketForms.contains a description" time="0.0019" asserts="0" success="True" result="Success" executed="True" />
                    </results>
                  </test-suite>
                  <test-suite type="ParameterizedTest" name="NinjaOne - Help Content.Function &lt;_&gt;.contains a functionality" executed="True" result="Success" success="True" time="0.0021" asserts="0" description="contains a functionality">
                    <results>
                      <test-case description="contains a functionality" name="NinjaOne - Help Content.Function Get-NinjaOneTicketForms.contains a functionality" time="0.0021" asserts="0" success="True" result="Success" executed="True" />
                    </results>
                  </test-suite>
                  <test-suite type="ParameterizedTest" name="NinjaOne - Help Content.Function &lt;_&gt;.has at least one usage example" executed="True" result="Success" success="True" time="0.0019" asserts="0" description="has at least one usage example">
                    <results>
                      <test-case description="has at least one usage example" name="NinjaOne - Help Content.Function Get-NinjaOneTicketForms.has at least one usage example" time="0.0019" asserts="0" success="True" result="Success" executed="True" />
                    </results>
                  </test-suite>
                  <test-suite type="ParameterizedTest" name="NinjaOne - Help Content.Function &lt;_&gt;.has a title for each example" executed="True" result="Success" success="True" time="0.004" asserts="0" description="has a title for each example">
                    <results>
                      <test-case description="has a title for each example" name="NinjaOne - Help Content.Function Get-NinjaOneTicketForms.has a title for each example" time="0.0019" asserts="0" success="True" result="Success" executed="True" />
                      <test-case description="has a title for each example" name="NinjaOne - Help Content.Function Get-NinjaOneTicketForms.has a title for each example" time="0.0021" asserts="0" success="True" result="Success" executed="True" />
                    </results>
                  </test-suite>
                  <test-suite type="ParameterizedTest" name="NinjaOne - Help Content.Function &lt;_&gt;.has a description for each example" executed="True" result="Success" success="True" time="0.0045" asserts="0" description="has a description for each example">
                    <results>
                      <test-case description="has a description for each example" name="NinjaOne - Help Content.Function Get-NinjaOneTicketForms.has a description for each example" time="0.0021" asserts="0" success="True" result="Success" executed="True" />
                      <test-case description="has a description for each example" name="NinjaOne - Help Content.Function Get-NinjaOneTicketForms.has a description for each example" time="0.0024" asserts="0" success="True" result="Success" executed="True" />
                    </results>
                  </test-suite>
                </results>
              </test-suite>
              <test-suite type="TestFixture" name="NinjaOne - Help Content.Function Get-NinjaOneTicketLogEntries" executed="True" result="Success" success="True" time="2.6852" asserts="0" description="NinjaOne - Help Content.Function Get-NinjaOneTicketLogEntries">
                <results>
                  <test-suite type="ParameterizedTest" name="NinjaOne - Help Content.Function &lt;_&gt;.has help content" executed="True" result="Success" success="True" time="0.003" asserts="0" description="has help content">
                    <results>
                      <test-case description="has help content" name="NinjaOne - Help Content.Function Get-NinjaOneTicketLogEntries.has help content" time="0.003" asserts="0" success="True" result="Success" executed="True" />
                    </results>
                  </test-suite>
                  <test-suite type="ParameterizedTest" name="NinjaOne - Help Content.Function &lt;_&gt;.contains a synopsis" executed="True" result="Success" success="True" time="0.0019" asserts="0" description="contains a synopsis">
                    <results>
                      <test-case description="contains a synopsis" name="NinjaOne - Help Content.Function Get-NinjaOneTicketLogEntries.contains a synopsis" time="0.0019" asserts="0" success="True" result="Success" executed="True" />
                    </results>
                  </test-suite>
                  <test-suite type="ParameterizedTest" name="NinjaOne - Help Content.Function &lt;_&gt;.contains a description" executed="True" result="Success" success="True" time="0.002" asserts="0" description="contains a description">
                    <results>
                      <test-case description="contains a description" name="NinjaOne - Help Content.Function Get-NinjaOneTicketLogEntries.contains a description" time="0.002" asserts="0" success="True" result="Success" executed="True" />
                    </results>
                  </test-suite>
                  <test-suite type="ParameterizedTest" name="NinjaOne - Help Content.Function &lt;_&gt;.contains a functionality" executed="True" result="Success" success="True" time="0.0019" asserts="0" description="contains a functionality">
                    <results>
                      <test-case description="contains a functionality" name="NinjaOne - Help Content.Function Get-NinjaOneTicketLogEntries.contains a functionality" time="0.0019" asserts="0" success="True" result="Success" executed="True" />
                    </results>
                  </test-suite>
                  <test-suite type="ParameterizedTest" name="NinjaOne - Help Content.Function &lt;_&gt;.has at least one usage example" executed="True" result="Success" success="True" time="0.0019" asserts="0" description="has at least one usage example">
                    <results>
                      <test-case description="has at least one usage example" name="NinjaOne - Help Content.Function Get-NinjaOneTicketLogEntries.has at least one usage example" time="0.0019" asserts="0" success="True" result="Success" executed="True" />
                    </results>
                  </test-suite>
                  <test-suite type="ParameterizedTest" name="NinjaOne - Help Content.Function &lt;_&gt;.has a title for each example" executed="True" result="Success" success="True" time="0.0038" asserts="0" description="has a title for each example">
                    <results>
                      <test-case description="has a title for each example" name="NinjaOne - Help Content.Function Get-NinjaOneTicketLogEntries.has a title for each example" time="0.0019" asserts="0" success="True" result="Success" executed="True" />
                      <test-case description="has a title for each example" name="NinjaOne - Help Content.Function Get-NinjaOneTicketLogEntries.has a title for each example" time="0.0019" asserts="0" success="True" result="Success" executed="True" />
                    </results>
                  </test-suite>
                  <test-suite type="ParameterizedTest" name="NinjaOne - Help Content.Function &lt;_&gt;.has a description for each example" executed="True" result="Success" success="True" time="0.0042" asserts="0" description="has a description for each example">
                    <results>
                      <test-case description="has a description for each example" name="NinjaOne - Help Content.Function Get-NinjaOneTicketLogEntries.has a description for each example" time="0.0019" asserts="0" success="True" result="Success" executed="True" />
                      <test-case description="has a description for each example" name="NinjaOne - Help Content.Function Get-NinjaOneTicketLogEntries.has a description for each example" time="0.0023" asserts="0" success="True" result="Success" executed="True" />
                    </results>
                  </test-suite>
                </results>
              </test-suite>
              <test-suite type="TestFixture" name="NinjaOne - Help Content.Function Get-NinjaOneTickets" executed="True" result="Success" success="True" time="2.7362" asserts="0" description="NinjaOne - Help Content.Function Get-NinjaOneTickets">
                <results>
                  <test-suite type="ParameterizedTest" name="NinjaOne - Help Content.Function &lt;_&gt;.has help content" executed="True" result="Success" success="True" time="0.0032" asserts="0" description="has help content">
                    <results>
                      <test-case description="has help content" name="NinjaOne - Help Content.Function Get-NinjaOneTickets.has help content" time="0.0032" asserts="0" success="True" result="Success" executed="True" />
                    </results>
                  </test-suite>
                  <test-suite type="ParameterizedTest" name="NinjaOne - Help Content.Function &lt;_&gt;.contains a synopsis" executed="True" result="Success" success="True" time="0.0023" asserts="0" description="contains a synopsis">
                    <results>
                      <test-case description="contains a synopsis" name="NinjaOne - Help Content.Function Get-NinjaOneTickets.contains a synopsis" time="0.0023" asserts="0" success="True" result="Success" executed="True" />
                    </results>
                  </test-suite>
                  <test-suite type="ParameterizedTest" name="NinjaOne - Help Content.Function &lt;_&gt;.contains a description" executed="True" result="Success" success="True" time="0.0101" asserts="0" description="contains a description">
                    <results>
                      <test-case description="contains a description" name="NinjaOne - Help Content.Function Get-NinjaOneTickets.contains a description" time="0.0101" asserts="0" success="True" result="Success" executed="True" />
                    </results>
                  </test-suite>
                  <test-suite type="ParameterizedTest" name="NinjaOne - Help Content.Function &lt;_&gt;.contains a functionality" executed="True" result="Success" success="True" time="0.0023" asserts="0" description="contains a functionality">
                    <results>
                      <test-case description="contains a functionality" name="NinjaOne - Help Content.Function Get-NinjaOneTickets.contains a functionality" time="0.0023" asserts="0" success="True" result="Success" executed="True" />
                    </results>
                  </test-suite>
                  <test-suite type="ParameterizedTest" name="NinjaOne - Help Content.Function &lt;_&gt;.has at least one usage example" executed="True" result="Success" success="True" time="0.002" asserts="0" description="has at least one usage example">
                    <results>
                      <test-case description="has at least one usage example" name="NinjaOne - Help Content.Function Get-NinjaOneTickets.has at least one usage example" time="0.002" asserts="0" success="True" result="Success" executed="True" />
                    </results>
                  </test-suite>
                  <test-suite type="ParameterizedTest" name="NinjaOne - Help Content.Function &lt;_&gt;.has a title for each example" executed="True" result="Success" success="True" time="0.0056" asserts="0" description="has a title for each example">
                    <results>
                      <test-case description="has a title for each example" name="NinjaOne - Help Content.Function Get-NinjaOneTickets.has a title for each example" time="0.0018" asserts="0" success="True" result="Success" executed="True" />
                      <test-case description="has a title for each example" name="NinjaOne - Help Content.Function Get-NinjaOneTickets.has a title for each example" time="0.0019" asserts="0" success="True" result="Success" executed="True" />
                      <test-case description="has a title for each example" name="NinjaOne - Help Content.Function Get-NinjaOneTickets.has a title for each example" time="0.0019" asserts="0" success="True" result="Success" executed="True" />
                    </results>
                  </test-suite>
                  <test-suite type="ParameterizedTest" name="NinjaOne - Help Content.Function &lt;_&gt;.has a description for each example" executed="True" result="Success" success="True" time="0.0061" asserts="0" description="has a description for each example">
                    <results>
                      <test-case description="has a description for each example" name="NinjaOne - Help Content.Function Get-NinjaOneTickets.has a description for each example" time="0.0021" asserts="0" success="True" result="Success" executed="True" />
                      <test-case description="has a description for each example" name="NinjaOne - Help Content.Function Get-NinjaOneTickets.has a description for each example" time="0.002" asserts="0" success="True" result="Success" executed="True" />
                      <test-case description="has a description for each example" name="NinjaOne - Help Content.Function Get-NinjaOneTickets.has a description for each example" time="0.0019" asserts="0" success="True" result="Success" executed="True" />
                    </results>
                  </test-suite>
                </results>
              </test-suite>
              <test-suite type="TestFixture" name="NinjaOne - Help Content.Function Get-NinjaOneTicketStatuses" executed="True" result="Success" success="True" time="2.7705" asserts="0" description="NinjaOne - Help Content.Function Get-NinjaOneTicketStatuses">
                <results>
                  <test-suite type="ParameterizedTest" name="NinjaOne - Help Content.Function &lt;_&gt;.has help content" executed="True" result="Success" success="True" time="0.0029" asserts="0" description="has help content">
                    <results>
                      <test-case description="has help content" name="NinjaOne - Help Content.Function Get-NinjaOneTicketStatuses.has help content" time="0.0029" asserts="0" success="True" result="Success" executed="True" />
                    </results>
                  </test-suite>
                  <test-suite type="ParameterizedTest" name="NinjaOne - Help Content.Function &lt;_&gt;.contains a synopsis" executed="True" result="Success" success="True" time="0.002" asserts="0" description="contains a synopsis">
                    <results>
                      <test-case description="contains a synopsis" name="NinjaOne - Help Content.Function Get-NinjaOneTicketStatuses.contains a synopsis" time="0.002" asserts="0" success="True" result="Success" executed="True" />
                    </results>
                  </test-suite>
                  <test-suite type="ParameterizedTest" name="NinjaOne - Help Content.Function &lt;_&gt;.contains a description" executed="True" result="Success" success="True" time="0.0022" asserts="0" description="contains a description">
                    <results>
                      <test-case description="contains a description" name="NinjaOne - Help Content.Function Get-NinjaOneTicketStatuses.contains a description" time="0.0022" asserts="0" success="True" result="Success" executed="True" />
                    </results>
                  </test-suite>
                  <test-suite type="ParameterizedTest" name="NinjaOne - Help Content.Function &lt;_&gt;.contains a functionality" executed="True" result="Success" success="True" time="0.002" asserts="0" description="contains a functionality">
                    <results>
                      <test-case description="contains a functionality" name="NinjaOne - Help Content.Function Get-NinjaOneTicketStatuses.contains a functionality" time="0.002" asserts="0" success="True" result="Success" executed="True" />
                    </results>
                  </test-suite>
                  <test-suite type="ParameterizedTest" name="NinjaOne - Help Content.Function &lt;_&gt;.has at least one usage example" executed="True" result="Success" success="True" time="0.002" asserts="0" description="has at least one usage example">
                    <results>
                      <test-case description="has at least one usage example" name="NinjaOne - Help Content.Function Get-NinjaOneTicketStatuses.has at least one usage example" time="0.002" asserts="0" success="True" result="Success" executed="True" />
                    </results>
                  </test-suite>
                  <test-suite type="ParameterizedTest" name="NinjaOne - Help Content.Function &lt;_&gt;.has a title for each example" executed="True" result="Success" success="True" time="0.0021" asserts="0" description="has a title for each example">
                    <results>
                      <test-case description="has a title for each example" name="NinjaOne - Help Content.Function Get-NinjaOneTicketStatuses.has a title for each example" time="0.0021" asserts="0" success="True" result="Success" executed="True" />
                    </results>
                  </test-suite>
                  <test-suite type="ParameterizedTest" name="NinjaOne - Help Content.Function &lt;_&gt;.has a description for each example" executed="True" result="Success" success="True" time="0.0021" asserts="0" description="has a description for each example">
                    <results>
                      <test-case description="has a description for each example" name="NinjaOne - Help Content.Function Get-NinjaOneTicketStatuses.has a description for each example" time="0.0021" asserts="0" success="True" result="Success" executed="True" />
                    </results>
                  </test-suite>
                </results>
              </test-suite>
              <test-suite type="TestFixture" name="NinjaOne - Help Content.Function Get-NinjaOneUsers" executed="True" result="Success" success="True" time="2.8183" asserts="0" description="NinjaOne - Help Content.Function Get-NinjaOneUsers">
                <results>
                  <test-suite type="ParameterizedTest" name="NinjaOne - Help Content.Function &lt;_&gt;.has help content" executed="True" result="Success" success="True" time="0.0027" asserts="0" description="has help content">
                    <results>
                      <test-case description="has help content" name="NinjaOne - Help Content.Function Get-NinjaOneUsers.has help content" time="0.0027" asserts="0" success="True" result="Success" executed="True" />
                    </results>
                  </test-suite>
                  <test-suite type="ParameterizedTest" name="NinjaOne - Help Content.Function &lt;_&gt;.contains a synopsis" executed="True" result="Success" success="True" time="0.002" asserts="0" description="contains a synopsis">
                    <results>
                      <test-case description="contains a synopsis" name="NinjaOne - Help Content.Function Get-NinjaOneUsers.contains a synopsis" time="0.002" asserts="0" success="True" result="Success" executed="True" />
                    </results>
                  </test-suite>
                  <test-suite type="ParameterizedTest" name="NinjaOne - Help Content.Function &lt;_&gt;.contains a description" executed="True" result="Success" success="True" time="0.002" asserts="0" description="contains a description">
                    <results>
                      <test-case description="contains a description" name="NinjaOne - Help Content.Function Get-NinjaOneUsers.contains a description" time="0.002" asserts="0" success="True" result="Success" executed="True" />
                    </results>
                  </test-suite>
                  <test-suite type="ParameterizedTest" name="NinjaOne - Help Content.Function &lt;_&gt;.contains a functionality" executed="True" result="Success" success="True" time="0.0019" asserts="0" description="contains a functionality">
                    <results>
                      <test-case description="contains a functionality" name="NinjaOne - Help Content.Function Get-NinjaOneUsers.contains a functionality" time="0.0019" asserts="0" success="True" result="Success" executed="True" />
                    </results>
                  </test-suite>
                  <test-suite type="ParameterizedTest" name="NinjaOne - Help Content.Function &lt;_&gt;.has at least one usage example" executed="True" result="Success" success="True" time="0.0022" asserts="0" description="has at least one usage example">
                    <results>
                      <test-case description="has at least one usage example" name="NinjaOne - Help Content.Function Get-NinjaOneUsers.has at least one usage example" time="0.0022" asserts="0" success="True" result="Success" executed="True" />
                    </results>
                  </test-suite>
                  <test-suite type="ParameterizedTest" name="NinjaOne - Help Content.Function &lt;_&gt;.has a title for each example" executed="True" result="Success" success="True" time="0.0058" asserts="0" description="has a title for each example">
                    <results>
                      <test-case description="has a title for each example" name="NinjaOne - Help Content.Function Get-NinjaOneUsers.has a title for each example" time="0.002" asserts="0" success="True" result="Success" executed="True" />
                      <test-case description="has a title for each example" name="NinjaOne - Help Content.Function Get-NinjaOneUsers.has a title for each example" time="0.0018" asserts="0" success="True" result="Success" executed="True" />
                      <test-case description="has a title for each example" name="NinjaOne - Help Content.Function Get-NinjaOneUsers.has a title for each example" time="0.002" asserts="0" success="True" result="Success" executed="True" />
                    </results>
                  </test-suite>
                  <test-suite type="ParameterizedTest" name="NinjaOne - Help Content.Function &lt;_&gt;.has a description for each example" executed="True" result="Success" success="True" time="0.0122" asserts="0" description="has a description for each example">
                    <results>
                      <test-case description="has a description for each example" name="NinjaOne - Help Content.Function Get-NinjaOneUsers.has a description for each example" time="0.0019" asserts="0" success="True" result="Success" executed="True" />
                      <test-case description="has a description for each example" name="NinjaOne - Help Content.Function Get-NinjaOneUsers.has a description for each example" time="0.0079" asserts="0" success="True" result="Success" executed="True" />
                      <test-case description="has a description for each example" name="NinjaOne - Help Content.Function Get-NinjaOneUsers.has a description for each example" time="0.0024" asserts="0" success="True" result="Success" executed="True" />
                    </results>
                  </test-suite>
                </results>
              </test-suite>
              <test-suite type="TestFixture" name="NinjaOne - Help Content.Function Get-NinjaOneVolumes" executed="True" result="Success" success="True" time="2.8619" asserts="0" description="NinjaOne - Help Content.Function Get-NinjaOneVolumes">
                <results>
                  <test-suite type="ParameterizedTest" name="NinjaOne - Help Content.Function &lt;_&gt;.has help content" executed="True" result="Success" success="True" time="0.0027" asserts="0" description="has help content">
                    <results>
                      <test-case description="has help content" name="NinjaOne - Help Content.Function Get-NinjaOneVolumes.has help content" time="0.0027" asserts="0" success="True" result="Success" executed="True" />
                    </results>
                  </test-suite>
                  <test-suite type="ParameterizedTest" name="NinjaOne - Help Content.Function &lt;_&gt;.contains a synopsis" executed="True" result="Success" success="True" time="0.0019" asserts="0" description="contains a synopsis">
                    <results>
                      <test-case description="contains a synopsis" name="NinjaOne - Help Content.Function Get-NinjaOneVolumes.contains a synopsis" time="0.0019" asserts="0" success="True" result="Success" executed="True" />
                    </results>
                  </test-suite>
                  <test-suite type="ParameterizedTest" name="NinjaOne - Help Content.Function &lt;_&gt;.contains a description" executed="True" result="Success" success="True" time="0.002" asserts="0" description="contains a description">
                    <results>
                      <test-case description="contains a description" name="NinjaOne - Help Content.Function Get-NinjaOneVolumes.contains a description" time="0.002" asserts="0" success="True" result="Success" executed="True" />
                    </results>
                  </test-suite>
                  <test-suite type="ParameterizedTest" name="NinjaOne - Help Content.Function &lt;_&gt;.contains a functionality" executed="True" result="Success" success="True" time="0.0022" asserts="0" description="contains a functionality">
                    <results>
                      <test-case description="contains a functionality" name="NinjaOne - Help Content.Function Get-NinjaOneVolumes.contains a functionality" time="0.0022" asserts="0" success="True" result="Success" executed="True" />
                    </results>
                  </test-suite>
                  <test-suite type="ParameterizedTest" name="NinjaOne - Help Content.Function &lt;_&gt;.has at least one usage example" executed="True" result="Success" success="True" time="0.0022" asserts="0" description="has at least one usage example">
                    <results>
                      <test-case description="has at least one usage example" name="NinjaOne - Help Content.Function Get-NinjaOneVolumes.has at least one usage example" time="0.0022" asserts="0" success="True" result="Success" executed="True" />
                    </results>
                  </test-suite>
                  <test-suite type="ParameterizedTest" name="NinjaOne - Help Content.Function &lt;_&gt;.has a title for each example" executed="True" result="Success" success="True" time="0.0059" asserts="0" description="has a title for each example">
                    <results>
                      <test-case description="has a title for each example" name="NinjaOne - Help Content.Function Get-NinjaOneVolumes.has a title for each example" time="0.002" asserts="0" success="True" result="Success" executed="True" />
                      <test-case description="has a title for each example" name="NinjaOne - Help Content.Function Get-NinjaOneVolumes.has a title for each example" time="0.0018" asserts="0" success="True" result="Success" executed="True" />
                      <test-case description="has a title for each example" name="NinjaOne - Help Content.Function Get-NinjaOneVolumes.has a title for each example" time="0.002" asserts="0" success="True" result="Success" executed="True" />
                    </results>
                  </test-suite>
                  <test-suite type="ParameterizedTest" name="NinjaOne - Help Content.Function &lt;_&gt;.has a description for each example" executed="True" result="Success" success="True" time="0.0067" asserts="0" description="has a description for each example">
                    <results>
                      <test-case description="has a description for each example" name="NinjaOne - Help Content.Function Get-NinjaOneVolumes.has a description for each example" time="0.0025" asserts="0" success="True" result="Success" executed="True" />
                      <test-case description="has a description for each example" name="NinjaOne - Help Content.Function Get-NinjaOneVolumes.has a description for each example" time="0.002" asserts="0" success="True" result="Success" executed="True" />
                      <test-case description="has a description for each example" name="NinjaOne - Help Content.Function Get-NinjaOneVolumes.has a description for each example" time="0.0022" asserts="0" success="True" result="Success" executed="True" />
                    </results>
                  </test-suite>
                </results>
              </test-suite>
              <test-suite type="TestFixture" name="NinjaOne - Help Content.Function Get-NinjaOneWindowsServices" executed="True" result="Success" success="True" time="2.9138" asserts="0" description="NinjaOne - Help Content.Function Get-NinjaOneWindowsServices">
                <results>
                  <test-suite type="ParameterizedTest" name="NinjaOne - Help Content.Function &lt;_&gt;.has help content" executed="True" result="Success" success="True" time="0.003" asserts="0" description="has help content">
                    <results>
                      <test-case description="has help content" name="NinjaOne - Help Content.Function Get-NinjaOneWindowsServices.has help content" time="0.003" asserts="0" success="True" result="Success" executed="True" />
                    </results>
                  </test-suite>
                  <test-suite type="ParameterizedTest" name="NinjaOne - Help Content.Function &lt;_&gt;.contains a synopsis" executed="True" result="Success" success="True" time="0.0021" asserts="0" description="contains a synopsis">
                    <results>
                      <test-case description="contains a synopsis" name="NinjaOne - Help Content.Function Get-NinjaOneWindowsServices.contains a synopsis" time="0.0021" asserts="0" success="True" result="Success" executed="True" />
                    </results>
                  </test-suite>
                  <test-suite type="ParameterizedTest" name="NinjaOne - Help Content.Function &lt;_&gt;.contains a description" executed="True" result="Success" success="True" time="0.002" asserts="0" description="contains a description">
                    <results>
                      <test-case description="contains a description" name="NinjaOne - Help Content.Function Get-NinjaOneWindowsServices.contains a description" time="0.002" asserts="0" success="True" result="Success" executed="True" />
                    </results>
                  </test-suite>
                  <test-suite type="ParameterizedTest" name="NinjaOne - Help Content.Function &lt;_&gt;.contains a functionality" executed="True" result="Success" success="True" time="0.002" asserts="0" description="contains a functionality">
                    <results>
                      <test-case description="contains a functionality" name="NinjaOne - Help Content.Function Get-NinjaOneWindowsServices.contains a functionality" time="0.002" asserts="0" success="True" result="Success" executed="True" />
                    </results>
                  </test-suite>
                  <test-suite type="ParameterizedTest" name="NinjaOne - Help Content.Function &lt;_&gt;.has at least one usage example" executed="True" result="Success" success="True" time="0.0024" asserts="0" description="has at least one usage example">
                    <results>
                      <test-case description="has at least one usage example" name="NinjaOne - Help Content.Function Get-NinjaOneWindowsServices.has at least one usage example" time="0.0024" asserts="0" success="True" result="Success" executed="True" />
                    </results>
                  </test-suite>
                  <test-suite type="ParameterizedTest" name="NinjaOne - Help Content.Function &lt;_&gt;.has a title for each example" executed="True" result="Success" success="True" time="0.0077" asserts="0" description="has a title for each example">
                    <results>
                      <test-case description="has a title for each example" name="NinjaOne - Help Content.Function Get-NinjaOneWindowsServices.has a title for each example" time="0.0019" asserts="0" success="True" result="Success" executed="True" />
                      <test-case description="has a title for each example" name="NinjaOne - Help Content.Function Get-NinjaOneWindowsServices.has a title for each example" time="0.0019" asserts="0" success="True" result="Success" executed="True" />
                      <test-case description="has a title for each example" name="NinjaOne - Help Content.Function Get-NinjaOneWindowsServices.has a title for each example" time="0.002" asserts="0" success="True" result="Success" executed="True" />
                      <test-case description="has a title for each example" name="NinjaOne - Help Content.Function Get-NinjaOneWindowsServices.has a title for each example" time="0.0019" asserts="0" success="True" result="Success" executed="True" />
                    </results>
                  </test-suite>
                  <test-suite type="ParameterizedTest" name="NinjaOne - Help Content.Function &lt;_&gt;.has a description for each example" executed="True" result="Success" success="True" time="0.0137" asserts="0" description="has a description for each example">
                    <results>
                      <test-case description="has a description for each example" name="NinjaOne - Help Content.Function Get-NinjaOneWindowsServices.has a description for each example" time="0.0019" asserts="0" success="True" result="Success" executed="True" />
                      <test-case description="has a description for each example" name="NinjaOne - Help Content.Function Get-NinjaOneWindowsServices.has a description for each example" time="0.002" asserts="0" success="True" result="Success" executed="True" />
                      <test-case description="has a description for each example" name="NinjaOne - Help Content.Function Get-NinjaOneWindowsServices.has a description for each example" time="0.0019" asserts="0" success="True" result="Success" executed="True" />
                      <test-case description="has a description for each example" name="NinjaOne - Help Content.Function Get-NinjaOneWindowsServices.has a description for each example" time="0.0079" asserts="0" success="True" result="Success" executed="True" />
                    </results>
                  </test-suite>
                </results>
              </test-suite>
              <test-suite type="TestFixture" name="NinjaOne - Help Content.Function Invoke-NinjaOneDeviceScript" executed="True" result="Success" success="True" time="2.9563" asserts="0" description="NinjaOne - Help Content.Function Invoke-NinjaOneDeviceScript">
                <results>
                  <test-suite type="ParameterizedTest" name="NinjaOne - Help Content.Function &lt;_&gt;.has help content" executed="True" result="Success" success="True" time="0.0032" asserts="0" description="has help content">
                    <results>
                      <test-case description="has help content" name="NinjaOne - Help Content.Function Invoke-NinjaOneDeviceScript.has help content" time="0.0032" asserts="0" success="True" result="Success" executed="True" />
                    </results>
                  </test-suite>
                  <test-suite type="ParameterizedTest" name="NinjaOne - Help Content.Function &lt;_&gt;.contains a synopsis" executed="True" result="Success" success="True" time="0.002" asserts="0" description="contains a synopsis">
                    <results>
                      <test-case description="contains a synopsis" name="NinjaOne - Help Content.Function Invoke-NinjaOneDeviceScript.contains a synopsis" time="0.002" asserts="0" success="True" result="Success" executed="True" />
                    </results>
                  </test-suite>
                  <test-suite type="ParameterizedTest" name="NinjaOne - Help Content.Function &lt;_&gt;.contains a description" executed="True" result="Success" success="True" time="0.002" asserts="0" description="contains a description">
                    <results>
                      <test-case description="contains a description" name="NinjaOne - Help Content.Function Invoke-NinjaOneDeviceScript.contains a description" time="0.002" asserts="0" success="True" result="Success" executed="True" />
                    </results>
                  </test-suite>
                  <test-suite type="ParameterizedTest" name="NinjaOne - Help Content.Function &lt;_&gt;.contains a functionality" executed="True" result="Success" success="True" time="0.002" asserts="0" description="contains a functionality">
                    <results>
                      <test-case description="contains a functionality" name="NinjaOne - Help Content.Function Invoke-NinjaOneDeviceScript.contains a functionality" time="0.002" asserts="0" success="True" result="Success" executed="True" />
                    </results>
                  </test-suite>
                  <test-suite type="ParameterizedTest" name="NinjaOne - Help Content.Function &lt;_&gt;.has at least one usage example" executed="True" result="Success" success="True" time="0.0019" asserts="0" description="has at least one usage example">
                    <results>
                      <test-case description="has at least one usage example" name="NinjaOne - Help Content.Function Invoke-NinjaOneDeviceScript.has at least one usage example" time="0.0019" asserts="0" success="True" result="Success" executed="True" />
                    </results>
                  </test-suite>
                  <test-suite type="ParameterizedTest" name="NinjaOne - Help Content.Function &lt;_&gt;.has a title for each example" executed="True" result="Success" success="True" time="0.0059" asserts="0" description="has a title for each example">
                    <results>
                      <test-case description="has a title for each example" name="NinjaOne - Help Content.Function Invoke-NinjaOneDeviceScript.has a title for each example" time="0.002" asserts="0" success="True" result="Success" executed="True" />
                      <test-case description="has a title for each example" name="NinjaOne - Help Content.Function Invoke-NinjaOneDeviceScript.has a title for each example" time="0.002" asserts="0" success="True" result="Success" executed="True" />
                      <test-case description="has a title for each example" name="NinjaOne - Help Content.Function Invoke-NinjaOneDeviceScript.has a title for each example" time="0.002" asserts="0" success="True" result="Success" executed="True" />
                    </results>
                  </test-suite>
                  <test-suite type="ParameterizedTest" name="NinjaOne - Help Content.Function &lt;_&gt;.has a description for each example" executed="True" result="Success" success="True" time="0.0063" asserts="0" description="has a description for each example">
                    <results>
                      <test-case description="has a description for each example" name="NinjaOne - Help Content.Function Invoke-NinjaOneDeviceScript.has a description for each example" time="0.0022" asserts="0" success="True" result="Success" executed="True" />
                      <test-case description="has a description for each example" name="NinjaOne - Help Content.Function Invoke-NinjaOneDeviceScript.has a description for each example" time="0.0021" asserts="0" success="True" result="Success" executed="True" />
                      <test-case description="has a description for each example" name="NinjaOne - Help Content.Function Invoke-NinjaOneDeviceScript.has a description for each example" time="0.002" asserts="0" success="True" result="Success" executed="True" />
                    </results>
                  </test-suite>
                </results>
              </test-suite>
              <test-suite type="TestFixture" name="NinjaOne - Help Content.Function Invoke-NinjaOneRequest" executed="True" result="Success" success="True" time="2.9915" asserts="0" description="NinjaOne - Help Content.Function Invoke-NinjaOneRequest">
                <results>
                  <test-suite type="ParameterizedTest" name="NinjaOne - Help Content.Function &lt;_&gt;.has help content" executed="True" result="Success" success="True" time="0.0031" asserts="0" description="has help content">
                    <results>
                      <test-case description="has help content" name="NinjaOne - Help Content.Function Invoke-NinjaOneRequest.has help content" time="0.0031" asserts="0" success="True" result="Success" executed="True" />
                    </results>
                  </test-suite>
                  <test-suite type="ParameterizedTest" name="NinjaOne - Help Content.Function &lt;_&gt;.contains a synopsis" executed="True" result="Success" success="True" time="0.002" asserts="0" description="contains a synopsis">
                    <results>
                      <test-case description="contains a synopsis" name="NinjaOne - Help Content.Function Invoke-NinjaOneRequest.contains a synopsis" time="0.002" asserts="0" success="True" result="Success" executed="True" />
                    </results>
                  </test-suite>
                  <test-suite type="ParameterizedTest" name="NinjaOne - Help Content.Function &lt;_&gt;.contains a description" executed="True" result="Success" success="True" time="0.0021" asserts="0" description="contains a description">
                    <results>
                      <test-case description="contains a description" name="NinjaOne - Help Content.Function Invoke-NinjaOneRequest.contains a description" time="0.0021" asserts="0" success="True" result="Success" executed="True" />
                    </results>
                  </test-suite>
                  <test-suite type="ParameterizedTest" name="NinjaOne - Help Content.Function &lt;_&gt;.contains a functionality" executed="True" result="Success" success="True" time="0.0022" asserts="0" description="contains a functionality">
                    <results>
                      <test-case description="contains a functionality" name="NinjaOne - Help Content.Function Invoke-NinjaOneRequest.contains a functionality" time="0.0022" asserts="0" success="True" result="Success" executed="True" />
                    </results>
                  </test-suite>
                  <test-suite type="ParameterizedTest" name="NinjaOne - Help Content.Function &lt;_&gt;.has at least one usage example" executed="True" result="Success" success="True" time="0.0018" asserts="0" description="has at least one usage example">
                    <results>
                      <test-case description="has at least one usage example" name="NinjaOne - Help Content.Function Invoke-NinjaOneRequest.has at least one usage example" time="0.0018" asserts="0" success="True" result="Success" executed="True" />
                    </results>
                  </test-suite>
                  <test-suite type="ParameterizedTest" name="NinjaOne - Help Content.Function &lt;_&gt;.has a title for each example" executed="True" result="Success" success="True" time="0.0021" asserts="0" description="has a title for each example">
                    <results>
                      <test-case description="has a title for each example" name="NinjaOne - Help Content.Function Invoke-NinjaOneRequest.has a title for each example" time="0.0021" asserts="0" success="True" result="Success" executed="True" />
                    </results>
                  </test-suite>
                  <test-suite type="ParameterizedTest" name="NinjaOne - Help Content.Function &lt;_&gt;.has a description for each example" executed="True" result="Success" success="True" time="0.002" asserts="0" description="has a description for each example">
                    <results>
                      <test-case description="has a description for each example" name="NinjaOne - Help Content.Function Invoke-NinjaOneRequest.has a description for each example" time="0.002" asserts="0" success="True" result="Success" executed="True" />
                    </results>
                  </test-suite>
                </results>
              </test-suite>
              <test-suite type="TestFixture" name="NinjaOne - Help Content.Function Invoke-NinjaOneWindowsServiceAction" executed="True" result="Success" success="True" time="3.0329" asserts="0" description="NinjaOne - Help Content.Function Invoke-NinjaOneWindowsServiceAction">
                <results>
                  <test-suite type="ParameterizedTest" name="NinjaOne - Help Content.Function &lt;_&gt;.has help content" executed="True" result="Success" success="True" time="0.0032" asserts="0" description="has help content">
                    <results>
                      <test-case description="has help content" name="NinjaOne - Help Content.Function Invoke-NinjaOneWindowsServiceAction.has help content" time="0.0032" asserts="0" success="True" result="Success" executed="True" />
                    </results>
                  </test-suite>
                  <test-suite type="ParameterizedTest" name="NinjaOne - Help Content.Function &lt;_&gt;.contains a synopsis" executed="True" result="Success" success="True" time="0.0021" asserts="0" description="contains a synopsis">
                    <results>
                      <test-case description="contains a synopsis" name="NinjaOne - Help Content.Function Invoke-NinjaOneWindowsServiceAction.contains a synopsis" time="0.0021" asserts="0" success="True" result="Success" executed="True" />
                    </results>
                  </test-suite>
                  <test-suite type="ParameterizedTest" name="NinjaOne - Help Content.Function &lt;_&gt;.contains a description" executed="True" result="Success" success="True" time="0.002" asserts="0" description="contains a description">
                    <results>
                      <test-case description="contains a description" name="NinjaOne - Help Content.Function Invoke-NinjaOneWindowsServiceAction.contains a description" time="0.002" asserts="0" success="True" result="Success" executed="True" />
                    </results>
                  </test-suite>
                  <test-suite type="ParameterizedTest" name="NinjaOne - Help Content.Function &lt;_&gt;.contains a functionality" executed="True" result="Success" success="True" time="0.0019" asserts="0" description="contains a functionality">
                    <results>
                      <test-case description="contains a functionality" name="NinjaOne - Help Content.Function Invoke-NinjaOneWindowsServiceAction.contains a functionality" time="0.0019" asserts="0" success="True" result="Success" executed="True" />
                    </results>
                  </test-suite>
                  <test-suite type="ParameterizedTest" name="NinjaOne - Help Content.Function &lt;_&gt;.has at least one usage example" executed="True" result="Success" success="True" time="0.0021" asserts="0" description="has at least one usage example">
                    <results>
                      <test-case description="has at least one usage example" name="NinjaOne - Help Content.Function Invoke-NinjaOneWindowsServiceAction.has at least one usage example" time="0.0021" asserts="0" success="True" result="Success" executed="True" />
                    </results>
                  </test-suite>
                  <test-suite type="ParameterizedTest" name="NinjaOne - Help Content.Function &lt;_&gt;.has a title for each example" executed="True" result="Success" success="True" time="0.0086" asserts="0" description="has a title for each example">
                    <results>
                      <test-case description="has a title for each example" name="NinjaOne - Help Content.Function Invoke-NinjaOneWindowsServiceAction.has a title for each example" time="0.0086" asserts="0" success="True" result="Success" executed="True" />
                    </results>
                  </test-suite>
                  <test-suite type="ParameterizedTest" name="NinjaOne - Help Content.Function &lt;_&gt;.has a description for each example" executed="True" result="Success" success="True" time="0.0023" asserts="0" description="has a description for each example">
                    <results>
                      <test-case description="has a description for each example" name="NinjaOne - Help Content.Function Invoke-NinjaOneWindowsServiceAction.has a description for each example" time="0.0023" asserts="0" success="True" result="Success" executed="True" />
                    </results>
                  </test-suite>
                </results>
              </test-suite>
              <test-suite type="TestFixture" name="NinjaOne - Help Content.Function New-NinjaOneInstaller" executed="True" result="Failure" success="False" time="3.066" asserts="0" description="NinjaOne - Help Content.Function New-NinjaOneInstaller">
                <results>
                  <test-suite type="ParameterizedTest" name="NinjaOne - Help Content.Function &lt;_&gt;.has help content" executed="True" result="Success" success="True" time="0.003" asserts="0" description="has help content">
                    <results>
                      <test-case description="has help content" name="NinjaOne - Help Content.Function New-NinjaOneInstaller.has help content" time="0.003" asserts="0" success="True" result="Success" executed="True" />
                    </results>
                  </test-suite>
                  <test-suite type="ParameterizedTest" name="NinjaOne - Help Content.Function &lt;_&gt;.contains a synopsis" executed="True" result="Success" success="True" time="0.002" asserts="0" description="contains a synopsis">
                    <results>
                      <test-case description="contains a synopsis" name="NinjaOne - Help Content.Function New-NinjaOneInstaller.contains a synopsis" time="0.002" asserts="0" success="True" result="Success" executed="True" />
                    </results>
                  </test-suite>
                  <test-suite type="ParameterizedTest" name="NinjaOne - Help Content.Function &lt;_&gt;.contains a description" executed="True" result="Success" success="True" time="0.0019" asserts="0" description="contains a description">
                    <results>
                      <test-case description="contains a description" name="NinjaOne - Help Content.Function New-NinjaOneInstaller.contains a description" time="0.0019" asserts="0" success="True" result="Success" executed="True" />
                    </results>
                  </test-suite>
                  <test-suite type="ParameterizedTest" name="NinjaOne - Help Content.Function &lt;_&gt;.contains a functionality" executed="True" result="Success" success="True" time="0.0021" asserts="0" description="contains a functionality">
                    <results>
                      <test-case description="contains a functionality" name="NinjaOne - Help Content.Function New-NinjaOneInstaller.contains a functionality" time="0.0021" asserts="0" success="True" result="Success" executed="True" />
                    </results>
                  </test-suite>
                  <test-suite type="ParameterizedTest" name="NinjaOne - Help Content.Function &lt;_&gt;.has at least one usage example" executed="True" result="Failure" success="False" time="0.0054" asserts="0" description="has at least one usage example">
                    <results>
                      <test-case description="has at least one usage example" name="NinjaOne - Help Content.Function New-NinjaOneInstaller.has at least one usage example" time="0.0054" asserts="0" success="False" result="Failure" executed="True">
                        <failure>
                          <message>Expected the actual value to be greater than or equal to 1, because at least one example is required for each function., but got 0.</message>
                          <stack-trace>at $_.Examples.Example.Code.Count | Should -BeGreaterOrEqual 1 -Because 'at least one example is required for each function.', R:\Development\NinjaOne\Tests\NinjaOne.Help.Tests.ps1:45
at &lt;ScriptBlock&gt;, R:\Development\NinjaOne\Tests\NinjaOne.Help.Tests.ps1:45</stack-trace>
                        </failure>
                      </test-case>
                    </results>
                  </test-suite>
                </results>
              </test-suite>
              <test-suite type="TestFixture" name="NinjaOne - Help Content.Function New-NinjaOneLocation" executed="True" result="Failure" success="False" time="3.1038" asserts="0" description="NinjaOne - Help Content.Function New-NinjaOneLocation">
                <results>
                  <test-suite type="ParameterizedTest" name="NinjaOne - Help Content.Function &lt;_&gt;.has help content" executed="True" result="Success" success="True" time="0.0028" asserts="0" description="has help content">
                    <results>
                      <test-case description="has help content" name="NinjaOne - Help Content.Function New-NinjaOneLocation.has help content" time="0.0028" asserts="0" success="True" result="Success" executed="True" />
                    </results>
                  </test-suite>
                  <test-suite type="ParameterizedTest" name="NinjaOne - Help Content.Function &lt;_&gt;.contains a synopsis" executed="True" result="Success" success="True" time="0.002" asserts="0" description="contains a synopsis">
                    <results>
                      <test-case description="contains a synopsis" name="NinjaOne - Help Content.Function New-NinjaOneLocation.contains a synopsis" time="0.002" asserts="0" success="True" result="Success" executed="True" />
                    </results>
                  </test-suite>
                  <test-suite type="ParameterizedTest" name="NinjaOne - Help Content.Function &lt;_&gt;.contains a description" executed="True" result="Success" success="True" time="0.0022" asserts="0" description="contains a description">
                    <results>
                      <test-case description="contains a description" name="NinjaOne - Help Content.Function New-NinjaOneLocation.contains a description" time="0.0022" asserts="0" success="True" result="Success" executed="True" />
                    </results>
                  </test-suite>
                  <test-suite type="ParameterizedTest" name="NinjaOne - Help Content.Function &lt;_&gt;.contains a functionality" executed="True" result="Success" success="True" time="0.0025" asserts="0" description="contains a functionality">
                    <results>
                      <test-case description="contains a functionality" name="NinjaOne - Help Content.Function New-NinjaOneLocation.contains a functionality" time="0.0025" asserts="0" success="True" result="Success" executed="True" />
                    </results>
                  </test-suite>
                  <test-suite type="ParameterizedTest" name="NinjaOne - Help Content.Function &lt;_&gt;.has at least one usage example" executed="True" result="Failure" success="False" time="0.0055" asserts="0" description="has at least one usage example">
                    <results>
                      <test-case description="has at least one usage example" name="NinjaOne - Help Content.Function New-NinjaOneLocation.has at least one usage example" time="0.0055" asserts="0" success="False" result="Failure" executed="True">
                        <failure>
                          <message>Expected the actual value to be greater than or equal to 1, because at least one example is required for each function., but got 0.</message>
                          <stack-trace>at $_.Examples.Example.Code.Count | Should -BeGreaterOrEqual 1 -Because 'at least one example is required for each function.', R:\Development\NinjaOne\Tests\NinjaOne.Help.Tests.ps1:45
at &lt;ScriptBlock&gt;, R:\Development\NinjaOne\Tests\NinjaOne.Help.Tests.ps1:45</stack-trace>
                        </failure>
                      </test-case>
                    </results>
                  </test-suite>
                </results>
              </test-suite>
              <test-suite type="TestFixture" name="NinjaOne - Help Content.Function New-NinjaOneOrganisation" executed="True" result="Failure" success="False" time="3.1379" asserts="0" description="NinjaOne - Help Content.Function New-NinjaOneOrganisation">
                <results>
                  <test-suite type="ParameterizedTest" name="NinjaOne - Help Content.Function &lt;_&gt;.has help content" executed="True" result="Success" success="True" time="0.003" asserts="0" description="has help content">
                    <results>
                      <test-case description="has help content" name="NinjaOne - Help Content.Function New-NinjaOneOrganisation.has help content" time="0.003" asserts="0" success="True" result="Success" executed="True" />
                    </results>
                  </test-suite>
                  <test-suite type="ParameterizedTest" name="NinjaOne - Help Content.Function &lt;_&gt;.contains a synopsis" executed="True" result="Success" success="True" time="0.002" asserts="0" description="contains a synopsis">
                    <results>
                      <test-case description="contains a synopsis" name="NinjaOne - Help Content.Function New-NinjaOneOrganisation.contains a synopsis" time="0.002" asserts="0" success="True" result="Success" executed="True" />
                    </results>
                  </test-suite>
                  <test-suite type="ParameterizedTest" name="NinjaOne - Help Content.Function &lt;_&gt;.contains a description" executed="True" result="Success" success="True" time="0.002" asserts="0" description="contains a description">
                    <results>
                      <test-case description="contains a description" name="NinjaOne - Help Content.Function New-NinjaOneOrganisation.contains a description" time="0.002" asserts="0" success="True" result="Success" executed="True" />
                    </results>
                  </test-suite>
                  <test-suite type="ParameterizedTest" name="NinjaOne - Help Content.Function &lt;_&gt;.contains a functionality" executed="True" result="Success" success="True" time="0.0021" asserts="0" description="contains a functionality">
                    <results>
                      <test-case description="contains a functionality" name="NinjaOne - Help Content.Function New-NinjaOneOrganisation.contains a functionality" time="0.0021" asserts="0" success="True" result="Success" executed="True" />
                    </results>
                  </test-suite>
                  <test-suite type="ParameterizedTest" name="NinjaOne - Help Content.Function &lt;_&gt;.has at least one usage example" executed="True" result="Failure" success="False" time="0.0055" asserts="0" description="has at least one usage example">
                    <results>
                      <test-case description="has at least one usage example" name="NinjaOne - Help Content.Function New-NinjaOneOrganisation.has at least one usage example" time="0.0055" asserts="0" success="False" result="Failure" executed="True">
                        <failure>
                          <message>Expected the actual value to be greater than or equal to 1, because at least one example is required for each function., but got 0.</message>
                          <stack-trace>at $_.Examples.Example.Code.Count | Should -BeGreaterOrEqual 1 -Because 'at least one example is required for each function.', R:\Development\NinjaOne\Tests\NinjaOne.Help.Tests.ps1:45
at &lt;ScriptBlock&gt;, R:\Development\NinjaOne\Tests\NinjaOne.Help.Tests.ps1:45</stack-trace>
                        </failure>
                      </test-case>
                    </results>
                  </test-suite>
                </results>
              </test-suite>
              <test-suite type="TestFixture" name="NinjaOne - Help Content.Function New-NinjaOnePolicy" executed="True" result="Failure" success="False" time="3.1965" asserts="0" description="NinjaOne - Help Content.Function New-NinjaOnePolicy">
                <results>
                  <test-suite type="ParameterizedTest" name="NinjaOne - Help Content.Function &lt;_&gt;.has help content" executed="True" result="Success" success="True" time="0.003" asserts="0" description="has help content">
                    <results>
                      <test-case description="has help content" name="NinjaOne - Help Content.Function New-NinjaOnePolicy.has help content" time="0.003" asserts="0" success="True" result="Success" executed="True" />
                    </results>
                  </test-suite>
                  <test-suite type="ParameterizedTest" name="NinjaOne - Help Content.Function &lt;_&gt;.contains a synopsis" executed="True" result="Success" success="True" time="0.0021" asserts="0" description="contains a synopsis">
                    <results>
                      <test-case description="contains a synopsis" name="NinjaOne - Help Content.Function New-NinjaOnePolicy.contains a synopsis" time="0.0021" asserts="0" success="True" result="Success" executed="True" />
                    </results>
                  </test-suite>
                  <test-suite type="ParameterizedTest" name="NinjaOne - Help Content.Function &lt;_&gt;.contains a description" executed="True" result="Success" success="True" time="0.0144" asserts="0" description="contains a description">
                    <results>
                      <test-case description="contains a description" name="NinjaOne - Help Content.Function New-NinjaOnePolicy.contains a description" time="0.0144" asserts="0" success="True" result="Success" executed="True" />
                    </results>
                  </test-suite>
                  <test-suite type="ParameterizedTest" name="NinjaOne - Help Content.Function &lt;_&gt;.contains a functionality" executed="True" result="Success" success="True" time="0.0022" asserts="0" description="contains a functionality">
                    <results>
                      <test-case description="contains a functionality" name="NinjaOne - Help Content.Function New-NinjaOnePolicy.contains a functionality" time="0.0022" asserts="0" success="True" result="Success" executed="True" />
                    </results>
                  </test-suite>
                  <test-suite type="ParameterizedTest" name="NinjaOne - Help Content.Function &lt;_&gt;.has at least one usage example" executed="True" result="Failure" success="False" time="0.0071" asserts="0" description="has at least one usage example">
                    <results>
                      <test-case description="has at least one usage example" name="NinjaOne - Help Content.Function New-NinjaOnePolicy.has at least one usage example" time="0.0071" asserts="0" success="False" result="Failure" executed="True">
                        <failure>
                          <message>Expected the actual value to be greater than or equal to 1, because at least one example is required for each function., but got 0.</message>
                          <stack-trace>at $_.Examples.Example.Code.Count | Should -BeGreaterOrEqual 1 -Because 'at least one example is required for each function.', R:\Development\NinjaOne\Tests\NinjaOne.Help.Tests.ps1:45
at &lt;ScriptBlock&gt;, R:\Development\NinjaOne\Tests\NinjaOne.Help.Tests.ps1:45</stack-trace>
                        </failure>
                      </test-case>
                    </results>
                  </test-suite>
                </results>
              </test-suite>
              <test-suite type="TestFixture" name="NinjaOne - Help Content.Function New-NinjaOneTicket" executed="True" result="Failure" success="False" time="3.2769" asserts="0" description="NinjaOne - Help Content.Function New-NinjaOneTicket">
                <results>
                  <test-suite type="ParameterizedTest" name="NinjaOne - Help Content.Function &lt;_&gt;.has help content" executed="True" result="Success" success="True" time="0.0132" asserts="0" description="has help content">
                    <results>
                      <test-case description="has help content" name="NinjaOne - Help Content.Function New-NinjaOneTicket.has help content" time="0.0132" asserts="0" success="True" result="Success" executed="True" />
                    </results>
                  </test-suite>
                  <test-suite type="ParameterizedTest" name="NinjaOne - Help Content.Function &lt;_&gt;.contains a synopsis" executed="True" result="Success" success="True" time="0.0023" asserts="0" description="contains a synopsis">
                    <results>
                      <test-case description="contains a synopsis" name="NinjaOne - Help Content.Function New-NinjaOneTicket.contains a synopsis" time="0.0023" asserts="0" success="True" result="Success" executed="True" />
                    </results>
                  </test-suite>
                  <test-suite type="ParameterizedTest" name="NinjaOne - Help Content.Function &lt;_&gt;.contains a description" executed="True" result="Success" success="True" time="0.0136" asserts="0" description="contains a description">
                    <results>
                      <test-case description="contains a description" name="NinjaOne - Help Content.Function New-NinjaOneTicket.contains a description" time="0.0136" asserts="0" success="True" result="Success" executed="True" />
                    </results>
                  </test-suite>
                  <test-suite type="ParameterizedTest" name="NinjaOne - Help Content.Function &lt;_&gt;.contains a functionality" executed="True" result="Success" success="True" time="0.0021" asserts="0" description="contains a functionality">
                    <results>
                      <test-case description="contains a functionality" name="NinjaOne - Help Content.Function New-NinjaOneTicket.contains a functionality" time="0.0021" asserts="0" success="True" result="Success" executed="True" />
                    </results>
                  </test-suite>
                  <test-suite type="ParameterizedTest" name="NinjaOne - Help Content.Function &lt;_&gt;.has at least one usage example" executed="True" result="Failure" success="False" time="0.0304" asserts="0" description="has at least one usage example">
                    <results>
                      <test-case description="has at least one usage example" name="NinjaOne - Help Content.Function New-NinjaOneTicket.has at least one usage example" time="0.0304" asserts="0" success="False" result="Failure" executed="True">
                        <failure>
                          <message>Expected the actual value to be greater than or equal to 1, because at least one example is required for each function., but got 0.</message>
                          <stack-trace>at $_.Examples.Example.Code.Count | Should -BeGreaterOrEqual 1 -Because 'at least one example is required for each function.', R:\Development\NinjaOne\Tests\NinjaOne.Help.Tests.ps1:45
at &lt;ScriptBlock&gt;, R:\Development\NinjaOne\Tests\NinjaOne.Help.Tests.ps1:45</stack-trace>
                        </failure>
                      </test-case>
                    </results>
                  </test-suite>
                </results>
              </test-suite>
              <test-suite type="TestFixture" name="NinjaOne - Help Content.Function New-NinjaOneTicketComment" executed="True" result="Failure" success="False" time="3.3157" asserts="0" description="NinjaOne - Help Content.Function New-NinjaOneTicketComment">
                <results>
                  <test-suite type="ParameterizedTest" name="NinjaOne - Help Content.Function &lt;_&gt;.has help content" executed="True" result="Success" success="True" time="0.0034" asserts="0" description="has help content">
                    <results>
                      <test-case description="has help content" name="NinjaOne - Help Content.Function New-NinjaOneTicketComment.has help content" time="0.0034" asserts="0" success="True" result="Success" executed="True" />
                    </results>
                  </test-suite>
                  <test-suite type="ParameterizedTest" name="NinjaOne - Help Content.Function &lt;_&gt;.contains a synopsis" executed="True" result="Success" success="True" time="0.002" asserts="0" description="contains a synopsis">
                    <results>
                      <test-case description="contains a synopsis" name="NinjaOne - Help Content.Function New-NinjaOneTicketComment.contains a synopsis" time="0.002" asserts="0" success="True" result="Success" executed="True" />
                    </results>
                  </test-suite>
                  <test-suite type="ParameterizedTest" name="NinjaOne - Help Content.Function &lt;_&gt;.contains a description" executed="True" result="Success" success="True" time="0.0021" asserts="0" description="contains a description">
                    <results>
                      <test-case description="contains a description" name="NinjaOne - Help Content.Function New-NinjaOneTicketComment.contains a description" time="0.0021" asserts="0" success="True" result="Success" executed="True" />
                    </results>
                  </test-suite>
                  <test-suite type="ParameterizedTest" name="NinjaOne - Help Content.Function &lt;_&gt;.contains a functionality" executed="True" result="Success" success="True" time="0.0021" asserts="0" description="contains a functionality">
                    <results>
                      <test-case description="contains a functionality" name="NinjaOne - Help Content.Function New-NinjaOneTicketComment.contains a functionality" time="0.0021" asserts="0" success="True" result="Success" executed="True" />
                    </results>
                  </test-suite>
                  <test-suite type="ParameterizedTest" name="NinjaOne - Help Content.Function &lt;_&gt;.has at least one usage example" executed="True" result="Failure" success="False" time="0.0042" asserts="0" description="has at least one usage example">
                    <results>
                      <test-case description="has at least one usage example" name="NinjaOne - Help Content.Function New-NinjaOneTicketComment.has at least one usage example" time="0.0042" asserts="0" success="False" result="Failure" executed="True">
                        <failure>
                          <message>Expected the actual value to be greater than or equal to 1, because at least one example is required for each function., but got 0.</message>
                          <stack-trace>at $_.Examples.Example.Code.Count | Should -BeGreaterOrEqual 1 -Because 'at least one example is required for each function.', R:\Development\NinjaOne\Tests\NinjaOne.Help.Tests.ps1:45
at &lt;ScriptBlock&gt;, R:\Development\NinjaOne\Tests\NinjaOne.Help.Tests.ps1:45</stack-trace>
                        </failure>
                      </test-case>
                    </results>
                  </test-suite>
                </results>
              </test-suite>
              <test-suite type="TestFixture" name="NinjaOne - Help Content.Function Remove-NinjaOneDeviceMaintenance" executed="True" result="Failure" success="False" time="3.3502" asserts="0" description="NinjaOne - Help Content.Function Remove-NinjaOneDeviceMaintenance">
                <results>
                  <test-suite type="ParameterizedTest" name="NinjaOne - Help Content.Function &lt;_&gt;.has help content" executed="True" result="Success" success="True" time="0.003" asserts="0" description="has help content">
                    <results>
                      <test-case description="has help content" name="NinjaOne - Help Content.Function Remove-NinjaOneDeviceMaintenance.has help content" time="0.003" asserts="0" success="True" result="Success" executed="True" />
                    </results>
                  </test-suite>
                  <test-suite type="ParameterizedTest" name="NinjaOne - Help Content.Function &lt;_&gt;.contains a synopsis" executed="True" result="Success" success="True" time="0.0022" asserts="0" description="contains a synopsis">
                    <results>
                      <test-case description="contains a synopsis" name="NinjaOne - Help Content.Function Remove-NinjaOneDeviceMaintenance.contains a synopsis" time="0.0022" asserts="0" success="True" result="Success" executed="True" />
                    </results>
                  </test-suite>
                  <test-suite type="ParameterizedTest" name="NinjaOne - Help Content.Function &lt;_&gt;.contains a description" executed="True" result="Success" success="True" time="0.002" asserts="0" description="contains a description">
                    <results>
                      <test-case description="contains a description" name="NinjaOne - Help Content.Function Remove-NinjaOneDeviceMaintenance.contains a description" time="0.002" asserts="0" success="True" result="Success" executed="True" />
                    </results>
                  </test-suite>
                  <test-suite type="ParameterizedTest" name="NinjaOne - Help Content.Function &lt;_&gt;.contains a functionality" executed="True" result="Success" success="True" time="0.002" asserts="0" description="contains a functionality">
                    <results>
                      <test-case description="contains a functionality" name="NinjaOne - Help Content.Function Remove-NinjaOneDeviceMaintenance.contains a functionality" time="0.002" asserts="0" success="True" result="Success" executed="True" />
                    </results>
                  </test-suite>
                  <test-suite type="ParameterizedTest" name="NinjaOne - Help Content.Function &lt;_&gt;.has at least one usage example" executed="True" result="Failure" success="False" time="0.004" asserts="0" description="has at least one usage example">
                    <results>
                      <test-case description="has at least one usage example" name="NinjaOne - Help Content.Function Remove-NinjaOneDeviceMaintenance.has at least one usage example" time="0.004" asserts="0" success="False" result="Failure" executed="True">
                        <failure>
                          <message>Expected the actual value to be greater than or equal to 1, because at least one example is required for each function., but got 0.</message>
                          <stack-trace>at $_.Examples.Example.Code.Count | Should -BeGreaterOrEqual 1 -Because 'at least one example is required for each function.', R:\Development\NinjaOne\Tests\NinjaOne.Help.Tests.ps1:45
at &lt;ScriptBlock&gt;, R:\Development\NinjaOne\Tests\NinjaOne.Help.Tests.ps1:45</stack-trace>
                        </failure>
                      </test-case>
                    </results>
                  </test-suite>
                </results>
              </test-suite>
              <test-suite type="TestFixture" name="NinjaOne - Help Content.Function Remove-NinjaOneWebhook" executed="True" result="Failure" success="False" time="3.3916" asserts="0" description="NinjaOne - Help Content.Function Remove-NinjaOneWebhook">
                <results>
                  <test-suite type="ParameterizedTest" name="NinjaOne - Help Content.Function &lt;_&gt;.has help content" executed="True" result="Success" success="True" time="0.0082" asserts="0" description="has help content">
                    <results>
                      <test-case description="has help content" name="NinjaOne - Help Content.Function Remove-NinjaOneWebhook.has help content" time="0.0082" asserts="0" success="True" result="Success" executed="True" />
                    </results>
                  </test-suite>
                  <test-suite type="ParameterizedTest" name="NinjaOne - Help Content.Function &lt;_&gt;.contains a synopsis" executed="True" result="Success" success="True" time="0.0022" asserts="0" description="contains a synopsis">
                    <results>
                      <test-case description="contains a synopsis" name="NinjaOne - Help Content.Function Remove-NinjaOneWebhook.contains a synopsis" time="0.0022" asserts="0" success="True" result="Success" executed="True" />
                    </results>
                  </test-suite>
                  <test-suite type="ParameterizedTest" name="NinjaOne - Help Content.Function &lt;_&gt;.contains a description" executed="True" result="Success" success="True" time="0.0024" asserts="0" description="contains a description">
                    <results>
                      <test-case description="contains a description" name="NinjaOne - Help Content.Function Remove-NinjaOneWebhook.contains a description" time="0.0024" asserts="0" success="True" result="Success" executed="True" />
                    </results>
                  </test-suite>
                  <test-suite type="ParameterizedTest" name="NinjaOne - Help Content.Function &lt;_&gt;.contains a functionality" executed="True" result="Success" success="True" time="0.0024" asserts="0" description="contains a functionality">
                    <results>
                      <test-case description="contains a functionality" name="NinjaOne - Help Content.Function Remove-NinjaOneWebhook.contains a functionality" time="0.0024" asserts="0" success="True" result="Success" executed="True" />
                    </results>
                  </test-suite>
                  <test-suite type="ParameterizedTest" name="NinjaOne - Help Content.Function &lt;_&gt;.has at least one usage example" executed="True" result="Failure" success="False" time="0.0046" asserts="0" description="has at least one usage example">
                    <results>
                      <test-case description="has at least one usage example" name="NinjaOne - Help Content.Function Remove-NinjaOneWebhook.has at least one usage example" time="0.0046" asserts="0" success="False" result="Failure" executed="True">
                        <failure>
                          <message>Expected the actual value to be greater than or equal to 1, because at least one example is required for each function., but got 0.</message>
                          <stack-trace>at $_.Examples.Example.Code.Count | Should -BeGreaterOrEqual 1 -Because 'at least one example is required for each function.', R:\Development\NinjaOne\Tests\NinjaOne.Help.Tests.ps1:45
at &lt;ScriptBlock&gt;, R:\Development\NinjaOne\Tests\NinjaOne.Help.Tests.ps1:45</stack-trace>
                        </failure>
                      </test-case>
                    </results>
                  </test-suite>
                </results>
              </test-suite>
              <test-suite type="TestFixture" name="NinjaOne - Help Content.Function Reset-NinjaOneAlert" executed="True" result="Failure" success="False" time="3.4327" asserts="0" description="NinjaOne - Help Content.Function Reset-NinjaOneAlert">
                <results>
                  <test-suite type="ParameterizedTest" name="NinjaOne - Help Content.Function &lt;_&gt;.has help content" executed="True" result="Success" success="True" time="0.0035" asserts="0" description="has help content">
                    <results>
                      <test-case description="has help content" name="NinjaOne - Help Content.Function Reset-NinjaOneAlert.has help content" time="0.0035" asserts="0" success="True" result="Success" executed="True" />
                    </results>
                  </test-suite>
                  <test-suite type="ParameterizedTest" name="NinjaOne - Help Content.Function &lt;_&gt;.contains a synopsis" executed="True" result="Success" success="True" time="0.002" asserts="0" description="contains a synopsis">
                    <results>
                      <test-case description="contains a synopsis" name="NinjaOne - Help Content.Function Reset-NinjaOneAlert.contains a synopsis" time="0.002" asserts="0" success="True" result="Success" executed="True" />
                    </results>
                  </test-suite>
                  <test-suite type="ParameterizedTest" name="NinjaOne - Help Content.Function &lt;_&gt;.contains a description" executed="True" result="Success" success="True" time="0.002" asserts="0" description="contains a description">
                    <results>
                      <test-case description="contains a description" name="NinjaOne - Help Content.Function Reset-NinjaOneAlert.contains a description" time="0.002" asserts="0" success="True" result="Success" executed="True" />
                    </results>
                  </test-suite>
                  <test-suite type="ParameterizedTest" name="NinjaOne - Help Content.Function &lt;_&gt;.contains a functionality" executed="True" result="Success" success="True" time="0.002" asserts="0" description="contains a functionality">
                    <results>
                      <test-case description="contains a functionality" name="NinjaOne - Help Content.Function Reset-NinjaOneAlert.contains a functionality" time="0.002" asserts="0" success="True" result="Success" executed="True" />
                    </results>
                  </test-suite>
                  <test-suite type="ParameterizedTest" name="NinjaOne - Help Content.Function &lt;_&gt;.has at least one usage example" executed="True" result="Failure" success="False" time="0.0053" asserts="0" description="has at least one usage example">
                    <results>
                      <test-case description="has at least one usage example" name="NinjaOne - Help Content.Function Reset-NinjaOneAlert.has at least one usage example" time="0.0053" asserts="0" success="False" result="Failure" executed="True">
                        <failure>
                          <message>Expected the actual value to be greater than or equal to 1, because at least one example is required for each function., but got 0.</message>
                          <stack-trace>at $_.Examples.Example.Code.Count | Should -BeGreaterOrEqual 1 -Because 'at least one example is required for each function.', R:\Development\NinjaOne\Tests\NinjaOne.Help.Tests.ps1:45
at &lt;ScriptBlock&gt;, R:\Development\NinjaOne\Tests\NinjaOne.Help.Tests.ps1:45</stack-trace>
                        </failure>
                      </test-case>
                    </results>
                  </test-suite>
                </results>
              </test-suite>
              <test-suite type="TestFixture" name="NinjaOne - Help Content.Function Reset-NinjaOneDevicePolicyOverrides" executed="True" result="Failure" success="False" time="3.4685" asserts="0" description="NinjaOne - Help Content.Function Reset-NinjaOneDevicePolicyOverrides">
                <results>
                  <test-suite type="ParameterizedTest" name="NinjaOne - Help Content.Function &lt;_&gt;.has help content" executed="True" result="Success" success="True" time="0.0032" asserts="0" description="has help content">
                    <results>
                      <test-case description="has help content" name="NinjaOne - Help Content.Function Reset-NinjaOneDevicePolicyOverrides.has help content" time="0.0032" asserts="0" success="True" result="Success" executed="True" />
                    </results>
                  </test-suite>
                  <test-suite type="ParameterizedTest" name="NinjaOne - Help Content.Function &lt;_&gt;.contains a synopsis" executed="True" result="Success" success="True" time="0.0029" asserts="0" description="contains a synopsis">
                    <results>
                      <test-case description="contains a synopsis" name="NinjaOne - Help Content.Function Reset-NinjaOneDevicePolicyOverrides.contains a synopsis" time="0.0029" asserts="0" success="True" result="Success" executed="True" />
                    </results>
                  </test-suite>
                  <test-suite type="ParameterizedTest" name="NinjaOne - Help Content.Function &lt;_&gt;.contains a description" executed="True" result="Success" success="True" time="0.0032" asserts="0" description="contains a description">
                    <results>
                      <test-case description="contains a description" name="NinjaOne - Help Content.Function Reset-NinjaOneDevicePolicyOverrides.contains a description" time="0.0032" asserts="0" success="True" result="Success" executed="True" />
                    </results>
                  </test-suite>
                  <test-suite type="ParameterizedTest" name="NinjaOne - Help Content.Function &lt;_&gt;.contains a functionality" executed="True" result="Success" success="True" time="0.0024" asserts="0" description="contains a functionality">
                    <results>
                      <test-case description="contains a functionality" name="NinjaOne - Help Content.Function Reset-NinjaOneDevicePolicyOverrides.contains a functionality" time="0.0024" asserts="0" success="True" result="Success" executed="True" />
                    </results>
                  </test-suite>
                  <test-suite type="ParameterizedTest" name="NinjaOne - Help Content.Function &lt;_&gt;.has at least one usage example" executed="True" result="Failure" success="False" time="0.0045" asserts="0" description="has at least one usage example">
                    <results>
                      <test-case description="has at least one usage example" name="NinjaOne - Help Content.Function Reset-NinjaOneDevicePolicyOverrides.has at least one usage example" time="0.0045" asserts="0" success="False" result="Failure" executed="True">
                        <failure>
                          <message>Expected the actual value to be greater than or equal to 1, because at least one example is required for each function., but got 0.</message>
                          <stack-trace>at $_.Examples.Example.Code.Count | Should -BeGreaterOrEqual 1 -Because 'at least one example is required for each function.', R:\Development\NinjaOne\Tests\NinjaOne.Help.Tests.ps1:45
at &lt;ScriptBlock&gt;, R:\Development\NinjaOne\Tests\NinjaOne.Help.Tests.ps1:45</stack-trace>
                        </failure>
                      </test-case>
                    </results>
                  </test-suite>
                </results>
              </test-suite>
              <test-suite type="TestFixture" name="NinjaOne - Help Content.Function Restart-NinjaOneDevice" executed="True" result="Failure" success="False" time="3.5042" asserts="0" description="NinjaOne - Help Content.Function Restart-NinjaOneDevice">
                <results>
                  <test-suite type="ParameterizedTest" name="NinjaOne - Help Content.Function &lt;_&gt;.has help content" executed="True" result="Success" success="True" time="0.0031" asserts="0" description="has help content">
                    <results>
                      <test-case description="has help content" name="NinjaOne - Help Content.Function Restart-NinjaOneDevice.has help content" time="0.0031" asserts="0" success="True" result="Success" executed="True" />
                    </results>
                  </test-suite>
                  <test-suite type="ParameterizedTest" name="NinjaOne - Help Content.Function &lt;_&gt;.contains a synopsis" executed="True" result="Success" success="True" time="0.002" asserts="0" description="contains a synopsis">
                    <results>
                      <test-case description="contains a synopsis" name="NinjaOne - Help Content.Function Restart-NinjaOneDevice.contains a synopsis" time="0.002" asserts="0" success="True" result="Success" executed="True" />
                    </results>
                  </test-suite>
                  <test-suite type="ParameterizedTest" name="NinjaOne - Help Content.Function &lt;_&gt;.contains a description" executed="True" result="Success" success="True" time="0.0019" asserts="0" description="contains a description">
                    <results>
                      <test-case description="contains a description" name="NinjaOne - Help Content.Function Restart-NinjaOneDevice.contains a description" time="0.0019" asserts="0" success="True" result="Success" executed="True" />
                    </results>
                  </test-suite>
                  <test-suite type="ParameterizedTest" name="NinjaOne - Help Content.Function &lt;_&gt;.contains a functionality" executed="True" result="Success" success="True" time="0.0019" asserts="0" description="contains a functionality">
                    <results>
                      <test-case description="contains a functionality" name="NinjaOne - Help Content.Function Restart-NinjaOneDevice.contains a functionality" time="0.0019" asserts="0" success="True" result="Success" executed="True" />
                    </results>
                  </test-suite>
                  <test-suite type="ParameterizedTest" name="NinjaOne - Help Content.Function &lt;_&gt;.has at least one usage example" executed="True" result="Failure" success="False" time="0.0083" asserts="0" description="has at least one usage example">
                    <results>
                      <test-case description="has at least one usage example" name="NinjaOne - Help Content.Function Restart-NinjaOneDevice.has at least one usage example" time="0.0083" asserts="0" success="False" result="Failure" executed="True">
                        <failure>
                          <message>Expected the actual value to be greater than or equal to 1, because at least one example is required for each function., but got 0.</message>
                          <stack-trace>at $_.Examples.Example.Code.Count | Should -BeGreaterOrEqual 1 -Because 'at least one example is required for each function.', R:\Development\NinjaOne\Tests\NinjaOne.Help.Tests.ps1:45
at &lt;ScriptBlock&gt;, R:\Development\NinjaOne\Tests\NinjaOne.Help.Tests.ps1:45</stack-trace>
                        </failure>
                      </test-case>
                    </results>
                  </test-suite>
                </results>
              </test-suite>
              <test-suite type="TestFixture" name="NinjaOne - Help Content.Function Set-NinjaOneDevice" executed="True" result="Failure" success="False" time="3.5364" asserts="0" description="NinjaOne - Help Content.Function Set-NinjaOneDevice">
                <results>
                  <test-suite type="ParameterizedTest" name="NinjaOne - Help Content.Function &lt;_&gt;.has help content" executed="True" result="Success" success="True" time="0.0031" asserts="0" description="has help content">
                    <results>
                      <test-case description="has help content" name="NinjaOne - Help Content.Function Set-NinjaOneDevice.has help content" time="0.0031" asserts="0" success="True" result="Success" executed="True" />
                    </results>
                  </test-suite>
                  <test-suite type="ParameterizedTest" name="NinjaOne - Help Content.Function &lt;_&gt;.contains a synopsis" executed="True" result="Success" success="True" time="0.002" asserts="0" description="contains a synopsis">
                    <results>
                      <test-case description="contains a synopsis" name="NinjaOne - Help Content.Function Set-NinjaOneDevice.contains a synopsis" time="0.002" asserts="0" success="True" result="Success" executed="True" />
                    </results>
                  </test-suite>
                  <test-suite type="ParameterizedTest" name="NinjaOne - Help Content.Function &lt;_&gt;.contains a description" executed="True" result="Success" success="True" time="0.0021" asserts="0" description="contains a description">
                    <results>
                      <test-case description="contains a description" name="NinjaOne - Help Content.Function Set-NinjaOneDevice.contains a description" time="0.0021" asserts="0" success="True" result="Success" executed="True" />
                    </results>
                  </test-suite>
                  <test-suite type="ParameterizedTest" name="NinjaOne - Help Content.Function &lt;_&gt;.contains a functionality" executed="True" result="Success" success="True" time="0.002" asserts="0" description="contains a functionality">
                    <results>
                      <test-case description="contains a functionality" name="NinjaOne - Help Content.Function Set-NinjaOneDevice.contains a functionality" time="0.002" asserts="0" success="True" result="Success" executed="True" />
                    </results>
                  </test-suite>
                  <test-suite type="ParameterizedTest" name="NinjaOne - Help Content.Function &lt;_&gt;.has at least one usage example" executed="True" result="Failure" success="False" time="0.0043" asserts="0" description="has at least one usage example">
                    <results>
                      <test-case description="has at least one usage example" name="NinjaOne - Help Content.Function Set-NinjaOneDevice.has at least one usage example" time="0.0043" asserts="0" success="False" result="Failure" executed="True">
                        <failure>
                          <message>Expected the actual value to be greater than or equal to 1, because at least one example is required for each function., but got 0.</message>
                          <stack-trace>at $_.Examples.Example.Code.Count | Should -BeGreaterOrEqual 1 -Because 'at least one example is required for each function.', R:\Development\NinjaOne\Tests\NinjaOne.Help.Tests.ps1:45
at &lt;ScriptBlock&gt;, R:\Development\NinjaOne\Tests\NinjaOne.Help.Tests.ps1:45</stack-trace>
                        </failure>
                      </test-case>
                    </results>
                  </test-suite>
                </results>
              </test-suite>
              <test-suite type="TestFixture" name="NinjaOne - Help Content.Function Set-NinjaOneDeviceApproval" executed="True" result="Failure" success="False" time="3.5686" asserts="0" description="NinjaOne - Help Content.Function Set-NinjaOneDeviceApproval">
                <results>
                  <test-suite type="ParameterizedTest" name="NinjaOne - Help Content.Function &lt;_&gt;.has help content" executed="True" result="Success" success="True" time="0.0029" asserts="0" description="has help content">
                    <results>
                      <test-case description="has help content" name="NinjaOne - Help Content.Function Set-NinjaOneDeviceApproval.has help content" time="0.0029" asserts="0" success="True" result="Success" executed="True" />
                    </results>
                  </test-suite>
                  <test-suite type="ParameterizedTest" name="NinjaOne - Help Content.Function &lt;_&gt;.contains a synopsis" executed="True" result="Success" success="True" time="0.0021" asserts="0" description="contains a synopsis">
                    <results>
                      <test-case description="contains a synopsis" name="NinjaOne - Help Content.Function Set-NinjaOneDeviceApproval.contains a synopsis" time="0.0021" asserts="0" success="True" result="Success" executed="True" />
                    </results>
                  </test-suite>
                  <test-suite type="ParameterizedTest" name="NinjaOne - Help Content.Function &lt;_&gt;.contains a description" executed="True" result="Success" success="True" time="0.002" asserts="0" description="contains a description">
                    <results>
                      <test-case description="contains a description" name="NinjaOne - Help Content.Function Set-NinjaOneDeviceApproval.contains a description" time="0.002" asserts="0" success="True" result="Success" executed="True" />
                    </results>
                  </test-suite>
                  <test-suite type="ParameterizedTest" name="NinjaOne - Help Content.Function &lt;_&gt;.contains a functionality" executed="True" result="Success" success="True" time="0.002" asserts="0" description="contains a functionality">
                    <results>
                      <test-case description="contains a functionality" name="NinjaOne - Help Content.Function Set-NinjaOneDeviceApproval.contains a functionality" time="0.002" asserts="0" success="True" result="Success" executed="True" />
                    </results>
                  </test-suite>
                  <test-suite type="ParameterizedTest" name="NinjaOne - Help Content.Function &lt;_&gt;.has at least one usage example" executed="True" result="Failure" success="False" time="0.0042" asserts="0" description="has at least one usage example">
                    <results>
                      <test-case description="has at least one usage example" name="NinjaOne - Help Content.Function Set-NinjaOneDeviceApproval.has at least one usage example" time="0.0042" asserts="0" success="False" result="Failure" executed="True">
                        <failure>
                          <message>Expected the actual value to be greater than or equal to 1, because at least one example is required for each function., but got 0.</message>
                          <stack-trace>at $_.Examples.Example.Code.Count | Should -BeGreaterOrEqual 1 -Because 'at least one example is required for each function.', R:\Development\NinjaOne\Tests\NinjaOne.Help.Tests.ps1:45
at &lt;ScriptBlock&gt;, R:\Development\NinjaOne\Tests\NinjaOne.Help.Tests.ps1:45</stack-trace>
                        </failure>
                      </test-case>
                    </results>
                  </test-suite>
                </results>
              </test-suite>
              <test-suite type="TestFixture" name="NinjaOne - Help Content.Function Set-NinjaOneDeviceCustomFields" executed="True" result="Success" success="True" time="3.6033" asserts="0" description="NinjaOne - Help Content.Function Set-NinjaOneDeviceCustomFields">
                <results>
                  <test-suite type="ParameterizedTest" name="NinjaOne - Help Content.Function &lt;_&gt;.has help content" executed="True" result="Success" success="True" time="0.003" asserts="0" description="has help content">
                    <results>
                      <test-case description="has help content" name="NinjaOne - Help Content.Function Set-NinjaOneDeviceCustomFields.has help content" time="0.003" asserts="0" success="True" result="Success" executed="True" />
                    </results>
                  </test-suite>
                  <test-suite type="ParameterizedTest" name="NinjaOne - Help Content.Function &lt;_&gt;.contains a synopsis" executed="True" result="Success" success="True" time="0.002" asserts="0" description="contains a synopsis">
                    <results>
                      <test-case description="contains a synopsis" name="NinjaOne - Help Content.Function Set-NinjaOneDeviceCustomFields.contains a synopsis" time="0.002" asserts="0" success="True" result="Success" executed="True" />
                    </results>
                  </test-suite>
                  <test-suite type="ParameterizedTest" name="NinjaOne - Help Content.Function &lt;_&gt;.contains a description" executed="True" result="Success" success="True" time="0.002" asserts="0" description="contains a description">
                    <results>
                      <test-case description="contains a description" name="NinjaOne - Help Content.Function Set-NinjaOneDeviceCustomFields.contains a description" time="0.002" asserts="0" success="True" result="Success" executed="True" />
                    </results>
                  </test-suite>
                  <test-suite type="ParameterizedTest" name="NinjaOne - Help Content.Function &lt;_&gt;.contains a functionality" executed="True" result="Success" success="True" time="0.0022" asserts="0" description="contains a functionality">
                    <results>
                      <test-case description="contains a functionality" name="NinjaOne - Help Content.Function Set-NinjaOneDeviceCustomFields.contains a functionality" time="0.0022" asserts="0" success="True" result="Success" executed="True" />
                    </results>
                  </test-suite>
                  <test-suite type="ParameterizedTest" name="NinjaOne - Help Content.Function &lt;_&gt;.has at least one usage example" executed="True" result="Success" success="True" time="0.0019" asserts="0" description="has at least one usage example">
                    <results>
                      <test-case description="has at least one usage example" name="NinjaOne - Help Content.Function Set-NinjaOneDeviceCustomFields.has at least one usage example" time="0.0019" asserts="0" success="True" result="Success" executed="True" />
                    </results>
                  </test-suite>
                  <test-suite type="ParameterizedTest" name="NinjaOne - Help Content.Function &lt;_&gt;.has a title for each example" executed="True" result="Success" success="True" time="0.0023" asserts="0" description="has a title for each example">
                    <results>
                      <test-case description="has a title for each example" name="NinjaOne - Help Content.Function Set-NinjaOneDeviceCustomFields.has a title for each example" time="0.0023" asserts="0" success="True" result="Success" executed="True" />
                    </results>
                  </test-suite>
                  <test-suite type="ParameterizedTest" name="NinjaOne - Help Content.Function &lt;_&gt;.has a description for each example" executed="True" result="Success" success="True" time="0.0022" asserts="0" description="has a description for each example">
                    <results>
                      <test-case description="has a description for each example" name="NinjaOne - Help Content.Function Set-NinjaOneDeviceCustomFields.has a description for each example" time="0.0022" asserts="0" success="True" result="Success" executed="True" />
                    </results>
                  </test-suite>
                </results>
              </test-suite>
              <test-suite type="TestFixture" name="NinjaOne - Help Content.Function Set-NinjaOneDeviceMaintenance" executed="True" result="Failure" success="False" time="3.6404" asserts="0" description="NinjaOne - Help Content.Function Set-NinjaOneDeviceMaintenance">
                <results>
                  <test-suite type="ParameterizedTest" name="NinjaOne - Help Content.Function &lt;_&gt;.has help content" executed="True" result="Success" success="True" time="0.003" asserts="0" description="has help content">
                    <results>
                      <test-case description="has help content" name="NinjaOne - Help Content.Function Set-NinjaOneDeviceMaintenance.has help content" time="0.003" asserts="0" success="True" result="Success" executed="True" />
                    </results>
                  </test-suite>
                  <test-suite type="ParameterizedTest" name="NinjaOne - Help Content.Function &lt;_&gt;.contains a synopsis" executed="True" result="Success" success="True" time="0.0061" asserts="0" description="contains a synopsis">
                    <results>
                      <test-case description="contains a synopsis" name="NinjaOne - Help Content.Function Set-NinjaOneDeviceMaintenance.contains a synopsis" time="0.0061" asserts="0" success="True" result="Success" executed="True" />
                    </results>
                  </test-suite>
                  <test-suite type="ParameterizedTest" name="NinjaOne - Help Content.Function &lt;_&gt;.contains a description" executed="True" result="Success" success="True" time="0.0022" asserts="0" description="contains a description">
                    <results>
                      <test-case description="contains a description" name="NinjaOne - Help Content.Function Set-NinjaOneDeviceMaintenance.contains a description" time="0.0022" asserts="0" success="True" result="Success" executed="True" />
                    </results>
                  </test-suite>
                  <test-suite type="ParameterizedTest" name="NinjaOne - Help Content.Function &lt;_&gt;.contains a functionality" executed="True" result="Success" success="True" time="0.002" asserts="0" description="contains a functionality">
                    <results>
                      <test-case description="contains a functionality" name="NinjaOne - Help Content.Function Set-NinjaOneDeviceMaintenance.contains a functionality" time="0.002" asserts="0" success="True" result="Success" executed="True" />
                    </results>
                  </test-suite>
                  <test-suite type="ParameterizedTest" name="NinjaOne - Help Content.Function &lt;_&gt;.has at least one usage example" executed="True" result="Failure" success="False" time="0.004" asserts="0" description="has at least one usage example">
                    <results>
                      <test-case description="has at least one usage example" name="NinjaOne - Help Content.Function Set-NinjaOneDeviceMaintenance.has at least one usage example" time="0.004" asserts="0" success="False" result="Failure" executed="True">
                        <failure>
                          <message>Expected the actual value to be greater than or equal to 1, because at least one example is required for each function., but got 0.</message>
                          <stack-trace>at $_.Examples.Example.Code.Count | Should -BeGreaterOrEqual 1 -Because 'at least one example is required for each function.', R:\Development\NinjaOne\Tests\NinjaOne.Help.Tests.ps1:45
at &lt;ScriptBlock&gt;, R:\Development\NinjaOne\Tests\NinjaOne.Help.Tests.ps1:45</stack-trace>
                        </failure>
                      </test-case>
                    </results>
                  </test-suite>
                </results>
              </test-suite>
              <test-suite type="TestFixture" name="NinjaOne - Help Content.Function Set-NinjaOneLocation" executed="True" result="Failure" success="False" time="3.6748" asserts="0" description="NinjaOne - Help Content.Function Set-NinjaOneLocation">
                <results>
                  <test-suite type="ParameterizedTest" name="NinjaOne - Help Content.Function &lt;_&gt;.has help content" executed="True" result="Success" success="True" time="0.0029" asserts="0" description="has help content">
                    <results>
                      <test-case description="has help content" name="NinjaOne - Help Content.Function Set-NinjaOneLocation.has help content" time="0.0029" asserts="0" success="True" result="Success" executed="True" />
                    </results>
                  </test-suite>
                  <test-suite type="ParameterizedTest" name="NinjaOne - Help Content.Function &lt;_&gt;.contains a synopsis" executed="True" result="Success" success="True" time="0.0019" asserts="0" description="contains a synopsis">
                    <results>
                      <test-case description="contains a synopsis" name="NinjaOne - Help Content.Function Set-NinjaOneLocation.contains a synopsis" time="0.0019" asserts="0" success="True" result="Success" executed="True" />
                    </results>
                  </test-suite>
                  <test-suite type="ParameterizedTest" name="NinjaOne - Help Content.Function &lt;_&gt;.contains a description" executed="True" result="Success" success="True" time="0.002" asserts="0" description="contains a description">
                    <results>
                      <test-case description="contains a description" name="NinjaOne - Help Content.Function Set-NinjaOneLocation.contains a description" time="0.002" asserts="0" success="True" result="Success" executed="True" />
                    </results>
                  </test-suite>
                  <test-suite type="ParameterizedTest" name="NinjaOne - Help Content.Function &lt;_&gt;.contains a functionality" executed="True" result="Success" success="True" time="0.0023" asserts="0" description="contains a functionality">
                    <results>
                      <test-case description="contains a functionality" name="NinjaOne - Help Content.Function Set-NinjaOneLocation.contains a functionality" time="0.0023" asserts="0" success="True" result="Success" executed="True" />
                    </results>
                  </test-suite>
                  <test-suite type="ParameterizedTest" name="NinjaOne - Help Content.Function &lt;_&gt;.has at least one usage example" executed="True" result="Failure" success="False" time="0.004" asserts="0" description="has at least one usage example">
                    <results>
                      <test-case description="has at least one usage example" name="NinjaOne - Help Content.Function Set-NinjaOneLocation.has at least one usage example" time="0.004" asserts="0" success="False" result="Failure" executed="True">
                        <failure>
                          <message>Expected the actual value to be greater than or equal to 1, because at least one example is required for each function., but got 0.</message>
                          <stack-trace>at $_.Examples.Example.Code.Count | Should -BeGreaterOrEqual 1 -Because 'at least one example is required for each function.', R:\Development\NinjaOne\Tests\NinjaOne.Help.Tests.ps1:45
at &lt;ScriptBlock&gt;, R:\Development\NinjaOne\Tests\NinjaOne.Help.Tests.ps1:45</stack-trace>
                        </failure>
                      </test-case>
                    </results>
                  </test-suite>
                </results>
              </test-suite>
              <test-suite type="TestFixture" name="NinjaOne - Help Content.Function Set-NinjaOneLocationCustomFields" executed="True" result="Success" success="True" time="3.716" asserts="0" description="NinjaOne - Help Content.Function Set-NinjaOneLocationCustomFields">
                <results>
                  <test-suite type="ParameterizedTest" name="NinjaOne - Help Content.Function &lt;_&gt;.has help content" executed="True" result="Success" success="True" time="0.0037" asserts="0" description="has help content">
                    <results>
                      <test-case description="has help content" name="NinjaOne - Help Content.Function Set-NinjaOneLocationCustomFields.has help content" time="0.0037" asserts="0" success="True" result="Success" executed="True" />
                    </results>
                  </test-suite>
                  <test-suite type="ParameterizedTest" name="NinjaOne - Help Content.Function &lt;_&gt;.contains a synopsis" executed="True" result="Success" success="True" time="0.0027" asserts="0" description="contains a synopsis">
                    <results>
                      <test-case description="contains a synopsis" name="NinjaOne - Help Content.Function Set-NinjaOneLocationCustomFields.contains a synopsis" time="0.0027" asserts="0" success="True" result="Success" executed="True" />
                    </results>
                  </test-suite>
                  <test-suite type="ParameterizedTest" name="NinjaOne - Help Content.Function &lt;_&gt;.contains a description" executed="True" result="Success" success="True" time="0.0026" asserts="0" description="contains a description">
                    <results>
                      <test-case description="contains a description" name="NinjaOne - Help Content.Function Set-NinjaOneLocationCustomFields.contains a description" time="0.0026" asserts="0" success="True" result="Success" executed="True" />
                    </results>
                  </test-suite>
                  <test-suite type="ParameterizedTest" name="NinjaOne - Help Content.Function &lt;_&gt;.contains a functionality" executed="True" result="Success" success="True" time="0.0026" asserts="0" description="contains a functionality">
                    <results>
                      <test-case description="contains a functionality" name="NinjaOne - Help Content.Function Set-NinjaOneLocationCustomFields.contains a functionality" time="0.0026" asserts="0" success="True" result="Success" executed="True" />
                    </results>
                  </test-suite>
                  <test-suite type="ParameterizedTest" name="NinjaOne - Help Content.Function &lt;_&gt;.has at least one usage example" executed="True" result="Success" success="True" time="0.0032" asserts="0" description="has at least one usage example">
                    <results>
                      <test-case description="has at least one usage example" name="NinjaOne - Help Content.Function Set-NinjaOneLocationCustomFields.has at least one usage example" time="0.0032" asserts="0" success="True" result="Success" executed="True" />
                    </results>
                  </test-suite>
                  <test-suite type="ParameterizedTest" name="NinjaOne - Help Content.Function &lt;_&gt;.has a title for each example" executed="True" result="Success" success="True" time="0.0035" asserts="0" description="has a title for each example">
                    <results>
                      <test-case description="has a title for each example" name="NinjaOne - Help Content.Function Set-NinjaOneLocationCustomFields.has a title for each example" time="0.0035" asserts="0" success="True" result="Success" executed="True" />
                    </results>
                  </test-suite>
                  <test-suite type="ParameterizedTest" name="NinjaOne - Help Content.Function &lt;_&gt;.has a description for each example" executed="True" result="Success" success="True" time="0.0026" asserts="0" description="has a description for each example">
                    <results>
                      <test-case description="has a description for each example" name="NinjaOne - Help Content.Function Set-NinjaOneLocationCustomFields.has a description for each example" time="0.0026" asserts="0" success="True" result="Success" executed="True" />
                    </results>
                  </test-suite>
                </results>
              </test-suite>
              <test-suite type="TestFixture" name="NinjaOne - Help Content.Function Set-NinjaOneNodeRolePolicyAssignment" executed="True" result="Failure" success="False" time="3.7549" asserts="0" description="NinjaOne - Help Content.Function Set-NinjaOneNodeRolePolicyAssignment">
                <results>
                  <test-suite type="ParameterizedTest" name="NinjaOne - Help Content.Function &lt;_&gt;.has help content" executed="True" result="Success" success="True" time="0.0032" asserts="0" description="has help content">
                    <results>
                      <test-case description="has help content" name="NinjaOne - Help Content.Function Set-NinjaOneNodeRolePolicyAssignment.has help content" time="0.0032" asserts="0" success="True" result="Success" executed="True" />
                    </results>
                  </test-suite>
                  <test-suite type="ParameterizedTest" name="NinjaOne - Help Content.Function &lt;_&gt;.contains a synopsis" executed="True" result="Success" success="True" time="0.0023" asserts="0" description="contains a synopsis">
                    <results>
                      <test-case description="contains a synopsis" name="NinjaOne - Help Content.Function Set-NinjaOneNodeRolePolicyAssignment.contains a synopsis" time="0.0023" asserts="0" success="True" result="Success" executed="True" />
                    </results>
                  </test-suite>
                  <test-suite type="ParameterizedTest" name="NinjaOne - Help Content.Function &lt;_&gt;.contains a description" executed="True" result="Success" success="True" time="0.0022" asserts="0" description="contains a description">
                    <results>
                      <test-case description="contains a description" name="NinjaOne - Help Content.Function Set-NinjaOneNodeRolePolicyAssignment.contains a description" time="0.0022" asserts="0" success="True" result="Success" executed="True" />
                    </results>
                  </test-suite>
                  <test-suite type="ParameterizedTest" name="NinjaOne - Help Content.Function &lt;_&gt;.contains a functionality" executed="True" result="Success" success="True" time="0.002" asserts="0" description="contains a functionality">
                    <results>
                      <test-case description="contains a functionality" name="NinjaOne - Help Content.Function Set-NinjaOneNodeRolePolicyAssignment.contains a functionality" time="0.002" asserts="0" success="True" result="Success" executed="True" />
                    </results>
                  </test-suite>
                  <test-suite type="ParameterizedTest" name="NinjaOne - Help Content.Function &lt;_&gt;.has at least one usage example" executed="True" result="Failure" success="False" time="0.0087" asserts="0" description="has at least one usage example">
                    <results>
                      <test-case description="has at least one usage example" name="NinjaOne - Help Content.Function Set-NinjaOneNodeRolePolicyAssignment.has at least one usage example" time="0.0087" asserts="0" success="False" result="Failure" executed="True">
                        <failure>
                          <message>Expected the actual value to be greater than or equal to 1, because at least one example is required for each function., but got 0.</message>
                          <stack-trace>at $_.Examples.Example.Code.Count | Should -BeGreaterOrEqual 1 -Because 'at least one example is required for each function.', R:\Development\NinjaOne\Tests\NinjaOne.Help.Tests.ps1:45
at &lt;ScriptBlock&gt;, R:\Development\NinjaOne\Tests\NinjaOne.Help.Tests.ps1:45</stack-trace>
                        </failure>
                      </test-case>
                    </results>
                  </test-suite>
                </results>
              </test-suite>
              <test-suite type="TestFixture" name="NinjaOne - Help Content.Function Set-NinjaOneOrganisation" executed="True" result="Failure" success="False" time="3.7872" asserts="0" description="NinjaOne - Help Content.Function Set-NinjaOneOrganisation">
                <results>
                  <test-suite type="ParameterizedTest" name="NinjaOne - Help Content.Function &lt;_&gt;.has help content" executed="True" result="Success" success="True" time="0.0031" asserts="0" description="has help content">
                    <results>
                      <test-case description="has help content" name="NinjaOne - Help Content.Function Set-NinjaOneOrganisation.has help content" time="0.0031" asserts="0" success="True" result="Success" executed="True" />
                    </results>
                  </test-suite>
                  <test-suite type="ParameterizedTest" name="NinjaOne - Help Content.Function &lt;_&gt;.contains a synopsis" executed="True" result="Success" success="True" time="0.0023" asserts="0" description="contains a synopsis">
                    <results>
                      <test-case description="contains a synopsis" name="NinjaOne - Help Content.Function Set-NinjaOneOrganisation.contains a synopsis" time="0.0023" asserts="0" success="True" result="Success" executed="True" />
                    </results>
                  </test-suite>
                  <test-suite type="ParameterizedTest" name="NinjaOne - Help Content.Function &lt;_&gt;.contains a description" executed="True" result="Success" success="True" time="0.0021" asserts="0" description="contains a description">
                    <results>
                      <test-case description="contains a description" name="NinjaOne - Help Content.Function Set-NinjaOneOrganisation.contains a description" time="0.0021" asserts="0" success="True" result="Success" executed="True" />
                    </results>
                  </test-suite>
                  <test-suite type="ParameterizedTest" name="NinjaOne - Help Content.Function &lt;_&gt;.contains a functionality" executed="True" result="Success" success="True" time="0.002" asserts="0" description="contains a functionality">
                    <results>
                      <test-case description="contains a functionality" name="NinjaOne - Help Content.Function Set-NinjaOneOrganisation.contains a functionality" time="0.002" asserts="0" success="True" result="Success" executed="True" />
                    </results>
                  </test-suite>
                  <test-suite type="ParameterizedTest" name="NinjaOne - Help Content.Function &lt;_&gt;.has at least one usage example" executed="True" result="Failure" success="False" time="0.004" asserts="0" description="has at least one usage example">
                    <results>
                      <test-case description="has at least one usage example" name="NinjaOne - Help Content.Function Set-NinjaOneOrganisation.has at least one usage example" time="0.004" asserts="0" success="False" result="Failure" executed="True">
                        <failure>
                          <message>Expected the actual value to be greater than or equal to 1, because at least one example is required for each function., but got 0.</message>
                          <stack-trace>at $_.Examples.Example.Code.Count | Should -BeGreaterOrEqual 1 -Because 'at least one example is required for each function.', R:\Development\NinjaOne\Tests\NinjaOne.Help.Tests.ps1:45
at &lt;ScriptBlock&gt;, R:\Development\NinjaOne\Tests\NinjaOne.Help.Tests.ps1:45</stack-trace>
                        </failure>
                      </test-case>
                    </results>
                  </test-suite>
                </results>
              </test-suite>
              <test-suite type="TestFixture" name="NinjaOne - Help Content.Function Set-NinjaOneOrganisationCustomFields" executed="True" result="Success" success="True" time="3.8215" asserts="0" description="NinjaOne - Help Content.Function Set-NinjaOneOrganisationCustomFields">
                <results>
                  <test-suite type="ParameterizedTest" name="NinjaOne - Help Content.Function &lt;_&gt;.has help content" executed="True" result="Success" success="True" time="0.003" asserts="0" description="has help content">
                    <results>
                      <test-case description="has help content" name="NinjaOne - Help Content.Function Set-NinjaOneOrganisationCustomFields.has help content" time="0.003" asserts="0" success="True" result="Success" executed="True" />
                    </results>
                  </test-suite>
                  <test-suite type="ParameterizedTest" name="NinjaOne - Help Content.Function &lt;_&gt;.contains a synopsis" executed="True" result="Success" success="True" time="0.002" asserts="0" description="contains a synopsis">
                    <results>
                      <test-case description="contains a synopsis" name="NinjaOne - Help Content.Function Set-NinjaOneOrganisationCustomFields.contains a synopsis" time="0.002" asserts="0" success="True" result="Success" executed="True" />
                    </results>
                  </test-suite>
                  <test-suite type="ParameterizedTest" name="NinjaOne - Help Content.Function &lt;_&gt;.contains a description" executed="True" result="Success" success="True" time="0.0021" asserts="0" description="contains a description">
                    <results>
                      <test-case description="contains a description" name="NinjaOne - Help Content.Function Set-NinjaOneOrganisationCustomFields.contains a description" time="0.0021" asserts="0" success="True" result="Success" executed="True" />
                    </results>
                  </test-suite>
                  <test-suite type="ParameterizedTest" name="NinjaOne - Help Content.Function &lt;_&gt;.contains a functionality" executed="True" result="Success" success="True" time="0.002" asserts="0" description="contains a functionality">
                    <results>
                      <test-case description="contains a functionality" name="NinjaOne - Help Content.Function Set-NinjaOneOrganisationCustomFields.contains a functionality" time="0.002" asserts="0" success="True" result="Success" executed="True" />
                    </results>
                  </test-suite>
                  <test-suite type="ParameterizedTest" name="NinjaOne - Help Content.Function &lt;_&gt;.has at least one usage example" executed="True" result="Success" success="True" time="0.0019" asserts="0" description="has at least one usage example">
                    <results>
                      <test-case description="has at least one usage example" name="NinjaOne - Help Content.Function Set-NinjaOneOrganisationCustomFields.has at least one usage example" time="0.0019" asserts="0" success="True" result="Success" executed="True" />
                    </results>
                  </test-suite>
                  <test-suite type="ParameterizedTest" name="NinjaOne - Help Content.Function &lt;_&gt;.has a title for each example" executed="True" result="Success" success="True" time="0.0019" asserts="0" description="has a title for each example">
                    <results>
                      <test-case description="has a title for each example" name="NinjaOne - Help Content.Function Set-NinjaOneOrganisationCustomFields.has a title for each example" time="0.0019" asserts="0" success="True" result="Success" executed="True" />
                    </results>
                  </test-suite>
                  <test-suite type="ParameterizedTest" name="NinjaOne - Help Content.Function &lt;_&gt;.has a description for each example" executed="True" result="Success" success="True" time="0.002" asserts="0" description="has a description for each example">
                    <results>
                      <test-case description="has a description for each example" name="NinjaOne - Help Content.Function Set-NinjaOneOrganisationCustomFields.has a description for each example" time="0.002" asserts="0" success="True" result="Success" executed="True" />
                    </results>
                  </test-suite>
                </results>
              </test-suite>
              <test-suite type="TestFixture" name="NinjaOne - Help Content.Function Set-NinjaOneOrganisationDocument" executed="True" result="Failure" success="False" time="3.8541" asserts="0" description="NinjaOne - Help Content.Function Set-NinjaOneOrganisationDocument">
                <results>
                  <test-suite type="ParameterizedTest" name="NinjaOne - Help Content.Function &lt;_&gt;.has help content" executed="True" result="Success" success="True" time="0.0031" asserts="0" description="has help content">
                    <results>
                      <test-case description="has help content" name="NinjaOne - Help Content.Function Set-NinjaOneOrganisationDocument.has help content" time="0.0031" asserts="0" success="True" result="Success" executed="True" />
                    </results>
                  </test-suite>
                  <test-suite type="ParameterizedTest" name="NinjaOne - Help Content.Function &lt;_&gt;.contains a synopsis" executed="True" result="Success" success="True" time="0.002" asserts="0" description="contains a synopsis">
                    <results>
                      <test-case description="contains a synopsis" name="NinjaOne - Help Content.Function Set-NinjaOneOrganisationDocument.contains a synopsis" time="0.002" asserts="0" success="True" result="Success" executed="True" />
                    </results>
                  </test-suite>
                  <test-suite type="ParameterizedTest" name="NinjaOne - Help Content.Function &lt;_&gt;.contains a description" executed="True" result="Success" success="True" time="0.0022" asserts="0" description="contains a description">
                    <results>
                      <test-case description="contains a description" name="NinjaOne - Help Content.Function Set-NinjaOneOrganisationDocument.contains a description" time="0.0022" asserts="0" success="True" result="Success" executed="True" />
                    </results>
                  </test-suite>
                  <test-suite type="ParameterizedTest" name="NinjaOne - Help Content.Function &lt;_&gt;.contains a functionality" executed="True" result="Success" success="True" time="0.0019" asserts="0" description="contains a functionality">
                    <results>
                      <test-case description="contains a functionality" name="NinjaOne - Help Content.Function Set-NinjaOneOrganisationDocument.contains a functionality" time="0.0019" asserts="0" success="True" result="Success" executed="True" />
                    </results>
                  </test-suite>
                  <test-suite type="ParameterizedTest" name="NinjaOne - Help Content.Function &lt;_&gt;.has at least one usage example" executed="True" result="Failure" success="False" time="0.0041" asserts="0" description="has at least one usage example">
                    <results>
                      <test-case description="has at least one usage example" name="NinjaOne - Help Content.Function Set-NinjaOneOrganisationDocument.has at least one usage example" time="0.0041" asserts="0" success="False" result="Failure" executed="True">
                        <failure>
                          <message>Expected the actual value to be greater than or equal to 1, because at least one example is required for each function., but got 0.</message>
                          <stack-trace>at $_.Examples.Example.Code.Count | Should -BeGreaterOrEqual 1 -Because 'at least one example is required for each function.', R:\Development\NinjaOne\Tests\NinjaOne.Help.Tests.ps1:45
at &lt;ScriptBlock&gt;, R:\Development\NinjaOne\Tests\NinjaOne.Help.Tests.ps1:45</stack-trace>
                        </failure>
                      </test-case>
                    </results>
                  </test-suite>
                </results>
              </test-suite>
              <test-suite type="TestFixture" name="NinjaOne - Help Content.Function Set-NinjaOneTicket" executed="True" result="Failure" success="False" time="3.8925" asserts="0" description="NinjaOne - Help Content.Function Set-NinjaOneTicket">
                <results>
                  <test-suite type="ParameterizedTest" name="NinjaOne - Help Content.Function &lt;_&gt;.has help content" executed="True" result="Success" success="True" time="0.0031" asserts="0" description="has help content">
                    <results>
                      <test-case description="has help content" name="NinjaOne - Help Content.Function Set-NinjaOneTicket.has help content" time="0.0031" asserts="0" success="True" result="Success" executed="True" />
                    </results>
                  </test-suite>
                  <test-suite type="ParameterizedTest" name="NinjaOne - Help Content.Function &lt;_&gt;.contains a synopsis" executed="True" result="Success" success="True" time="0.0022" asserts="0" description="contains a synopsis">
                    <results>
                      <test-case description="contains a synopsis" name="NinjaOne - Help Content.Function Set-NinjaOneTicket.contains a synopsis" time="0.0022" asserts="0" success="True" result="Success" executed="True" />
                    </results>
                  </test-suite>
                  <test-suite type="ParameterizedTest" name="NinjaOne - Help Content.Function &lt;_&gt;.contains a description" executed="True" result="Success" success="True" time="0.0021" asserts="0" description="contains a description">
                    <results>
                      <test-case description="contains a description" name="NinjaOne - Help Content.Function Set-NinjaOneTicket.contains a description" time="0.0021" asserts="0" success="True" result="Success" executed="True" />
                    </results>
                  </test-suite>
                  <test-suite type="ParameterizedTest" name="NinjaOne - Help Content.Function &lt;_&gt;.contains a functionality" executed="True" result="Success" success="True" time="0.0066" asserts="0" description="contains a functionality">
                    <results>
                      <test-case description="contains a functionality" name="NinjaOne - Help Content.Function Set-NinjaOneTicket.contains a functionality" time="0.0066" asserts="0" success="True" result="Success" executed="True" />
                    </results>
                  </test-suite>
                  <test-suite type="ParameterizedTest" name="NinjaOne - Help Content.Function &lt;_&gt;.has at least one usage example" executed="True" result="Failure" success="False" time="0.0044" asserts="0" description="has at least one usage example">
                    <results>
                      <test-case description="has at least one usage example" name="NinjaOne - Help Content.Function Set-NinjaOneTicket.has at least one usage example" time="0.0044" asserts="0" success="False" result="Failure" executed="True">
                        <failure>
                          <message>Expected the actual value to be greater than or equal to 1, because at least one example is required for each function., but got 0.</message>
                          <stack-trace>at $_.Examples.Example.Code.Count | Should -BeGreaterOrEqual 1 -Because 'at least one example is required for each function.', R:\Development\NinjaOne\Tests\NinjaOne.Help.Tests.ps1:45
at &lt;ScriptBlock&gt;, R:\Development\NinjaOne\Tests\NinjaOne.Help.Tests.ps1:45</stack-trace>
                        </failure>
                      </test-case>
                    </results>
                  </test-suite>
                </results>
              </test-suite>
              <test-suite type="TestFixture" name="NinjaOne - Help Content.Function Set-NinjaOneWindowsServiceConfiguration" executed="True" result="Success" success="True" time="3.9284" asserts="0" description="NinjaOne - Help Content.Function Set-NinjaOneWindowsServiceConfiguration">
                <results>
                  <test-suite type="ParameterizedTest" name="NinjaOne - Help Content.Function &lt;_&gt;.has help content" executed="True" result="Success" success="True" time="0.003" asserts="0" description="has help content">
                    <results>
                      <test-case description="has help content" name="NinjaOne - Help Content.Function Set-NinjaOneWindowsServiceConfiguration.has help content" time="0.003" asserts="0" success="True" result="Success" executed="True" />
                    </results>
                  </test-suite>
                  <test-suite type="ParameterizedTest" name="NinjaOne - Help Content.Function &lt;_&gt;.contains a synopsis" executed="True" result="Success" success="True" time="0.002" asserts="0" description="contains a synopsis">
                    <results>
                      <test-case description="contains a synopsis" name="NinjaOne - Help Content.Function Set-NinjaOneWindowsServiceConfiguration.contains a synopsis" time="0.002" asserts="0" success="True" result="Success" executed="True" />
                    </results>
                  </test-suite>
                  <test-suite type="ParameterizedTest" name="NinjaOne - Help Content.Function &lt;_&gt;.contains a description" executed="True" result="Success" success="True" time="0.0025" asserts="0" description="contains a description">
                    <results>
                      <test-case description="contains a description" name="NinjaOne - Help Content.Function Set-NinjaOneWindowsServiceConfiguration.contains a description" time="0.0025" asserts="0" success="True" result="Success" executed="True" />
                    </results>
                  </test-suite>
                  <test-suite type="ParameterizedTest" name="NinjaOne - Help Content.Function &lt;_&gt;.contains a functionality" executed="True" result="Success" success="True" time="0.002" asserts="0" description="contains a functionality">
                    <results>
                      <test-case description="contains a functionality" name="NinjaOne - Help Content.Function Set-NinjaOneWindowsServiceConfiguration.contains a functionality" time="0.002" asserts="0" success="True" result="Success" executed="True" />
                    </results>
                  </test-suite>
                  <test-suite type="ParameterizedTest" name="NinjaOne - Help Content.Function &lt;_&gt;.has at least one usage example" executed="True" result="Success" success="True" time="0.0021" asserts="0" description="has at least one usage example">
                    <results>
                      <test-case description="has at least one usage example" name="NinjaOne - Help Content.Function Set-NinjaOneWindowsServiceConfiguration.has at least one usage example" time="0.0021" asserts="0" success="True" result="Success" executed="True" />
                    </results>
                  </test-suite>
                  <test-suite type="ParameterizedTest" name="NinjaOne - Help Content.Function &lt;_&gt;.has a title for each example" executed="True" result="Success" success="True" time="0.002" asserts="0" description="has a title for each example">
                    <results>
                      <test-case description="has a title for each example" name="NinjaOne - Help Content.Function Set-NinjaOneWindowsServiceConfiguration.has a title for each example" time="0.002" asserts="0" success="True" result="Success" executed="True" />
                    </results>
                  </test-suite>
                  <test-suite type="ParameterizedTest" name="NinjaOne - Help Content.Function &lt;_&gt;.has a description for each example" executed="True" result="Success" success="True" time="0.002" asserts="0" description="has a description for each example">
                    <results>
                      <test-case description="has a description for each example" name="NinjaOne - Help Content.Function Set-NinjaOneWindowsServiceConfiguration.has a description for each example" time="0.002" asserts="0" success="True" result="Success" executed="True" />
                    </results>
                  </test-suite>
                </results>
              </test-suite>
              <test-suite type="TestFixture" name="NinjaOne - Help Content.Function Update-NinjaOneWebhook" executed="True" result="Failure" success="False" time="3.9602" asserts="0" description="NinjaOne - Help Content.Function Update-NinjaOneWebhook">
                <results>
                  <test-suite type="ParameterizedTest" name="NinjaOne - Help Content.Function &lt;_&gt;.has help content" executed="True" result="Success" success="True" time="0.0028" asserts="0" description="has help content">
                    <results>
                      <test-case description="has help content" name="NinjaOne - Help Content.Function Update-NinjaOneWebhook.has help content" time="0.0028" asserts="0" success="True" result="Success" executed="True" />
                    </results>
                  </test-suite>
                  <test-suite type="ParameterizedTest" name="NinjaOne - Help Content.Function &lt;_&gt;.contains a synopsis" executed="True" result="Success" success="True" time="0.002" asserts="0" description="contains a synopsis">
                    <results>
                      <test-case description="contains a synopsis" name="NinjaOne - Help Content.Function Update-NinjaOneWebhook.contains a synopsis" time="0.002" asserts="0" success="True" result="Success" executed="True" />
                    </results>
                  </test-suite>
                  <test-suite type="ParameterizedTest" name="NinjaOne - Help Content.Function &lt;_&gt;.contains a description" executed="True" result="Success" success="True" time="0.002" asserts="0" description="contains a description">
                    <results>
                      <test-case description="contains a description" name="NinjaOne - Help Content.Function Update-NinjaOneWebhook.contains a description" time="0.002" asserts="0" success="True" result="Success" executed="True" />
                    </results>
                  </test-suite>
                  <test-suite type="ParameterizedTest" name="NinjaOne - Help Content.Function &lt;_&gt;.contains a functionality" executed="True" result="Success" success="True" time="0.002" asserts="0" description="contains a functionality">
                    <results>
                      <test-case description="contains a functionality" name="NinjaOne - Help Content.Function Update-NinjaOneWebhook.contains a functionality" time="0.002" asserts="0" success="True" result="Success" executed="True" />
                    </results>
                  </test-suite>
                  <test-suite type="ParameterizedTest" name="NinjaOne - Help Content.Function &lt;_&gt;.has at least one usage example" executed="True" result="Failure" success="False" time="0.0039" asserts="0" description="has at least one usage example">
                    <results>
                      <test-case description="has at least one usage example" name="NinjaOne - Help Content.Function Update-NinjaOneWebhook.has at least one usage example" time="0.0039" asserts="0" success="False" result="Failure" executed="True">
                        <failure>
                          <message>Expected the actual value to be greater than or equal to 1, because at least one example is required for each function., but got 0.</message>
                          <stack-trace>at $_.Examples.Example.Code.Count | Should -BeGreaterOrEqual 1 -Because 'at least one example is required for each function.', R:\Development\NinjaOne\Tests\NinjaOne.Help.Tests.ps1:45
at &lt;ScriptBlock&gt;, R:\Development\NinjaOne\Tests\NinjaOne.Help.Tests.ps1:45</stack-trace>
                        </failure>
                      </test-case>
                    </results>
                  </test-suite>
                </results>
              </test-suite>
            </results>
          </test-suite>
        </results>
      </test-suite>
    </results>
  </test-suite>
</test-results>